2024-10-24 09:45:57,925 [INFO] Activator:176 - 


2024-10-24 09:45:57,949 [INFO] Activator:177 - !SESSION log4j initialized
2024-10-24 09:46:16,260 [INFO] LogOutputStream:77 - [STDOUT_REDIRECT] 
2024-10-24 09:46:29,409 [INFO] ApplicationProperties:184 - Using Application install path: C:\ST\STM32CubeIDE_1.16.0\STM32CubeIDE\plugins\com.st.stm32cube.common.mx_6.12.0.202406281431
2024-10-24 09:46:29,471 [INFO] DbMcusXml:78 - Set database path to: C:\ST\STM32CubeIDE_1.16.0\STM32CubeIDE\plugins\com.st.stm32cube.common.mx_6.12.0.202406281431\\db\/mcu/
2024-10-24 09:46:29,471 [INFO] ApiDb:274 - Set plugin database path to: C:\ST\STM32CubeIDE_1.16.0\STM32CubeIDE\plugins\com.st.stm32cube.common.mx_6.12.0.202406281431\\db\/plugins/boardmanager/
2024-10-24 09:46:29,472 [WARN] ApiDb:259 - Overriding images path with different value:  => C:\ST\STM32CubeIDE_1.16.0\STM32CubeIDE\plugins\com.st.stm32cube.common.mx_6.12.0.202406281431\\db\/plugins/mcufinder/images/
2024-10-24 09:46:29,766 [INFO] ApiDb:250 - Set database path to: C:\Users\User\.stmcufinder\plugins\mcufinder//mcu/
2024-10-24 09:46:29,767 [INFO] DbMcusAds:125 - Set database path to: C:\Users\User\.stmcufinder\plugins\mcufinder//mcu/
2024-10-24 09:46:29,799 [INFO] CrossReferenceDbSqlite:203 - Set database path to: C:\Users\User\.stmcufinder\plugins\mcufinder//mcu/cs/
2024-10-24 09:46:30,037 [INFO] RulesReader:64 - Compatibility file has been processed (297 Rules)
2024-10-24 09:46:30,285 [INFO] DbMcusXml:78 - Set database path to: C:\ST\STM32CubeIDE_1.16.0\STM32CubeIDE\plugins\com.st.stm32cube.common.mx_6.12.0.202406281431\\db\/mcu/
2024-10-24 09:46:30,285 [INFO] ApiDb:274 - Set plugin database path to: C:\ST\STM32CubeIDE_1.16.0\STM32CubeIDE\plugins\com.st.stm32cube.common.mx_6.12.0.202406281431\\db\/plugins/boardmanager/
2024-10-24 09:46:30,286 [INFO] ApiDb:261 - Set plugin images path to: C:\ST\STM32CubeIDE_1.16.0\STM32CubeIDE\plugins\com.st.stm32cube.common.mx_6.12.0.202406281431\\db\/plugins/mcufinder/images/
2024-10-24 09:46:30,286 [WARN] DbFile:41 - Overriding database path with different value: C:\Users\User\.stmcufinder\plugins\mcufinder/ => C:\Users\User\.stmcufinder\plugins\mcufinder
2024-10-24 09:46:30,286 [INFO] ApiDb:250 - Set database path to: C:\Users\User\.stmcufinder\plugins\mcufinder//mcu/
2024-10-24 09:46:30,286 [WARN] DbFile:41 - Overriding database path with different value: C:\Users\User\.stmcufinder\plugins\mcufinder/ => C:\Users\User\.stmcufinder\plugins\mcufinder
2024-10-24 09:46:30,286 [INFO] DbMcusAds:125 - Set database path to: C:\Users\User\.stmcufinder\plugins\mcufinder//mcu/
2024-10-24 09:46:30,287 [WARN] DbFile:41 - Overriding database path with different value: C:\Users\User\.stmcufinder\plugins\mcufinder/ => C:\Users\User\.stmcufinder\plugins\mcufinder
2024-10-24 09:46:30,287 [WARN] DbFile:41 - Overriding database path with different value: C:\Users\User\.stmcufinder\plugins\mcufinder/ => C:\Users\User\.stmcufinder\plugins\mcufinder
2024-10-24 09:46:30,287 [INFO] CrossReferenceDbSqlite:203 - Set database path to: C:\Users\User\.stmcufinder\plugins\mcufinder//mcu/cs/
2024-10-24 09:46:30,521 [INFO] MainPanel:268 - HeapMemory: 268435456
2024-10-24 09:46:31,236 [INFO] DbMcusXml:78 - Set database path to: C:\ST\STM32CubeIDE_1.16.0\STM32CubeIDE\plugins\com.st.stm32cube.common.mx_6.12.0.202406281431\\db\/mcu/
2024-10-24 09:46:31,237 [INFO] ApiDb:274 - Set plugin database path to: C:\ST\STM32CubeIDE_1.16.0\STM32CubeIDE\plugins\com.st.stm32cube.common.mx_6.12.0.202406281431\\db\/plugins/boardmanager/
2024-10-24 09:46:31,237 [INFO] ApiDb:261 - Set plugin images path to: C:\ST\STM32CubeIDE_1.16.0\STM32CubeIDE\plugins\com.st.stm32cube.common.mx_6.12.0.202406281431\\db\/plugins/mcufinder/images/
2024-10-24 09:46:31,237 [WARN] DbFile:41 - Overriding database path with different value: C:\Users\User\.stmcufinder\plugins\mcufinder/ => C:\Users\User\.stmcufinder\plugins\mcufinder
2024-10-24 09:46:31,237 [INFO] ApiDb:250 - Set database path to: C:\Users\User\.stmcufinder\plugins\mcufinder//mcu/
2024-10-24 09:46:31,237 [WARN] DbFile:41 - Overriding database path with different value: C:\Users\User\.stmcufinder\plugins\mcufinder/ => C:\Users\User\.stmcufinder\plugins\mcufinder
2024-10-24 09:46:31,238 [INFO] DbMcusAds:125 - Set database path to: C:\Users\User\.stmcufinder\plugins\mcufinder//mcu/
2024-10-24 09:46:31,238 [WARN] DbFile:41 - Overriding database path with different value: C:\Users\User\.stmcufinder\plugins\mcufinder/ => C:\Users\User\.stmcufinder\plugins\mcufinder
2024-10-24 09:46:31,238 [WARN] DbFile:41 - Overriding database path with different value: C:\Users\User\.stmcufinder\plugins\mcufinder/ => C:\Users\User\.stmcufinder\plugins\mcufinder
2024-10-24 09:46:31,238 [INFO] CrossReferenceDbSqlite:203 - Set database path to: C:\Users\User\.stmcufinder\plugins\mcufinder//mcu/cs/
2024-10-24 09:46:31,328 [INFO] ApplicationProperties:184 - Using Application install path: C:\ST\STM32CubeIDE_1.16.0\STM32CubeIDE\plugins\com.st.stm32cube.common.mx_6.12.0.202406281431
2024-10-24 09:46:31,330 [INFO] PluginManage:196 - Search for loadable plugins [exclusion list=, ]
2024-10-24 09:46:31,333 [INFO] PluginManage:310 - Check plugin analytics
2024-10-24 09:46:36,275 [INFO] AnalyticsPlugin:253 - Accepted Software Licenses: 
2024-10-24 09:46:36,275 [INFO] AnalyticsPlugin:255 - Accepted CMSIS Pack Licenses: 
2024-10-24 09:46:36,276 [INFO] AnalyticsPlugin:257 - Accepted Firmware Licenses: FW.L4.1.18.0
2024-10-24 09:46:36,280 [INFO] PluginManage:359 - Loaded plugin analytics (category:tool,tabindex:-1)
2024-10-24 09:46:36,281 [INFO] PluginManage:310 - Check plugin cadmodel
2024-10-24 09:46:36,332 [INFO] CADModel:105 - Init CAD model plugin
2024-10-24 09:46:36,332 [INFO] PluginManage:359 - Loaded plugin cadmodel (category:power,tabindex:5)
2024-10-24 09:46:36,332 [INFO] PluginManage:310 - Check plugin clock
2024-10-24 09:46:36,382 [INFO] PluginManage:359 - Loaded plugin clock (category:base,tabindex:2)
2024-10-24 09:46:36,382 [INFO] PluginManage:310 - Check plugin ddr
2024-10-24 09:46:36,419 [INFO] PluginManage:359 - Loaded plugin ddr (category:tool,tabindex:6)
2024-10-24 09:46:36,419 [INFO] PluginManage:310 - Check plugin filemanager
2024-10-24 09:46:36,810 [INFO] PluginManage:359 - Loaded plugin filemanager (category:base,tabindex:10)
2024-10-24 09:46:36,810 [INFO] PluginManage:310 - Check plugin ipmanager
2024-10-24 09:46:36,856 [INFO] PluginManage:359 - Loaded plugin ipmanager (category:base,tabindex:5)
2024-10-24 09:46:36,856 [INFO] PluginManage:310 - Check plugin lpbam
2024-10-24 09:46:36,892 [INFO] PluginManage:359 - Loaded plugin lpbam (category:base,tabindex:0)
2024-10-24 09:46:36,892 [INFO] PluginManage:310 - Check plugin memorymap
2024-10-24 09:46:36,979 [INFO] PluginManage:359 - Loaded plugin memorymap (category:base,tabindex:4)
2024-10-24 09:46:36,980 [INFO] PluginManage:310 - Check plugin pinoutandconfiguration
2024-10-24 09:46:37,022 [INFO] PluginManage:359 - Loaded plugin pinoutandconfiguration (category:base,tabindex:1)
2024-10-24 09:46:37,022 [INFO] PluginManage:310 - Check plugin pinoutconfig
2024-10-24 09:46:37,239 [WARN] SupportedApi:132 - Cannot load RTOS API schema: s4s-elt-must-match.1: The content of 'definitions' must match (annotation?, (simpleType | complexType)?, (unique | key | keyref)*)). A problem was found starting at: attribute.
2024-10-24 09:46:37,512 [INFO] PluginManage:359 - Loaded plugin pinoutconfig (category:base,tabindex:0)
2024-10-24 09:46:37,512 [INFO] PluginManage:310 - Check plugin power
2024-10-24 09:46:37,554 [INFO] PluginManage:359 - Loaded plugin power (category:power,tabindex:4)
2024-10-24 09:46:37,554 [INFO] PluginManage:310 - Check plugin projectmanager
2024-10-24 09:46:37,591 [INFO] PluginManage:359 - Loaded plugin projectmanager (category:projectmanager,tabindex:4)
2024-10-24 09:46:37,591 [INFO] PluginManage:310 - Check plugin rif
2024-10-24 09:46:37,643 [INFO] PluginManage:359 - Loaded plugin rif (category:base,tabindex:3)
2024-10-24 09:46:37,643 [INFO] PluginManage:310 - Check plugin thirdparty
2024-10-24 09:46:38,299 [INFO] PluginManage:359 - Loaded plugin thirdparty (category:base,tabindex:-1)
2024-10-24 09:46:38,298 [WARN] IntegrityCheckThread:84 - waiting for thirdparty lock release [integrity check]
2024-10-24 09:46:38,299 [INFO] PluginManage:310 - Check plugin tools
2024-10-24 09:46:38,299 [INFO] IntegrityCheckThread:86 - entering critical section [integrity check]
2024-10-24 09:46:38,300 [INFO] ThirdPartyUpdaterWithRetryManager:70 - Updater plugin not ready yet. [1/15]
2024-10-24 09:46:38,325 [INFO] PluginManage:359 - Loaded plugin tools (category:base,tabindex:7)
2024-10-24 09:46:38,325 [INFO] PluginManage:310 - Check plugin tutovideos
2024-10-24 09:46:38,791 [INFO] PluginManage:359 - Loaded plugin tutovideos (category:base,tabindex:-1)
2024-10-24 09:46:38,791 [INFO] PluginManage:310 - Check plugin updater
2024-10-24 09:46:38,836 [INFO] PluginManage:359 - Loaded plugin updater (category:base,tabindex:12)
2024-10-24 09:46:38,836 [INFO] PluginManage:310 - Check plugin userauth
2024-10-24 09:46:38,866 [INFO] UserAuth:113 - Init User Auth plugin
2024-10-24 09:46:38,866 [INFO] PluginManage:359 - Loaded plugin userauth (category:base,tabindex:14)
2024-10-24 09:46:38,867 [INFO] PluginManage:283 - PluginManage : Loaded plugins [18]
2024-10-24 09:46:39,432 [INFO] PinOutPanel:1561 - setPackage(No Configuration,No Configuration)
2024-10-24 09:46:39,882 [INFO] CADModel:165 - CPN selected for project level
2024-10-24 09:46:39,882 [INFO] CADModel:114 - Register for checkConnection events
2024-10-24 09:46:39,970 [INFO] IPUIPlugin:80 - create IPUIPlugin
2024-10-24 09:46:39,970 [INFO] PluginManager:220 - loadIPPluginJar : add adc
2024-10-24 09:46:39,986 [INFO] IPUIPlugin:80 - create IPUIPlugin
2024-10-24 09:46:39,987 [INFO] PluginManager:220 - loadIPPluginJar : add aes
2024-10-24 09:46:40,008 [INFO] IPUIPlugin:80 - create IPUIPlugin
2024-10-24 09:46:40,009 [INFO] PluginManager:220 - loadIPPluginJar : add can
2024-10-24 09:46:40,027 [INFO] IPUIPlugin:80 - create IPUIPlugin
2024-10-24 09:46:40,027 [INFO] PluginManager:220 - loadIPPluginJar : add comp
2024-10-24 09:46:40,052 [INFO] IPUIPlugin:80 - create IPUIPlugin
2024-10-24 09:46:40,052 [INFO] PluginManager:220 - loadIPPluginJar : add cryp
2024-10-24 09:46:40,086 [INFO] IPUIPlugin:80 - create IPUIPlugin
2024-10-24 09:46:40,086 [INFO] PluginManager:220 - loadIPPluginJar : add ddr_ctrl_phy
2024-10-24 09:46:40,102 [INFO] IPUIPlugin:80 - create IPUIPlugin
2024-10-24 09:46:40,103 [INFO] PluginManager:220 - loadIPPluginJar : add dfsdm
2024-10-24 09:46:40,134 [INFO] IPUIPlugin:80 - create IPUIPlugin
2024-10-24 09:46:40,134 [INFO] PluginManager:220 - loadIPPluginJar : add dma
2024-10-24 09:46:40,149 [INFO] IPUIPlugin:80 - create IPUIPlugin
2024-10-24 09:46:40,150 [INFO] PluginManager:220 - loadIPPluginJar : add dma3
2024-10-24 09:46:40,172 [INFO] IPUIPlugin:80 - create IPUIPlugin
2024-10-24 09:46:40,172 [INFO] PluginManager:220 - loadIPPluginJar : add extmemmanager
2024-10-24 09:46:40,185 [INFO] IPUIPlugin:80 - create IPUIPlugin
2024-10-24 09:46:40,185 [INFO] PluginManager:220 - loadIPPluginJar : add fatfs
2024-10-24 09:46:40,215 [INFO] IPUIPlugin:80 - create IPUIPlugin
2024-10-24 09:46:40,216 [INFO] PluginManager:220 - loadIPPluginJar : add fmc
2024-10-24 09:46:40,243 [INFO] IPUIPlugin:80 - create IPUIPlugin
2024-10-24 09:46:40,243 [INFO] PluginManager:220 - loadIPPluginJar : add freertos
2024-10-24 09:46:40,255 [INFO] IPUIPlugin:80 - create IPUIPlugin
2024-10-24 09:46:40,255 [INFO] PluginManager:220 - loadIPPluginJar : add genericplugin
2024-10-24 09:46:40,259 [INFO] IPUIPlugin:80 - create IPUIPlugin
2024-10-24 09:46:40,259 [INFO] PluginManager:220 - loadIPPluginJar : add gfxmmu
2024-10-24 09:46:40,264 [INFO] IPUIPlugin:80 - create IPUIPlugin
2024-10-24 09:46:40,265 [INFO] PluginManager:220 - loadIPPluginJar : add gic
2024-10-24 09:46:40,288 [INFO] IPUIPlugin:80 - create IPUIPlugin
2024-10-24 09:46:40,288 [INFO] PluginManager:220 - loadIPPluginJar : add gpio
2024-10-24 09:46:40,293 [INFO] IPUIPlugin:80 - create IPUIPlugin
2024-10-24 09:46:40,294 [INFO] PluginManager:220 - loadIPPluginJar : add gtzc
2024-10-24 09:46:40,309 [INFO] IPUIPlugin:80 - create IPUIPlugin
2024-10-24 09:46:40,309 [INFO] PluginManager:220 - loadIPPluginJar : add hash
2024-10-24 09:46:40,356 [INFO] IPUIPlugin:80 - create IPUIPlugin
2024-10-24 09:46:40,356 [INFO] PluginManager:220 - loadIPPluginJar : add i2c
2024-10-24 09:46:40,372 [INFO] IPUIPlugin:80 - create IPUIPlugin
2024-10-24 09:46:40,372 [INFO] PluginManager:220 - loadIPPluginJar : add i2s
2024-10-24 09:46:40,388 [INFO] IPUIPlugin:80 - create IPUIPlugin
2024-10-24 09:46:40,389 [INFO] PluginManager:220 - loadIPPluginJar : add i3c
2024-10-24 09:46:40,394 [INFO] IPUIPlugin:80 - create IPUIPlugin
2024-10-24 09:46:40,394 [INFO] PluginManager:220 - loadIPPluginJar : add ipddr
2024-10-24 09:46:40,404 [INFO] IPUIPlugin:80 - create IPUIPlugin
2024-10-24 09:46:40,404 [INFO] PluginManager:220 - loadIPPluginJar : add linkedlist
2024-10-24 09:46:40,425 [INFO] IPUIPlugin:80 - create IPUIPlugin
2024-10-24 09:46:40,425 [INFO] PluginManager:220 - loadIPPluginJar : add lorawan
2024-10-24 09:46:40,436 [INFO] IPUIPlugin:80 - create IPUIPlugin
2024-10-24 09:46:40,436 [INFO] PluginManager:220 - loadIPPluginJar : add ltdc
2024-10-24 09:46:40,469 [INFO] IPUIPlugin:80 - create IPUIPlugin
2024-10-24 09:46:40,469 [INFO] PluginManager:220 - loadIPPluginJar : add mdma
2024-10-24 09:46:40,486 [INFO] IPUIPlugin:80 - create IPUIPlugin
2024-10-24 09:46:40,486 [INFO] PluginManager:220 - loadIPPluginJar : add nvic
2024-10-24 09:46:40,507 [INFO] IPUIPlugin:80 - create IPUIPlugin
2024-10-24 09:46:40,507 [INFO] PluginManager:220 - loadIPPluginJar : add opamp
2024-10-24 09:46:40,530 [INFO] IPUIPlugin:80 - create IPUIPlugin
2024-10-24 09:46:40,531 [INFO] PluginManager:220 - loadIPPluginJar : add openamp
2024-10-24 09:46:40,551 [INFO] IPUIPlugin:80 - create IPUIPlugin
2024-10-24 09:46:40,551 [INFO] PluginManager:220 - loadIPPluginJar : add pdm2pcm
2024-10-24 09:46:40,571 [INFO] IPUIPlugin:80 - create IPUIPlugin
2024-10-24 09:46:40,575 [INFO] PluginManager:220 - loadIPPluginJar : add plateformsettings
2024-10-24 09:46:40,588 [INFO] IPUIPlugin:80 - create IPUIPlugin
2024-10-24 09:46:40,588 [INFO] PluginManager:220 - loadIPPluginJar : add quadspi
2024-10-24 09:46:40,615 [INFO] IPUIPlugin:80 - create IPUIPlugin
2024-10-24 09:46:40,615 [INFO] PluginManager:220 - loadIPPluginJar : add radio
2024-10-24 09:46:40,644 [INFO] IPUIPlugin:80 - create IPUIPlugin
2024-10-24 09:46:40,644 [INFO] PluginManager:220 - loadIPPluginJar : add resmgrutility
2024-10-24 09:46:40,648 [INFO] IPUIPlugin:80 - create IPUIPlugin
2024-10-24 09:46:40,648 [INFO] PluginManager:220 - loadIPPluginJar : add sai
2024-10-24 09:46:40,651 [INFO] IPUIPlugin:80 - create IPUIPlugin
2024-10-24 09:46:40,651 [INFO] PluginManager:220 - loadIPPluginJar : add spi
2024-10-24 09:46:40,658 [INFO] IPUIPlugin:80 - create IPUIPlugin
2024-10-24 09:46:40,658 [INFO] PluginManager:220 - loadIPPluginJar : add stm32_wpan
2024-10-24 09:46:40,669 [INFO] IPUIPlugin:80 - create IPUIPlugin
2024-10-24 09:46:40,669 [INFO] PluginManager:220 - loadIPPluginJar : add tim
2024-10-24 09:46:40,674 [INFO] IPUIPlugin:80 - create IPUIPlugin
2024-10-24 09:46:40,674 [INFO] PluginManager:220 - loadIPPluginJar : add touchsensing
2024-10-24 09:46:40,685 [INFO] IPUIPlugin:80 - create IPUIPlugin
2024-10-24 09:46:40,685 [INFO] PluginManager:220 - loadIPPluginJar : add tracer_emb
2024-10-24 09:46:40,693 [INFO] IPUIPlugin:80 - create IPUIPlugin
2024-10-24 09:46:40,694 [INFO] PluginManager:220 - loadIPPluginJar : add ts
2024-10-24 09:46:40,704 [INFO] IPUIPlugin:80 - create IPUIPlugin
2024-10-24 09:46:40,704 [INFO] PluginManager:220 - loadIPPluginJar : add tsc
2024-10-24 09:46:40,715 [INFO] IPUIPlugin:80 - create IPUIPlugin
2024-10-24 09:46:40,716 [INFO] PluginManager:220 - loadIPPluginJar : add ucpd
2024-10-24 09:46:40,738 [INFO] IPUIPlugin:80 - create IPUIPlugin
2024-10-24 09:46:40,738 [INFO] PluginManager:220 - loadIPPluginJar : add usart
2024-10-24 09:46:40,743 [INFO] IPUIPlugin:80 - create IPUIPlugin
2024-10-24 09:46:40,743 [INFO] PluginManager:220 - loadIPPluginJar : add usbx
2024-10-24 09:46:40,964 [INFO] CADModel:165 - CPN selected for project level
2024-10-24 09:46:40,964 [INFO] CADModel:114 - Register for checkConnection events
2024-10-24 09:46:40,964 [FATAL] Updater:334 - Updater called before beeing initialized
2024-10-24 09:46:40,965 [ERROR] CADModel:125 - Updater not yet initialized, retry later 
2024-10-24 09:46:41,301 [INFO] ThirdPartyUpdaterWithRetryManager:70 - Updater plugin not ready yet. [2/15]
2024-10-24 09:46:41,362 [INFO] CADModel:165 - CPN selected for project level
2024-10-24 09:46:41,363 [INFO] CADModel:114 - Register for checkConnection events
2024-10-24 09:46:41,363 [FATAL] Updater:334 - Updater called before beeing initialized
2024-10-24 09:46:41,363 [ERROR] CADModel:125 - Updater not yet initialized, retry later 
2024-10-24 09:46:41,377 [FATAL] Updater:334 - Updater called before beeing initialized
2024-10-24 09:46:41,625 [FATAL] Updater:334 - Updater called before beeing initialized
2024-10-24 09:46:41,630 [INFO] DbMcusAds:53 - JSON generation date=Fri Sep 20 14:04:23 WAT 2024 (1726837463113)
2024-10-24 09:46:41,630 [FATAL] Updater:334 - Updater called before beeing initialized
2024-10-24 09:46:41,785 [WARN] DetailPanel:346 - Failed to get advertising image, set to default
2024-10-24 09:46:41,922 [FATAL] Updater:334 - Updater called before beeing initialized
2024-10-24 09:46:41,924 [FATAL] Updater:334 - Updater called before beeing initialized
2024-10-24 09:46:41,924 [FATAL] Updater:334 - Updater called before beeing initialized
2024-10-24 09:46:41,925 [WARN] DetailPanel:346 - Failed to get advertising image, set to default
2024-10-24 09:46:41,926 [FATAL] Updater:334 - Updater called before beeing initialized
2024-10-24 09:46:42,096 [ERROR] Updater:1164 - MainUpdater not yet initialized. External WinMGr cannot be set.
2024-10-24 09:46:42,138 [INFO] Updater:1100 - Updater Version found : 6.12.0
2024-10-24 09:46:42,299 [INFO] ApplicationProperties:184 - Using Application install path: C:\ST\STM32CubeIDE_1.16.0\STM32CubeIDE\plugins\com.st.stm32cube.common.mx_6.12.0.202406281431
2024-10-24 09:46:43,947 [ERROR] LogOutputStream:75 - [STDERR_REDIRECT] Oct 24, 2024 9:46:43 AM java.util.prefs.WindowsPreferences <init>
2024-10-24 09:46:43,950 [ERROR] LogOutputStream:75 - [STDERR_REDIRECT] WARNING: Could not open/create prefs root node Software\JavaSoft\Prefs at root 0xffffffff80000002. Windows RegCreateKeyEx(...) returned error code 5.
2024-10-24 09:46:43,950 [ERROR] LogOutputStream:75 - [STDERR_REDIRECT] 
2024-10-24 09:46:44,303 [FATAL] Updater:334 - Updater called before beeing initialized
2024-10-24 09:46:44,304 [ERROR] IntegrityCheckThread:130 - Cannot retrieve database content from updater: error 21
2024-10-24 09:46:44,304 [INFO] ThirdParty:978 - Integrity check success = false
2024-10-24 09:46:44,305 [INFO] IntegrityCheckThread:100 - exiting critical section [integrity check]
2024-10-24 09:46:44,305 [INFO] IntegrityCheckThread:103 - End integrity checks thread
2024-10-24 09:46:44,948 [INFO] MainUpdater:2873 - connection check result : 10
2024-10-24 09:46:44,949 [INFO] MainUpdater:290 - Updater Check For Update Now.
2024-10-24 09:46:44,949 [INFO] MicroXplorer:498 - Change Database Version : DB.6.0.120
2024-10-24 09:46:44,982 [INFO] McuFinderGlobals:63 - Set McuFinder mode to 2 (CubeIDE integrated)
2024-10-24 09:46:45,012 [INFO] UserAuth:417 - Internet connection configuration mode: 1
2024-10-24 09:46:45,170 [INFO] JxBrowserEngine:152 - Initiate JxBrowser Engine with user profile folder
2024-10-24 09:46:45,467 [INFO] CheckServerUpdateThread:120 - End of CheckServer Thread
2024-10-24 09:46:57,569 [INFO] WebApp:167 - Instantiating new browser for Auth
2024-10-24 09:47:06,732 [INFO] WebApp:448 - Apply proxy settings
2024-10-24 09:47:06,732 [INFO] WebApp:533 - Chromium requires no authentication
2024-10-24 09:47:07,193 [INFO] WebApp:476 - Direct internet connection detected
2024-10-24 09:47:08,030 [INFO] WebApp:869 - Register for checkConnection events
2024-10-24 09:47:08,030 [INFO] WebApp:448 - Apply proxy settings
2024-10-24 09:47:08,030 [INFO] WebApp:533 - Chromium requires no authentication
2024-10-24 09:47:08,031 [INFO] WebApp:476 - Direct internet connection detected
2024-10-24 09:47:13,093 [INFO] WebApp:186 - Connection restablished
2024-10-24 09:47:18,852 [INFO] WebApp:220 - Starting web application
2024-10-24 09:47:18,852 [INFO] WebApp:578 - Web application path used C:\ST\STM32CubeIDE_1.16.0\STM32CubeIDE\plugins\com.st.stm32cube.common.mx_6.12.0.202406281431\db\plugins\mcufinder\reactClient1\index.html
2024-10-24 09:47:20,665 [INFO] UserAuth:417 - Internet connection configuration mode: 1
2024-10-24 11:08:52,532 [INFO] WebApp:189 - Connection lost
2024-10-24 11:08:53,591 [INFO] WebApp:186 - Connection restablished
2024-10-24 11:09:05,313 [INFO] WebApp:189 - Connection lost
2024-10-24 11:09:05,555 [INFO] WebApp:186 - Connection restablished
2024-10-24 11:54:29,185 [INFO] WebApp:189 - Connection lost
2024-10-24 11:54:29,562 [INFO] WebApp:186 - Connection restablished
2024-10-24 11:54:38,290 [INFO] WebApp:189 - Connection lost
2024-10-24 11:54:38,518 [INFO] WebApp:186 - Connection restablished
2024-10-24 13:21:48,437 [INFO] WebApp:189 - Connection lost
2024-10-24 13:21:48,763 [INFO] WebApp:186 - Connection restablished
2024-10-24 13:21:59,302 [INFO] WebApp:189 - Connection lost
2024-10-24 13:21:59,525 [INFO] WebApp:186 - Connection restablished
2024-10-24 14:35:54,150 [INFO] WebApp:189 - Connection lost
2024-10-24 14:35:54,537 [INFO] WebApp:186 - Connection restablished
2024-10-24 14:36:04,804 [INFO] WebApp:189 - Connection lost
2024-10-24 14:36:05,049 [INFO] WebApp:186 - Connection restablished
2024-10-24 14:36:40,112 [INFO] WebApp:189 - Connection lost
2024-10-24 14:36:40,590 [INFO] WebApp:186 - Connection restablished
2024-10-24 14:36:56,281 [INFO] WebApp:189 - Connection lost
2024-10-24 14:36:56,626 [INFO] WebApp:186 - Connection restablished
2024-10-24 14:36:58,861 [INFO] WebApp:189 - Connection lost
2024-10-24 14:36:59,115 [INFO] WebApp:186 - Connection restablished
2024-10-24 14:37:07,794 [INFO] WebApp:189 - Connection lost
2024-10-24 14:37:08,041 [INFO] WebApp:186 - Connection restablished
2024-10-24 16:04:16,473 [INFO] WebApp:189 - Connection lost
2024-10-24 16:04:16,881 [INFO] WebApp:186 - Connection restablished
2024-10-24 16:04:27,186 [INFO] WebApp:189 - Connection lost
2024-10-24 16:04:27,545 [INFO] WebApp:186 - Connection restablished
2024-10-24 16:06:23,498 [INFO] WebApp:189 - Connection lost
2024-10-24 16:06:23,878 [INFO] WebApp:186 - Connection restablished
2024-10-24 16:06:31,701 [INFO] WebApp:189 - Connection lost
2024-10-24 16:06:31,933 [INFO] WebApp:186 - Connection restablished
2024-10-24 16:08:01,778 [INFO] WebApp:189 - Connection lost
2024-10-24 16:08:02,260 [INFO] WebApp:186 - Connection restablished
2024-10-24 16:08:09,673 [INFO] WebApp:189 - Connection lost
2024-10-24 16:08:09,913 [INFO] WebApp:186 - Connection restablished
2024-10-24 16:09:00,394 [INFO] WebApp:189 - Connection lost
2024-10-24 16:09:00,743 [INFO] WebApp:186 - Connection restablished
2024-10-24 16:09:09,701 [INFO] WebApp:189 - Connection lost
2024-10-24 16:09:09,957 [INFO] WebApp:186 - Connection restablished
2024-10-24 16:11:36,540 [INFO] WebApp:189 - Connection lost
2024-10-24 16:11:36,887 [INFO] WebApp:186 - Connection restablished
2024-10-24 16:11:46,672 [INFO] WebApp:189 - Connection lost
2024-10-24 16:11:46,930 [INFO] WebApp:186 - Connection restablished
2024-10-24 18:06:01,151 [ERROR] LogOutputStream:75 - [STDERR_REDIRECT] 
2024-10-24 18:06:01,152 [ERROR] LogOutputStream:75 - [STDERR_REDIRECT] 
