2024-12-18 13:01:27,873 [INFO] Activator:176 - 


2024-12-18 13:01:27,892 [INFO] Activator:177 - !SESSION log4j initialized
2024-12-18 13:02:07,689 [INFO] LogOutputStream:77 - [STDOUT_REDIRECT] 
2024-12-18 13:02:23,275 [INFO] ApplicationProperties:184 - Using Application install path: C:\ST\STM32CubeIDE_1.16.0\STM32CubeIDE\plugins\com.st.stm32cube.common.mx_6.12.0.202406281431
2024-12-18 13:02:23,369 [INFO] DbMcusXml:78 - Set database path to: C:\ST\STM32CubeIDE_1.16.0\STM32CubeIDE\plugins\com.st.stm32cube.common.mx_6.12.0.202406281431\\db\/mcu/
2024-12-18 13:02:23,369 [INFO] ApiDb:274 - Set plugin database path to: C:\ST\STM32CubeIDE_1.16.0\STM32CubeIDE\plugins\com.st.stm32cube.common.mx_6.12.0.202406281431\\db\/plugins/boardmanager/
2024-12-18 13:02:23,370 [WARN] ApiDb:259 - Overriding images path with different value:  => C:\ST\STM32CubeIDE_1.16.0\STM32CubeIDE\plugins\com.st.stm32cube.common.mx_6.12.0.202406281431\\db\/plugins/mcufinder/images/
2024-12-18 13:02:23,533 [INFO] ApiDb:250 - Set database path to: C:\Users\User\.stmcufinder\plugins\mcufinder//mcu/
2024-12-18 13:02:23,535 [INFO] DbMcusAds:125 - Set database path to: C:\Users\User\.stmcufinder\plugins\mcufinder//mcu/
2024-12-18 13:02:23,680 [INFO] CrossReferenceDbSqlite:203 - Set database path to: C:\Users\User\.stmcufinder\plugins\mcufinder//mcu/cs/
2024-12-18 13:02:24,367 [INFO] RulesReader:64 - Compatibility file has been processed (297 Rules)
2024-12-18 13:02:25,317 [INFO] DbMcusXml:78 - Set database path to: C:\ST\STM32CubeIDE_1.16.0\STM32CubeIDE\plugins\com.st.stm32cube.common.mx_6.12.0.202406281431\\db\/mcu/
2024-12-18 13:02:25,318 [INFO] ApiDb:274 - Set plugin database path to: C:\ST\STM32CubeIDE_1.16.0\STM32CubeIDE\plugins\com.st.stm32cube.common.mx_6.12.0.202406281431\\db\/plugins/boardmanager/
2024-12-18 13:02:25,318 [INFO] ApiDb:261 - Set plugin images path to: C:\ST\STM32CubeIDE_1.16.0\STM32CubeIDE\plugins\com.st.stm32cube.common.mx_6.12.0.202406281431\\db\/plugins/mcufinder/images/
2024-12-18 13:02:25,318 [WARN] DbFile:41 - Overriding database path with different value: C:\Users\User\.stmcufinder\plugins\mcufinder/ => C:\Users\User\.stmcufinder\plugins\mcufinder
2024-12-18 13:02:25,318 [INFO] ApiDb:250 - Set database path to: C:\Users\User\.stmcufinder\plugins\mcufinder//mcu/
2024-12-18 13:02:25,318 [WARN] DbFile:41 - Overriding database path with different value: C:\Users\User\.stmcufinder\plugins\mcufinder/ => C:\Users\User\.stmcufinder\plugins\mcufinder
2024-12-18 13:02:25,318 [INFO] DbMcusAds:125 - Set database path to: C:\Users\User\.stmcufinder\plugins\mcufinder//mcu/
2024-12-18 13:02:25,318 [WARN] DbFile:41 - Overriding database path with different value: C:\Users\User\.stmcufinder\plugins\mcufinder/ => C:\Users\User\.stmcufinder\plugins\mcufinder
2024-12-18 13:02:25,319 [WARN] DbFile:41 - Overriding database path with different value: C:\Users\User\.stmcufinder\plugins\mcufinder/ => C:\Users\User\.stmcufinder\plugins\mcufinder
2024-12-18 13:02:25,319 [INFO] CrossReferenceDbSqlite:203 - Set database path to: C:\Users\User\.stmcufinder\plugins\mcufinder//mcu/cs/
2024-12-18 13:02:25,934 [INFO] MainPanel:268 - HeapMemory: 268435456
2024-12-18 13:02:27,040 [INFO] DbMcusXml:78 - Set database path to: C:\ST\STM32CubeIDE_1.16.0\STM32CubeIDE\plugins\com.st.stm32cube.common.mx_6.12.0.202406281431\\db\/mcu/
2024-12-18 13:02:27,040 [INFO] ApiDb:274 - Set plugin database path to: C:\ST\STM32CubeIDE_1.16.0\STM32CubeIDE\plugins\com.st.stm32cube.common.mx_6.12.0.202406281431\\db\/plugins/boardmanager/
2024-12-18 13:02:27,041 [INFO] ApiDb:261 - Set plugin images path to: C:\ST\STM32CubeIDE_1.16.0\STM32CubeIDE\plugins\com.st.stm32cube.common.mx_6.12.0.202406281431\\db\/plugins/mcufinder/images/
2024-12-18 13:02:27,041 [WARN] DbFile:41 - Overriding database path with different value: C:\Users\User\.stmcufinder\plugins\mcufinder/ => C:\Users\User\.stmcufinder\plugins\mcufinder
2024-12-18 13:02:27,041 [INFO] ApiDb:250 - Set database path to: C:\Users\User\.stmcufinder\plugins\mcufinder//mcu/
2024-12-18 13:02:27,041 [WARN] DbFile:41 - Overriding database path with different value: C:\Users\User\.stmcufinder\plugins\mcufinder/ => C:\Users\User\.stmcufinder\plugins\mcufinder
2024-12-18 13:02:27,042 [INFO] DbMcusAds:125 - Set database path to: C:\Users\User\.stmcufinder\plugins\mcufinder//mcu/
2024-12-18 13:02:27,042 [WARN] DbFile:41 - Overriding database path with different value: C:\Users\User\.stmcufinder\plugins\mcufinder/ => C:\Users\User\.stmcufinder\plugins\mcufinder
2024-12-18 13:02:27,042 [WARN] DbFile:41 - Overriding database path with different value: C:\Users\User\.stmcufinder\plugins\mcufinder/ => C:\Users\User\.stmcufinder\plugins\mcufinder
2024-12-18 13:02:27,042 [INFO] CrossReferenceDbSqlite:203 - Set database path to: C:\Users\User\.stmcufinder\plugins\mcufinder//mcu/cs/
2024-12-18 13:02:27,142 [INFO] ApplicationProperties:184 - Using Application install path: C:\ST\STM32CubeIDE_1.16.0\STM32CubeIDE\plugins\com.st.stm32cube.common.mx_6.12.0.202406281431
2024-12-18 13:02:27,145 [INFO] PluginManage:196 - Search for loadable plugins [exclusion list=, ]
2024-12-18 13:02:27,185 [INFO] PluginManage:310 - Check plugin analytics
2024-12-18 13:02:27,898 [INFO] AnalyticsPlugin:253 - Accepted Software Licenses: 
2024-12-18 13:02:27,898 [INFO] AnalyticsPlugin:255 - Accepted CMSIS Pack Licenses: 
2024-12-18 13:02:27,899 [INFO] AnalyticsPlugin:257 - Accepted Firmware Licenses: FW.L4.1.18.0
2024-12-18 13:02:27,902 [INFO] PluginManage:359 - Loaded plugin analytics (category:tool,tabindex:-1)
2024-12-18 13:02:27,902 [INFO] PluginManage:310 - Check plugin cadmodel
2024-12-18 13:02:28,055 [INFO] CADModel:105 - Init CAD model plugin
2024-12-18 13:02:28,055 [INFO] PluginManage:359 - Loaded plugin cadmodel (category:power,tabindex:5)
2024-12-18 13:02:28,055 [INFO] PluginManage:310 - Check plugin clock
2024-12-18 13:02:28,190 [INFO] PluginManage:359 - Loaded plugin clock (category:base,tabindex:2)
2024-12-18 13:02:28,190 [INFO] PluginManage:310 - Check plugin ddr
2024-12-18 13:02:28,216 [INFO] PluginManage:359 - Loaded plugin ddr (category:tool,tabindex:6)
2024-12-18 13:02:28,216 [INFO] PluginManage:310 - Check plugin filemanager
2024-12-18 13:02:29,097 [INFO] PluginManage:359 - Loaded plugin filemanager (category:base,tabindex:10)
2024-12-18 13:02:29,097 [INFO] PluginManage:310 - Check plugin ipmanager
2024-12-18 13:02:29,143 [INFO] PluginManage:359 - Loaded plugin ipmanager (category:base,tabindex:5)
2024-12-18 13:02:29,144 [INFO] PluginManage:310 - Check plugin lpbam
2024-12-18 13:02:29,221 [INFO] PluginManage:359 - Loaded plugin lpbam (category:base,tabindex:0)
2024-12-18 13:02:29,221 [INFO] PluginManage:310 - Check plugin memorymap
2024-12-18 13:02:29,382 [INFO] PluginManage:359 - Loaded plugin memorymap (category:base,tabindex:4)
2024-12-18 13:02:29,382 [INFO] PluginManage:310 - Check plugin pinoutandconfiguration
2024-12-18 13:02:29,447 [INFO] PluginManage:359 - Loaded plugin pinoutandconfiguration (category:base,tabindex:1)
2024-12-18 13:02:29,447 [INFO] PluginManage:310 - Check plugin pinoutconfig
2024-12-18 13:02:30,061 [WARN] SupportedApi:132 - Cannot load RTOS API schema: s4s-elt-must-match.1: The content of 'definitions' must match (annotation?, (simpleType | complexType)?, (unique | key | keyref)*)). A problem was found starting at: attribute.
2024-12-18 13:02:30,663 [INFO] PluginManage:359 - Loaded plugin pinoutconfig (category:base,tabindex:0)
2024-12-18 13:02:30,663 [INFO] PluginManage:310 - Check plugin power
2024-12-18 13:02:30,848 [INFO] PluginManage:359 - Loaded plugin power (category:power,tabindex:4)
2024-12-18 13:02:30,848 [INFO] PluginManage:310 - Check plugin projectmanager
2024-12-18 13:02:30,893 [INFO] PluginManage:359 - Loaded plugin projectmanager (category:projectmanager,tabindex:4)
2024-12-18 13:02:30,894 [INFO] PluginManage:310 - Check plugin rif
2024-12-18 13:02:30,969 [INFO] PluginManage:359 - Loaded plugin rif (category:base,tabindex:3)
2024-12-18 13:02:30,969 [INFO] PluginManage:310 - Check plugin thirdparty
2024-12-18 13:02:32,253 [INFO] PluginManage:359 - Loaded plugin thirdparty (category:base,tabindex:-1)
2024-12-18 13:02:32,253 [WARN] IntegrityCheckThread:84 - waiting for thirdparty lock release [integrity check]
2024-12-18 13:02:32,254 [INFO] PluginManage:310 - Check plugin tools
2024-12-18 13:02:32,254 [INFO] IntegrityCheckThread:86 - entering critical section [integrity check]
2024-12-18 13:02:32,254 [INFO] ThirdPartyUpdaterWithRetryManager:70 - Updater plugin not ready yet. [1/15]
2024-12-18 13:02:32,289 [INFO] PluginManage:359 - Loaded plugin tools (category:base,tabindex:7)
2024-12-18 13:02:32,289 [INFO] PluginManage:310 - Check plugin tutovideos
2024-12-18 13:02:33,377 [INFO] PluginManage:359 - Loaded plugin tutovideos (category:base,tabindex:-1)
2024-12-18 13:02:33,378 [INFO] PluginManage:310 - Check plugin updater
2024-12-18 13:02:33,443 [INFO] PluginManage:359 - Loaded plugin updater (category:base,tabindex:12)
2024-12-18 13:02:33,443 [INFO] PluginManage:310 - Check plugin userauth
2024-12-18 13:02:33,504 [INFO] UserAuth:113 - Init User Auth plugin
2024-12-18 13:02:33,504 [INFO] PluginManage:359 - Loaded plugin userauth (category:base,tabindex:14)
2024-12-18 13:02:33,505 [INFO] PluginManage:283 - PluginManage : Loaded plugins [18]
2024-12-18 13:02:35,256 [INFO] ThirdPartyUpdaterWithRetryManager:70 - Updater plugin not ready yet. [2/15]
2024-12-18 13:02:35,750 [INFO] PinOutPanel:1561 - setPackage(No Configuration,No Configuration)
2024-12-18 13:02:36,206 [INFO] CADModel:165 - CPN selected for project level
2024-12-18 13:02:36,207 [INFO] CADModel:114 - Register for checkConnection events
2024-12-18 13:02:36,428 [INFO] IPUIPlugin:80 - create IPUIPlugin
2024-12-18 13:02:36,429 [INFO] PluginManager:220 - loadIPPluginJar : add adc
2024-12-18 13:02:36,493 [INFO] IPUIPlugin:80 - create IPUIPlugin
2024-12-18 13:02:36,493 [INFO] PluginManager:220 - loadIPPluginJar : add aes
2024-12-18 13:02:36,556 [INFO] IPUIPlugin:80 - create IPUIPlugin
2024-12-18 13:02:36,556 [INFO] PluginManager:220 - loadIPPluginJar : add can
2024-12-18 13:02:36,584 [INFO] IPUIPlugin:80 - create IPUIPlugin
2024-12-18 13:02:36,584 [INFO] PluginManager:220 - loadIPPluginJar : add comp
2024-12-18 13:02:36,667 [INFO] IPUIPlugin:80 - create IPUIPlugin
2024-12-18 13:02:36,667 [INFO] PluginManager:220 - loadIPPluginJar : add cryp
2024-12-18 13:02:36,806 [INFO] IPUIPlugin:80 - create IPUIPlugin
2024-12-18 13:02:36,806 [INFO] PluginManager:220 - loadIPPluginJar : add ddr_ctrl_phy
2024-12-18 13:02:36,849 [INFO] IPUIPlugin:80 - create IPUIPlugin
2024-12-18 13:02:36,849 [INFO] PluginManager:220 - loadIPPluginJar : add dfsdm
2024-12-18 13:02:36,923 [INFO] IPUIPlugin:80 - create IPUIPlugin
2024-12-18 13:02:36,924 [INFO] PluginManager:220 - loadIPPluginJar : add dma
2024-12-18 13:02:36,958 [INFO] IPUIPlugin:80 - create IPUIPlugin
2024-12-18 13:02:36,959 [INFO] PluginManager:220 - loadIPPluginJar : add dma3
2024-12-18 13:02:36,980 [INFO] IPUIPlugin:80 - create IPUIPlugin
2024-12-18 13:02:36,980 [INFO] PluginManager:220 - loadIPPluginJar : add extmemmanager
2024-12-18 13:02:37,014 [INFO] IPUIPlugin:80 - create IPUIPlugin
2024-12-18 13:02:37,014 [INFO] PluginManager:220 - loadIPPluginJar : add fatfs
2024-12-18 13:02:37,056 [INFO] IPUIPlugin:80 - create IPUIPlugin
2024-12-18 13:02:37,057 [INFO] PluginManager:220 - loadIPPluginJar : add fmc
2024-12-18 13:02:37,095 [INFO] IPUIPlugin:80 - create IPUIPlugin
2024-12-18 13:02:37,096 [INFO] PluginManager:220 - loadIPPluginJar : add freertos
2024-12-18 13:02:37,110 [INFO] IPUIPlugin:80 - create IPUIPlugin
2024-12-18 13:02:37,110 [INFO] PluginManager:220 - loadIPPluginJar : add genericplugin
2024-12-18 13:02:37,133 [INFO] IPUIPlugin:80 - create IPUIPlugin
2024-12-18 13:02:37,133 [INFO] PluginManager:220 - loadIPPluginJar : add gfxmmu
2024-12-18 13:02:37,224 [INFO] IPUIPlugin:80 - create IPUIPlugin
2024-12-18 13:02:37,224 [INFO] PluginManager:220 - loadIPPluginJar : add gic
2024-12-18 13:02:37,333 [INFO] IPUIPlugin:80 - create IPUIPlugin
2024-12-18 13:02:37,333 [INFO] PluginManager:220 - loadIPPluginJar : add gpio
2024-12-18 13:02:37,373 [INFO] IPUIPlugin:80 - create IPUIPlugin
2024-12-18 13:02:37,374 [INFO] PluginManager:220 - loadIPPluginJar : add gtzc
2024-12-18 13:02:37,397 [INFO] IPUIPlugin:80 - create IPUIPlugin
2024-12-18 13:02:37,397 [INFO] PluginManager:220 - loadIPPluginJar : add hash
2024-12-18 13:02:37,445 [INFO] IPUIPlugin:80 - create IPUIPlugin
2024-12-18 13:02:37,445 [INFO] PluginManager:220 - loadIPPluginJar : add i2c
2024-12-18 13:02:37,472 [INFO] IPUIPlugin:80 - create IPUIPlugin
2024-12-18 13:02:37,473 [INFO] PluginManager:220 - loadIPPluginJar : add i2s
2024-12-18 13:02:37,504 [INFO] IPUIPlugin:80 - create IPUIPlugin
2024-12-18 13:02:37,504 [INFO] PluginManager:220 - loadIPPluginJar : add i3c
2024-12-18 13:02:37,560 [INFO] IPUIPlugin:80 - create IPUIPlugin
2024-12-18 13:02:37,560 [INFO] PluginManager:220 - loadIPPluginJar : add ipddr
2024-12-18 13:02:37,697 [INFO] IPUIPlugin:80 - create IPUIPlugin
2024-12-18 13:02:37,697 [INFO] PluginManager:220 - loadIPPluginJar : add linkedlist
2024-12-18 13:02:37,727 [INFO] IPUIPlugin:80 - create IPUIPlugin
2024-12-18 13:02:37,728 [INFO] PluginManager:220 - loadIPPluginJar : add lorawan
2024-12-18 13:02:37,751 [INFO] IPUIPlugin:80 - create IPUIPlugin
2024-12-18 13:02:37,751 [INFO] PluginManager:220 - loadIPPluginJar : add ltdc
2024-12-18 13:02:37,783 [INFO] IPUIPlugin:80 - create IPUIPlugin
2024-12-18 13:02:37,783 [INFO] PluginManager:220 - loadIPPluginJar : add mdma
2024-12-18 13:02:37,871 [INFO] IPUIPlugin:80 - create IPUIPlugin
2024-12-18 13:02:37,872 [INFO] PluginManager:220 - loadIPPluginJar : add nvic
2024-12-18 13:02:37,896 [INFO] IPUIPlugin:80 - create IPUIPlugin
2024-12-18 13:02:37,896 [INFO] PluginManager:220 - loadIPPluginJar : add opamp
2024-12-18 13:02:37,919 [INFO] IPUIPlugin:80 - create IPUIPlugin
2024-12-18 13:02:37,919 [INFO] PluginManager:220 - loadIPPluginJar : add openamp
2024-12-18 13:02:37,962 [INFO] IPUIPlugin:80 - create IPUIPlugin
2024-12-18 13:02:37,962 [INFO] PluginManager:220 - loadIPPluginJar : add pdm2pcm
2024-12-18 13:02:37,996 [INFO] IPUIPlugin:80 - create IPUIPlugin
2024-12-18 13:02:37,999 [INFO] PluginManager:220 - loadIPPluginJar : add plateformsettings
2024-12-18 13:02:38,017 [INFO] IPUIPlugin:80 - create IPUIPlugin
2024-12-18 13:02:38,017 [INFO] PluginManager:220 - loadIPPluginJar : add quadspi
2024-12-18 13:02:38,052 [INFO] IPUIPlugin:80 - create IPUIPlugin
2024-12-18 13:02:38,053 [INFO] PluginManager:220 - loadIPPluginJar : add radio
2024-12-18 13:02:38,157 [INFO] IPUIPlugin:80 - create IPUIPlugin
2024-12-18 13:02:38,157 [INFO] PluginManager:220 - loadIPPluginJar : add resmgrutility
2024-12-18 13:02:38,191 [INFO] IPUIPlugin:80 - create IPUIPlugin
2024-12-18 13:02:38,191 [INFO] PluginManager:220 - loadIPPluginJar : add sai
2024-12-18 13:02:38,256 [INFO] ThirdPartyUpdaterWithRetryManager:70 - Updater plugin not ready yet. [3/15]
2024-12-18 13:02:38,270 [INFO] IPUIPlugin:80 - create IPUIPlugin
2024-12-18 13:02:38,270 [INFO] PluginManager:220 - loadIPPluginJar : add spi
2024-12-18 13:02:38,314 [INFO] IPUIPlugin:80 - create IPUIPlugin
2024-12-18 13:02:38,314 [INFO] PluginManager:220 - loadIPPluginJar : add stm32_wpan
2024-12-18 13:02:38,341 [INFO] IPUIPlugin:80 - create IPUIPlugin
2024-12-18 13:02:38,341 [INFO] PluginManager:220 - loadIPPluginJar : add tim
2024-12-18 13:02:38,397 [INFO] IPUIPlugin:80 - create IPUIPlugin
2024-12-18 13:02:38,397 [INFO] PluginManager:220 - loadIPPluginJar : add touchsensing
2024-12-18 13:02:38,427 [INFO] IPUIPlugin:80 - create IPUIPlugin
2024-12-18 13:02:38,428 [INFO] PluginManager:220 - loadIPPluginJar : add tracer_emb
2024-12-18 13:02:38,438 [INFO] IPUIPlugin:80 - create IPUIPlugin
2024-12-18 13:02:38,438 [INFO] PluginManager:220 - loadIPPluginJar : add ts
2024-12-18 13:02:38,461 [INFO] IPUIPlugin:80 - create IPUIPlugin
2024-12-18 13:02:38,461 [INFO] PluginManager:220 - loadIPPluginJar : add tsc
2024-12-18 13:02:38,483 [INFO] IPUIPlugin:80 - create IPUIPlugin
2024-12-18 13:02:38,483 [INFO] PluginManager:220 - loadIPPluginJar : add ucpd
2024-12-18 13:02:38,540 [INFO] IPUIPlugin:80 - create IPUIPlugin
2024-12-18 13:02:38,540 [INFO] PluginManager:220 - loadIPPluginJar : add usart
2024-12-18 13:02:38,545 [INFO] IPUIPlugin:80 - create IPUIPlugin
2024-12-18 13:02:38,546 [INFO] PluginManager:220 - loadIPPluginJar : add usbx
2024-12-18 13:02:39,130 [INFO] CADModel:165 - CPN selected for project level
2024-12-18 13:02:39,130 [INFO] CADModel:114 - Register for checkConnection events
2024-12-18 13:02:39,131 [FATAL] Updater:334 - Updater called before beeing initialized
2024-12-18 13:02:39,131 [ERROR] CADModel:125 - Updater not yet initialized, retry later 
2024-12-18 13:02:39,638 [INFO] CADModel:165 - CPN selected for project level
2024-12-18 13:02:39,638 [INFO] CADModel:114 - Register for checkConnection events
2024-12-18 13:02:39,638 [FATAL] Updater:334 - Updater called before beeing initialized
2024-12-18 13:02:39,638 [ERROR] CADModel:125 - Updater not yet initialized, retry later 
2024-12-18 13:02:39,654 [FATAL] Updater:334 - Updater called before beeing initialized
2024-12-18 13:02:40,005 [FATAL] Updater:334 - Updater called before beeing initialized
2024-12-18 13:02:40,010 [INFO] DbMcusAds:53 - JSON generation date=Fri Sep 20 14:04:23 WAT 2024 (1726837463113)
2024-12-18 13:02:40,010 [FATAL] Updater:334 - Updater called before beeing initialized
2024-12-18 13:02:40,499 [WARN] DetailPanel:346 - Failed to get advertising image, set to default
2024-12-18 13:02:40,664 [FATAL] Updater:334 - Updater called before beeing initialized
2024-12-18 13:02:40,666 [FATAL] Updater:334 - Updater called before beeing initialized
2024-12-18 13:02:40,666 [FATAL] Updater:334 - Updater called before beeing initialized
2024-12-18 13:02:40,666 [WARN] DetailPanel:346 - Failed to get advertising image, set to default
2024-12-18 13:02:40,667 [FATAL] Updater:334 - Updater called before beeing initialized
2024-12-18 13:02:40,855 [ERROR] Updater:1164 - MainUpdater not yet initialized. External WinMGr cannot be set.
2024-12-18 13:02:40,868 [INFO] Updater:1100 - Updater Version found : 6.12.0
2024-12-18 13:02:40,924 [INFO] ApplicationProperties:184 - Using Application install path: C:\ST\STM32CubeIDE_1.16.0\STM32CubeIDE\plugins\com.st.stm32cube.common.mx_6.12.0.202406281431
2024-12-18 13:02:41,258 [INFO] ThirdPartyUpdaterWithRetryManager:70 - Updater plugin not ready yet. [4/15]
2024-12-18 13:02:42,573 [ERROR] LogOutputStream:75 - [STDERR_REDIRECT] Dec 18, 2024 1:02:42 PM java.util.prefs.WindowsPreferences <init>
2024-12-18 13:02:42,579 [ERROR] LogOutputStream:75 - [STDERR_REDIRECT] WARNING: Could not open/create prefs root node Software\JavaSoft\Prefs at root 0xffffffff80000002. Windows RegCreateKeyEx(...) returned error code 5.
2024-12-18 13:02:42,579 [ERROR] LogOutputStream:75 - [STDERR_REDIRECT] 
2024-12-18 13:02:43,852 [INFO] MainUpdater:2873 - connection check result : 10
2024-12-18 13:02:43,852 [INFO] MainUpdater:290 - Updater Check For Update Now.
2024-12-18 13:02:43,853 [INFO] MicroXplorer:498 - Change Database Version : DB.6.0.120
2024-12-18 13:02:43,906 [INFO] McuFinderGlobals:63 - Set McuFinder mode to 2 (CubeIDE integrated)
2024-12-18 13:02:43,936 [INFO] UserAuth:417 - Internet connection configuration mode: 1
2024-12-18 13:02:44,121 [INFO] JxBrowserEngine:152 - Initiate JxBrowser Engine with user profile folder
2024-12-18 13:02:44,259 [WARN] MainUpdater:1194 - Updater busy. Cannot search thirdparties
2024-12-18 13:02:44,261 [INFO] ThirdPartyUpdaterWithRetryManager:96 - Updater plugin is busy. [1/15]
2024-12-18 13:02:44,387 [INFO] CheckServerUpdateThread:120 - End of CheckServer Thread
2024-12-18 13:02:49,259 [WARN] PackLoader:240 - Cannot read IP mode file for STMicroelectronics.FP-SNS-MOTENVWB1.1.4.0
2024-12-18 13:02:49,301 [WARN] PackLoader:240 - Cannot read IP mode file for STMicroelectronics.FP-ATR-ASTRA1.2.0.1
2024-12-18 13:02:49,328 [WARN] PackLoader:240 - Cannot read IP mode file for STMicroelectronics.X-CUBE-SMBUS.2.1.0
2024-12-18 13:02:49,357 [WARN] PackLoader:240 - Cannot read IP mode file for STMicroelectronics.X-CUBE-WB05N.1.1.0
2024-12-18 13:02:49,435 [WARN] PackLoader:240 - Cannot read IP mode file for STMicroelectronics.X-CUBE-AZRTOS-F7.1.1.0
2024-12-18 13:02:49,594 [WARN] PackLoader:240 - Cannot read IP mode file for STMicroelectronics.X-CUBE-MEMS1.11.0.0
2024-12-18 13:02:50,095 [WARN] PackLoader:240 - Cannot read IP mode file for STMicroelectronics.FP-SNS-FLIGHT1.5.0.2
2024-12-18 13:02:50,148 [WARN] PackLoader:240 - Cannot read IP mode file for STMicroelectronics.X-CUBE-DISPLAY.3.0.0
2024-12-18 13:02:50,180 [WARN] PackLoader:240 - Cannot read IP mode file for STMicroelectronics.X-CUBE-BLE1.7.0.0
2024-12-18 13:02:50,212 [WARN] PackLoader:240 - Cannot read IP mode file for STMicroelectronics.X-CUBE-NFC10.1.0.0
2024-12-18 13:02:50,285 [WARN] PackLoader:240 - Cannot read IP mode file for STMicroelectronics.X-CUBE-BLEMGR.4.0.0
2024-12-18 13:02:50,375 [WARN] PackLoader:240 - Cannot read IP mode file for emotas.I-CUBE-CANOPEN.1.3.0
2024-12-18 13:02:50,415 [WARN] PackLoader:240 - Cannot read IP mode file for STMicroelectronics.X-CUBE-BLEMGR.3.1.0
2024-12-18 13:02:50,444 [WARN] PackLoader:240 - Cannot read IP mode file for STMicroelectronics.FP-SNS-SMARTAG2.1.2.0
2024-12-18 13:02:50,598 [INFO] LogOutputStream:77 - [STDOUT_REDIRECT] 1 : Invalid condition id : UX_CORESTACK_Condition cause : null
2024-12-18 13:02:50,599 [INFO] LogOutputStream:77 - [STDOUT_REDIRECT] 1 : Invalid condition id : UX_CORESTACK_Condition cause : null
2024-12-18 13:02:50,601 [INFO] LogOutputStream:77 - [STDOUT_REDIRECT] 1 : Invalid condition id : UX_CORESTACK_Condition cause : null
2024-12-18 13:02:50,603 [INFO] LogOutputStream:77 - [STDOUT_REDIRECT] 1 : Invalid condition id : UX_CORESTACK_Condition cause : null
2024-12-18 13:02:50,606 [INFO] LogOutputStream:77 - [STDOUT_REDIRECT] 1 : Invalid condition id : UX_CORESTACK_Condition cause : null
2024-12-18 13:02:50,614 [WARN] PackLoader:240 - Cannot read IP mode file for STMicroelectronics.X-CUBE-AZRTOS-WL.2.0.0
2024-12-18 13:02:50,624 [WARN] PackLoader:240 - Cannot read IP mode file for STMicroelectronics.FP-SNS-MOTENV1.5.0.0
2024-12-18 13:02:50,648 [WARN] PackLoader:240 - Cannot read IP mode file for wolfSSL.I-CUBE-wolfMQTT.1.19.0
2024-12-18 13:02:50,687 [WARN] PackLoader:240 - Cannot read IP mode file for WES.I-CUBE-Cesium.1.3.0
2024-12-18 13:02:50,750 [WARN] PackLoader:240 - Cannot read IP mode file for STMicroelectronics.X-CUBE-BLE2.3.3.0
2024-12-18 13:02:50,786 [WARN] PackLoader:240 - Cannot read IP mode file for STMicroelectronics.X-CUBE-NFC9.1.0.0
2024-12-18 13:02:50,815 [WARN] PackLoader:240 - Cannot read IP mode file for STMicroelectronics.X-CUBE-TCPP.4.1.0
2024-12-18 13:02:50,889 [WARN] PackLoader:240 - Cannot read IP mode file for STMicroelectronics.X-CUBE-AZRTOS-G0.1.1.0
2024-12-18 13:02:50,932 [WARN] PackLoader:240 - Cannot read IP mode file for STMicroelectronics.X-CUBE-SAFEA1.1.2.2
2024-12-18 13:02:50,970 [WARN] PackLoader:240 - Cannot read IP mode file for STMicroelectronics.X-CUBE-NFC4.3.0.0
2024-12-18 13:02:51,023 [WARN] PackLoader:240 - Cannot read IP mode file for EmbeddedOffice.I-CUBE-FS-RTOS.1.0.1
2024-12-18 13:02:51,024 [ERROR] ConditionMgr:805 - Attr not supported : Dmpu
2024-12-18 13:02:51,024 [ERROR] ConditionMgr:805 - Attr not supported : Dmpu
2024-12-18 13:02:51,024 [ERROR] ConditionMgr:805 - Attr not supported : Dmpu
2024-12-18 13:02:51,024 [ERROR] ConditionMgr:805 - Attr not supported : Dmpu
2024-12-18 13:02:51,025 [ERROR] ConditionMgr:805 - Attr not supported : Dmpu
2024-12-18 13:02:51,025 [ERROR] ConditionMgr:805 - Attr not supported : Dmpu
2024-12-18 13:02:51,025 [ERROR] ConditionMgr:805 - Attr not supported : Dmpu
2024-12-18 13:02:51,025 [ERROR] ConditionMgr:805 - Attr not supported : Dmpu
2024-12-18 13:02:51,025 [ERROR] ConditionMgr:805 - Attr not supported : Dmpu
2024-12-18 13:02:51,025 [ERROR] ConditionMgr:805 - Attr not supported : Dmpu
2024-12-18 13:02:51,025 [ERROR] ConditionMgr:805 - Attr not supported : Dmpu
2024-12-18 13:02:51,025 [ERROR] ConditionMgr:805 - Attr not supported : Dmpu
2024-12-18 13:02:51,026 [ERROR] ConditionMgr:805 - Attr not supported : Dmpu
2024-12-18 13:02:51,026 [ERROR] ConditionMgr:805 - Attr not supported : Dmpu
2024-12-18 13:02:51,026 [ERROR] ConditionMgr:805 - Attr not supported : Dmpu
2024-12-18 13:02:51,026 [ERROR] ConditionMgr:805 - Attr not supported : Dmpu
2024-12-18 13:02:51,026 [ERROR] ConditionMgr:805 - Attr not supported : Dmpu
2024-12-18 13:02:51,026 [ERROR] ConditionMgr:805 - Attr not supported : Dmpu
2024-12-18 13:02:51,026 [ERROR] ConditionMgr:805 - Attr not supported : Dmpu
2024-12-18 13:02:51,026 [ERROR] ConditionMgr:805 - Attr not supported : Dmpu
2024-12-18 13:02:51,027 [ERROR] ConditionMgr:805 - Attr not supported : Dmpu
2024-12-18 13:02:51,027 [ERROR] ConditionMgr:805 - Attr not supported : Dmpu
2024-12-18 13:02:51,027 [ERROR] ConditionMgr:805 - Attr not supported : Dmpu
2024-12-18 13:02:51,027 [ERROR] ConditionMgr:805 - Attr not supported : Dmpu
2024-12-18 13:02:51,027 [ERROR] ConditionMgr:805 - Attr not supported : Dmpu
2024-12-18 13:02:51,027 [ERROR] ConditionMgr:805 - Attr not supported : Dmpu
2024-12-18 13:02:51,027 [ERROR] ConditionMgr:805 - Attr not supported : Dmpu
2024-12-18 13:02:51,027 [ERROR] ConditionMgr:805 - Attr not supported : Dmpu
2024-12-18 13:02:51,028 [ERROR] ConditionMgr:805 - Attr not supported : Dmpu
2024-12-18 13:02:51,028 [ERROR] ConditionMgr:805 - Attr not supported : Dmpu
2024-12-18 13:02:51,028 [ERROR] ConditionMgr:805 - Attr not supported : Dmpu
2024-12-18 13:02:51,028 [ERROR] ConditionMgr:805 - Attr not supported : Dmpu
2024-12-18 13:02:51,028 [ERROR] ConditionMgr:805 - Attr not supported : Dmpu
2024-12-18 13:02:51,028 [ERROR] ConditionMgr:805 - Attr not supported : Dmpu
2024-12-18 13:02:51,028 [ERROR] ConditionMgr:805 - Attr not supported : Dmpu
2024-12-18 13:02:51,028 [ERROR] ConditionMgr:805 - Attr not supported : Dmpu
2024-12-18 13:02:51,029 [ERROR] ConditionMgr:805 - Attr not supported : Dmpu
2024-12-18 13:02:51,029 [ERROR] ConditionMgr:805 - Attr not supported : Dmpu
2024-12-18 13:02:51,029 [ERROR] ConditionMgr:805 - Attr not supported : Dmpu
2024-12-18 13:02:51,029 [ERROR] ConditionMgr:805 - Attr not supported : Dmpu
2024-12-18 13:02:51,029 [ERROR] ConditionMgr:805 - Attr not supported : Dmpu
2024-12-18 13:02:51,029 [ERROR] ConditionMgr:805 - Attr not supported : Dmpu
2024-12-18 13:02:51,029 [ERROR] ConditionMgr:805 - Attr not supported : Dmpu
2024-12-18 13:02:51,030 [ERROR] ConditionMgr:805 - Attr not supported : Dmpu
2024-12-18 13:02:51,030 [ERROR] ConditionMgr:805 - Attr not supported : Dmpu
2024-12-18 13:02:51,030 [ERROR] ConditionMgr:805 - Attr not supported : Dmpu
2024-12-18 13:02:51,030 [ERROR] ConditionMgr:805 - Attr not supported : Dmpu
2024-12-18 13:02:51,030 [ERROR] ConditionMgr:805 - Attr not supported : Dmpu
2024-12-18 13:02:51,030 [ERROR] ConditionMgr:805 - Attr not supported : Dmpu
2024-12-18 13:02:51,030 [ERROR] ConditionMgr:805 - Attr not supported : Dmpu
2024-12-18 13:02:51,030 [ERROR] ConditionMgr:805 - Attr not supported : Dmpu
2024-12-18 13:02:51,031 [ERROR] ConditionMgr:805 - Attr not supported : Dmpu
2024-12-18 13:02:51,031 [ERROR] ConditionMgr:805 - Attr not supported : Dmpu
2024-12-18 13:02:51,031 [ERROR] ConditionMgr:805 - Attr not supported : Dmpu
2024-12-18 13:02:51,031 [ERROR] ConditionMgr:805 - Attr not supported : Dmpu
2024-12-18 13:02:51,031 [ERROR] ConditionMgr:805 - Attr not supported : Dmpu
2024-12-18 13:02:51,031 [ERROR] ConditionMgr:805 - Attr not supported : Dmpu
2024-12-18 13:02:51,031 [ERROR] ConditionMgr:805 - Attr not supported : Dmpu
2024-12-18 13:02:51,031 [ERROR] ConditionMgr:805 - Attr not supported : Dmpu
2024-12-18 13:02:51,032 [ERROR] ConditionMgr:805 - Attr not supported : Dmpu
2024-12-18 13:02:51,032 [ERROR] ConditionMgr:805 - Attr not supported : Dmpu
2024-12-18 13:02:51,032 [ERROR] ConditionMgr:805 - Attr not supported : Dmpu
2024-12-18 13:02:51,032 [ERROR] ConditionMgr:805 - Attr not supported : Dmpu
2024-12-18 13:02:51,032 [ERROR] ConditionMgr:805 - Attr not supported : Dmpu
2024-12-18 13:02:51,062 [ERROR] Engine:466 - C:\Users\User\.stm32cubemx\thirdparties\pdsc\STMicroelectronics.X-CUBE-TCPP.4.2.0.pdsc: PDSC version is not supported
2024-12-18 13:02:51,074 [WARN] PackLoader:240 - Cannot read IP mode file for RealThread.X-CUBE-RT-Thread_Nano.4.1.1
2024-12-18 13:02:51,111 [WARN] PackLoader:240 - Cannot read IP mode file for STMicroelectronics.FP-ATR-SIGFOX1.3.2.0
2024-12-18 13:02:51,138 [WARN] PackLoader:240 - Cannot read IP mode file for wolfSSL.I-CUBE-wolfSSL.5.7.2
2024-12-18 13:02:51,154 [WARN] ConditionMgr:438 - getConditionDescription Invalid condition id : Cortex-A Device cause : null
2024-12-18 13:02:51,198 [WARN] ConditionMgr:1039 - genDependencies : Invalid condition id : Cortex-A Device cause : null
2024-12-18 13:02:51,198 [WARN] ConditionMgr:1039 - genDependencies : Invalid condition id : Cortex-A Device cause : null
2024-12-18 13:02:51,199 [WARN] ConditionMgr:1039 - genDependencies : Invalid condition id : Cortex-A Device cause : null
2024-12-18 13:02:51,238 [WARN] PackLoader:240 - Cannot read IP mode file for STMicroelectronics.X-CUBE-EEPRMA1.5.1.0
2024-12-18 13:02:51,270 [WARN] PackLoader:240 - Cannot read IP mode file for ITTIA_DB.I-CUBE-ITTIADB.8.9.0
2024-12-18 13:02:51,324 [WARN] PackLoader:240 - Cannot read IP mode file for SEGGER.I-CUBE-embOS.1.3.1
2024-12-18 13:02:51,511 [WARN] PackLoader:240 - Cannot read IP mode file for STMicroelectronics.X-CUBE-ALGOBUILD.1.4.0
2024-12-18 13:02:51,539 [WARN] PackLoader:240 - Cannot read IP mode file for STMicroelectronics.X-CUBE-AI.9.1.0
2024-12-18 13:02:51,559 [WARN] PackLoader:240 - Cannot read IP mode file for STMicroelectronics.X-CUBE-GNSS1.6.0.0
2024-12-18 13:02:51,608 [WARN] PackLoader:240 - Cannot read IP mode file for STMicroelectronics.X-CUBE-AZRTOS-F4.1.1.0
2024-12-18 13:02:51,643 [WARN] PackLoader:240 - Cannot read IP mode file for STMicroelectronics.X-CUBE-ISPU.2.1.0
2024-12-18 13:02:51,653 [WARN] PackLoader:240 - Cannot read IP mode file for STMicroelectronics.X-CUBE-FREERTOS.1.2.0
2024-12-18 13:02:51,692 [WARN] PackLoader:240 - Cannot read IP mode file for STMicroelectronics.X-CUBE-AZRTOS-L5.2.0.0
2024-12-18 13:02:51,721 [WARN] PackLoader:240 - Cannot read IP mode file for STMicroelectronics.X-CUBE-NFC6.3.1.0
2024-12-18 13:02:51,748 [WARN] PackLoader:240 - Cannot read IP mode file for STMicroelectronics.X-CUBE-DPower.1.2.0
2024-12-18 13:02:51,754 [WARN] PackLoader:240 - Cannot read IP mode file for STMicroelectronics.X-CUBE-AI.9.0.0
2024-12-18 13:02:51,777 [WARN] PackLoader:240 - Cannot read IP mode file for STMicroelectronics.X-CUBE-FREERTOS.1.3.0
2024-12-18 13:02:51,798 [WARN] PackLoader:240 - Cannot read IP mode file for STMicroelectronics.X-CUBE-NFC7.1.0.1
2024-12-18 13:02:51,805 [WARN] PackLoader:240 - Cannot read IP mode file for wolfSSL.I-CUBE-wolfTPM.3.2.0
2024-12-18 13:02:51,907 [WARN] ConditionMgr:438 - getConditionDescription Invalid condition id : LAN8742 Phy interface Condition cause : null
2024-12-18 13:02:51,908 [WARN] PackLoader:240 - Cannot read IP mode file for STMicroelectronics.X-CUBE-AZRTOS-L4.2.0.0
2024-12-18 13:02:51,911 [WARN] ConditionMgr:1039 - genDependencies : Invalid condition id : LAN8742 Phy interface Condition cause : null
2024-12-18 13:02:51,911 [WARN] ConditionMgr:1039 - genDependencies : Invalid condition id : LAN8742 Phy interface Condition cause : null
2024-12-18 13:02:51,912 [WARN] ConditionMgr:1039 - genDependencies : Invalid condition id : LAN8742 Phy interface Condition cause : null
2024-12-18 13:02:51,942 [WARN] PackLoader:240 - Cannot read IP mode file for STMicroelectronics.X-CUBE-SFXS2LP1.4.0.0
2024-12-18 13:02:51,990 [WARN] PackLoader:240 - Cannot read IP mode file for STMicroelectronics.X-CUBE-AZRTOS-H7.3.3.0
2024-12-18 13:02:52,031 [WARN] PackLoader:240 - Cannot read IP mode file for STMicroelectronics.X-CUBE-IPS.3.0.0
2024-12-18 13:02:52,363 [WARN] ConditionMgr:438 - getConditionDescription Invalid condition id : UX DEVICE CLASS RTOS Condition cause : null
2024-12-18 13:02:52,364 [WARN] ConditionMgr:438 - getConditionDescription Invalid condition id : UX DEVICE CLASS RTOS Condition cause : null
2024-12-18 13:02:52,368 [WARN] PackLoader:240 - Cannot read IP mode file for STMicroelectronics.X-CUBE-AZRTOS-WB.2.0.0
2024-12-18 13:02:52,369 [WARN] ConditionMgr:1039 - genDependencies : Invalid condition id : UX DEVICE CLASS RTOS Condition cause : null
2024-12-18 13:02:52,370 [WARN] ConditionMgr:1039 - genDependencies : Invalid condition id : UX DEVICE CLASS RTOS Condition cause : null
2024-12-18 13:02:52,370 [WARN] ConditionMgr:1039 - genDependencies : Invalid condition id : UX DEVICE CLASS RTOS Condition cause : null
2024-12-18 13:02:52,371 [WARN] ConditionMgr:1039 - genDependencies : Invalid condition id : UX DEVICE CLASS RTOS Condition cause : null
2024-12-18 13:02:52,371 [WARN] ConditionMgr:1039 - genDependencies : Invalid condition id : UX DEVICE CLASS RTOS Condition cause : null
2024-12-18 13:02:52,393 [WARN] PackLoader:240 - Cannot read IP mode file for STMicroelectronics.X-CUBE-GNSS1.7.0.0
2024-12-18 13:02:52,434 [WARN] PackLoader:240 - Cannot read IP mode file for STMicroelectronics.FP-SNS-STBOX1.2.0.0
2024-12-18 13:02:52,484 [WARN] PackLoader:240 - Cannot read IP mode file for STMicroelectronics.X-CUBE-SUBG2.5.0.0
2024-12-18 13:02:52,508 [WARN] PackLoader:240 - Cannot read IP mode file for Cesanta.I-CUBE-Mongoose.7.13.0
2024-12-18 13:02:52,536 [WARN] PackLoader:240 - Cannot read IP mode file for STMicroelectronics.X-CUBE-AZRTOS-G4.2.0.0
2024-12-18 13:02:52,557 [WARN] PackLoader:240 - Cannot read IP mode file for STMicroelectronics.X-CUBE-ISPU.2.0.0
2024-12-18 13:02:52,565 [WARN] PackLoader:240 - Cannot read IP mode file for STMicroelectronics.X-CUBE-ALS.1.0.2
2024-12-18 13:02:52,631 [WARN] PackLoader:240 - Cannot read IP mode file for STMicroelectronics.X-CUBE-MEMS1.10.0.0
2024-12-18 13:02:52,825 [WARN] PackLoader:240 - Cannot read IP mode file for STMicroelectronics.X-CUBE-TOUCHGFX.4.24.0
2024-12-18 13:02:52,840 [WARN] PackLoader:240 - Cannot read IP mode file for STMicroelectronics.X-CUBE-TOUCHGFX.4.24.1
2024-12-18 13:02:52,860 [WARN] PackLoader:240 - Cannot read IP mode file for portGmbH.I-Cube-SoM-uGOAL.1.1.0
2024-12-18 13:02:52,901 [WARN] PackLoader:240 - Cannot read IP mode file for STMicroelectronics.X-CUBE-AZRTOS-H7RS.1.0.0
2024-12-18 13:02:52,908 [WARN] PackLoader:240 - Cannot read IP mode file for STMicroelectronics.FP-ATR-ASTRA1.2.0.0
2024-12-18 13:02:53,058 [WARN] PackLoader:240 - Cannot read IP mode file for STMicroelectronics.X-CUBE-TOF1.3.4.2
2024-12-18 13:02:53,214 [WARN] PackLoader:240 - Cannot read IP mode file for Infineon.AIROC-Wi-Fi-Bluetooth-STM32.1.6.1
2024-12-18 13:02:53,227 [WARN] PackLoader:240 - Cannot read IP mode file for wolfSSL.I-CUBE-wolfSSH.1.4.17
2024-12-18 13:02:53,228 [INFO] ThirdParty:978 - Integrity check success = true
2024-12-18 13:02:53,228 [INFO] IntegrityCheckThread:100 - exiting critical section [integrity check]
2024-12-18 13:02:53,228 [INFO] IntegrityCheckThread:103 - End integrity checks thread
2024-12-18 13:03:17,137 [INFO] WebApp:167 - Instantiating new browser for Auth
2024-12-18 13:03:29,032 [INFO] WebApp:448 - Apply proxy settings
2024-12-18 13:03:29,033 [INFO] WebApp:533 - Chromium requires no authentication
2024-12-18 13:03:33,323 [INFO] WebApp:476 - Direct internet connection detected
2024-12-18 13:03:38,579 [INFO] WebApp:869 - Register for checkConnection events
2024-12-18 13:03:38,579 [INFO] WebApp:448 - Apply proxy settings
2024-12-18 13:03:38,579 [INFO] WebApp:533 - Chromium requires no authentication
2024-12-18 13:03:38,579 [INFO] WebApp:476 - Direct internet connection detected
2024-12-18 13:03:49,835 [INFO] WebApp:220 - Starting web application
2024-12-18 13:03:49,836 [INFO] WebApp:578 - Web application path used C:\ST\STM32CubeIDE_1.16.0\STM32CubeIDE\plugins\com.st.stm32cube.common.mx_6.12.0.202406281431\db\plugins\mcufinder\reactClient1\index.html
2024-12-18 13:03:49,838 [INFO] WebApp:186 - Connection restablished
2024-12-18 13:03:52,065 [INFO] UserAuth:417 - Internet connection configuration mode: 1
2024-12-18 15:18:53,995 [INFO] WebApp:189 - Connection lost
2024-12-18 15:19:00,739 [INFO] WebApp:186 - Connection restablished
2024-12-18 17:29:23,323 [ERROR] LogOutputStream:75 - [STDERR_REDIRECT] 
2024-12-18 17:29:23,324 [ERROR] LogOutputStream:75 - [STDERR_REDIRECT] 
