2024-11-18 10:07:16,305 [INFO] Activator:176 - 


2024-11-18 10:07:16,340 [INFO] Activator:177 - !SESSION log4j initialized
2024-11-18 10:07:37,647 [INFO] LogOutputStream:77 - [STDOUT_REDIRECT] 
2024-11-18 10:07:54,412 [INFO] ApplicationProperties:184 - Using Application install path: C:\ST\STM32CubeIDE_1.16.0\STM32CubeIDE\plugins\com.st.stm32cube.common.mx_6.12.0.202406281431
2024-11-18 10:07:54,471 [INFO] DbMcusXml:78 - Set database path to: C:\ST\STM32CubeIDE_1.16.0\STM32CubeIDE\plugins\com.st.stm32cube.common.mx_6.12.0.202406281431\\db\/mcu/
2024-11-18 10:07:54,471 [INFO] ApiDb:274 - Set plugin database path to: C:\ST\STM32CubeIDE_1.16.0\STM32CubeIDE\plugins\com.st.stm32cube.common.mx_6.12.0.202406281431\\db\/plugins/boardmanager/
2024-11-18 10:07:54,472 [WARN] ApiDb:259 - Overriding images path with different value:  => C:\ST\STM32CubeIDE_1.16.0\STM32CubeIDE\plugins\com.st.stm32cube.common.mx_6.12.0.202406281431\\db\/plugins/mcufinder/images/
2024-11-18 10:07:54,641 [INFO] ApiDb:250 - Set database path to: C:\Users\User\.stmcufinder\plugins\mcufinder//mcu/
2024-11-18 10:07:54,642 [INFO] DbMcusAds:125 - Set database path to: C:\Users\User\.stmcufinder\plugins\mcufinder//mcu/
2024-11-18 10:07:54,676 [INFO] CrossReferenceDbSqlite:203 - Set database path to: C:\Users\User\.stmcufinder\plugins\mcufinder//mcu/cs/
2024-11-18 10:07:55,112 [INFO] RulesReader:64 - Compatibility file has been processed (297 Rules)
2024-11-18 10:07:55,350 [INFO] DbMcusXml:78 - Set database path to: C:\ST\STM32CubeIDE_1.16.0\STM32CubeIDE\plugins\com.st.stm32cube.common.mx_6.12.0.202406281431\\db\/mcu/
2024-11-18 10:07:55,350 [INFO] ApiDb:274 - Set plugin database path to: C:\ST\STM32CubeIDE_1.16.0\STM32CubeIDE\plugins\com.st.stm32cube.common.mx_6.12.0.202406281431\\db\/plugins/boardmanager/
2024-11-18 10:07:55,351 [INFO] ApiDb:261 - Set plugin images path to: C:\ST\STM32CubeIDE_1.16.0\STM32CubeIDE\plugins\com.st.stm32cube.common.mx_6.12.0.202406281431\\db\/plugins/mcufinder/images/
2024-11-18 10:07:55,351 [WARN] DbFile:41 - Overriding database path with different value: C:\Users\User\.stmcufinder\plugins\mcufinder/ => C:\Users\User\.stmcufinder\plugins\mcufinder
2024-11-18 10:07:55,351 [INFO] ApiDb:250 - Set database path to: C:\Users\User\.stmcufinder\plugins\mcufinder//mcu/
2024-11-18 10:07:55,351 [WARN] DbFile:41 - Overriding database path with different value: C:\Users\User\.stmcufinder\plugins\mcufinder/ => C:\Users\User\.stmcufinder\plugins\mcufinder
2024-11-18 10:07:55,351 [INFO] DbMcusAds:125 - Set database path to: C:\Users\User\.stmcufinder\plugins\mcufinder//mcu/
2024-11-18 10:07:55,351 [WARN] DbFile:41 - Overriding database path with different value: C:\Users\User\.stmcufinder\plugins\mcufinder/ => C:\Users\User\.stmcufinder\plugins\mcufinder
2024-11-18 10:07:55,352 [WARN] DbFile:41 - Overriding database path with different value: C:\Users\User\.stmcufinder\plugins\mcufinder/ => C:\Users\User\.stmcufinder\plugins\mcufinder
2024-11-18 10:07:55,352 [INFO] CrossReferenceDbSqlite:203 - Set database path to: C:\Users\User\.stmcufinder\plugins\mcufinder//mcu/cs/
2024-11-18 10:07:55,599 [INFO] MainPanel:268 - HeapMemory: 268435456
2024-11-18 10:07:55,991 [INFO] DbMcusXml:78 - Set database path to: C:\ST\STM32CubeIDE_1.16.0\STM32CubeIDE\plugins\com.st.stm32cube.common.mx_6.12.0.202406281431\\db\/mcu/
2024-11-18 10:07:55,991 [INFO] ApiDb:274 - Set plugin database path to: C:\ST\STM32CubeIDE_1.16.0\STM32CubeIDE\plugins\com.st.stm32cube.common.mx_6.12.0.202406281431\\db\/plugins/boardmanager/
2024-11-18 10:07:55,991 [INFO] ApiDb:261 - Set plugin images path to: C:\ST\STM32CubeIDE_1.16.0\STM32CubeIDE\plugins\com.st.stm32cube.common.mx_6.12.0.202406281431\\db\/plugins/mcufinder/images/
2024-11-18 10:07:55,991 [WARN] DbFile:41 - Overriding database path with different value: C:\Users\User\.stmcufinder\plugins\mcufinder/ => C:\Users\User\.stmcufinder\plugins\mcufinder
2024-11-18 10:07:55,992 [INFO] ApiDb:250 - Set database path to: C:\Users\User\.stmcufinder\plugins\mcufinder//mcu/
2024-11-18 10:07:55,992 [WARN] DbFile:41 - Overriding database path with different value: C:\Users\User\.stmcufinder\plugins\mcufinder/ => C:\Users\User\.stmcufinder\plugins\mcufinder
2024-11-18 10:07:55,992 [INFO] DbMcusAds:125 - Set database path to: C:\Users\User\.stmcufinder\plugins\mcufinder//mcu/
2024-11-18 10:07:55,992 [WARN] DbFile:41 - Overriding database path with different value: C:\Users\User\.stmcufinder\plugins\mcufinder/ => C:\Users\User\.stmcufinder\plugins\mcufinder
2024-11-18 10:07:55,992 [WARN] DbFile:41 - Overriding database path with different value: C:\Users\User\.stmcufinder\plugins\mcufinder/ => C:\Users\User\.stmcufinder\plugins\mcufinder
2024-11-18 10:07:55,992 [INFO] CrossReferenceDbSqlite:203 - Set database path to: C:\Users\User\.stmcufinder\plugins\mcufinder//mcu/cs/
2024-11-18 10:07:56,024 [INFO] ApplicationProperties:184 - Using Application install path: C:\ST\STM32CubeIDE_1.16.0\STM32CubeIDE\plugins\com.st.stm32cube.common.mx_6.12.0.202406281431
2024-11-18 10:07:56,026 [INFO] PluginManage:196 - Search for loadable plugins [exclusion list=, ]
2024-11-18 10:07:56,036 [INFO] PluginManage:310 - Check plugin analytics
2024-11-18 10:08:01,124 [INFO] AnalyticsPlugin:253 - Accepted Software Licenses: 
2024-11-18 10:08:01,125 [INFO] AnalyticsPlugin:255 - Accepted CMSIS Pack Licenses: 
2024-11-18 10:08:01,125 [INFO] AnalyticsPlugin:257 - Accepted Firmware Licenses: FW.L4.1.18.0
2024-11-18 10:08:01,166 [INFO] PluginManage:359 - Loaded plugin analytics (category:tool,tabindex:-1)
2024-11-18 10:08:01,166 [INFO] PluginManage:310 - Check plugin cadmodel
2024-11-18 10:08:01,339 [INFO] CADModel:105 - Init CAD model plugin
2024-11-18 10:08:01,339 [INFO] PluginManage:359 - Loaded plugin cadmodel (category:power,tabindex:5)
2024-11-18 10:08:01,339 [INFO] PluginManage:310 - Check plugin clock
2024-11-18 10:08:01,592 [INFO] PluginManage:359 - Loaded plugin clock (category:base,tabindex:2)
2024-11-18 10:08:01,593 [INFO] PluginManage:310 - Check plugin ddr
2024-11-18 10:08:01,796 [INFO] PluginManage:359 - Loaded plugin ddr (category:tool,tabindex:6)
2024-11-18 10:08:01,796 [INFO] PluginManage:310 - Check plugin filemanager
2024-11-18 10:08:02,432 [INFO] PluginManage:359 - Loaded plugin filemanager (category:base,tabindex:10)
2024-11-18 10:08:02,432 [INFO] PluginManage:310 - Check plugin ipmanager
2024-11-18 10:08:02,477 [INFO] PluginManage:359 - Loaded plugin ipmanager (category:base,tabindex:5)
2024-11-18 10:08:02,477 [INFO] PluginManage:310 - Check plugin lpbam
2024-11-18 10:08:02,534 [INFO] PluginManage:359 - Loaded plugin lpbam (category:base,tabindex:0)
2024-11-18 10:08:02,534 [INFO] PluginManage:310 - Check plugin memorymap
2024-11-18 10:08:02,593 [INFO] PluginManage:359 - Loaded plugin memorymap (category:base,tabindex:4)
2024-11-18 10:08:02,594 [INFO] PluginManage:310 - Check plugin pinoutandconfiguration
2024-11-18 10:08:02,624 [INFO] PluginManage:359 - Loaded plugin pinoutandconfiguration (category:base,tabindex:1)
2024-11-18 10:08:02,624 [INFO] PluginManage:310 - Check plugin pinoutconfig
2024-11-18 10:08:02,900 [WARN] SupportedApi:132 - Cannot load RTOS API schema: s4s-elt-must-match.1: The content of 'definitions' must match (annotation?, (simpleType | complexType)?, (unique | key | keyref)*)). A problem was found starting at: attribute.
2024-11-18 10:08:03,446 [INFO] PluginManage:359 - Loaded plugin pinoutconfig (category:base,tabindex:0)
2024-11-18 10:08:03,446 [INFO] PluginManage:310 - Check plugin power
2024-11-18 10:08:03,493 [INFO] PluginManage:359 - Loaded plugin power (category:power,tabindex:4)
2024-11-18 10:08:03,493 [INFO] PluginManage:310 - Check plugin projectmanager
2024-11-18 10:08:03,538 [INFO] PluginManage:359 - Loaded plugin projectmanager (category:projectmanager,tabindex:4)
2024-11-18 10:08:03,538 [INFO] PluginManage:310 - Check plugin rif
2024-11-18 10:08:03,618 [INFO] PluginManage:359 - Loaded plugin rif (category:base,tabindex:3)
2024-11-18 10:08:03,618 [INFO] PluginManage:310 - Check plugin thirdparty
2024-11-18 10:08:04,248 [INFO] PluginManage:359 - Loaded plugin thirdparty (category:base,tabindex:-1)
2024-11-18 10:08:04,248 [INFO] PluginManage:310 - Check plugin tools
2024-11-18 10:08:04,248 [WARN] IntegrityCheckThread:84 - waiting for thirdparty lock release [integrity check]
2024-11-18 10:08:04,249 [INFO] IntegrityCheckThread:86 - entering critical section [integrity check]
2024-11-18 10:08:04,250 [INFO] ThirdPartyUpdaterWithRetryManager:70 - Updater plugin not ready yet. [1/15]
2024-11-18 10:08:04,266 [INFO] PluginManage:359 - Loaded plugin tools (category:base,tabindex:7)
2024-11-18 10:08:04,266 [INFO] PluginManage:310 - Check plugin tutovideos
2024-11-18 10:08:04,957 [INFO] PluginManage:359 - Loaded plugin tutovideos (category:base,tabindex:-1)
2024-11-18 10:08:04,958 [INFO] PluginManage:310 - Check plugin updater
2024-11-18 10:08:05,049 [INFO] PluginManage:359 - Loaded plugin updater (category:base,tabindex:12)
2024-11-18 10:08:05,050 [INFO] PluginManage:310 - Check plugin userauth
2024-11-18 10:08:05,107 [INFO] UserAuth:113 - Init User Auth plugin
2024-11-18 10:08:05,107 [INFO] PluginManage:359 - Loaded plugin userauth (category:base,tabindex:14)
2024-11-18 10:08:05,108 [INFO] PluginManage:283 - PluginManage : Loaded plugins [18]
2024-11-18 10:08:05,696 [INFO] PinOutPanel:1561 - setPackage(No Configuration,No Configuration)
2024-11-18 10:08:06,255 [INFO] CADModel:165 - CPN selected for project level
2024-11-18 10:08:06,255 [INFO] CADModel:114 - Register for checkConnection events
2024-11-18 10:08:06,335 [INFO] IPUIPlugin:80 - create IPUIPlugin
2024-11-18 10:08:06,335 [INFO] PluginManager:220 - loadIPPluginJar : add adc
2024-11-18 10:08:06,353 [INFO] IPUIPlugin:80 - create IPUIPlugin
2024-11-18 10:08:06,353 [INFO] PluginManager:220 - loadIPPluginJar : add aes
2024-11-18 10:08:06,373 [INFO] IPUIPlugin:80 - create IPUIPlugin
2024-11-18 10:08:06,374 [INFO] PluginManager:220 - loadIPPluginJar : add can
2024-11-18 10:08:06,391 [INFO] IPUIPlugin:80 - create IPUIPlugin
2024-11-18 10:08:06,392 [INFO] PluginManager:220 - loadIPPluginJar : add comp
2024-11-18 10:08:06,417 [INFO] IPUIPlugin:80 - create IPUIPlugin
2024-11-18 10:08:06,417 [INFO] PluginManager:220 - loadIPPluginJar : add cryp
2024-11-18 10:08:06,451 [INFO] IPUIPlugin:80 - create IPUIPlugin
2024-11-18 10:08:06,451 [INFO] PluginManager:220 - loadIPPluginJar : add ddr_ctrl_phy
2024-11-18 10:08:06,467 [INFO] IPUIPlugin:80 - create IPUIPlugin
2024-11-18 10:08:06,467 [INFO] PluginManager:220 - loadIPPluginJar : add dfsdm
2024-11-18 10:08:06,497 [INFO] IPUIPlugin:80 - create IPUIPlugin
2024-11-18 10:08:06,497 [INFO] PluginManager:220 - loadIPPluginJar : add dma
2024-11-18 10:08:06,514 [INFO] IPUIPlugin:80 - create IPUIPlugin
2024-11-18 10:08:06,514 [INFO] PluginManager:220 - loadIPPluginJar : add dma3
2024-11-18 10:08:06,529 [INFO] IPUIPlugin:80 - create IPUIPlugin
2024-11-18 10:08:06,529 [INFO] PluginManager:220 - loadIPPluginJar : add extmemmanager
2024-11-18 10:08:06,547 [INFO] IPUIPlugin:80 - create IPUIPlugin
2024-11-18 10:08:06,547 [INFO] PluginManager:220 - loadIPPluginJar : add fatfs
2024-11-18 10:08:06,572 [INFO] IPUIPlugin:80 - create IPUIPlugin
2024-11-18 10:08:06,572 [INFO] PluginManager:220 - loadIPPluginJar : add fmc
2024-11-18 10:08:06,598 [INFO] IPUIPlugin:80 - create IPUIPlugin
2024-11-18 10:08:06,599 [INFO] PluginManager:220 - loadIPPluginJar : add freertos
2024-11-18 10:08:06,611 [INFO] IPUIPlugin:80 - create IPUIPlugin
2024-11-18 10:08:06,611 [INFO] PluginManager:220 - loadIPPluginJar : add genericplugin
2024-11-18 10:08:06,614 [INFO] IPUIPlugin:80 - create IPUIPlugin
2024-11-18 10:08:06,615 [INFO] PluginManager:220 - loadIPPluginJar : add gfxmmu
2024-11-18 10:08:06,620 [INFO] IPUIPlugin:80 - create IPUIPlugin
2024-11-18 10:08:06,620 [INFO] PluginManager:220 - loadIPPluginJar : add gic
2024-11-18 10:08:06,644 [INFO] IPUIPlugin:80 - create IPUIPlugin
2024-11-18 10:08:06,644 [INFO] PluginManager:220 - loadIPPluginJar : add gpio
2024-11-18 10:08:06,648 [INFO] IPUIPlugin:80 - create IPUIPlugin
2024-11-18 10:08:06,648 [INFO] PluginManager:220 - loadIPPluginJar : add gtzc
2024-11-18 10:08:06,665 [INFO] IPUIPlugin:80 - create IPUIPlugin
2024-11-18 10:08:06,665 [INFO] PluginManager:220 - loadIPPluginJar : add hash
2024-11-18 10:08:06,688 [INFO] IPUIPlugin:80 - create IPUIPlugin
2024-11-18 10:08:06,688 [INFO] PluginManager:220 - loadIPPluginJar : add i2c
2024-11-18 10:08:06,703 [INFO] IPUIPlugin:80 - create IPUIPlugin
2024-11-18 10:08:06,703 [INFO] PluginManager:220 - loadIPPluginJar : add i2s
2024-11-18 10:08:06,721 [INFO] IPUIPlugin:80 - create IPUIPlugin
2024-11-18 10:08:06,722 [INFO] PluginManager:220 - loadIPPluginJar : add i3c
2024-11-18 10:08:06,726 [INFO] IPUIPlugin:80 - create IPUIPlugin
2024-11-18 10:08:06,726 [INFO] PluginManager:220 - loadIPPluginJar : add ipddr
2024-11-18 10:08:06,774 [INFO] IPUIPlugin:80 - create IPUIPlugin
2024-11-18 10:08:06,775 [INFO] PluginManager:220 - loadIPPluginJar : add linkedlist
2024-11-18 10:08:06,798 [INFO] IPUIPlugin:80 - create IPUIPlugin
2024-11-18 10:08:06,798 [INFO] PluginManager:220 - loadIPPluginJar : add lorawan
2024-11-18 10:08:06,810 [INFO] IPUIPlugin:80 - create IPUIPlugin
2024-11-18 10:08:06,810 [INFO] PluginManager:220 - loadIPPluginJar : add ltdc
2024-11-18 10:08:06,834 [INFO] IPUIPlugin:80 - create IPUIPlugin
2024-11-18 10:08:06,834 [INFO] PluginManager:220 - loadIPPluginJar : add mdma
2024-11-18 10:08:06,859 [INFO] IPUIPlugin:80 - create IPUIPlugin
2024-11-18 10:08:06,859 [INFO] PluginManager:220 - loadIPPluginJar : add nvic
2024-11-18 10:08:06,880 [INFO] IPUIPlugin:80 - create IPUIPlugin
2024-11-18 10:08:06,880 [INFO] PluginManager:220 - loadIPPluginJar : add opamp
2024-11-18 10:08:06,903 [INFO] IPUIPlugin:80 - create IPUIPlugin
2024-11-18 10:08:06,903 [INFO] PluginManager:220 - loadIPPluginJar : add openamp
2024-11-18 10:08:06,923 [INFO] IPUIPlugin:80 - create IPUIPlugin
2024-11-18 10:08:06,923 [INFO] PluginManager:220 - loadIPPluginJar : add pdm2pcm
2024-11-18 10:08:06,942 [INFO] IPUIPlugin:80 - create IPUIPlugin
2024-11-18 10:08:06,945 [INFO] PluginManager:220 - loadIPPluginJar : add plateformsettings
2024-11-18 10:08:06,953 [INFO] IPUIPlugin:80 - create IPUIPlugin
2024-11-18 10:08:06,953 [INFO] PluginManager:220 - loadIPPluginJar : add quadspi
2024-11-18 10:08:06,979 [INFO] IPUIPlugin:80 - create IPUIPlugin
2024-11-18 10:08:06,980 [INFO] PluginManager:220 - loadIPPluginJar : add radio
2024-11-18 10:08:07,009 [INFO] IPUIPlugin:80 - create IPUIPlugin
2024-11-18 10:08:07,009 [INFO] PluginManager:220 - loadIPPluginJar : add resmgrutility
2024-11-18 10:08:07,013 [INFO] IPUIPlugin:80 - create IPUIPlugin
2024-11-18 10:08:07,014 [INFO] PluginManager:220 - loadIPPluginJar : add sai
2024-11-18 10:08:07,017 [INFO] IPUIPlugin:80 - create IPUIPlugin
2024-11-18 10:08:07,017 [INFO] PluginManager:220 - loadIPPluginJar : add spi
2024-11-18 10:08:07,023 [INFO] IPUIPlugin:80 - create IPUIPlugin
2024-11-18 10:08:07,023 [INFO] PluginManager:220 - loadIPPluginJar : add stm32_wpan
2024-11-18 10:08:07,033 [INFO] IPUIPlugin:80 - create IPUIPlugin
2024-11-18 10:08:07,033 [INFO] PluginManager:220 - loadIPPluginJar : add tim
2024-11-18 10:08:07,037 [INFO] IPUIPlugin:80 - create IPUIPlugin
2024-11-18 10:08:07,038 [INFO] PluginManager:220 - loadIPPluginJar : add touchsensing
2024-11-18 10:08:07,048 [INFO] IPUIPlugin:80 - create IPUIPlugin
2024-11-18 10:08:07,048 [INFO] PluginManager:220 - loadIPPluginJar : add tracer_emb
2024-11-18 10:08:07,057 [INFO] IPUIPlugin:80 - create IPUIPlugin
2024-11-18 10:08:07,058 [INFO] PluginManager:220 - loadIPPluginJar : add ts
2024-11-18 10:08:07,068 [INFO] IPUIPlugin:80 - create IPUIPlugin
2024-11-18 10:08:07,068 [INFO] PluginManager:220 - loadIPPluginJar : add tsc
2024-11-18 10:08:07,078 [INFO] IPUIPlugin:80 - create IPUIPlugin
2024-11-18 10:08:07,079 [INFO] PluginManager:220 - loadIPPluginJar : add ucpd
2024-11-18 10:08:07,102 [INFO] IPUIPlugin:80 - create IPUIPlugin
2024-11-18 10:08:07,102 [INFO] PluginManager:220 - loadIPPluginJar : add usart
2024-11-18 10:08:07,106 [INFO] IPUIPlugin:80 - create IPUIPlugin
2024-11-18 10:08:07,106 [INFO] PluginManager:220 - loadIPPluginJar : add usbx
2024-11-18 10:08:07,253 [INFO] ThirdPartyUpdaterWithRetryManager:70 - Updater plugin not ready yet. [2/15]
2024-11-18 10:08:07,356 [INFO] CADModel:165 - CPN selected for project level
2024-11-18 10:08:07,356 [INFO] CADModel:114 - Register for checkConnection events
2024-11-18 10:08:07,356 [FATAL] Updater:334 - Updater called before beeing initialized
2024-11-18 10:08:07,356 [ERROR] CADModel:125 - Updater not yet initialized, retry later 
2024-11-18 10:08:07,790 [INFO] CADModel:165 - CPN selected for project level
2024-11-18 10:08:07,790 [INFO] CADModel:114 - Register for checkConnection events
2024-11-18 10:08:07,790 [FATAL] Updater:334 - Updater called before beeing initialized
2024-11-18 10:08:07,791 [ERROR] CADModel:125 - Updater not yet initialized, retry later 
2024-11-18 10:08:07,800 [FATAL] Updater:334 - Updater called before beeing initialized
2024-11-18 10:08:08,064 [FATAL] Updater:334 - Updater called before beeing initialized
2024-11-18 10:08:08,070 [INFO] DbMcusAds:53 - JSON generation date=Fri Sep 20 14:04:38 WAT 2024 (1726837478367)
2024-11-18 10:08:08,070 [FATAL] Updater:334 - Updater called before beeing initialized
2024-11-18 10:08:08,199 [WARN] DetailPanel:346 - Failed to get advertising image, set to default
2024-11-18 10:08:08,508 [FATAL] Updater:334 - Updater called before beeing initialized
2024-11-18 10:08:08,540 [FATAL] Updater:334 - Updater called before beeing initialized
2024-11-18 10:08:08,540 [FATAL] Updater:334 - Updater called before beeing initialized
2024-11-18 10:08:08,540 [WARN] DetailPanel:346 - Failed to get advertising image, set to default
2024-11-18 10:08:08,541 [FATAL] Updater:334 - Updater called before beeing initialized
2024-11-18 10:08:08,718 [ERROR] Updater:1164 - MainUpdater not yet initialized. External WinMGr cannot be set.
2024-11-18 10:08:08,760 [INFO] Updater:1100 - Updater Version found : 6.12.0
2024-11-18 10:08:08,804 [INFO] ApplicationProperties:184 - Using Application install path: C:\ST\STM32CubeIDE_1.16.0\STM32CubeIDE\plugins\com.st.stm32cube.common.mx_6.12.0.202406281431
2024-11-18 10:08:10,254 [FATAL] Updater:334 - Updater called before beeing initialized
2024-11-18 10:08:10,254 [ERROR] IntegrityCheckThread:130 - Cannot retrieve database content from updater: error 21
2024-11-18 10:08:10,254 [INFO] ThirdParty:978 - Integrity check success = false
2024-11-18 10:08:10,254 [INFO] IntegrityCheckThread:100 - exiting critical section [integrity check]
2024-11-18 10:08:10,255 [INFO] IntegrityCheckThread:103 - End integrity checks thread
2024-11-18 10:08:10,453 [ERROR] LogOutputStream:75 - [STDERR_REDIRECT] Nov 18, 2024 10:08:10 AM java.util.prefs.WindowsPreferences <init>
2024-11-18 10:08:10,457 [ERROR] LogOutputStream:75 - [STDERR_REDIRECT] WARNING: Could not open/create prefs root node Software\JavaSoft\Prefs at root 0xffffffff80000002. Windows RegCreateKeyEx(...) returned error code 5.
2024-11-18 10:08:10,458 [ERROR] LogOutputStream:75 - [STDERR_REDIRECT] 
2024-11-18 10:08:11,815 [INFO] MainUpdater:2873 - connection check result : 10
2024-11-18 10:08:11,815 [INFO] MainUpdater:3567 - Updater definition file requires update
2024-11-18 10:08:11,816 [INFO] MainUpdater:290 - Updater Check For Update Now.
2024-11-18 10:08:11,816 [INFO] MicroXplorer:498 - Change Database Version : DB.6.0.120
2024-11-18 10:08:11,870 [INFO] McuFinderGlobals:63 - Set McuFinder mode to 2 (CubeIDE integrated)
2024-11-18 10:08:11,892 [INFO] UserAuth:417 - Internet connection configuration mode: 1
2024-11-18 10:08:11,991 [INFO] JxBrowserEngine:152 - Initiate JxBrowser Engine with user profile folder
2024-11-18 10:08:12,317 [INFO] ServerAccessManage:473 - Download File updaters.zip
2024-11-18 10:08:12,865 [INFO] FileExtend:240 - Unzip File : updaters.zip
2024-11-18 10:08:12,865 [INFO] FileExtend:255 - Standard Zip Deflate
2024-11-18 10:08:16,171 [INFO] ServerAccessManage:473 - Download File PacksControlFlags.xml
2024-11-18 10:08:16,606 [INFO] ServerAccessManage:473 - Download File cubemx.pidx
2024-11-18 10:08:23,583 [INFO] ServerAccessManage:473 - Download File STMicroelectronics.FP-ATR-ASTRA1.pdsc
2024-11-18 10:08:32,129 [INFO] WebApp:167 - Instantiating new browser for Auth
2024-11-18 10:08:41,845 [INFO] WebApp:448 - Apply proxy settings
2024-11-18 10:08:41,845 [INFO] WebApp:533 - Chromium requires no authentication
2024-11-18 10:08:42,205 [INFO] ServerAccessManage:473 - Download File quantropi.X-CUBE-qispace-sdk-base.pdsc
2024-11-18 10:08:42,756 [INFO] WebApp:476 - Direct internet connection detected
2024-11-18 10:08:44,369 [INFO] CheckServerUpdateThread:120 - End of CheckServer Thread
2024-11-18 10:08:44,741 [WARN] PackLoader:240 - Cannot read IP mode file for STMicroelectronics.FP-ATR-ASTRA1.2.0.1
2024-11-18 10:08:45,022 [WARN] ConditionMgr:438 - getConditionDescription Invalid condition id : Cortex-A Device cause : null
2024-11-18 10:08:45,186 [WARN] ConditionMgr:1039 - genDependencies : Invalid condition id : Cortex-A Device cause : null
2024-11-18 10:08:45,187 [WARN] ConditionMgr:1039 - genDependencies : Invalid condition id : Cortex-A Device cause : null
2024-11-18 10:08:45,187 [WARN] ConditionMgr:1039 - genDependencies : Invalid condition id : Cortex-A Device cause : null
2024-11-18 10:08:45,188 [INFO] PopulateThirdPartyThread:66 - Ending populate Thread
2024-11-18 10:08:45,189 [INFO] ThirdParty:1030 - CMSIS Pack Vendor :STMicroelectronics FP-ATR-ASTRA1 2.0.1
2024-11-18 10:08:45,189 [INFO] ThirdParty:1030 - CMSIS Pack Vendor :quantropi X-CUBE-qispace-sdk-base 1.9.3
2024-11-18 10:08:45,189 [INFO] LoadServerUpdatesThread:375 - End of LoadServerUpdate Thread
2024-11-18 10:08:47,025 [INFO] WebApp:869 - Register for checkConnection events
2024-11-18 10:08:47,025 [INFO] WebApp:448 - Apply proxy settings
2024-11-18 10:08:47,026 [INFO] WebApp:533 - Chromium requires no authentication
2024-11-18 10:08:47,028 [INFO] WebApp:476 - Direct internet connection detected
2024-11-18 10:08:48,493 [INFO] WebApp:186 - Connection restablished
2024-11-18 10:08:55,671 [INFO] WebApp:220 - Starting web application
2024-11-18 10:08:55,671 [INFO] WebApp:578 - Web application path used C:\ST\STM32CubeIDE_1.16.0\STM32CubeIDE\plugins\com.st.stm32cube.common.mx_6.12.0.202406281431\db\plugins\mcufinder\reactClient1\index.html
2024-11-18 10:08:56,549 [INFO] UserAuth:417 - Internet connection configuration mode: 1
2024-11-18 10:55:19,027 [INFO] WebApp:189 - Connection lost
2024-11-18 10:55:19,781 [INFO] WebApp:186 - Connection restablished
2024-11-18 15:01:12,870 [INFO] WebApp:189 - Connection lost
2024-11-18 15:02:00,811 [INFO] WebApp:186 - Connection restablished
2024-11-18 15:02:02,721 [INFO] WebApp:189 - Connection lost
2024-11-18 15:02:02,970 [INFO] WebApp:186 - Connection restablished
2024-11-18 16:13:09,598 [INFO] WebApp:189 - Connection lost
2024-11-18 16:13:37,755 [ERROR] LogOutputStream:75 - [STDERR_REDIRECT] 16:13:37.302 ERROR Chromium process exit code: -2,147,483,645
2024-11-18 16:13:37,755 [ERROR] LogOutputStream:75 - [STDERR_REDIRECT] 
2024-11-18 16:13:37,755 [ERROR] LogOutputStream:75 - [STDERR_REDIRECT] 16:13:37.755 ERROR Crash dump dir: C:\Users\User\AppData\Local\JxBrowser\7.38.2\CrashReports
2024-11-18 16:13:37,770 [ERROR] LogOutputStream:75 - [STDERR_REDIRECT] 
2024-11-18 16:13:37,927 [ERROR] WebApp:397 - JxBrowser engine crashed! Exit code: -2147483645
2024-11-18 18:09:01,836 [ERROR] LogOutputStream:75 - [STDERR_REDIRECT] 
2024-11-18 18:09:01,836 [ERROR] LogOutputStream:75 - [STDERR_REDIRECT] 
