2025-01-08 08:28:33,975 [INFO] Activator:176 - 


2025-01-08 08:28:34,007 [INFO] Activator:177 - !SESSION log4j initialized
2025-01-08 08:29:19,599 [INFO] LogOutputStream:77 - [STDOUT_REDIRECT] 
2025-01-08 08:29:49,574 [INFO] ApplicationProperties:184 - Using Application install path: C:\ST\STM32CubeIDE_1.16.0\STM32CubeIDE\plugins\com.st.stm32cube.common.mx_6.12.0.202406281431
2025-01-08 08:29:49,703 [INFO] DbMcusXml:78 - Set database path to: C:\ST\STM32CubeIDE_1.16.0\STM32CubeIDE\plugins\com.st.stm32cube.common.mx_6.12.0.202406281431\\db\/mcu/
2025-01-08 08:29:49,704 [INFO] ApiDb:274 - Set plugin database path to: C:\ST\STM32CubeIDE_1.16.0\STM32CubeIDE\plugins\com.st.stm32cube.common.mx_6.12.0.202406281431\\db\/plugins/boardmanager/
2025-01-08 08:29:49,705 [WARN] ApiDb:259 - Overriding images path with different value:  => C:\ST\STM32CubeIDE_1.16.0\STM32CubeIDE\plugins\com.st.stm32cube.common.mx_6.12.0.202406281431\\db\/plugins/mcufinder/images/
2025-01-08 08:29:50,306 [INFO] ApiDb:250 - Set database path to: C:\Users\User\.stmcufinder\plugins\mcufinder//mcu/
2025-01-08 08:29:50,311 [INFO] DbMcusAds:125 - Set database path to: C:\Users\User\.stmcufinder\plugins\mcufinder//mcu/
2025-01-08 08:29:50,578 [INFO] CrossReferenceDbSqlite:203 - Set database path to: C:\Users\User\.stmcufinder\plugins\mcufinder//mcu/cs/
2025-01-08 08:29:51,634 [INFO] RulesReader:64 - Compatibility file has been processed (297 Rules)
2025-01-08 08:29:52,842 [INFO] DbMcusXml:78 - Set database path to: C:\ST\STM32CubeIDE_1.16.0\STM32CubeIDE\plugins\com.st.stm32cube.common.mx_6.12.0.202406281431\\db\/mcu/
2025-01-08 08:29:52,842 [INFO] ApiDb:274 - Set plugin database path to: C:\ST\STM32CubeIDE_1.16.0\STM32CubeIDE\plugins\com.st.stm32cube.common.mx_6.12.0.202406281431\\db\/plugins/boardmanager/
2025-01-08 08:29:52,842 [INFO] ApiDb:261 - Set plugin images path to: C:\ST\STM32CubeIDE_1.16.0\STM32CubeIDE\plugins\com.st.stm32cube.common.mx_6.12.0.202406281431\\db\/plugins/mcufinder/images/
2025-01-08 08:29:52,843 [WARN] DbFile:41 - Overriding database path with different value: C:\Users\User\.stmcufinder\plugins\mcufinder/ => C:\Users\User\.stmcufinder\plugins\mcufinder
2025-01-08 08:29:52,843 [INFO] ApiDb:250 - Set database path to: C:\Users\User\.stmcufinder\plugins\mcufinder//mcu/
2025-01-08 08:29:52,844 [WARN] DbFile:41 - Overriding database path with different value: C:\Users\User\.stmcufinder\plugins\mcufinder/ => C:\Users\User\.stmcufinder\plugins\mcufinder
2025-01-08 08:29:52,844 [INFO] DbMcusAds:125 - Set database path to: C:\Users\User\.stmcufinder\plugins\mcufinder//mcu/
2025-01-08 08:29:52,844 [WARN] DbFile:41 - Overriding database path with different value: C:\Users\User\.stmcufinder\plugins\mcufinder/ => C:\Users\User\.stmcufinder\plugins\mcufinder
2025-01-08 08:29:52,845 [WARN] DbFile:41 - Overriding database path with different value: C:\Users\User\.stmcufinder\plugins\mcufinder/ => C:\Users\User\.stmcufinder\plugins\mcufinder
2025-01-08 08:29:52,845 [INFO] CrossReferenceDbSqlite:203 - Set database path to: C:\Users\User\.stmcufinder\plugins\mcufinder//mcu/cs/
2025-01-08 08:29:54,129 [INFO] MainPanel:268 - HeapMemory: 268435456
2025-01-08 08:29:55,605 [INFO] DbMcusXml:78 - Set database path to: C:\ST\STM32CubeIDE_1.16.0\STM32CubeIDE\plugins\com.st.stm32cube.common.mx_6.12.0.202406281431\\db\/mcu/
2025-01-08 08:29:55,606 [INFO] ApiDb:274 - Set plugin database path to: C:\ST\STM32CubeIDE_1.16.0\STM32CubeIDE\plugins\com.st.stm32cube.common.mx_6.12.0.202406281431\\db\/plugins/boardmanager/
2025-01-08 08:29:55,606 [INFO] ApiDb:261 - Set plugin images path to: C:\ST\STM32CubeIDE_1.16.0\STM32CubeIDE\plugins\com.st.stm32cube.common.mx_6.12.0.202406281431\\db\/plugins/mcufinder/images/
2025-01-08 08:29:55,607 [WARN] DbFile:41 - Overriding database path with different value: C:\Users\User\.stmcufinder\plugins\mcufinder/ => C:\Users\User\.stmcufinder\plugins\mcufinder
2025-01-08 08:29:55,608 [INFO] ApiDb:250 - Set database path to: C:\Users\User\.stmcufinder\plugins\mcufinder//mcu/
2025-01-08 08:29:55,608 [WARN] DbFile:41 - Overriding database path with different value: C:\Users\User\.stmcufinder\plugins\mcufinder/ => C:\Users\User\.stmcufinder\plugins\mcufinder
2025-01-08 08:29:55,608 [INFO] DbMcusAds:125 - Set database path to: C:\Users\User\.stmcufinder\plugins\mcufinder//mcu/
2025-01-08 08:29:55,608 [WARN] DbFile:41 - Overriding database path with different value: C:\Users\User\.stmcufinder\plugins\mcufinder/ => C:\Users\User\.stmcufinder\plugins\mcufinder
2025-01-08 08:29:55,609 [WARN] DbFile:41 - Overriding database path with different value: C:\Users\User\.stmcufinder\plugins\mcufinder/ => C:\Users\User\.stmcufinder\plugins\mcufinder
2025-01-08 08:29:55,609 [INFO] CrossReferenceDbSqlite:203 - Set database path to: C:\Users\User\.stmcufinder\plugins\mcufinder//mcu/cs/
2025-01-08 08:29:55,716 [INFO] ApplicationProperties:184 - Using Application install path: C:\ST\STM32CubeIDE_1.16.0\STM32CubeIDE\plugins\com.st.stm32cube.common.mx_6.12.0.202406281431
2025-01-08 08:29:55,723 [INFO] PluginManage:196 - Search for loadable plugins [exclusion list=, ]
2025-01-08 08:29:55,756 [INFO] PluginManage:310 - Check plugin analytics
2025-01-08 08:30:01,586 [INFO] AnalyticsPlugin:253 - Accepted Software Licenses: 
2025-01-08 08:30:01,587 [INFO] AnalyticsPlugin:255 - Accepted CMSIS Pack Licenses: 
2025-01-08 08:30:01,589 [INFO] AnalyticsPlugin:257 - Accepted Firmware Licenses: FW.L4.1.18.0
2025-01-08 08:30:01,601 [INFO] PluginManage:359 - Loaded plugin analytics (category:tool,tabindex:-1)
2025-01-08 08:30:01,602 [INFO] PluginManage:310 - Check plugin cadmodel
2025-01-08 08:30:01,662 [INFO] CADModel:105 - Init CAD model plugin
2025-01-08 08:30:01,663 [INFO] PluginManage:359 - Loaded plugin cadmodel (category:power,tabindex:5)
2025-01-08 08:30:01,663 [INFO] PluginManage:310 - Check plugin clock
2025-01-08 08:30:01,730 [INFO] PluginManage:359 - Loaded plugin clock (category:base,tabindex:2)
2025-01-08 08:30:01,730 [INFO] PluginManage:310 - Check plugin ddr
2025-01-08 08:30:01,766 [INFO] PluginManage:359 - Loaded plugin ddr (category:tool,tabindex:6)
2025-01-08 08:30:01,767 [INFO] PluginManage:310 - Check plugin filemanager
2025-01-08 08:30:02,521 [INFO] PluginManage:359 - Loaded plugin filemanager (category:base,tabindex:10)
2025-01-08 08:30:02,522 [INFO] PluginManage:310 - Check plugin ipmanager
2025-01-08 08:30:02,603 [INFO] PluginManage:359 - Loaded plugin ipmanager (category:base,tabindex:5)
2025-01-08 08:30:02,604 [INFO] PluginManage:310 - Check plugin lpbam
2025-01-08 08:30:02,715 [INFO] PluginManage:359 - Loaded plugin lpbam (category:base,tabindex:0)
2025-01-08 08:30:02,716 [INFO] PluginManage:310 - Check plugin memorymap
2025-01-08 08:30:02,862 [INFO] PluginManage:359 - Loaded plugin memorymap (category:base,tabindex:4)
2025-01-08 08:30:02,862 [INFO] PluginManage:310 - Check plugin pinoutandconfiguration
2025-01-08 08:30:02,910 [INFO] PluginManage:359 - Loaded plugin pinoutandconfiguration (category:base,tabindex:1)
2025-01-08 08:30:02,911 [INFO] PluginManage:310 - Check plugin pinoutconfig
2025-01-08 08:30:03,568 [WARN] SupportedApi:132 - Cannot load RTOS API schema: s4s-elt-must-match.1: The content of 'definitions' must match (annotation?, (simpleType | complexType)?, (unique | key | keyref)*)). A problem was found starting at: attribute.
2025-01-08 08:30:03,999 [INFO] PluginManage:359 - Loaded plugin pinoutconfig (category:base,tabindex:0)
2025-01-08 08:30:03,999 [INFO] PluginManage:310 - Check plugin power
2025-01-08 08:30:04,077 [INFO] PluginManage:359 - Loaded plugin power (category:power,tabindex:4)
2025-01-08 08:30:04,078 [INFO] PluginManage:310 - Check plugin projectmanager
2025-01-08 08:30:04,179 [INFO] PluginManage:359 - Loaded plugin projectmanager (category:projectmanager,tabindex:4)
2025-01-08 08:30:04,179 [INFO] PluginManage:310 - Check plugin rif
2025-01-08 08:30:04,267 [INFO] PluginManage:359 - Loaded plugin rif (category:base,tabindex:3)
2025-01-08 08:30:04,268 [INFO] PluginManage:310 - Check plugin thirdparty
2025-01-08 08:30:05,787 [INFO] PluginManage:359 - Loaded plugin thirdparty (category:base,tabindex:-1)
2025-01-08 08:30:05,788 [INFO] PluginManage:310 - Check plugin tools
2025-01-08 08:30:05,791 [WARN] IntegrityCheckThread:84 - waiting for thirdparty lock release [integrity check]
2025-01-08 08:30:05,792 [INFO] IntegrityCheckThread:86 - entering critical section [integrity check]
2025-01-08 08:30:05,793 [INFO] ThirdPartyUpdaterWithRetryManager:70 - Updater plugin not ready yet. [1/15]
2025-01-08 08:30:05,877 [INFO] PluginManage:359 - Loaded plugin tools (category:base,tabindex:7)
2025-01-08 08:30:05,878 [INFO] PluginManage:310 - Check plugin tutovideos
2025-01-08 08:30:06,642 [INFO] PluginManage:359 - Loaded plugin tutovideos (category:base,tabindex:-1)
2025-01-08 08:30:06,642 [INFO] PluginManage:310 - Check plugin updater
2025-01-08 08:30:06,913 [INFO] PluginManage:359 - Loaded plugin updater (category:base,tabindex:12)
2025-01-08 08:30:06,914 [INFO] PluginManage:310 - Check plugin userauth
2025-01-08 08:30:06,996 [INFO] UserAuth:113 - Init User Auth plugin
2025-01-08 08:30:06,997 [INFO] PluginManage:359 - Loaded plugin userauth (category:base,tabindex:14)
2025-01-08 08:30:06,998 [INFO] PluginManage:283 - PluginManage : Loaded plugins [18]
2025-01-08 08:30:08,021 [INFO] PinOutPanel:1561 - setPackage(No Configuration,No Configuration)
2025-01-08 08:30:08,410 [INFO] CADModel:165 - CPN selected for project level
2025-01-08 08:30:08,410 [INFO] CADModel:114 - Register for checkConnection events
2025-01-08 08:30:08,502 [INFO] IPUIPlugin:80 - create IPUIPlugin
2025-01-08 08:30:08,503 [INFO] PluginManager:220 - loadIPPluginJar : add adc
2025-01-08 08:30:08,540 [INFO] IPUIPlugin:80 - create IPUIPlugin
2025-01-08 08:30:08,540 [INFO] PluginManager:220 - loadIPPluginJar : add aes
2025-01-08 08:30:08,564 [INFO] IPUIPlugin:80 - create IPUIPlugin
2025-01-08 08:30:08,565 [INFO] PluginManager:220 - loadIPPluginJar : add can
2025-01-08 08:30:08,581 [INFO] IPUIPlugin:80 - create IPUIPlugin
2025-01-08 08:30:08,581 [INFO] PluginManager:220 - loadIPPluginJar : add comp
2025-01-08 08:30:08,608 [INFO] IPUIPlugin:80 - create IPUIPlugin
2025-01-08 08:30:08,608 [INFO] PluginManager:220 - loadIPPluginJar : add cryp
2025-01-08 08:30:08,641 [INFO] IPUIPlugin:80 - create IPUIPlugin
2025-01-08 08:30:08,642 [INFO] PluginManager:220 - loadIPPluginJar : add ddr_ctrl_phy
2025-01-08 08:30:08,665 [INFO] IPUIPlugin:80 - create IPUIPlugin
2025-01-08 08:30:08,665 [INFO] PluginManager:220 - loadIPPluginJar : add dfsdm
2025-01-08 08:30:08,701 [INFO] IPUIPlugin:80 - create IPUIPlugin
2025-01-08 08:30:08,702 [INFO] PluginManager:220 - loadIPPluginJar : add dma
2025-01-08 08:30:08,796 [INFO] ThirdPartyUpdaterWithRetryManager:70 - Updater plugin not ready yet. [2/15]
2025-01-08 08:30:09,089 [INFO] IPUIPlugin:80 - create IPUIPlugin
2025-01-08 08:30:09,089 [INFO] PluginManager:220 - loadIPPluginJar : add dma3
2025-01-08 08:30:09,108 [INFO] IPUIPlugin:80 - create IPUIPlugin
2025-01-08 08:30:09,109 [INFO] PluginManager:220 - loadIPPluginJar : add extmemmanager
2025-01-08 08:30:09,125 [INFO] IPUIPlugin:80 - create IPUIPlugin
2025-01-08 08:30:09,126 [INFO] PluginManager:220 - loadIPPluginJar : add fatfs
2025-01-08 08:30:09,153 [INFO] IPUIPlugin:80 - create IPUIPlugin
2025-01-08 08:30:09,153 [INFO] PluginManager:220 - loadIPPluginJar : add fmc
2025-01-08 08:30:09,180 [INFO] IPUIPlugin:80 - create IPUIPlugin
2025-01-08 08:30:09,180 [INFO] PluginManager:220 - loadIPPluginJar : add freertos
2025-01-08 08:30:09,198 [INFO] IPUIPlugin:80 - create IPUIPlugin
2025-01-08 08:30:09,198 [INFO] PluginManager:220 - loadIPPluginJar : add genericplugin
2025-01-08 08:30:09,217 [INFO] IPUIPlugin:80 - create IPUIPlugin
2025-01-08 08:30:09,217 [INFO] PluginManager:220 - loadIPPluginJar : add gfxmmu
2025-01-08 08:30:09,240 [INFO] IPUIPlugin:80 - create IPUIPlugin
2025-01-08 08:30:09,241 [INFO] PluginManager:220 - loadIPPluginJar : add gic
2025-01-08 08:30:09,282 [INFO] IPUIPlugin:80 - create IPUIPlugin
2025-01-08 08:30:09,283 [INFO] PluginManager:220 - loadIPPluginJar : add gpio
2025-01-08 08:30:09,312 [INFO] IPUIPlugin:80 - create IPUIPlugin
2025-01-08 08:30:09,312 [INFO] PluginManager:220 - loadIPPluginJar : add gtzc
2025-01-08 08:30:09,336 [INFO] IPUIPlugin:80 - create IPUIPlugin
2025-01-08 08:30:09,336 [INFO] PluginManager:220 - loadIPPluginJar : add hash
2025-01-08 08:30:09,368 [INFO] IPUIPlugin:80 - create IPUIPlugin
2025-01-08 08:30:09,368 [INFO] PluginManager:220 - loadIPPluginJar : add i2c
2025-01-08 08:30:09,383 [INFO] IPUIPlugin:80 - create IPUIPlugin
2025-01-08 08:30:09,383 [INFO] PluginManager:220 - loadIPPluginJar : add i2s
2025-01-08 08:30:09,400 [INFO] IPUIPlugin:80 - create IPUIPlugin
2025-01-08 08:30:09,401 [INFO] PluginManager:220 - loadIPPluginJar : add i3c
2025-01-08 08:30:09,416 [INFO] IPUIPlugin:80 - create IPUIPlugin
2025-01-08 08:30:09,416 [INFO] PluginManager:220 - loadIPPluginJar : add ipddr
2025-01-08 08:30:09,444 [INFO] IPUIPlugin:80 - create IPUIPlugin
2025-01-08 08:30:09,445 [INFO] PluginManager:220 - loadIPPluginJar : add linkedlist
2025-01-08 08:30:09,468 [INFO] IPUIPlugin:80 - create IPUIPlugin
2025-01-08 08:30:09,468 [INFO] PluginManager:220 - loadIPPluginJar : add lorawan
2025-01-08 08:30:09,513 [INFO] IPUIPlugin:80 - create IPUIPlugin
2025-01-08 08:30:09,513 [INFO] PluginManager:220 - loadIPPluginJar : add ltdc
2025-01-08 08:30:09,551 [INFO] IPUIPlugin:80 - create IPUIPlugin
2025-01-08 08:30:09,552 [INFO] PluginManager:220 - loadIPPluginJar : add mdma
2025-01-08 08:30:09,587 [INFO] IPUIPlugin:80 - create IPUIPlugin
2025-01-08 08:30:09,588 [INFO] PluginManager:220 - loadIPPluginJar : add nvic
2025-01-08 08:30:09,632 [INFO] IPUIPlugin:80 - create IPUIPlugin
2025-01-08 08:30:09,633 [INFO] PluginManager:220 - loadIPPluginJar : add opamp
2025-01-08 08:30:09,680 [INFO] IPUIPlugin:80 - create IPUIPlugin
2025-01-08 08:30:09,681 [INFO] PluginManager:220 - loadIPPluginJar : add openamp
2025-01-08 08:30:09,760 [INFO] IPUIPlugin:80 - create IPUIPlugin
2025-01-08 08:30:09,760 [INFO] PluginManager:220 - loadIPPluginJar : add pdm2pcm
2025-01-08 08:30:09,798 [INFO] IPUIPlugin:80 - create IPUIPlugin
2025-01-08 08:30:09,807 [INFO] PluginManager:220 - loadIPPluginJar : add plateformsettings
2025-01-08 08:30:09,951 [INFO] IPUIPlugin:80 - create IPUIPlugin
2025-01-08 08:30:09,952 [INFO] PluginManager:220 - loadIPPluginJar : add quadspi
2025-01-08 08:30:09,977 [INFO] IPUIPlugin:80 - create IPUIPlugin
2025-01-08 08:30:09,981 [INFO] PluginManager:220 - loadIPPluginJar : add radio
2025-01-08 08:30:10,035 [INFO] IPUIPlugin:80 - create IPUIPlugin
2025-01-08 08:30:10,036 [INFO] PluginManager:220 - loadIPPluginJar : add resmgrutility
2025-01-08 08:30:10,064 [INFO] IPUIPlugin:80 - create IPUIPlugin
2025-01-08 08:30:10,064 [INFO] PluginManager:220 - loadIPPluginJar : add sai
2025-01-08 08:30:10,078 [INFO] IPUIPlugin:80 - create IPUIPlugin
2025-01-08 08:30:10,078 [INFO] PluginManager:220 - loadIPPluginJar : add spi
2025-01-08 08:30:10,115 [INFO] IPUIPlugin:80 - create IPUIPlugin
2025-01-08 08:30:10,115 [INFO] PluginManager:220 - loadIPPluginJar : add stm32_wpan
2025-01-08 08:30:10,144 [INFO] IPUIPlugin:80 - create IPUIPlugin
2025-01-08 08:30:10,144 [INFO] PluginManager:220 - loadIPPluginJar : add tim
2025-01-08 08:30:10,162 [INFO] IPUIPlugin:80 - create IPUIPlugin
2025-01-08 08:30:10,163 [INFO] PluginManager:220 - loadIPPluginJar : add touchsensing
2025-01-08 08:30:10,183 [INFO] IPUIPlugin:80 - create IPUIPlugin
2025-01-08 08:30:10,183 [INFO] PluginManager:220 - loadIPPluginJar : add tracer_emb
2025-01-08 08:30:10,193 [INFO] IPUIPlugin:80 - create IPUIPlugin
2025-01-08 08:30:10,193 [INFO] PluginManager:220 - loadIPPluginJar : add ts
2025-01-08 08:30:10,204 [INFO] IPUIPlugin:80 - create IPUIPlugin
2025-01-08 08:30:10,204 [INFO] PluginManager:220 - loadIPPluginJar : add tsc
2025-01-08 08:30:10,255 [INFO] IPUIPlugin:80 - create IPUIPlugin
2025-01-08 08:30:10,255 [INFO] PluginManager:220 - loadIPPluginJar : add ucpd
2025-01-08 08:30:10,279 [INFO] IPUIPlugin:80 - create IPUIPlugin
2025-01-08 08:30:10,279 [INFO] PluginManager:220 - loadIPPluginJar : add usart
2025-01-08 08:30:10,284 [INFO] IPUIPlugin:80 - create IPUIPlugin
2025-01-08 08:30:10,285 [INFO] PluginManager:220 - loadIPPluginJar : add usbx
2025-01-08 08:30:10,644 [INFO] CADModel:165 - CPN selected for project level
2025-01-08 08:30:10,644 [INFO] CADModel:114 - Register for checkConnection events
2025-01-08 08:30:10,645 [FATAL] Updater:334 - Updater called before beeing initialized
2025-01-08 08:30:10,646 [ERROR] CADModel:125 - Updater not yet initialized, retry later 
2025-01-08 08:30:11,653 [INFO] CADModel:165 - CPN selected for project level
2025-01-08 08:30:11,653 [INFO] CADModel:114 - Register for checkConnection events
2025-01-08 08:30:11,654 [FATAL] Updater:334 - Updater called before beeing initialized
2025-01-08 08:30:11,654 [ERROR] CADModel:125 - Updater not yet initialized, retry later 
2025-01-08 08:30:11,674 [FATAL] Updater:334 - Updater called before beeing initialized
2025-01-08 08:30:11,797 [INFO] ThirdPartyUpdaterWithRetryManager:70 - Updater plugin not ready yet. [3/15]
2025-01-08 08:30:12,098 [FATAL] Updater:334 - Updater called before beeing initialized
2025-01-08 08:30:12,154 [INFO] DbMcusAds:53 - JSON generation date=Fri Sep 20 14:04:23 WAT 2024 (1726837463113)
2025-01-08 08:30:12,155 [FATAL] Updater:334 - Updater called before beeing initialized
2025-01-08 08:30:12,454 [WARN] DetailPanel:346 - Failed to get advertising image, set to default
2025-01-08 08:30:12,836 [FATAL] Updater:334 - Updater called before beeing initialized
2025-01-08 08:30:12,839 [FATAL] Updater:334 - Updater called before beeing initialized
2025-01-08 08:30:12,839 [FATAL] Updater:334 - Updater called before beeing initialized
2025-01-08 08:30:12,840 [WARN] DetailPanel:346 - Failed to get advertising image, set to default
2025-01-08 08:30:12,842 [FATAL] Updater:334 - Updater called before beeing initialized
2025-01-08 08:30:13,574 [ERROR] Updater:1164 - MainUpdater not yet initialized. External WinMGr cannot be set.
2025-01-08 08:30:13,630 [INFO] Updater:1100 - Updater Version found : 6.12.0
2025-01-08 08:30:13,993 [INFO] ApplicationProperties:184 - Using Application install path: C:\ST\STM32CubeIDE_1.16.0\STM32CubeIDE\plugins\com.st.stm32cube.common.mx_6.12.0.202406281431
2025-01-08 08:30:14,799 [FATAL] Updater:334 - Updater called before beeing initialized
2025-01-08 08:30:14,800 [ERROR] IntegrityCheckThread:130 - Cannot retrieve database content from updater: error 21
2025-01-08 08:30:14,800 [INFO] ThirdParty:978 - Integrity check success = false
2025-01-08 08:30:14,800 [INFO] IntegrityCheckThread:100 - exiting critical section [integrity check]
2025-01-08 08:30:14,800 [INFO] IntegrityCheckThread:103 - End integrity checks thread
2025-01-08 08:30:16,003 [ERROR] LogOutputStream:75 - [STDERR_REDIRECT] Jan 08, 2025 8:30:15 AM java.util.prefs.WindowsPreferences <init>
2025-01-08 08:30:16,025 [ERROR] LogOutputStream:75 - [STDERR_REDIRECT] WARNING: Could not open/create prefs root node Software\JavaSoft\Prefs at root 0xffffffff80000002. Windows RegCreateKeyEx(...) returned error code 5.
2025-01-08 08:30:16,026 [ERROR] LogOutputStream:75 - [STDERR_REDIRECT] 
2025-01-08 08:30:23,317 [INFO] MainUpdater:2873 - connection check result : 10
2025-01-08 08:30:23,319 [INFO] MainUpdater:290 - Updater Check For Update Now.
2025-01-08 08:30:23,319 [INFO] MicroXplorer:498 - Change Database Version : DB.6.0.120
2025-01-08 08:30:23,363 [INFO] McuFinderGlobals:63 - Set McuFinder mode to 2 (CubeIDE integrated)
2025-01-08 08:30:23,408 [INFO] UserAuth:417 - Internet connection configuration mode: 1
2025-01-08 08:30:23,808 [INFO] JxBrowserEngine:152 - Initiate JxBrowser Engine with user profile folder
2025-01-08 08:30:24,166 [INFO] CheckServerUpdateThread:120 - End of CheckServer Thread
2025-01-08 08:30:40,755 [INFO] WebApp:167 - Instantiating new browser for Auth
2025-01-08 08:30:53,167 [INFO] WebApp:448 - Apply proxy settings
2025-01-08 08:30:53,168 [INFO] WebApp:533 - Chromium requires no authentication
2025-01-08 08:30:54,049 [INFO] WebApp:476 - Direct internet connection detected
2025-01-08 08:30:55,251 [INFO] WebApp:869 - Register for checkConnection events
2025-01-08 08:30:55,251 [INFO] WebApp:448 - Apply proxy settings
2025-01-08 08:30:55,251 [INFO] WebApp:533 - Chromium requires no authentication
2025-01-08 08:30:55,253 [INFO] WebApp:476 - Direct internet connection detected
2025-01-08 08:30:59,473 [INFO] WebApp:186 - Connection restablished
2025-01-08 08:31:03,771 [INFO] WebApp:220 - Starting web application
2025-01-08 08:31:03,771 [INFO] WebApp:578 - Web application path used C:\ST\STM32CubeIDE_1.16.0\STM32CubeIDE\plugins\com.st.stm32cube.common.mx_6.12.0.202406281431\db\plugins\mcufinder\reactClient1\index.html
2025-01-08 08:31:05,968 [INFO] UserAuth:417 - Internet connection configuration mode: 1
2025-01-08 11:53:45,007 [INFO] WebApp:189 - Connection lost
2025-01-08 11:53:47,966 [INFO] WebApp:186 - Connection restablished
