2024-11-29 08:08:52,760 [INFO] Activator:176 - 


2024-11-29 08:08:52,776 [INFO] Activator:177 - !SESSION log4j initialized
2024-11-29 08:09:11,758 [INFO] LogOutputStream:77 - [STDOUT_REDIRECT] 
2024-11-29 08:09:36,442 [INFO] ApplicationProperties:184 - Using Application install path: C:\ST\STM32CubeIDE_1.16.0\STM32CubeIDE\plugins\com.st.stm32cube.common.mx_6.12.0.202406281431
2024-11-29 08:09:36,687 [INFO] DbMcusXml:78 - Set database path to: C:\ST\STM32CubeIDE_1.16.0\STM32CubeIDE\plugins\com.st.stm32cube.common.mx_6.12.0.202406281431\\db\/mcu/
2024-11-29 08:09:36,688 [INFO] ApiDb:274 - Set plugin database path to: C:\ST\STM32CubeIDE_1.16.0\STM32CubeIDE\plugins\com.st.stm32cube.common.mx_6.12.0.202406281431\\db\/plugins/boardmanager/
2024-11-29 08:09:36,689 [WARN] ApiDb:259 - Overriding images path with different value:  => C:\ST\STM32CubeIDE_1.16.0\STM32CubeIDE\plugins\com.st.stm32cube.common.mx_6.12.0.202406281431\\db\/plugins/mcufinder/images/
2024-11-29 08:09:39,522 [INFO] ApiDb:250 - Set database path to: C:\Users\User\.stmcufinder\plugins\mcufinder//mcu/
2024-11-29 08:09:39,524 [INFO] DbMcusAds:125 - Set database path to: C:\Users\User\.stmcufinder\plugins\mcufinder//mcu/
2024-11-29 08:09:40,065 [INFO] CrossReferenceDbSqlite:203 - Set database path to: C:\Users\User\.stmcufinder\plugins\mcufinder//mcu/cs/
2024-11-29 08:09:42,264 [INFO] RulesReader:64 - Compatibility file has been processed (297 Rules)
2024-11-29 08:09:43,619 [INFO] DbMcusXml:78 - Set database path to: C:\ST\STM32CubeIDE_1.16.0\STM32CubeIDE\plugins\com.st.stm32cube.common.mx_6.12.0.202406281431\\db\/mcu/
2024-11-29 08:09:43,619 [INFO] ApiDb:274 - Set plugin database path to: C:\ST\STM32CubeIDE_1.16.0\STM32CubeIDE\plugins\com.st.stm32cube.common.mx_6.12.0.202406281431\\db\/plugins/boardmanager/
2024-11-29 08:09:43,620 [INFO] ApiDb:261 - Set plugin images path to: C:\ST\STM32CubeIDE_1.16.0\STM32CubeIDE\plugins\com.st.stm32cube.common.mx_6.12.0.202406281431\\db\/plugins/mcufinder/images/
2024-11-29 08:09:43,620 [WARN] DbFile:41 - Overriding database path with different value: C:\Users\User\.stmcufinder\plugins\mcufinder/ => C:\Users\User\.stmcufinder\plugins\mcufinder
2024-11-29 08:09:43,620 [INFO] ApiDb:250 - Set database path to: C:\Users\User\.stmcufinder\plugins\mcufinder//mcu/
2024-11-29 08:09:43,620 [WARN] DbFile:41 - Overriding database path with different value: C:\Users\User\.stmcufinder\plugins\mcufinder/ => C:\Users\User\.stmcufinder\plugins\mcufinder
2024-11-29 08:09:43,621 [INFO] DbMcusAds:125 - Set database path to: C:\Users\User\.stmcufinder\plugins\mcufinder//mcu/
2024-11-29 08:09:43,621 [WARN] DbFile:41 - Overriding database path with different value: C:\Users\User\.stmcufinder\plugins\mcufinder/ => C:\Users\User\.stmcufinder\plugins\mcufinder
2024-11-29 08:09:43,621 [WARN] DbFile:41 - Overriding database path with different value: C:\Users\User\.stmcufinder\plugins\mcufinder/ => C:\Users\User\.stmcufinder\plugins\mcufinder
2024-11-29 08:09:43,621 [INFO] CrossReferenceDbSqlite:203 - Set database path to: C:\Users\User\.stmcufinder\plugins\mcufinder//mcu/cs/
2024-11-29 08:09:45,117 [INFO] MainPanel:268 - HeapMemory: 268435456
2024-11-29 08:09:47,549 [INFO] DbMcusXml:78 - Set database path to: C:\ST\STM32CubeIDE_1.16.0\STM32CubeIDE\plugins\com.st.stm32cube.common.mx_6.12.0.202406281431\\db\/mcu/
2024-11-29 08:09:47,549 [INFO] ApiDb:274 - Set plugin database path to: C:\ST\STM32CubeIDE_1.16.0\STM32CubeIDE\plugins\com.st.stm32cube.common.mx_6.12.0.202406281431\\db\/plugins/boardmanager/
2024-11-29 08:09:47,550 [INFO] ApiDb:261 - Set plugin images path to: C:\ST\STM32CubeIDE_1.16.0\STM32CubeIDE\plugins\com.st.stm32cube.common.mx_6.12.0.202406281431\\db\/plugins/mcufinder/images/
2024-11-29 08:09:47,550 [WARN] DbFile:41 - Overriding database path with different value: C:\Users\User\.stmcufinder\plugins\mcufinder/ => C:\Users\User\.stmcufinder\plugins\mcufinder
2024-11-29 08:09:47,550 [INFO] ApiDb:250 - Set database path to: C:\Users\User\.stmcufinder\plugins\mcufinder//mcu/
2024-11-29 08:09:47,550 [WARN] DbFile:41 - Overriding database path with different value: C:\Users\User\.stmcufinder\plugins\mcufinder/ => C:\Users\User\.stmcufinder\plugins\mcufinder
2024-11-29 08:09:47,551 [INFO] DbMcusAds:125 - Set database path to: C:\Users\User\.stmcufinder\plugins\mcufinder//mcu/
2024-11-29 08:09:47,551 [WARN] DbFile:41 - Overriding database path with different value: C:\Users\User\.stmcufinder\plugins\mcufinder/ => C:\Users\User\.stmcufinder\plugins\mcufinder
2024-11-29 08:09:47,551 [WARN] DbFile:41 - Overriding database path with different value: C:\Users\User\.stmcufinder\plugins\mcufinder/ => C:\Users\User\.stmcufinder\plugins\mcufinder
2024-11-29 08:09:47,551 [INFO] CrossReferenceDbSqlite:203 - Set database path to: C:\Users\User\.stmcufinder\plugins\mcufinder//mcu/cs/
2024-11-29 08:09:47,627 [INFO] ApplicationProperties:184 - Using Application install path: C:\ST\STM32CubeIDE_1.16.0\STM32CubeIDE\plugins\com.st.stm32cube.common.mx_6.12.0.202406281431
2024-11-29 08:09:47,628 [INFO] PluginManage:196 - Search for loadable plugins [exclusion list=, ]
2024-11-29 08:09:47,667 [INFO] PluginManage:310 - Check plugin analytics
2024-11-29 08:09:53,120 [INFO] AnalyticsPlugin:253 - Accepted Software Licenses: 
2024-11-29 08:09:53,120 [INFO] AnalyticsPlugin:255 - Accepted CMSIS Pack Licenses: 
2024-11-29 08:09:53,121 [INFO] AnalyticsPlugin:257 - Accepted Firmware Licenses: FW.L4.1.18.0
2024-11-29 08:09:53,125 [INFO] PluginManage:359 - Loaded plugin analytics (category:tool,tabindex:-1)
2024-11-29 08:09:53,125 [INFO] PluginManage:310 - Check plugin cadmodel
2024-11-29 08:09:53,184 [INFO] CADModel:105 - Init CAD model plugin
2024-11-29 08:09:53,184 [INFO] PluginManage:359 - Loaded plugin cadmodel (category:power,tabindex:5)
2024-11-29 08:09:53,184 [INFO] PluginManage:310 - Check plugin clock
2024-11-29 08:09:53,234 [INFO] PluginManage:359 - Loaded plugin clock (category:base,tabindex:2)
2024-11-29 08:09:53,235 [INFO] PluginManage:310 - Check plugin ddr
2024-11-29 08:09:53,272 [INFO] PluginManage:359 - Loaded plugin ddr (category:tool,tabindex:6)
2024-11-29 08:09:53,272 [INFO] PluginManage:310 - Check plugin filemanager
2024-11-29 08:09:53,729 [INFO] PluginManage:359 - Loaded plugin filemanager (category:base,tabindex:10)
2024-11-29 08:09:53,729 [INFO] PluginManage:310 - Check plugin ipmanager
2024-11-29 08:09:53,781 [INFO] PluginManage:359 - Loaded plugin ipmanager (category:base,tabindex:5)
2024-11-29 08:09:53,782 [INFO] PluginManage:310 - Check plugin lpbam
2024-11-29 08:09:53,819 [INFO] PluginManage:359 - Loaded plugin lpbam (category:base,tabindex:0)
2024-11-29 08:09:53,819 [INFO] PluginManage:310 - Check plugin memorymap
2024-11-29 08:09:53,887 [INFO] PluginManage:359 - Loaded plugin memorymap (category:base,tabindex:4)
2024-11-29 08:09:53,888 [INFO] PluginManage:310 - Check plugin pinoutandconfiguration
2024-11-29 08:09:53,925 [INFO] PluginManage:359 - Loaded plugin pinoutandconfiguration (category:base,tabindex:1)
2024-11-29 08:09:53,925 [INFO] PluginManage:310 - Check plugin pinoutconfig
2024-11-29 08:09:54,165 [WARN] SupportedApi:132 - Cannot load RTOS API schema: s4s-elt-must-match.1: The content of 'definitions' must match (annotation?, (simpleType | complexType)?, (unique | key | keyref)*)). A problem was found starting at: attribute.
2024-11-29 08:09:54,456 [INFO] PluginManage:359 - Loaded plugin pinoutconfig (category:base,tabindex:0)
2024-11-29 08:09:54,457 [INFO] PluginManage:310 - Check plugin power
2024-11-29 08:09:54,505 [INFO] PluginManage:359 - Loaded plugin power (category:power,tabindex:4)
2024-11-29 08:09:54,505 [INFO] PluginManage:310 - Check plugin projectmanager
2024-11-29 08:09:54,548 [INFO] PluginManage:359 - Loaded plugin projectmanager (category:projectmanager,tabindex:4)
2024-11-29 08:09:54,548 [INFO] PluginManage:310 - Check plugin rif
2024-11-29 08:09:54,610 [INFO] PluginManage:359 - Loaded plugin rif (category:base,tabindex:3)
2024-11-29 08:09:54,610 [INFO] PluginManage:310 - Check plugin thirdparty
2024-11-29 08:09:55,148 [INFO] PluginManage:359 - Loaded plugin thirdparty (category:base,tabindex:-1)
2024-11-29 08:09:55,148 [WARN] IntegrityCheckThread:84 - waiting for thirdparty lock release [integrity check]
2024-11-29 08:09:55,148 [INFO] PluginManage:310 - Check plugin tools
2024-11-29 08:09:55,148 [INFO] IntegrityCheckThread:86 - entering critical section [integrity check]
2024-11-29 08:09:55,149 [INFO] ThirdPartyUpdaterWithRetryManager:70 - Updater plugin not ready yet. [1/15]
2024-11-29 08:09:55,169 [INFO] PluginManage:359 - Loaded plugin tools (category:base,tabindex:7)
2024-11-29 08:09:55,169 [INFO] PluginManage:310 - Check plugin tutovideos
2024-11-29 08:09:55,526 [INFO] PluginManage:359 - Loaded plugin tutovideos (category:base,tabindex:-1)
2024-11-29 08:09:55,526 [INFO] PluginManage:310 - Check plugin updater
2024-11-29 08:09:55,566 [INFO] PluginManage:359 - Loaded plugin updater (category:base,tabindex:12)
2024-11-29 08:09:55,566 [INFO] PluginManage:310 - Check plugin userauth
2024-11-29 08:09:55,594 [INFO] UserAuth:113 - Init User Auth plugin
2024-11-29 08:09:55,594 [INFO] PluginManage:359 - Loaded plugin userauth (category:base,tabindex:14)
2024-11-29 08:09:55,594 [INFO] PluginManage:283 - PluginManage : Loaded plugins [18]
2024-11-29 08:09:56,326 [INFO] PinOutPanel:1561 - setPackage(No Configuration,No Configuration)
2024-11-29 08:09:56,573 [INFO] CADModel:165 - CPN selected for project level
2024-11-29 08:09:56,573 [INFO] CADModel:114 - Register for checkConnection events
2024-11-29 08:09:56,640 [INFO] IPUIPlugin:80 - create IPUIPlugin
2024-11-29 08:09:56,640 [INFO] PluginManager:220 - loadIPPluginJar : add adc
2024-11-29 08:09:56,656 [INFO] IPUIPlugin:80 - create IPUIPlugin
2024-11-29 08:09:56,657 [INFO] PluginManager:220 - loadIPPluginJar : add aes
2024-11-29 08:09:56,678 [INFO] IPUIPlugin:80 - create IPUIPlugin
2024-11-29 08:09:56,678 [INFO] PluginManager:220 - loadIPPluginJar : add can
2024-11-29 08:09:56,695 [INFO] IPUIPlugin:80 - create IPUIPlugin
2024-11-29 08:09:56,695 [INFO] PluginManager:220 - loadIPPluginJar : add comp
2024-11-29 08:09:56,721 [INFO] IPUIPlugin:80 - create IPUIPlugin
2024-11-29 08:09:56,721 [INFO] PluginManager:220 - loadIPPluginJar : add cryp
2024-11-29 08:09:56,755 [INFO] IPUIPlugin:80 - create IPUIPlugin
2024-11-29 08:09:56,755 [INFO] PluginManager:220 - loadIPPluginJar : add ddr_ctrl_phy
2024-11-29 08:09:56,771 [INFO] IPUIPlugin:80 - create IPUIPlugin
2024-11-29 08:09:56,771 [INFO] PluginManager:220 - loadIPPluginJar : add dfsdm
2024-11-29 08:09:56,793 [INFO] IPUIPlugin:80 - create IPUIPlugin
2024-11-29 08:09:56,794 [INFO] PluginManager:220 - loadIPPluginJar : add dma
2024-11-29 08:09:56,811 [INFO] IPUIPlugin:80 - create IPUIPlugin
2024-11-29 08:09:56,811 [INFO] PluginManager:220 - loadIPPluginJar : add dma3
2024-11-29 08:09:56,824 [INFO] IPUIPlugin:80 - create IPUIPlugin
2024-11-29 08:09:56,825 [INFO] PluginManager:220 - loadIPPluginJar : add extmemmanager
2024-11-29 08:09:56,843 [INFO] IPUIPlugin:80 - create IPUIPlugin
2024-11-29 08:09:56,844 [INFO] PluginManager:220 - loadIPPluginJar : add fatfs
2024-11-29 08:09:56,868 [INFO] IPUIPlugin:80 - create IPUIPlugin
2024-11-29 08:09:56,869 [INFO] PluginManager:220 - loadIPPluginJar : add fmc
2024-11-29 08:09:56,895 [INFO] IPUIPlugin:80 - create IPUIPlugin
2024-11-29 08:09:56,895 [INFO] PluginManager:220 - loadIPPluginJar : add freertos
2024-11-29 08:09:56,907 [INFO] IPUIPlugin:80 - create IPUIPlugin
2024-11-29 08:09:56,907 [INFO] PluginManager:220 - loadIPPluginJar : add genericplugin
2024-11-29 08:09:56,925 [INFO] IPUIPlugin:80 - create IPUIPlugin
2024-11-29 08:09:56,925 [INFO] PluginManager:220 - loadIPPluginJar : add gfxmmu
2024-11-29 08:09:56,932 [INFO] IPUIPlugin:80 - create IPUIPlugin
2024-11-29 08:09:56,932 [INFO] PluginManager:220 - loadIPPluginJar : add gic
2024-11-29 08:09:56,948 [INFO] IPUIPlugin:80 - create IPUIPlugin
2024-11-29 08:09:56,948 [INFO] PluginManager:220 - loadIPPluginJar : add gpio
2024-11-29 08:09:56,953 [INFO] IPUIPlugin:80 - create IPUIPlugin
2024-11-29 08:09:56,953 [INFO] PluginManager:220 - loadIPPluginJar : add gtzc
2024-11-29 08:09:56,969 [INFO] IPUIPlugin:80 - create IPUIPlugin
2024-11-29 08:09:56,969 [INFO] PluginManager:220 - loadIPPluginJar : add hash
2024-11-29 08:09:56,991 [INFO] IPUIPlugin:80 - create IPUIPlugin
2024-11-29 08:09:56,991 [INFO] PluginManager:220 - loadIPPluginJar : add i2c
2024-11-29 08:09:57,007 [INFO] IPUIPlugin:80 - create IPUIPlugin
2024-11-29 08:09:57,007 [INFO] PluginManager:220 - loadIPPluginJar : add i2s
2024-11-29 08:09:57,025 [INFO] IPUIPlugin:80 - create IPUIPlugin
2024-11-29 08:09:57,025 [INFO] PluginManager:220 - loadIPPluginJar : add i3c
2024-11-29 08:09:57,030 [INFO] IPUIPlugin:80 - create IPUIPlugin
2024-11-29 08:09:57,030 [INFO] PluginManager:220 - loadIPPluginJar : add ipddr
2024-11-29 08:09:57,166 [INFO] IPUIPlugin:80 - create IPUIPlugin
2024-11-29 08:09:57,166 [INFO] PluginManager:220 - loadIPPluginJar : add linkedlist
2024-11-29 08:09:57,184 [INFO] IPUIPlugin:80 - create IPUIPlugin
2024-11-29 08:09:57,184 [INFO] PluginManager:220 - loadIPPluginJar : add lorawan
2024-11-29 08:09:57,230 [INFO] IPUIPlugin:80 - create IPUIPlugin
2024-11-29 08:09:57,230 [INFO] PluginManager:220 - loadIPPluginJar : add ltdc
2024-11-29 08:09:57,255 [INFO] IPUIPlugin:80 - create IPUIPlugin
2024-11-29 08:09:57,255 [INFO] PluginManager:220 - loadIPPluginJar : add mdma
2024-11-29 08:09:57,273 [INFO] IPUIPlugin:80 - create IPUIPlugin
2024-11-29 08:09:57,273 [INFO] PluginManager:220 - loadIPPluginJar : add nvic
2024-11-29 08:09:57,293 [INFO] IPUIPlugin:80 - create IPUIPlugin
2024-11-29 08:09:57,293 [INFO] PluginManager:220 - loadIPPluginJar : add opamp
2024-11-29 08:09:57,316 [INFO] IPUIPlugin:80 - create IPUIPlugin
2024-11-29 08:09:57,316 [INFO] PluginManager:220 - loadIPPluginJar : add openamp
2024-11-29 08:09:57,336 [INFO] IPUIPlugin:80 - create IPUIPlugin
2024-11-29 08:09:57,336 [INFO] PluginManager:220 - loadIPPluginJar : add pdm2pcm
2024-11-29 08:09:57,356 [INFO] IPUIPlugin:80 - create IPUIPlugin
2024-11-29 08:09:57,359 [INFO] PluginManager:220 - loadIPPluginJar : add plateformsettings
2024-11-29 08:09:57,374 [INFO] IPUIPlugin:80 - create IPUIPlugin
2024-11-29 08:09:57,374 [INFO] PluginManager:220 - loadIPPluginJar : add quadspi
2024-11-29 08:09:57,400 [INFO] IPUIPlugin:80 - create IPUIPlugin
2024-11-29 08:09:57,402 [INFO] PluginManager:220 - loadIPPluginJar : add radio
2024-11-29 08:09:57,430 [INFO] IPUIPlugin:80 - create IPUIPlugin
2024-11-29 08:09:57,430 [INFO] PluginManager:220 - loadIPPluginJar : add resmgrutility
2024-11-29 08:09:57,435 [INFO] IPUIPlugin:80 - create IPUIPlugin
2024-11-29 08:09:57,435 [INFO] PluginManager:220 - loadIPPluginJar : add sai
2024-11-29 08:09:57,439 [INFO] IPUIPlugin:80 - create IPUIPlugin
2024-11-29 08:09:57,439 [INFO] PluginManager:220 - loadIPPluginJar : add spi
2024-11-29 08:09:57,447 [INFO] IPUIPlugin:80 - create IPUIPlugin
2024-11-29 08:09:57,447 [INFO] PluginManager:220 - loadIPPluginJar : add stm32_wpan
2024-11-29 08:09:57,487 [INFO] IPUIPlugin:80 - create IPUIPlugin
2024-11-29 08:09:57,487 [INFO] PluginManager:220 - loadIPPluginJar : add tim
2024-11-29 08:09:57,505 [INFO] IPUIPlugin:80 - create IPUIPlugin
2024-11-29 08:09:57,505 [INFO] PluginManager:220 - loadIPPluginJar : add touchsensing
2024-11-29 08:09:57,519 [INFO] IPUIPlugin:80 - create IPUIPlugin
2024-11-29 08:09:57,519 [INFO] PluginManager:220 - loadIPPluginJar : add tracer_emb
2024-11-29 08:09:57,528 [INFO] IPUIPlugin:80 - create IPUIPlugin
2024-11-29 08:09:57,529 [INFO] PluginManager:220 - loadIPPluginJar : add ts
2024-11-29 08:09:57,539 [INFO] IPUIPlugin:80 - create IPUIPlugin
2024-11-29 08:09:57,540 [INFO] PluginManager:220 - loadIPPluginJar : add tsc
2024-11-29 08:09:57,549 [INFO] IPUIPlugin:80 - create IPUIPlugin
2024-11-29 08:09:57,550 [INFO] PluginManager:220 - loadIPPluginJar : add ucpd
2024-11-29 08:09:57,573 [INFO] IPUIPlugin:80 - create IPUIPlugin
2024-11-29 08:09:57,573 [INFO] PluginManager:220 - loadIPPluginJar : add usart
2024-11-29 08:09:57,577 [INFO] IPUIPlugin:80 - create IPUIPlugin
2024-11-29 08:09:57,577 [INFO] PluginManager:220 - loadIPPluginJar : add usbx
2024-11-29 08:09:57,755 [INFO] CADModel:165 - CPN selected for project level
2024-11-29 08:09:57,756 [INFO] CADModel:114 - Register for checkConnection events
2024-11-29 08:09:57,756 [FATAL] Updater:334 - Updater called before beeing initialized
2024-11-29 08:09:57,756 [ERROR] CADModel:125 - Updater not yet initialized, retry later 
2024-11-29 08:09:58,105 [INFO] CADModel:165 - CPN selected for project level
2024-11-29 08:09:58,106 [INFO] CADModel:114 - Register for checkConnection events
2024-11-29 08:09:58,106 [FATAL] Updater:334 - Updater called before beeing initialized
2024-11-29 08:09:58,106 [ERROR] CADModel:125 - Updater not yet initialized, retry later 
2024-11-29 08:09:58,121 [FATAL] Updater:334 - Updater called before beeing initialized
2024-11-29 08:09:58,151 [INFO] ThirdPartyUpdaterWithRetryManager:70 - Updater plugin not ready yet. [2/15]
2024-11-29 08:09:58,402 [FATAL] Updater:334 - Updater called before beeing initialized
2024-11-29 08:09:58,429 [INFO] DbMcusAds:53 - JSON generation date=Fri Sep 20 14:04:38 WAT 2024 (1726837478367)
2024-11-29 08:09:58,429 [FATAL] Updater:334 - Updater called before beeing initialized
2024-11-29 08:09:58,799 [WARN] DetailPanel:346 - Failed to get advertising image, set to default
2024-11-29 08:09:58,949 [FATAL] Updater:334 - Updater called before beeing initialized
2024-11-29 08:09:58,951 [FATAL] Updater:334 - Updater called before beeing initialized
2024-11-29 08:09:58,951 [FATAL] Updater:334 - Updater called before beeing initialized
2024-11-29 08:09:58,952 [WARN] DetailPanel:346 - Failed to get advertising image, set to default
2024-11-29 08:09:58,953 [FATAL] Updater:334 - Updater called before beeing initialized
2024-11-29 08:09:59,115 [ERROR] Updater:1164 - MainUpdater not yet initialized. External WinMGr cannot be set.
2024-11-29 08:09:59,156 [INFO] Updater:1100 - Updater Version found : 6.12.0
2024-11-29 08:09:59,199 [INFO] ApplicationProperties:184 - Using Application install path: C:\ST\STM32CubeIDE_1.16.0\STM32CubeIDE\plugins\com.st.stm32cube.common.mx_6.12.0.202406281431
2024-11-29 08:10:00,876 [ERROR] LogOutputStream:75 - [STDERR_REDIRECT] Nov 29, 2024 8:10:00 AM java.util.prefs.WindowsPreferences <init>
2024-11-29 08:10:00,886 [ERROR] LogOutputStream:75 - [STDERR_REDIRECT] WARNING: Could not open/create prefs root node Software\JavaSoft\Prefs at root 0xffffffff80000002. Windows RegCreateKeyEx(...) returned error code 5.
2024-11-29 08:10:00,886 [ERROR] LogOutputStream:75 - [STDERR_REDIRECT] 
2024-11-29 08:10:01,192 [FATAL] Updater:334 - Updater called before beeing initialized
2024-11-29 08:10:01,193 [ERROR] IntegrityCheckThread:130 - Cannot retrieve database content from updater: error 21
2024-11-29 08:10:01,193 [INFO] ThirdParty:978 - Integrity check success = false
2024-11-29 08:10:01,193 [INFO] IntegrityCheckThread:100 - exiting critical section [integrity check]
2024-11-29 08:10:01,193 [INFO] IntegrityCheckThread:103 - End integrity checks thread
2024-11-29 08:10:02,549 [INFO] MainUpdater:2873 - connection check result : 10
2024-11-29 08:10:02,550 [INFO] MainUpdater:290 - Updater Check For Update Now.
2024-11-29 08:10:02,551 [INFO] MicroXplorer:498 - Change Database Version : DB.6.0.120
2024-11-29 08:10:02,643 [INFO] McuFinderGlobals:63 - Set McuFinder mode to 2 (CubeIDE integrated)
2024-11-29 08:10:02,667 [INFO] UserAuth:417 - Internet connection configuration mode: 1
2024-11-29 08:10:03,070 [INFO] JxBrowserEngine:152 - Initiate JxBrowser Engine with user profile folder
2024-11-29 08:10:03,722 [INFO] CheckServerUpdateThread:120 - End of CheckServer Thread
2024-11-29 08:10:16,954 [INFO] WebApp:167 - Instantiating new browser for Auth
2024-11-29 08:10:26,805 [INFO] WebApp:448 - Apply proxy settings
2024-11-29 08:10:26,806 [INFO] WebApp:533 - Chromium requires no authentication
2024-11-29 08:10:27,639 [INFO] WebApp:476 - Direct internet connection detected
2024-11-29 08:10:29,354 [INFO] WebApp:869 - Register for checkConnection events
2024-11-29 08:10:29,354 [INFO] WebApp:448 - Apply proxy settings
2024-11-29 08:10:29,354 [INFO] WebApp:533 - Chromium requires no authentication
2024-11-29 08:10:29,355 [INFO] WebApp:476 - Direct internet connection detected
2024-11-29 08:10:32,836 [INFO] WebApp:186 - Connection restablished
2024-11-29 08:10:37,485 [INFO] WebApp:220 - Starting web application
2024-11-29 08:10:37,485 [INFO] WebApp:578 - Web application path used C:\ST\STM32CubeIDE_1.16.0\STM32CubeIDE\plugins\com.st.stm32cube.common.mx_6.12.0.202406281431\db\plugins\mcufinder\reactClient1\index.html
2024-11-29 08:10:38,366 [INFO] UserAuth:417 - Internet connection configuration mode: 1
2024-11-29 18:08:37,710 [ERROR] LogOutputStream:75 - [STDERR_REDIRECT] 
2024-11-29 18:08:37,711 [ERROR] LogOutputStream:75 - [STDERR_REDIRECT] 
