2024-10-07 08:56:28,756 [INFO] Activator:176 - 


2024-10-07 08:56:28,787 [INFO] Activator:177 - !SESSION log4j initialized
2024-10-07 08:56:52,977 [INFO] LogOutputStream:77 - [STDOUT_REDIRECT] 
2024-10-07 08:57:01,518 [INFO] ApplicationProperties:184 - Using Application install path: C:\ST\STM32CubeIDE_1.16.0\STM32CubeIDE\plugins\com.st.stm32cube.common.mx_6.12.0.202406281431
2024-10-07 08:57:01,580 [INFO] DbMcusXml:78 - Set database path to: C:\ST\STM32CubeIDE_1.16.0\STM32CubeIDE\plugins\com.st.stm32cube.common.mx_6.12.0.202406281431\\db\/mcu/
2024-10-07 08:57:01,580 [INFO] ApiDb:274 - Set plugin database path to: C:\ST\STM32CubeIDE_1.16.0\STM32CubeIDE\plugins\com.st.stm32cube.common.mx_6.12.0.202406281431\\db\/plugins/boardmanager/
2024-10-07 08:57:01,581 [WARN] ApiDb:259 - Overriding images path with different value:  => C:\ST\STM32CubeIDE_1.16.0\STM32CubeIDE\plugins\com.st.stm32cube.common.mx_6.12.0.202406281431\\db\/plugins/mcufinder/images/
2024-10-07 08:57:01,742 [INFO] ApiDb:250 - Set database path to: C:\Users\User\.stmcufinder\plugins\mcufinder//mcu/
2024-10-07 08:57:01,743 [INFO] DbMcusAds:125 - Set database path to: C:\Users\User\.stmcufinder\plugins\mcufinder//mcu/
2024-10-07 08:57:01,747 [INFO] CrossReferenceDbSqlite:203 - Set database path to: C:\Users\User\.stmcufinder\plugins\mcufinder//mcu/cs/
2024-10-07 08:57:02,049 [INFO] RulesReader:64 - Compatibility file has been processed (297 Rules)
2024-10-07 08:57:02,528 [INFO] DbMcusXml:78 - Set database path to: C:\ST\STM32CubeIDE_1.16.0\STM32CubeIDE\plugins\com.st.stm32cube.common.mx_6.12.0.202406281431\\db\/mcu/
2024-10-07 08:57:02,528 [INFO] ApiDb:274 - Set plugin database path to: C:\ST\STM32CubeIDE_1.16.0\STM32CubeIDE\plugins\com.st.stm32cube.common.mx_6.12.0.202406281431\\db\/plugins/boardmanager/
2024-10-07 08:57:02,528 [INFO] ApiDb:261 - Set plugin images path to: C:\ST\STM32CubeIDE_1.16.0\STM32CubeIDE\plugins\com.st.stm32cube.common.mx_6.12.0.202406281431\\db\/plugins/mcufinder/images/
2024-10-07 08:57:02,528 [WARN] DbFile:41 - Overriding database path with different value: C:\Users\User\.stmcufinder\plugins\mcufinder/ => C:\Users\User\.stmcufinder\plugins\mcufinder
2024-10-07 08:57:02,529 [INFO] ApiDb:250 - Set database path to: C:\Users\User\.stmcufinder\plugins\mcufinder//mcu/
2024-10-07 08:57:02,529 [WARN] DbFile:41 - Overriding database path with different value: C:\Users\User\.stmcufinder\plugins\mcufinder/ => C:\Users\User\.stmcufinder\plugins\mcufinder
2024-10-07 08:57:02,529 [INFO] DbMcusAds:125 - Set database path to: C:\Users\User\.stmcufinder\plugins\mcufinder//mcu/
2024-10-07 08:57:02,529 [WARN] DbFile:41 - Overriding database path with different value: C:\Users\User\.stmcufinder\plugins\mcufinder/ => C:\Users\User\.stmcufinder\plugins\mcufinder
2024-10-07 08:57:02,529 [WARN] DbFile:41 - Overriding database path with different value: C:\Users\User\.stmcufinder\plugins\mcufinder/ => C:\Users\User\.stmcufinder\plugins\mcufinder
2024-10-07 08:57:02,529 [INFO] CrossReferenceDbSqlite:203 - Set database path to: C:\Users\User\.stmcufinder\plugins\mcufinder//mcu/cs/
2024-10-07 08:57:02,812 [INFO] MainPanel:268 - HeapMemory: 268435456
2024-10-07 08:57:03,207 [INFO] DbMcusXml:78 - Set database path to: C:\ST\STM32CubeIDE_1.16.0\STM32CubeIDE\plugins\com.st.stm32cube.common.mx_6.12.0.202406281431\\db\/mcu/
2024-10-07 08:57:03,207 [INFO] ApiDb:274 - Set plugin database path to: C:\ST\STM32CubeIDE_1.16.0\STM32CubeIDE\plugins\com.st.stm32cube.common.mx_6.12.0.202406281431\\db\/plugins/boardmanager/
2024-10-07 08:57:03,207 [INFO] ApiDb:261 - Set plugin images path to: C:\ST\STM32CubeIDE_1.16.0\STM32CubeIDE\plugins\com.st.stm32cube.common.mx_6.12.0.202406281431\\db\/plugins/mcufinder/images/
2024-10-07 08:57:03,207 [WARN] DbFile:41 - Overriding database path with different value: C:\Users\User\.stmcufinder\plugins\mcufinder/ => C:\Users\User\.stmcufinder\plugins\mcufinder
2024-10-07 08:57:03,208 [INFO] ApiDb:250 - Set database path to: C:\Users\User\.stmcufinder\plugins\mcufinder//mcu/
2024-10-07 08:57:03,208 [WARN] DbFile:41 - Overriding database path with different value: C:\Users\User\.stmcufinder\plugins\mcufinder/ => C:\Users\User\.stmcufinder\plugins\mcufinder
2024-10-07 08:57:03,208 [INFO] DbMcusAds:125 - Set database path to: C:\Users\User\.stmcufinder\plugins\mcufinder//mcu/
2024-10-07 08:57:03,208 [WARN] DbFile:41 - Overriding database path with different value: C:\Users\User\.stmcufinder\plugins\mcufinder/ => C:\Users\User\.stmcufinder\plugins\mcufinder
2024-10-07 08:57:03,208 [WARN] DbFile:41 - Overriding database path with different value: C:\Users\User\.stmcufinder\plugins\mcufinder/ => C:\Users\User\.stmcufinder\plugins\mcufinder
2024-10-07 08:57:03,208 [INFO] CrossReferenceDbSqlite:203 - Set database path to: C:\Users\User\.stmcufinder\plugins\mcufinder//mcu/cs/
2024-10-07 08:57:03,237 [INFO] ApplicationProperties:184 - Using Application install path: C:\ST\STM32CubeIDE_1.16.0\STM32CubeIDE\plugins\com.st.stm32cube.common.mx_6.12.0.202406281431
2024-10-07 08:57:03,239 [INFO] PluginManage:196 - Search for loadable plugins [exclusion list=, ]
2024-10-07 08:57:03,241 [INFO] PluginManage:310 - Check plugin analytics
2024-10-07 08:57:08,254 [INFO] AnalyticsPlugin:253 - Accepted Software Licenses: 
2024-10-07 08:57:08,255 [INFO] AnalyticsPlugin:255 - Accepted CMSIS Pack Licenses: 
2024-10-07 08:57:08,255 [INFO] AnalyticsPlugin:257 - Accepted Firmware Licenses: FW.L4.1.18.0
2024-10-07 08:57:08,259 [INFO] PluginManage:359 - Loaded plugin analytics (category:tool,tabindex:-1)
2024-10-07 08:57:08,259 [INFO] PluginManage:310 - Check plugin cadmodel
2024-10-07 08:57:08,310 [INFO] CADModel:105 - Init CAD model plugin
2024-10-07 08:57:08,310 [INFO] PluginManage:359 - Loaded plugin cadmodel (category:power,tabindex:5)
2024-10-07 08:57:08,310 [INFO] PluginManage:310 - Check plugin clock
2024-10-07 08:57:08,361 [INFO] PluginManage:359 - Loaded plugin clock (category:base,tabindex:2)
2024-10-07 08:57:08,361 [INFO] PluginManage:310 - Check plugin ddr
2024-10-07 08:57:08,397 [INFO] PluginManage:359 - Loaded plugin ddr (category:tool,tabindex:6)
2024-10-07 08:57:08,398 [INFO] PluginManage:310 - Check plugin filemanager
2024-10-07 08:57:08,813 [INFO] PluginManage:359 - Loaded plugin filemanager (category:base,tabindex:10)
2024-10-07 08:57:08,813 [INFO] PluginManage:310 - Check plugin ipmanager
2024-10-07 08:57:08,855 [INFO] PluginManage:359 - Loaded plugin ipmanager (category:base,tabindex:5)
2024-10-07 08:57:08,855 [INFO] PluginManage:310 - Check plugin lpbam
2024-10-07 08:57:08,912 [INFO] PluginManage:359 - Loaded plugin lpbam (category:base,tabindex:0)
2024-10-07 08:57:08,912 [INFO] PluginManage:310 - Check plugin memorymap
2024-10-07 08:57:08,972 [INFO] PluginManage:359 - Loaded plugin memorymap (category:base,tabindex:4)
2024-10-07 08:57:08,972 [INFO] PluginManage:310 - Check plugin pinoutandconfiguration
2024-10-07 08:57:09,003 [INFO] PluginManage:359 - Loaded plugin pinoutandconfiguration (category:base,tabindex:1)
2024-10-07 08:57:09,003 [INFO] PluginManage:310 - Check plugin pinoutconfig
2024-10-07 08:57:09,443 [WARN] SupportedApi:132 - Cannot load RTOS API schema: s4s-elt-must-match.1: The content of 'definitions' must match (annotation?, (simpleType | complexType)?, (unique | key | keyref)*)). A problem was found starting at: attribute.
2024-10-07 08:57:09,746 [INFO] PluginManage:359 - Loaded plugin pinoutconfig (category:base,tabindex:0)
2024-10-07 08:57:09,746 [INFO] PluginManage:310 - Check plugin power
2024-10-07 08:57:09,787 [INFO] PluginManage:359 - Loaded plugin power (category:power,tabindex:4)
2024-10-07 08:57:09,787 [INFO] PluginManage:310 - Check plugin projectmanager
2024-10-07 08:57:09,821 [INFO] PluginManage:359 - Loaded plugin projectmanager (category:projectmanager,tabindex:4)
2024-10-07 08:57:09,821 [INFO] PluginManage:310 - Check plugin rif
2024-10-07 08:57:09,880 [INFO] PluginManage:359 - Loaded plugin rif (category:base,tabindex:3)
2024-10-07 08:57:09,880 [INFO] PluginManage:310 - Check plugin thirdparty
2024-10-07 08:57:10,451 [INFO] PluginManage:359 - Loaded plugin thirdparty (category:base,tabindex:-1)
2024-10-07 08:57:10,452 [INFO] PluginManage:310 - Check plugin tools
2024-10-07 08:57:10,451 [WARN] IntegrityCheckThread:84 - waiting for thirdparty lock release [integrity check]
2024-10-07 08:57:10,452 [INFO] IntegrityCheckThread:86 - entering critical section [integrity check]
2024-10-07 08:57:10,453 [INFO] ThirdPartyUpdaterWithRetryManager:70 - Updater plugin not ready yet. [1/15]
2024-10-07 08:57:10,500 [INFO] PluginManage:359 - Loaded plugin tools (category:base,tabindex:7)
2024-10-07 08:57:10,501 [INFO] PluginManage:310 - Check plugin tutovideos
2024-10-07 08:57:10,910 [INFO] PluginManage:359 - Loaded plugin tutovideos (category:base,tabindex:-1)
2024-10-07 08:57:10,911 [INFO] PluginManage:310 - Check plugin updater
2024-10-07 08:57:10,959 [INFO] PluginManage:359 - Loaded plugin updater (category:base,tabindex:12)
2024-10-07 08:57:10,959 [INFO] PluginManage:310 - Check plugin userauth
2024-10-07 08:57:11,002 [INFO] UserAuth:113 - Init User Auth plugin
2024-10-07 08:57:11,003 [INFO] PluginManage:359 - Loaded plugin userauth (category:base,tabindex:14)
2024-10-07 08:57:11,003 [INFO] PluginManage:283 - PluginManage : Loaded plugins [18]
2024-10-07 08:57:11,592 [INFO] PinOutPanel:1561 - setPackage(No Configuration,No Configuration)
2024-10-07 08:57:11,802 [INFO] CADModel:165 - CPN selected for project level
2024-10-07 08:57:11,803 [INFO] CADModel:114 - Register for checkConnection events
2024-10-07 08:57:12,096 [INFO] IPUIPlugin:80 - create IPUIPlugin
2024-10-07 08:57:12,096 [INFO] PluginManager:220 - loadIPPluginJar : add adc
2024-10-07 08:57:12,114 [INFO] IPUIPlugin:80 - create IPUIPlugin
2024-10-07 08:57:12,115 [INFO] PluginManager:220 - loadIPPluginJar : add aes
2024-10-07 08:57:12,136 [INFO] IPUIPlugin:80 - create IPUIPlugin
2024-10-07 08:57:12,136 [INFO] PluginManager:220 - loadIPPluginJar : add can
2024-10-07 08:57:12,146 [INFO] IPUIPlugin:80 - create IPUIPlugin
2024-10-07 08:57:12,147 [INFO] PluginManager:220 - loadIPPluginJar : add comp
2024-10-07 08:57:12,172 [INFO] IPUIPlugin:80 - create IPUIPlugin
2024-10-07 08:57:12,172 [INFO] PluginManager:220 - loadIPPluginJar : add cryp
2024-10-07 08:57:12,205 [INFO] IPUIPlugin:80 - create IPUIPlugin
2024-10-07 08:57:12,205 [INFO] PluginManager:220 - loadIPPluginJar : add ddr_ctrl_phy
2024-10-07 08:57:12,222 [INFO] IPUIPlugin:80 - create IPUIPlugin
2024-10-07 08:57:12,222 [INFO] PluginManager:220 - loadIPPluginJar : add dfsdm
2024-10-07 08:57:12,252 [INFO] IPUIPlugin:80 - create IPUIPlugin
2024-10-07 08:57:12,253 [INFO] PluginManager:220 - loadIPPluginJar : add dma
2024-10-07 08:57:12,269 [INFO] IPUIPlugin:80 - create IPUIPlugin
2024-10-07 08:57:12,269 [INFO] PluginManager:220 - loadIPPluginJar : add dma3
2024-10-07 08:57:12,283 [INFO] IPUIPlugin:80 - create IPUIPlugin
2024-10-07 08:57:12,284 [INFO] PluginManager:220 - loadIPPluginJar : add extmemmanager
2024-10-07 08:57:12,300 [INFO] IPUIPlugin:80 - create IPUIPlugin
2024-10-07 08:57:12,300 [INFO] PluginManager:220 - loadIPPluginJar : add fatfs
2024-10-07 08:57:12,319 [INFO] IPUIPlugin:80 - create IPUIPlugin
2024-10-07 08:57:12,319 [INFO] PluginManager:220 - loadIPPluginJar : add fmc
2024-10-07 08:57:12,346 [INFO] IPUIPlugin:80 - create IPUIPlugin
2024-10-07 08:57:12,346 [INFO] PluginManager:220 - loadIPPluginJar : add freertos
2024-10-07 08:57:12,365 [INFO] IPUIPlugin:80 - create IPUIPlugin
2024-10-07 08:57:12,365 [INFO] PluginManager:220 - loadIPPluginJar : add genericplugin
2024-10-07 08:57:12,370 [INFO] IPUIPlugin:80 - create IPUIPlugin
2024-10-07 08:57:12,370 [INFO] PluginManager:220 - loadIPPluginJar : add gfxmmu
2024-10-07 08:57:12,375 [INFO] IPUIPlugin:80 - create IPUIPlugin
2024-10-07 08:57:12,375 [INFO] PluginManager:220 - loadIPPluginJar : add gic
2024-10-07 08:57:12,397 [INFO] IPUIPlugin:80 - create IPUIPlugin
2024-10-07 08:57:12,398 [INFO] PluginManager:220 - loadIPPluginJar : add gpio
2024-10-07 08:57:12,402 [INFO] IPUIPlugin:80 - create IPUIPlugin
2024-10-07 08:57:12,402 [INFO] PluginManager:220 - loadIPPluginJar : add gtzc
2024-10-07 08:57:12,419 [INFO] IPUIPlugin:80 - create IPUIPlugin
2024-10-07 08:57:12,419 [INFO] PluginManager:220 - loadIPPluginJar : add hash
2024-10-07 08:57:12,433 [INFO] IPUIPlugin:80 - create IPUIPlugin
2024-10-07 08:57:12,434 [INFO] PluginManager:220 - loadIPPluginJar : add i2c
2024-10-07 08:57:12,449 [INFO] IPUIPlugin:80 - create IPUIPlugin
2024-10-07 08:57:12,450 [INFO] PluginManager:220 - loadIPPluginJar : add i2s
2024-10-07 08:57:12,467 [INFO] IPUIPlugin:80 - create IPUIPlugin
2024-10-07 08:57:12,467 [INFO] PluginManager:220 - loadIPPluginJar : add i3c
2024-10-07 08:57:12,472 [INFO] IPUIPlugin:80 - create IPUIPlugin
2024-10-07 08:57:12,472 [INFO] PluginManager:220 - loadIPPluginJar : add ipddr
2024-10-07 08:57:12,481 [INFO] IPUIPlugin:80 - create IPUIPlugin
2024-10-07 08:57:12,481 [INFO] PluginManager:220 - loadIPPluginJar : add linkedlist
2024-10-07 08:57:12,501 [INFO] IPUIPlugin:80 - create IPUIPlugin
2024-10-07 08:57:12,501 [INFO] PluginManager:220 - loadIPPluginJar : add lorawan
2024-10-07 08:57:12,522 [INFO] IPUIPlugin:80 - create IPUIPlugin
2024-10-07 08:57:12,522 [INFO] PluginManager:220 - loadIPPluginJar : add ltdc
2024-10-07 08:57:12,572 [INFO] IPUIPlugin:80 - create IPUIPlugin
2024-10-07 08:57:12,573 [INFO] PluginManager:220 - loadIPPluginJar : add mdma
2024-10-07 08:57:12,589 [INFO] IPUIPlugin:80 - create IPUIPlugin
2024-10-07 08:57:12,589 [INFO] PluginManager:220 - loadIPPluginJar : add nvic
2024-10-07 08:57:12,609 [INFO] IPUIPlugin:80 - create IPUIPlugin
2024-10-07 08:57:12,610 [INFO] PluginManager:220 - loadIPPluginJar : add opamp
2024-10-07 08:57:12,633 [INFO] IPUIPlugin:80 - create IPUIPlugin
2024-10-07 08:57:12,633 [INFO] PluginManager:220 - loadIPPluginJar : add openamp
2024-10-07 08:57:12,653 [INFO] IPUIPlugin:80 - create IPUIPlugin
2024-10-07 08:57:12,653 [INFO] PluginManager:220 - loadIPPluginJar : add pdm2pcm
2024-10-07 08:57:12,673 [INFO] IPUIPlugin:80 - create IPUIPlugin
2024-10-07 08:57:12,676 [INFO] PluginManager:220 - loadIPPluginJar : add plateformsettings
2024-10-07 08:57:12,691 [INFO] IPUIPlugin:80 - create IPUIPlugin
2024-10-07 08:57:12,691 [INFO] PluginManager:220 - loadIPPluginJar : add quadspi
2024-10-07 08:57:12,718 [INFO] IPUIPlugin:80 - create IPUIPlugin
2024-10-07 08:57:12,718 [INFO] PluginManager:220 - loadIPPluginJar : add radio
2024-10-07 08:57:12,747 [INFO] IPUIPlugin:80 - create IPUIPlugin
2024-10-07 08:57:12,747 [INFO] PluginManager:220 - loadIPPluginJar : add resmgrutility
2024-10-07 08:57:12,752 [INFO] IPUIPlugin:80 - create IPUIPlugin
2024-10-07 08:57:12,752 [INFO] PluginManager:220 - loadIPPluginJar : add sai
2024-10-07 08:57:12,756 [INFO] IPUIPlugin:80 - create IPUIPlugin
2024-10-07 08:57:12,756 [INFO] PluginManager:220 - loadIPPluginJar : add spi
2024-10-07 08:57:12,762 [INFO] IPUIPlugin:80 - create IPUIPlugin
2024-10-07 08:57:12,762 [INFO] PluginManager:220 - loadIPPluginJar : add stm32_wpan
2024-10-07 08:57:12,771 [INFO] IPUIPlugin:80 - create IPUIPlugin
2024-10-07 08:57:12,772 [INFO] PluginManager:220 - loadIPPluginJar : add tim
2024-10-07 08:57:12,776 [INFO] IPUIPlugin:80 - create IPUIPlugin
2024-10-07 08:57:12,776 [INFO] PluginManager:220 - loadIPPluginJar : add touchsensing
2024-10-07 08:57:12,787 [INFO] IPUIPlugin:80 - create IPUIPlugin
2024-10-07 08:57:12,787 [INFO] PluginManager:220 - loadIPPluginJar : add tracer_emb
2024-10-07 08:57:12,796 [INFO] IPUIPlugin:80 - create IPUIPlugin
2024-10-07 08:57:12,797 [INFO] PluginManager:220 - loadIPPluginJar : add ts
2024-10-07 08:57:12,822 [INFO] IPUIPlugin:80 - create IPUIPlugin
2024-10-07 08:57:12,822 [INFO] PluginManager:220 - loadIPPluginJar : add tsc
2024-10-07 08:57:12,833 [INFO] IPUIPlugin:80 - create IPUIPlugin
2024-10-07 08:57:12,833 [INFO] PluginManager:220 - loadIPPluginJar : add ucpd
2024-10-07 08:57:12,856 [INFO] IPUIPlugin:80 - create IPUIPlugin
2024-10-07 08:57:12,856 [INFO] PluginManager:220 - loadIPPluginJar : add usart
2024-10-07 08:57:12,860 [INFO] IPUIPlugin:80 - create IPUIPlugin
2024-10-07 08:57:12,861 [INFO] PluginManager:220 - loadIPPluginJar : add usbx
2024-10-07 08:57:13,036 [INFO] CADModel:165 - CPN selected for project level
2024-10-07 08:57:13,036 [INFO] CADModel:114 - Register for checkConnection events
2024-10-07 08:57:13,036 [FATAL] Updater:334 - Updater called before beeing initialized
2024-10-07 08:57:13,037 [ERROR] CADModel:125 - Updater not yet initialized, retry later 
2024-10-07 08:57:13,447 [INFO] CADModel:165 - CPN selected for project level
2024-10-07 08:57:13,447 [INFO] CADModel:114 - Register for checkConnection events
2024-10-07 08:57:13,447 [FATAL] Updater:334 - Updater called before beeing initialized
2024-10-07 08:57:13,448 [ERROR] CADModel:125 - Updater not yet initialized, retry later 
2024-10-07 08:57:13,453 [INFO] ThirdPartyUpdaterWithRetryManager:70 - Updater plugin not ready yet. [2/15]
2024-10-07 08:57:13,463 [FATAL] Updater:334 - Updater called before beeing initialized
2024-10-07 08:57:13,759 [FATAL] Updater:334 - Updater called before beeing initialized
2024-10-07 08:57:13,794 [INFO] DbMcusAds:53 - JSON generation date=Thu May 16 10:22:00 WAT 2024 (1715851320667)
2024-10-07 08:57:13,795 [FATAL] Updater:334 - Updater called before beeing initialized
2024-10-07 08:57:13,946 [WARN] DetailPanel:346 - Failed to get advertising image, set to default
2024-10-07 08:57:14,112 [FATAL] Updater:334 - Updater called before beeing initialized
2024-10-07 08:57:14,132 [FATAL] Updater:334 - Updater called before beeing initialized
2024-10-07 08:57:14,132 [FATAL] Updater:334 - Updater called before beeing initialized
2024-10-07 08:57:14,133 [WARN] DetailPanel:346 - Failed to get advertising image, set to default
2024-10-07 08:57:14,134 [FATAL] Updater:334 - Updater called before beeing initialized
2024-10-07 08:57:14,275 [ERROR] Updater:1164 - MainUpdater not yet initialized. External WinMGr cannot be set.
2024-10-07 08:57:14,289 [INFO] Updater:1100 - Updater Version found : 6.12.0
2024-10-07 08:57:14,335 [INFO] ApplicationProperties:184 - Using Application install path: C:\ST\STM32CubeIDE_1.16.0\STM32CubeIDE\plugins\com.st.stm32cube.common.mx_6.12.0.202406281431
2024-10-07 08:57:15,958 [ERROR] LogOutputStream:75 - [STDERR_REDIRECT] Oct 07, 2024 8:57:15 AM java.util.prefs.WindowsPreferences <init>
2024-10-07 08:57:15,961 [ERROR] LogOutputStream:75 - [STDERR_REDIRECT] WARNING: Could not open/create prefs root node Software\JavaSoft\Prefs at root 0xffffffff80000002. Windows RegCreateKeyEx(...) returned error code 5.
2024-10-07 08:57:15,961 [ERROR] LogOutputStream:75 - [STDERR_REDIRECT] 
2024-10-07 08:57:16,454 [FATAL] Updater:334 - Updater called before beeing initialized
2024-10-07 08:57:16,454 [ERROR] IntegrityCheckThread:130 - Cannot retrieve database content from updater: error 21
2024-10-07 08:57:16,455 [INFO] ThirdParty:978 - Integrity check success = false
2024-10-07 08:57:16,455 [INFO] IntegrityCheckThread:100 - exiting critical section [integrity check]
2024-10-07 08:57:16,455 [INFO] IntegrityCheckThread:103 - End integrity checks thread
2024-10-07 08:57:17,834 [INFO] MainUpdater:2873 - connection check result : 10
2024-10-07 08:57:17,834 [INFO] MainUpdater:3567 - Updater definition file requires update
2024-10-07 08:57:17,835 [INFO] MainUpdater:290 - Updater Check For Update Now.
2024-10-07 08:57:17,835 [INFO] MicroXplorer:498 - Change Database Version : DB.6.0.120
2024-10-07 08:57:17,874 [INFO] McuFinderGlobals:63 - Set McuFinder mode to 2 (CubeIDE integrated)
2024-10-07 08:57:17,896 [INFO] UserAuth:417 - Internet connection configuration mode: 1
2024-10-07 08:57:18,014 [INFO] JxBrowserEngine:152 - Initiate JxBrowser Engine with user profile folder
2024-10-07 08:57:18,760 [INFO] ServerAccessManage:473 - Download File updaters.zip
2024-10-07 08:57:21,531 [INFO] FileExtend:240 - Unzip File : updaters.zip
2024-10-07 08:57:21,532 [INFO] FileExtend:255 - Standard Zip Deflate
2024-10-07 08:57:22,265 [INFO] ServerAccessManage:473 - Download File PacksControlFlags.xml
2024-10-07 08:57:23,361 [INFO] ServerAccessManage:473 - Download File cubemx.pidx
2024-10-07 08:57:29,848 [INFO] WebApp:167 - Instantiating new browser for Auth
2024-10-07 08:57:30,527 [INFO] ServerAccessManage:473 - Download File STMicroelectronics.X-CUBE-AI.pdsc
2024-10-07 08:57:38,182 [INFO] ServerAccessManage:473 - Download File STMicroelectronics.X-CUBE-IPS.pdsc
2024-10-07 08:57:40,594 [INFO] WebApp:448 - Apply proxy settings
2024-10-07 08:57:40,594 [INFO] WebApp:533 - Chromium requires no authentication
2024-10-07 08:57:41,363 [INFO] WebApp:476 - Direct internet connection detected
2024-10-07 08:57:42,765 [INFO] WebApp:869 - Register for checkConnection events
2024-10-07 08:57:42,765 [INFO] WebApp:448 - Apply proxy settings
2024-10-07 08:57:42,766 [INFO] WebApp:533 - Chromium requires no authentication
2024-10-07 08:57:42,768 [INFO] WebApp:476 - Direct internet connection detected
2024-10-07 08:57:45,101 [INFO] ServerAccessManage:473 - Download File STMicroelectronics.X-CUBE-WB05N.pdsc
2024-10-07 08:57:45,663 [INFO] WebApp:186 - Connection restablished
2024-10-07 08:57:49,610 [INFO] CheckServerUpdateThread:120 - End of CheckServer Thread
2024-10-07 08:57:49,999 [WARN] PackLoader:240 - Cannot read IP mode file for STMicroelectronics.X-CUBE-AI.9.1.0
2024-10-07 08:57:50,365 [WARN] PackLoader:240 - Cannot read IP mode file for STMicroelectronics.X-CUBE-IPS.3.0.0
2024-10-07 08:57:50,402 [WARN] PackLoader:240 - Cannot read IP mode file for STMicroelectronics.X-CUBE-WB05N.1.1.0
2024-10-07 08:57:50,409 [INFO] PopulateThirdPartyThread:66 - Ending populate Thread
2024-10-07 08:57:50,413 [INFO] ThirdParty:1030 - CMSIS Pack Vendor :STMicroelectronics X-CUBE-IPS 3.0.0
2024-10-07 08:57:50,414 [INFO] ThirdParty:1030 - CMSIS Pack Vendor :STMicroelectronics X-CUBE-AI 9.1.0
2024-10-07 08:57:50,414 [INFO] ThirdParty:1030 - CMSIS Pack Vendor :STMicroelectronics X-CUBE-WB05N 1.1.0
2024-10-07 08:57:50,414 [INFO] LoadServerUpdatesThread:375 - End of LoadServerUpdate Thread
2024-10-07 08:57:50,478 [INFO] WebApp:220 - Starting web application
2024-10-07 08:57:50,478 [INFO] WebApp:578 - Web application path used C:\ST\STM32CubeIDE_1.16.0\STM32CubeIDE\plugins\com.st.stm32cube.common.mx_6.12.0.202406281431\db\plugins\mcufinder\reactClient1\index.html
2024-10-07 08:57:52,286 [INFO] UserAuth:417 - Internet connection configuration mode: 1
2024-10-07 09:10:01,845 [INFO] WebApp:189 - Connection lost
2024-10-07 09:10:02,184 [INFO] WebApp:186 - Connection restablished
2024-10-07 09:10:09,768 [INFO] WebApp:189 - Connection lost
2024-10-07 09:10:10,027 [INFO] WebApp:186 - Connection restablished
2024-10-07 09:12:10,240 [INFO] WebApp:189 - Connection lost
2024-10-07 09:12:10,580 [INFO] WebApp:186 - Connection restablished
2024-10-07 09:12:18,787 [INFO] WebApp:189 - Connection lost
2024-10-07 09:12:18,995 [INFO] WebApp:186 - Connection restablished
2024-10-07 09:23:11,666 [INFO] WebApp:189 - Connection lost
2024-10-07 09:23:12,040 [INFO] WebApp:186 - Connection restablished
2024-10-07 09:23:19,781 [INFO] WebApp:189 - Connection lost
2024-10-07 09:23:20,251 [INFO] WebApp:186 - Connection restablished
2024-10-07 11:02:19,170 [INFO] WebApp:189 - Connection lost
2024-10-07 11:02:19,515 [INFO] WebApp:186 - Connection restablished
2024-10-07 11:02:27,782 [INFO] WebApp:189 - Connection lost
2024-10-07 11:02:27,998 [INFO] WebApp:186 - Connection restablished
2024-10-07 14:30:43,985 [ERROR] LogOutputStream:75 - [STDERR_REDIRECT] Exception in thread "Browser Thread: 0046a4af-2013-4ca1-8739-683cf4a42e46" java.lang.IllegalStateException
2024-10-07 14:30:44,043 [ERROR] LogOutputStream:75 - [STDERR_REDIRECT] 	at com.teamdev.jxbrowser.deps.com.google.common.base.Preconditions.checkState(Preconditions.java:494)
2024-10-07 14:30:44,045 [ERROR] LogOutputStream:75 - [STDERR_REDIRECT] 	at com.teamdev.jxbrowser.internal.RpcThreadImpl.submit(RpcThreadImpl.java:94)
2024-10-07 14:30:44,049 [ERROR] LogOutputStream:75 - [STDERR_REDIRECT] 	at com.teamdev.jxbrowser.browser.internal.BrowserImpl.notifyObserversAsync(BrowserImpl.java:768)
2024-10-07 14:30:44,052 [ERROR] LogOutputStream:75 - [STDERR_REDIRECT] 	at com.teamdev.jxbrowser.frame.internal.Frames.lambda$deleteFrame$3(Frames.java:73)
2024-10-07 14:30:44,054 [ERROR] LogOutputStream:75 - [STDERR_REDIRECT] 	at java.base/java.util.Optional.ifPresent(Optional.java:178)
2024-10-07 14:30:44,058 [ERROR] LogOutputStream:75 - [STDERR_REDIRECT] 	at com.teamdev.jxbrowser.frame.internal.Frames.deleteFrame(Frames.java:71)
2024-10-07 14:30:44,062 [ERROR] LogOutputStream:75 - [STDERR_REDIRECT] 	at com.teamdev.jxbrowser.frame.internal.Frames.lambda$new$1(Frames.java:32)
2024-10-07 14:30:44,068 [ERROR] LogOutputStream:75 - [STDERR_REDIRECT] 	at com.teamdev.jxbrowser.internal.rpc.stream.CallbackStream.process(CallbackStream.java:181)
2024-10-07 14:30:44,073 [ERROR] LogOutputStream:75 - [STDERR_REDIRECT] 	at com.teamdev.jxbrowser.internal.rpc.stream.Stream$StreamObserver.lambda$onNext$0(Stream.java:167)
2024-10-07 14:30:44,078 [ERROR] LogOutputStream:75 - [STDERR_REDIRECT] 	at com.teamdev.jxbrowser.internal.RpcThreadImpl$TaskRunner.processTasks(RpcThreadImpl.java:172)
2024-10-07 14:30:44,081 [ERROR] LogOutputStream:75 - [STDERR_REDIRECT] 	at java.base/java.lang.Thread.run(Thread.java:840)
2024-10-07 14:30:45,855 [ERROR] LogOutputStream:75 - [STDERR_REDIRECT] 14:30:45.781 ERROR Chromium process exit code: 1,073,807,364
2024-10-07 14:30:45,855 [ERROR] LogOutputStream:75 - [STDERR_REDIRECT] 
2024-10-07 14:30:45,858 [ERROR] LogOutputStream:75 - [STDERR_REDIRECT] 14:30:45.856 ERROR Crash dump dir: C:\Users\User\AppData\Local\JxBrowser\7.38.2\CrashReports
2024-10-07 14:30:45,858 [ERROR] LogOutputStream:75 - [STDERR_REDIRECT] 
2024-10-07 14:30:46,399 [ERROR] WebApp:397 - JxBrowser engine crashed! Exit code: 1073807364
