2024-11-22 08:55:44,871 [INFO] Activator:176 - 


2024-11-22 08:55:44,889 [INFO] Activator:177 - !SESSION log4j initialized
2024-11-22 08:56:02,237 [INFO] LogOutputStream:77 - [STDOUT_REDIRECT] 
2024-11-22 08:56:16,366 [INFO] ApplicationProperties:184 - Using Application install path: C:\ST\STM32CubeIDE_1.16.0\STM32CubeIDE\plugins\com.st.stm32cube.common.mx_6.12.0.202406281431
2024-11-22 08:56:16,424 [INFO] DbMcusXml:78 - Set database path to: C:\ST\STM32CubeIDE_1.16.0\STM32CubeIDE\plugins\com.st.stm32cube.common.mx_6.12.0.202406281431\\db\/mcu/
2024-11-22 08:56:16,425 [INFO] ApiDb:274 - Set plugin database path to: C:\ST\STM32CubeIDE_1.16.0\STM32CubeIDE\plugins\com.st.stm32cube.common.mx_6.12.0.202406281431\\db\/plugins/boardmanager/
2024-11-22 08:56:16,426 [WARN] ApiDb:259 - Overriding images path with different value:  => C:\ST\STM32CubeIDE_1.16.0\STM32CubeIDE\plugins\com.st.stm32cube.common.mx_6.12.0.202406281431\\db\/plugins/mcufinder/images/
2024-11-22 08:56:16,516 [INFO] ApiDb:250 - Set database path to: C:\Users\User\.stmcufinder\plugins\mcufinder//mcu/
2024-11-22 08:56:16,518 [INFO] DbMcusAds:125 - Set database path to: C:\Users\User\.stmcufinder\plugins\mcufinder//mcu/
2024-11-22 08:56:16,786 [INFO] CrossReferenceDbSqlite:203 - Set database path to: C:\Users\User\.stmcufinder\plugins\mcufinder//mcu/cs/
2024-11-22 08:56:17,047 [INFO] RulesReader:64 - Compatibility file has been processed (297 Rules)
2024-11-22 08:56:17,290 [INFO] DbMcusXml:78 - Set database path to: C:\ST\STM32CubeIDE_1.16.0\STM32CubeIDE\plugins\com.st.stm32cube.common.mx_6.12.0.202406281431\\db\/mcu/
2024-11-22 08:56:17,290 [INFO] ApiDb:274 - Set plugin database path to: C:\ST\STM32CubeIDE_1.16.0\STM32CubeIDE\plugins\com.st.stm32cube.common.mx_6.12.0.202406281431\\db\/plugins/boardmanager/
2024-11-22 08:56:17,291 [INFO] ApiDb:261 - Set plugin images path to: C:\ST\STM32CubeIDE_1.16.0\STM32CubeIDE\plugins\com.st.stm32cube.common.mx_6.12.0.202406281431\\db\/plugins/mcufinder/images/
2024-11-22 08:56:17,291 [WARN] DbFile:41 - Overriding database path with different value: C:\Users\User\.stmcufinder\plugins\mcufinder/ => C:\Users\User\.stmcufinder\plugins\mcufinder
2024-11-22 08:56:17,291 [INFO] ApiDb:250 - Set database path to: C:\Users\User\.stmcufinder\plugins\mcufinder//mcu/
2024-11-22 08:56:17,291 [WARN] DbFile:41 - Overriding database path with different value: C:\Users\User\.stmcufinder\plugins\mcufinder/ => C:\Users\User\.stmcufinder\plugins\mcufinder
2024-11-22 08:56:17,292 [INFO] DbMcusAds:125 - Set database path to: C:\Users\User\.stmcufinder\plugins\mcufinder//mcu/
2024-11-22 08:56:17,292 [WARN] DbFile:41 - Overriding database path with different value: C:\Users\User\.stmcufinder\plugins\mcufinder/ => C:\Users\User\.stmcufinder\plugins\mcufinder
2024-11-22 08:56:17,292 [WARN] DbFile:41 - Overriding database path with different value: C:\Users\User\.stmcufinder\plugins\mcufinder/ => C:\Users\User\.stmcufinder\plugins\mcufinder
2024-11-22 08:56:17,292 [INFO] CrossReferenceDbSqlite:203 - Set database path to: C:\Users\User\.stmcufinder\plugins\mcufinder//mcu/cs/
2024-11-22 08:56:17,537 [INFO] MainPanel:268 - HeapMemory: 268435456
2024-11-22 08:56:18,057 [INFO] DbMcusXml:78 - Set database path to: C:\ST\STM32CubeIDE_1.16.0\STM32CubeIDE\plugins\com.st.stm32cube.common.mx_6.12.0.202406281431\\db\/mcu/
2024-11-22 08:56:18,057 [INFO] ApiDb:274 - Set plugin database path to: C:\ST\STM32CubeIDE_1.16.0\STM32CubeIDE\plugins\com.st.stm32cube.common.mx_6.12.0.202406281431\\db\/plugins/boardmanager/
2024-11-22 08:56:18,058 [INFO] ApiDb:261 - Set plugin images path to: C:\ST\STM32CubeIDE_1.16.0\STM32CubeIDE\plugins\com.st.stm32cube.common.mx_6.12.0.202406281431\\db\/plugins/mcufinder/images/
2024-11-22 08:56:18,058 [WARN] DbFile:41 - Overriding database path with different value: C:\Users\User\.stmcufinder\plugins\mcufinder/ => C:\Users\User\.stmcufinder\plugins\mcufinder
2024-11-22 08:56:18,058 [INFO] ApiDb:250 - Set database path to: C:\Users\User\.stmcufinder\plugins\mcufinder//mcu/
2024-11-22 08:56:18,058 [WARN] DbFile:41 - Overriding database path with different value: C:\Users\User\.stmcufinder\plugins\mcufinder/ => C:\Users\User\.stmcufinder\plugins\mcufinder
2024-11-22 08:56:18,058 [INFO] DbMcusAds:125 - Set database path to: C:\Users\User\.stmcufinder\plugins\mcufinder//mcu/
2024-11-22 08:56:18,059 [WARN] DbFile:41 - Overriding database path with different value: C:\Users\User\.stmcufinder\plugins\mcufinder/ => C:\Users\User\.stmcufinder\plugins\mcufinder
2024-11-22 08:56:18,059 [WARN] DbFile:41 - Overriding database path with different value: C:\Users\User\.stmcufinder\plugins\mcufinder/ => C:\Users\User\.stmcufinder\plugins\mcufinder
2024-11-22 08:56:18,059 [INFO] CrossReferenceDbSqlite:203 - Set database path to: C:\Users\User\.stmcufinder\plugins\mcufinder//mcu/cs/
2024-11-22 08:56:18,200 [INFO] ApplicationProperties:184 - Using Application install path: C:\ST\STM32CubeIDE_1.16.0\STM32CubeIDE\plugins\com.st.stm32cube.common.mx_6.12.0.202406281431
2024-11-22 08:56:18,202 [INFO] PluginManage:196 - Search for loadable plugins [exclusion list=, ]
2024-11-22 08:56:18,204 [INFO] PluginManage:310 - Check plugin analytics
2024-11-22 08:56:23,141 [INFO] AnalyticsPlugin:253 - Accepted Software Licenses: 
2024-11-22 08:56:23,142 [INFO] AnalyticsPlugin:255 - Accepted CMSIS Pack Licenses: 
2024-11-22 08:56:23,142 [INFO] AnalyticsPlugin:257 - Accepted Firmware Licenses: FW.L4.1.18.0
2024-11-22 08:56:23,147 [INFO] PluginManage:359 - Loaded plugin analytics (category:tool,tabindex:-1)
2024-11-22 08:56:23,148 [INFO] PluginManage:310 - Check plugin cadmodel
2024-11-22 08:56:23,197 [INFO] CADModel:105 - Init CAD model plugin
2024-11-22 08:56:23,198 [INFO] PluginManage:359 - Loaded plugin cadmodel (category:power,tabindex:5)
2024-11-22 08:56:23,198 [INFO] PluginManage:310 - Check plugin clock
2024-11-22 08:56:23,254 [INFO] PluginManage:359 - Loaded plugin clock (category:base,tabindex:2)
2024-11-22 08:56:23,254 [INFO] PluginManage:310 - Check plugin ddr
2024-11-22 08:56:23,290 [INFO] PluginManage:359 - Loaded plugin ddr (category:tool,tabindex:6)
2024-11-22 08:56:23,291 [INFO] PluginManage:310 - Check plugin filemanager
2024-11-22 08:56:23,599 [INFO] PluginManage:359 - Loaded plugin filemanager (category:base,tabindex:10)
2024-11-22 08:56:23,600 [INFO] PluginManage:310 - Check plugin ipmanager
2024-11-22 08:56:23,635 [INFO] PluginManage:359 - Loaded plugin ipmanager (category:base,tabindex:5)
2024-11-22 08:56:23,636 [INFO] PluginManage:310 - Check plugin lpbam
2024-11-22 08:56:23,672 [INFO] PluginManage:359 - Loaded plugin lpbam (category:base,tabindex:0)
2024-11-22 08:56:23,673 [INFO] PluginManage:310 - Check plugin memorymap
2024-11-22 08:56:23,732 [INFO] PluginManage:359 - Loaded plugin memorymap (category:base,tabindex:4)
2024-11-22 08:56:23,733 [INFO] PluginManage:310 - Check plugin pinoutandconfiguration
2024-11-22 08:56:23,777 [INFO] PluginManage:359 - Loaded plugin pinoutandconfiguration (category:base,tabindex:1)
2024-11-22 08:56:23,777 [INFO] PluginManage:310 - Check plugin pinoutconfig
2024-11-22 08:56:23,998 [WARN] SupportedApi:132 - Cannot load RTOS API schema: s4s-elt-must-match.1: The content of 'definitions' must match (annotation?, (simpleType | complexType)?, (unique | key | keyref)*)). A problem was found starting at: attribute.
2024-11-22 08:56:24,335 [INFO] PluginManage:359 - Loaded plugin pinoutconfig (category:base,tabindex:0)
2024-11-22 08:56:24,335 [INFO] PluginManage:310 - Check plugin power
2024-11-22 08:56:24,384 [INFO] PluginManage:359 - Loaded plugin power (category:power,tabindex:4)
2024-11-22 08:56:24,385 [INFO] PluginManage:310 - Check plugin projectmanager
2024-11-22 08:56:24,428 [INFO] PluginManage:359 - Loaded plugin projectmanager (category:projectmanager,tabindex:4)
2024-11-22 08:56:24,428 [INFO] PluginManage:310 - Check plugin rif
2024-11-22 08:56:24,470 [INFO] PluginManage:359 - Loaded plugin rif (category:base,tabindex:3)
2024-11-22 08:56:24,471 [INFO] PluginManage:310 - Check plugin thirdparty
2024-11-22 08:56:25,027 [INFO] PluginManage:359 - Loaded plugin thirdparty (category:base,tabindex:-1)
2024-11-22 08:56:25,027 [WARN] IntegrityCheckThread:84 - waiting for thirdparty lock release [integrity check]
2024-11-22 08:56:25,027 [INFO] PluginManage:310 - Check plugin tools
2024-11-22 08:56:25,027 [INFO] IntegrityCheckThread:86 - entering critical section [integrity check]
2024-11-22 08:56:25,028 [INFO] ThirdPartyUpdaterWithRetryManager:70 - Updater plugin not ready yet. [1/15]
2024-11-22 08:56:25,153 [INFO] PluginManage:359 - Loaded plugin tools (category:base,tabindex:7)
2024-11-22 08:56:25,153 [INFO] PluginManage:310 - Check plugin tutovideos
2024-11-22 08:56:25,577 [INFO] PluginManage:359 - Loaded plugin tutovideos (category:base,tabindex:-1)
2024-11-22 08:56:25,578 [INFO] PluginManage:310 - Check plugin updater
2024-11-22 08:56:25,621 [INFO] PluginManage:359 - Loaded plugin updater (category:base,tabindex:12)
2024-11-22 08:56:25,621 [INFO] PluginManage:310 - Check plugin userauth
2024-11-22 08:56:25,653 [INFO] UserAuth:113 - Init User Auth plugin
2024-11-22 08:56:25,654 [INFO] PluginManage:359 - Loaded plugin userauth (category:base,tabindex:14)
2024-11-22 08:56:25,654 [INFO] PluginManage:283 - PluginManage : Loaded plugins [18]
2024-11-22 08:56:26,245 [INFO] PinOutPanel:1561 - setPackage(No Configuration,No Configuration)
2024-11-22 08:56:26,716 [INFO] CADModel:165 - CPN selected for project level
2024-11-22 08:56:26,716 [INFO] CADModel:114 - Register for checkConnection events
2024-11-22 08:56:26,782 [INFO] IPUIPlugin:80 - create IPUIPlugin
2024-11-22 08:56:26,782 [INFO] PluginManager:220 - loadIPPluginJar : add adc
2024-11-22 08:56:26,799 [INFO] IPUIPlugin:80 - create IPUIPlugin
2024-11-22 08:56:26,800 [INFO] PluginManager:220 - loadIPPluginJar : add aes
2024-11-22 08:56:26,821 [INFO] IPUIPlugin:80 - create IPUIPlugin
2024-11-22 08:56:26,821 [INFO] PluginManager:220 - loadIPPluginJar : add can
2024-11-22 08:56:26,831 [INFO] IPUIPlugin:80 - create IPUIPlugin
2024-11-22 08:56:26,832 [INFO] PluginManager:220 - loadIPPluginJar : add comp
2024-11-22 08:56:26,857 [INFO] IPUIPlugin:80 - create IPUIPlugin
2024-11-22 08:56:26,857 [INFO] PluginManager:220 - loadIPPluginJar : add cryp
2024-11-22 08:56:26,891 [INFO] IPUIPlugin:80 - create IPUIPlugin
2024-11-22 08:56:26,891 [INFO] PluginManager:220 - loadIPPluginJar : add ddr_ctrl_phy
2024-11-22 08:56:26,907 [INFO] IPUIPlugin:80 - create IPUIPlugin
2024-11-22 08:56:26,907 [INFO] PluginManager:220 - loadIPPluginJar : add dfsdm
2024-11-22 08:56:26,937 [INFO] IPUIPlugin:80 - create IPUIPlugin
2024-11-22 08:56:26,938 [INFO] PluginManager:220 - loadIPPluginJar : add dma
2024-11-22 08:56:26,954 [INFO] IPUIPlugin:80 - create IPUIPlugin
2024-11-22 08:56:26,954 [INFO] PluginManager:220 - loadIPPluginJar : add dma3
2024-11-22 08:56:26,969 [INFO] IPUIPlugin:80 - create IPUIPlugin
2024-11-22 08:56:26,969 [INFO] PluginManager:220 - loadIPPluginJar : add extmemmanager
2024-11-22 08:56:26,988 [INFO] IPUIPlugin:80 - create IPUIPlugin
2024-11-22 08:56:26,988 [INFO] PluginManager:220 - loadIPPluginJar : add fatfs
2024-11-22 08:56:27,014 [INFO] IPUIPlugin:80 - create IPUIPlugin
2024-11-22 08:56:27,014 [INFO] PluginManager:220 - loadIPPluginJar : add fmc
2024-11-22 08:56:27,042 [INFO] IPUIPlugin:80 - create IPUIPlugin
2024-11-22 08:56:27,042 [INFO] PluginManager:220 - loadIPPluginJar : add freertos
2024-11-22 08:56:27,110 [INFO] IPUIPlugin:80 - create IPUIPlugin
2024-11-22 08:56:27,110 [INFO] PluginManager:220 - loadIPPluginJar : add genericplugin
2024-11-22 08:56:27,115 [INFO] IPUIPlugin:80 - create IPUIPlugin
2024-11-22 08:56:27,115 [INFO] PluginManager:220 - loadIPPluginJar : add gfxmmu
2024-11-22 08:56:27,124 [INFO] IPUIPlugin:80 - create IPUIPlugin
2024-11-22 08:56:27,124 [INFO] PluginManager:220 - loadIPPluginJar : add gic
2024-11-22 08:56:27,160 [INFO] IPUIPlugin:80 - create IPUIPlugin
2024-11-22 08:56:27,160 [INFO] PluginManager:220 - loadIPPluginJar : add gpio
2024-11-22 08:56:27,166 [INFO] IPUIPlugin:80 - create IPUIPlugin
2024-11-22 08:56:27,166 [INFO] PluginManager:220 - loadIPPluginJar : add gtzc
2024-11-22 08:56:27,188 [INFO] IPUIPlugin:80 - create IPUIPlugin
2024-11-22 08:56:27,188 [INFO] PluginManager:220 - loadIPPluginJar : add hash
2024-11-22 08:56:27,210 [INFO] IPUIPlugin:80 - create IPUIPlugin
2024-11-22 08:56:27,210 [INFO] PluginManager:220 - loadIPPluginJar : add i2c
2024-11-22 08:56:27,226 [INFO] IPUIPlugin:80 - create IPUIPlugin
2024-11-22 08:56:27,226 [INFO] PluginManager:220 - loadIPPluginJar : add i2s
2024-11-22 08:56:27,242 [INFO] IPUIPlugin:80 - create IPUIPlugin
2024-11-22 08:56:27,243 [INFO] PluginManager:220 - loadIPPluginJar : add i3c
2024-11-22 08:56:27,248 [INFO] IPUIPlugin:80 - create IPUIPlugin
2024-11-22 08:56:27,248 [INFO] PluginManager:220 - loadIPPluginJar : add ipddr
2024-11-22 08:56:27,273 [INFO] IPUIPlugin:80 - create IPUIPlugin
2024-11-22 08:56:27,273 [INFO] PluginManager:220 - loadIPPluginJar : add linkedlist
2024-11-22 08:56:27,296 [INFO] IPUIPlugin:80 - create IPUIPlugin
2024-11-22 08:56:27,297 [INFO] PluginManager:220 - loadIPPluginJar : add lorawan
2024-11-22 08:56:27,308 [INFO] IPUIPlugin:80 - create IPUIPlugin
2024-11-22 08:56:27,308 [INFO] PluginManager:220 - loadIPPluginJar : add ltdc
2024-11-22 08:56:27,332 [INFO] IPUIPlugin:80 - create IPUIPlugin
2024-11-22 08:56:27,332 [INFO] PluginManager:220 - loadIPPluginJar : add mdma
2024-11-22 08:56:27,366 [INFO] IPUIPlugin:80 - create IPUIPlugin
2024-11-22 08:56:27,366 [INFO] PluginManager:220 - loadIPPluginJar : add nvic
2024-11-22 08:56:27,387 [INFO] IPUIPlugin:80 - create IPUIPlugin
2024-11-22 08:56:27,387 [INFO] PluginManager:220 - loadIPPluginJar : add opamp
2024-11-22 08:56:27,409 [INFO] IPUIPlugin:80 - create IPUIPlugin
2024-11-22 08:56:27,409 [INFO] PluginManager:220 - loadIPPluginJar : add openamp
2024-11-22 08:56:27,430 [INFO] IPUIPlugin:80 - create IPUIPlugin
2024-11-22 08:56:27,430 [INFO] PluginManager:220 - loadIPPluginJar : add pdm2pcm
2024-11-22 08:56:27,451 [INFO] IPUIPlugin:80 - create IPUIPlugin
2024-11-22 08:56:27,454 [INFO] PluginManager:220 - loadIPPluginJar : add plateformsettings
2024-11-22 08:56:27,468 [INFO] IPUIPlugin:80 - create IPUIPlugin
2024-11-22 08:56:27,468 [INFO] PluginManager:220 - loadIPPluginJar : add quadspi
2024-11-22 08:56:27,494 [INFO] IPUIPlugin:80 - create IPUIPlugin
2024-11-22 08:56:27,495 [INFO] PluginManager:220 - loadIPPluginJar : add radio
2024-11-22 08:56:27,524 [INFO] IPUIPlugin:80 - create IPUIPlugin
2024-11-22 08:56:27,524 [INFO] PluginManager:220 - loadIPPluginJar : add resmgrutility
2024-11-22 08:56:27,529 [INFO] IPUIPlugin:80 - create IPUIPlugin
2024-11-22 08:56:27,529 [INFO] PluginManager:220 - loadIPPluginJar : add sai
2024-11-22 08:56:27,533 [INFO] IPUIPlugin:80 - create IPUIPlugin
2024-11-22 08:56:27,533 [INFO] PluginManager:220 - loadIPPluginJar : add spi
2024-11-22 08:56:27,541 [INFO] IPUIPlugin:80 - create IPUIPlugin
2024-11-22 08:56:27,541 [INFO] PluginManager:220 - loadIPPluginJar : add stm32_wpan
2024-11-22 08:56:27,557 [INFO] IPUIPlugin:80 - create IPUIPlugin
2024-11-22 08:56:27,557 [INFO] PluginManager:220 - loadIPPluginJar : add tim
2024-11-22 08:56:27,562 [INFO] IPUIPlugin:80 - create IPUIPlugin
2024-11-22 08:56:27,562 [INFO] PluginManager:220 - loadIPPluginJar : add touchsensing
2024-11-22 08:56:27,572 [INFO] IPUIPlugin:80 - create IPUIPlugin
2024-11-22 08:56:27,572 [INFO] PluginManager:220 - loadIPPluginJar : add tracer_emb
2024-11-22 08:56:27,581 [INFO] IPUIPlugin:80 - create IPUIPlugin
2024-11-22 08:56:27,582 [INFO] PluginManager:220 - loadIPPluginJar : add ts
2024-11-22 08:56:27,592 [INFO] IPUIPlugin:80 - create IPUIPlugin
2024-11-22 08:56:27,592 [INFO] PluginManager:220 - loadIPPluginJar : add tsc
2024-11-22 08:56:27,602 [INFO] IPUIPlugin:80 - create IPUIPlugin
2024-11-22 08:56:27,602 [INFO] PluginManager:220 - loadIPPluginJar : add ucpd
2024-11-22 08:56:27,626 [INFO] IPUIPlugin:80 - create IPUIPlugin
2024-11-22 08:56:27,626 [INFO] PluginManager:220 - loadIPPluginJar : add usart
2024-11-22 08:56:27,848 [INFO] IPUIPlugin:80 - create IPUIPlugin
2024-11-22 08:56:27,848 [INFO] PluginManager:220 - loadIPPluginJar : add usbx
2024-11-22 08:56:28,028 [INFO] CADModel:165 - CPN selected for project level
2024-11-22 08:56:28,028 [INFO] CADModel:114 - Register for checkConnection events
2024-11-22 08:56:28,028 [FATAL] Updater:334 - Updater called before beeing initialized
2024-11-22 08:56:28,028 [ERROR] CADModel:125 - Updater not yet initialized, retry later 
2024-11-22 08:56:28,030 [INFO] ThirdPartyUpdaterWithRetryManager:70 - Updater plugin not ready yet. [2/15]
2024-11-22 08:56:28,562 [INFO] CADModel:165 - CPN selected for project level
2024-11-22 08:56:28,562 [INFO] CADModel:114 - Register for checkConnection events
2024-11-22 08:56:28,563 [FATAL] Updater:334 - Updater called before beeing initialized
2024-11-22 08:56:28,563 [ERROR] CADModel:125 - Updater not yet initialized, retry later 
2024-11-22 08:56:28,572 [FATAL] Updater:334 - Updater called before beeing initialized
2024-11-22 08:56:28,820 [FATAL] Updater:334 - Updater called before beeing initialized
2024-11-22 08:56:28,836 [INFO] DbMcusAds:53 - JSON generation date=Fri Sep 20 14:04:38 WAT 2024 (1726837478367)
2024-11-22 08:56:28,836 [FATAL] Updater:334 - Updater called before beeing initialized
2024-11-22 08:56:28,979 [WARN] DetailPanel:346 - Failed to get advertising image, set to default
2024-11-22 08:56:29,345 [FATAL] Updater:334 - Updater called before beeing initialized
2024-11-22 08:56:29,349 [FATAL] Updater:334 - Updater called before beeing initialized
2024-11-22 08:56:29,349 [FATAL] Updater:334 - Updater called before beeing initialized
2024-11-22 08:56:29,349 [WARN] DetailPanel:346 - Failed to get advertising image, set to default
2024-11-22 08:56:29,351 [FATAL] Updater:334 - Updater called before beeing initialized
2024-11-22 08:56:29,491 [ERROR] Updater:1164 - MainUpdater not yet initialized. External WinMGr cannot be set.
2024-11-22 08:56:29,537 [INFO] Updater:1100 - Updater Version found : 6.12.0
2024-11-22 08:56:29,656 [INFO] ApplicationProperties:184 - Using Application install path: C:\ST\STM32CubeIDE_1.16.0\STM32CubeIDE\plugins\com.st.stm32cube.common.mx_6.12.0.202406281431
2024-11-22 08:56:31,031 [FATAL] Updater:334 - Updater called before beeing initialized
2024-11-22 08:56:31,031 [ERROR] IntegrityCheckThread:130 - Cannot retrieve database content from updater: error 21
2024-11-22 08:56:31,032 [INFO] ThirdParty:978 - Integrity check success = false
2024-11-22 08:56:31,032 [INFO] IntegrityCheckThread:100 - exiting critical section [integrity check]
2024-11-22 08:56:31,032 [INFO] IntegrityCheckThread:103 - End integrity checks thread
2024-11-22 08:56:31,300 [ERROR] LogOutputStream:75 - [STDERR_REDIRECT] Nov 22, 2024 8:56:31 AM java.util.prefs.WindowsPreferences <init>
2024-11-22 08:56:31,305 [ERROR] LogOutputStream:75 - [STDERR_REDIRECT] WARNING: Could not open/create prefs root node Software\JavaSoft\Prefs at root 0xffffffff80000002. Windows RegCreateKeyEx(...) returned error code 5.
2024-11-22 08:56:31,305 [ERROR] LogOutputStream:75 - [STDERR_REDIRECT] 
2024-11-22 08:56:32,143 [INFO] MainUpdater:2873 - connection check result : 10
2024-11-22 08:56:32,144 [INFO] MainUpdater:290 - Updater Check For Update Now.
2024-11-22 08:56:32,144 [INFO] MicroXplorer:498 - Change Database Version : DB.6.0.120
2024-11-22 08:56:32,169 [INFO] McuFinderGlobals:63 - Set McuFinder mode to 2 (CubeIDE integrated)
2024-11-22 08:56:32,170 [INFO] UserAuth:417 - Internet connection configuration mode: 1
2024-11-22 08:56:32,350 [INFO] JxBrowserEngine:152 - Initiate JxBrowser Engine with user profile folder
2024-11-22 08:56:32,631 [INFO] CheckServerUpdateThread:120 - End of CheckServer Thread
2024-11-22 08:56:46,725 [INFO] WebApp:167 - Instantiating new browser for Auth
2024-11-22 08:56:56,824 [INFO] WebApp:448 - Apply proxy settings
2024-11-22 08:56:56,826 [INFO] WebApp:533 - Chromium requires no authentication
2024-11-22 08:56:57,657 [INFO] WebApp:476 - Direct internet connection detected
2024-11-22 08:56:59,144 [INFO] WebApp:869 - Register for checkConnection events
2024-11-22 08:56:59,144 [INFO] WebApp:448 - Apply proxy settings
2024-11-22 08:56:59,144 [INFO] WebApp:533 - Chromium requires no authentication
2024-11-22 08:56:59,145 [INFO] WebApp:476 - Direct internet connection detected
2024-11-22 08:57:02,150 [INFO] WebApp:186 - Connection restablished
2024-11-22 08:57:07,687 [INFO] WebApp:220 - Starting web application
2024-11-22 08:57:07,687 [INFO] WebApp:578 - Web application path used C:\ST\STM32CubeIDE_1.16.0\STM32CubeIDE\plugins\com.st.stm32cube.common.mx_6.12.0.202406281431\db\plugins\mcufinder\reactClient1\index.html
2024-11-22 08:57:08,649 [INFO] UserAuth:417 - Internet connection configuration mode: 1
2024-11-22 10:22:04,896 [INFO] WebApp:189 - Connection lost
2024-11-22 10:22:05,557 [INFO] WebApp:186 - Connection restablished
2024-11-22 14:38:54,104 [INFO] WebApp:189 - Connection lost
2024-11-22 14:38:54,786 [INFO] WebApp:186 - Connection restablished
2024-11-22 14:38:57,290 [INFO] WebApp:189 - Connection lost
2024-11-22 14:38:57,535 [INFO] WebApp:186 - Connection restablished
2024-11-22 15:07:40,836 [INFO] WebApp:189 - Connection lost
2024-11-22 15:07:41,197 [INFO] WebApp:186 - Connection restablished
2024-11-22 15:07:44,165 [INFO] WebApp:189 - Connection lost
2024-11-22 15:07:44,382 [INFO] WebApp:186 - Connection restablished
2024-11-22 15:19:26,715 [INFO] WebApp:189 - Connection lost
2024-11-22 15:19:28,617 [INFO] WebApp:186 - Connection restablished
2024-11-22 15:19:29,728 [INFO] WebApp:189 - Connection lost
2024-11-22 15:19:29,980 [INFO] WebApp:186 - Connection restablished
