2024-10-25 11:15:19,421 [INFO] Activator:176 - 


2024-10-25 11:15:19,530 [INFO] Activator:177 - !SESSION log4j initialized
2024-10-25 11:15:36,589 [INFO] LogOutputStream:77 - [STDOUT_REDIRECT] 
2024-10-25 11:15:51,205 [INFO] ApplicationProperties:184 - Using Application install path: C:\ST\STM32CubeIDE_1.16.0\STM32CubeIDE\plugins\com.st.stm32cube.common.mx_6.12.0.202406281431
2024-10-25 11:15:51,265 [INFO] DbMcusXml:78 - Set database path to: C:\ST\STM32CubeIDE_1.16.0\STM32CubeIDE\plugins\com.st.stm32cube.common.mx_6.12.0.202406281431\\db\/mcu/
2024-10-25 11:15:51,265 [INFO] ApiDb:274 - Set plugin database path to: C:\ST\STM32CubeIDE_1.16.0\STM32CubeIDE\plugins\com.st.stm32cube.common.mx_6.12.0.202406281431\\db\/plugins/boardmanager/
2024-10-25 11:15:51,266 [WARN] ApiDb:259 - Overriding images path with different value:  => C:\ST\STM32CubeIDE_1.16.0\STM32CubeIDE\plugins\com.st.stm32cube.common.mx_6.12.0.202406281431\\db\/plugins/mcufinder/images/
2024-10-25 11:15:51,334 [INFO] ApiDb:250 - Set database path to: C:\Users\User\.stmcufinder\plugins\mcufinder//mcu/
2024-10-25 11:15:51,335 [INFO] DbMcusAds:125 - Set database path to: C:\Users\User\.stmcufinder\plugins\mcufinder//mcu/
2024-10-25 11:15:51,352 [INFO] CrossReferenceDbSqlite:203 - Set database path to: C:\Users\User\.stmcufinder\plugins\mcufinder//mcu/cs/
2024-10-25 11:15:51,628 [INFO] RulesReader:64 - Compatibility file has been processed (297 Rules)
2024-10-25 11:15:52,008 [INFO] DbMcusXml:78 - Set database path to: C:\ST\STM32CubeIDE_1.16.0\STM32CubeIDE\plugins\com.st.stm32cube.common.mx_6.12.0.202406281431\\db\/mcu/
2024-10-25 11:15:52,008 [INFO] ApiDb:274 - Set plugin database path to: C:\ST\STM32CubeIDE_1.16.0\STM32CubeIDE\plugins\com.st.stm32cube.common.mx_6.12.0.202406281431\\db\/plugins/boardmanager/
2024-10-25 11:15:52,009 [INFO] ApiDb:261 - Set plugin images path to: C:\ST\STM32CubeIDE_1.16.0\STM32CubeIDE\plugins\com.st.stm32cube.common.mx_6.12.0.202406281431\\db\/plugins/mcufinder/images/
2024-10-25 11:15:52,009 [WARN] DbFile:41 - Overriding database path with different value: C:\Users\User\.stmcufinder\plugins\mcufinder/ => C:\Users\User\.stmcufinder\plugins\mcufinder
2024-10-25 11:15:52,009 [INFO] ApiDb:250 - Set database path to: C:\Users\User\.stmcufinder\plugins\mcufinder//mcu/
2024-10-25 11:15:52,009 [WARN] DbFile:41 - Overriding database path with different value: C:\Users\User\.stmcufinder\plugins\mcufinder/ => C:\Users\User\.stmcufinder\plugins\mcufinder
2024-10-25 11:15:52,009 [INFO] DbMcusAds:125 - Set database path to: C:\Users\User\.stmcufinder\plugins\mcufinder//mcu/
2024-10-25 11:15:52,010 [WARN] DbFile:41 - Overriding database path with different value: C:\Users\User\.stmcufinder\plugins\mcufinder/ => C:\Users\User\.stmcufinder\plugins\mcufinder
2024-10-25 11:15:52,010 [WARN] DbFile:41 - Overriding database path with different value: C:\Users\User\.stmcufinder\plugins\mcufinder/ => C:\Users\User\.stmcufinder\plugins\mcufinder
2024-10-25 11:15:52,010 [INFO] CrossReferenceDbSqlite:203 - Set database path to: C:\Users\User\.stmcufinder\plugins\mcufinder//mcu/cs/
2024-10-25 11:15:52,398 [INFO] MainPanel:268 - HeapMemory: 268435456
2024-10-25 11:15:52,793 [INFO] DbMcusXml:78 - Set database path to: C:\ST\STM32CubeIDE_1.16.0\STM32CubeIDE\plugins\com.st.stm32cube.common.mx_6.12.0.202406281431\\db\/mcu/
2024-10-25 11:15:52,793 [INFO] ApiDb:274 - Set plugin database path to: C:\ST\STM32CubeIDE_1.16.0\STM32CubeIDE\plugins\com.st.stm32cube.common.mx_6.12.0.202406281431\\db\/plugins/boardmanager/
2024-10-25 11:15:52,794 [INFO] ApiDb:261 - Set plugin images path to: C:\ST\STM32CubeIDE_1.16.0\STM32CubeIDE\plugins\com.st.stm32cube.common.mx_6.12.0.202406281431\\db\/plugins/mcufinder/images/
2024-10-25 11:15:52,794 [WARN] DbFile:41 - Overriding database path with different value: C:\Users\User\.stmcufinder\plugins\mcufinder/ => C:\Users\User\.stmcufinder\plugins\mcufinder
2024-10-25 11:15:52,794 [INFO] ApiDb:250 - Set database path to: C:\Users\User\.stmcufinder\plugins\mcufinder//mcu/
2024-10-25 11:15:52,794 [WARN] DbFile:41 - Overriding database path with different value: C:\Users\User\.stmcufinder\plugins\mcufinder/ => C:\Users\User\.stmcufinder\plugins\mcufinder
2024-10-25 11:15:52,794 [INFO] DbMcusAds:125 - Set database path to: C:\Users\User\.stmcufinder\plugins\mcufinder//mcu/
2024-10-25 11:15:52,795 [WARN] DbFile:41 - Overriding database path with different value: C:\Users\User\.stmcufinder\plugins\mcufinder/ => C:\Users\User\.stmcufinder\plugins\mcufinder
2024-10-25 11:15:52,795 [WARN] DbFile:41 - Overriding database path with different value: C:\Users\User\.stmcufinder\plugins\mcufinder/ => C:\Users\User\.stmcufinder\plugins\mcufinder
2024-10-25 11:15:52,795 [INFO] CrossReferenceDbSqlite:203 - Set database path to: C:\Users\User\.stmcufinder\plugins\mcufinder//mcu/cs/
2024-10-25 11:15:52,848 [INFO] ApplicationProperties:184 - Using Application install path: C:\ST\STM32CubeIDE_1.16.0\STM32CubeIDE\plugins\com.st.stm32cube.common.mx_6.12.0.202406281431
2024-10-25 11:15:52,850 [INFO] PluginManage:196 - Search for loadable plugins [exclusion list=, ]
2024-10-25 11:15:52,851 [INFO] PluginManage:310 - Check plugin analytics
2024-10-25 11:15:58,088 [INFO] AnalyticsPlugin:253 - Accepted Software Licenses: 
2024-10-25 11:15:58,089 [INFO] AnalyticsPlugin:255 - Accepted CMSIS Pack Licenses: 
2024-10-25 11:15:58,089 [INFO] AnalyticsPlugin:257 - Accepted Firmware Licenses: FW.L4.1.18.0
2024-10-25 11:15:58,092 [INFO] PluginManage:359 - Loaded plugin analytics (category:tool,tabindex:-1)
2024-10-25 11:15:58,093 [INFO] PluginManage:310 - Check plugin cadmodel
2024-10-25 11:15:58,145 [INFO] CADModel:105 - Init CAD model plugin
2024-10-25 11:15:58,145 [INFO] PluginManage:359 - Loaded plugin cadmodel (category:power,tabindex:5)
2024-10-25 11:15:58,145 [INFO] PluginManage:310 - Check plugin clock
2024-10-25 11:15:58,195 [INFO] PluginManage:359 - Loaded plugin clock (category:base,tabindex:2)
2024-10-25 11:15:58,195 [INFO] PluginManage:310 - Check plugin ddr
2024-10-25 11:15:58,216 [INFO] PluginManage:359 - Loaded plugin ddr (category:tool,tabindex:6)
2024-10-25 11:15:58,216 [INFO] PluginManage:310 - Check plugin filemanager
2024-10-25 11:15:58,557 [INFO] PluginManage:359 - Loaded plugin filemanager (category:base,tabindex:10)
2024-10-25 11:15:58,557 [INFO] PluginManage:310 - Check plugin ipmanager
2024-10-25 11:15:58,601 [INFO] PluginManage:359 - Loaded plugin ipmanager (category:base,tabindex:5)
2024-10-25 11:15:58,601 [INFO] PluginManage:310 - Check plugin lpbam
2024-10-25 11:15:58,641 [INFO] PluginManage:359 - Loaded plugin lpbam (category:base,tabindex:0)
2024-10-25 11:15:58,641 [INFO] PluginManage:310 - Check plugin memorymap
2024-10-25 11:15:58,716 [INFO] PluginManage:359 - Loaded plugin memorymap (category:base,tabindex:4)
2024-10-25 11:15:58,716 [INFO] PluginManage:310 - Check plugin pinoutandconfiguration
2024-10-25 11:15:58,781 [INFO] PluginManage:359 - Loaded plugin pinoutandconfiguration (category:base,tabindex:1)
2024-10-25 11:15:58,781 [INFO] PluginManage:310 - Check plugin pinoutconfig
2024-10-25 11:15:59,023 [WARN] SupportedApi:132 - Cannot load RTOS API schema: s4s-elt-must-match.1: The content of 'definitions' must match (annotation?, (simpleType | complexType)?, (unique | key | keyref)*)). A problem was found starting at: attribute.
2024-10-25 11:15:59,307 [INFO] PluginManage:359 - Loaded plugin pinoutconfig (category:base,tabindex:0)
2024-10-25 11:15:59,307 [INFO] PluginManage:310 - Check plugin power
2024-10-25 11:15:59,349 [INFO] PluginManage:359 - Loaded plugin power (category:power,tabindex:4)
2024-10-25 11:15:59,350 [INFO] PluginManage:310 - Check plugin projectmanager
2024-10-25 11:15:59,387 [INFO] PluginManage:359 - Loaded plugin projectmanager (category:projectmanager,tabindex:4)
2024-10-25 11:15:59,387 [INFO] PluginManage:310 - Check plugin rif
2024-10-25 11:15:59,412 [INFO] PluginManage:359 - Loaded plugin rif (category:base,tabindex:3)
2024-10-25 11:15:59,412 [INFO] PluginManage:310 - Check plugin thirdparty
2024-10-25 11:15:59,917 [INFO] PluginManage:359 - Loaded plugin thirdparty (category:base,tabindex:-1)
2024-10-25 11:15:59,917 [WARN] IntegrityCheckThread:84 - waiting for thirdparty lock release [integrity check]
2024-10-25 11:15:59,918 [INFO] PluginManage:310 - Check plugin tools
2024-10-25 11:15:59,918 [INFO] IntegrityCheckThread:86 - entering critical section [integrity check]
2024-10-25 11:15:59,918 [INFO] ThirdPartyUpdaterWithRetryManager:70 - Updater plugin not ready yet. [1/15]
2024-10-25 11:15:59,946 [INFO] PluginManage:359 - Loaded plugin tools (category:base,tabindex:7)
2024-10-25 11:15:59,947 [INFO] PluginManage:310 - Check plugin tutovideos
2024-10-25 11:16:00,441 [INFO] PluginManage:359 - Loaded plugin tutovideos (category:base,tabindex:-1)
2024-10-25 11:16:00,441 [INFO] PluginManage:310 - Check plugin updater
2024-10-25 11:16:00,495 [INFO] PluginManage:359 - Loaded plugin updater (category:base,tabindex:12)
2024-10-25 11:16:00,495 [INFO] PluginManage:310 - Check plugin userauth
2024-10-25 11:16:00,529 [INFO] UserAuth:113 - Init User Auth plugin
2024-10-25 11:16:00,530 [INFO] PluginManage:359 - Loaded plugin userauth (category:base,tabindex:14)
2024-10-25 11:16:00,530 [INFO] PluginManage:283 - PluginManage : Loaded plugins [18]
2024-10-25 11:16:01,235 [INFO] PinOutPanel:1561 - setPackage(No Configuration,No Configuration)
2024-10-25 11:16:01,558 [INFO] CADModel:165 - CPN selected for project level
2024-10-25 11:16:01,559 [INFO] CADModel:114 - Register for checkConnection events
2024-10-25 11:16:01,648 [INFO] IPUIPlugin:80 - create IPUIPlugin
2024-10-25 11:16:01,649 [INFO] PluginManager:220 - loadIPPluginJar : add adc
2024-10-25 11:16:01,667 [INFO] IPUIPlugin:80 - create IPUIPlugin
2024-10-25 11:16:01,667 [INFO] PluginManager:220 - loadIPPluginJar : add aes
2024-10-25 11:16:01,688 [INFO] IPUIPlugin:80 - create IPUIPlugin
2024-10-25 11:16:01,688 [INFO] PluginManager:220 - loadIPPluginJar : add can
2024-10-25 11:16:01,699 [INFO] IPUIPlugin:80 - create IPUIPlugin
2024-10-25 11:16:01,699 [INFO] PluginManager:220 - loadIPPluginJar : add comp
2024-10-25 11:16:01,724 [INFO] IPUIPlugin:80 - create IPUIPlugin
2024-10-25 11:16:01,724 [INFO] PluginManager:220 - loadIPPluginJar : add cryp
2024-10-25 11:16:01,758 [INFO] IPUIPlugin:80 - create IPUIPlugin
2024-10-25 11:16:01,758 [INFO] PluginManager:220 - loadIPPluginJar : add ddr_ctrl_phy
2024-10-25 11:16:01,774 [INFO] IPUIPlugin:80 - create IPUIPlugin
2024-10-25 11:16:01,774 [INFO] PluginManager:220 - loadIPPluginJar : add dfsdm
2024-10-25 11:16:01,805 [INFO] IPUIPlugin:80 - create IPUIPlugin
2024-10-25 11:16:01,805 [INFO] PluginManager:220 - loadIPPluginJar : add dma
2024-10-25 11:16:01,821 [INFO] IPUIPlugin:80 - create IPUIPlugin
2024-10-25 11:16:01,821 [INFO] PluginManager:220 - loadIPPluginJar : add dma3
2024-10-25 11:16:01,835 [INFO] IPUIPlugin:80 - create IPUIPlugin
2024-10-25 11:16:01,835 [INFO] PluginManager:220 - loadIPPluginJar : add extmemmanager
2024-10-25 11:16:01,848 [INFO] IPUIPlugin:80 - create IPUIPlugin
2024-10-25 11:16:01,848 [INFO] PluginManager:220 - loadIPPluginJar : add fatfs
2024-10-25 11:16:01,879 [INFO] IPUIPlugin:80 - create IPUIPlugin
2024-10-25 11:16:01,879 [INFO] PluginManager:220 - loadIPPluginJar : add fmc
2024-10-25 11:16:01,905 [INFO] IPUIPlugin:80 - create IPUIPlugin
2024-10-25 11:16:01,906 [INFO] PluginManager:220 - loadIPPluginJar : add freertos
2024-10-25 11:16:01,918 [INFO] IPUIPlugin:80 - create IPUIPlugin
2024-10-25 11:16:01,918 [INFO] PluginManager:220 - loadIPPluginJar : add genericplugin
2024-10-25 11:16:01,922 [INFO] IPUIPlugin:80 - create IPUIPlugin
2024-10-25 11:16:01,922 [INFO] PluginManager:220 - loadIPPluginJar : add gfxmmu
2024-10-25 11:16:01,928 [INFO] IPUIPlugin:80 - create IPUIPlugin
2024-10-25 11:16:01,928 [INFO] PluginManager:220 - loadIPPluginJar : add gic
2024-10-25 11:16:01,949 [INFO] IPUIPlugin:80 - create IPUIPlugin
2024-10-25 11:16:01,949 [INFO] PluginManager:220 - loadIPPluginJar : add gpio
2024-10-25 11:16:01,954 [INFO] IPUIPlugin:80 - create IPUIPlugin
2024-10-25 11:16:01,954 [INFO] PluginManager:220 - loadIPPluginJar : add gtzc
2024-10-25 11:16:01,971 [INFO] IPUIPlugin:80 - create IPUIPlugin
2024-10-25 11:16:01,971 [INFO] PluginManager:220 - loadIPPluginJar : add hash
2024-10-25 11:16:01,986 [INFO] IPUIPlugin:80 - create IPUIPlugin
2024-10-25 11:16:01,986 [INFO] PluginManager:220 - loadIPPluginJar : add i2c
2024-10-25 11:16:02,001 [INFO] IPUIPlugin:80 - create IPUIPlugin
2024-10-25 11:16:02,001 [INFO] PluginManager:220 - loadIPPluginJar : add i2s
2024-10-25 11:16:02,019 [INFO] IPUIPlugin:80 - create IPUIPlugin
2024-10-25 11:16:02,019 [INFO] PluginManager:220 - loadIPPluginJar : add i3c
2024-10-25 11:16:02,024 [INFO] IPUIPlugin:80 - create IPUIPlugin
2024-10-25 11:16:02,024 [INFO] PluginManager:220 - loadIPPluginJar : add ipddr
2024-10-25 11:16:02,033 [INFO] IPUIPlugin:80 - create IPUIPlugin
2024-10-25 11:16:02,033 [INFO] PluginManager:220 - loadIPPluginJar : add linkedlist
2024-10-25 11:16:02,054 [INFO] IPUIPlugin:80 - create IPUIPlugin
2024-10-25 11:16:02,054 [INFO] PluginManager:220 - loadIPPluginJar : add lorawan
2024-10-25 11:16:02,074 [INFO] IPUIPlugin:80 - create IPUIPlugin
2024-10-25 11:16:02,074 [INFO] PluginManager:220 - loadIPPluginJar : add ltdc
2024-10-25 11:16:02,098 [INFO] IPUIPlugin:80 - create IPUIPlugin
2024-10-25 11:16:02,098 [INFO] PluginManager:220 - loadIPPluginJar : add mdma
2024-10-25 11:16:02,116 [INFO] IPUIPlugin:80 - create IPUIPlugin
2024-10-25 11:16:02,116 [INFO] PluginManager:220 - loadIPPluginJar : add nvic
2024-10-25 11:16:02,138 [INFO] IPUIPlugin:80 - create IPUIPlugin
2024-10-25 11:16:02,138 [INFO] PluginManager:220 - loadIPPluginJar : add opamp
2024-10-25 11:16:02,159 [INFO] IPUIPlugin:80 - create IPUIPlugin
2024-10-25 11:16:02,160 [INFO] PluginManager:220 - loadIPPluginJar : add openamp
2024-10-25 11:16:02,180 [INFO] IPUIPlugin:80 - create IPUIPlugin
2024-10-25 11:16:02,180 [INFO] PluginManager:220 - loadIPPluginJar : add pdm2pcm
2024-10-25 11:16:02,200 [INFO] IPUIPlugin:80 - create IPUIPlugin
2024-10-25 11:16:02,203 [INFO] PluginManager:220 - loadIPPluginJar : add plateformsettings
2024-10-25 11:16:02,210 [INFO] IPUIPlugin:80 - create IPUIPlugin
2024-10-25 11:16:02,210 [INFO] PluginManager:220 - loadIPPluginJar : add quadspi
2024-10-25 11:16:02,237 [INFO] IPUIPlugin:80 - create IPUIPlugin
2024-10-25 11:16:02,237 [INFO] PluginManager:220 - loadIPPluginJar : add radio
2024-10-25 11:16:02,267 [INFO] IPUIPlugin:80 - create IPUIPlugin
2024-10-25 11:16:02,267 [INFO] PluginManager:220 - loadIPPluginJar : add resmgrutility
2024-10-25 11:16:02,270 [INFO] IPUIPlugin:80 - create IPUIPlugin
2024-10-25 11:16:02,271 [INFO] PluginManager:220 - loadIPPluginJar : add sai
2024-10-25 11:16:02,274 [INFO] IPUIPlugin:80 - create IPUIPlugin
2024-10-25 11:16:02,274 [INFO] PluginManager:220 - loadIPPluginJar : add spi
2024-10-25 11:16:02,281 [INFO] IPUIPlugin:80 - create IPUIPlugin
2024-10-25 11:16:02,282 [INFO] PluginManager:220 - loadIPPluginJar : add stm32_wpan
2024-10-25 11:16:02,298 [INFO] IPUIPlugin:80 - create IPUIPlugin
2024-10-25 11:16:02,298 [INFO] PluginManager:220 - loadIPPluginJar : add tim
2024-10-25 11:16:02,303 [INFO] IPUIPlugin:80 - create IPUIPlugin
2024-10-25 11:16:02,303 [INFO] PluginManager:220 - loadIPPluginJar : add touchsensing
2024-10-25 11:16:02,339 [INFO] IPUIPlugin:80 - create IPUIPlugin
2024-10-25 11:16:02,339 [INFO] PluginManager:220 - loadIPPluginJar : add tracer_emb
2024-10-25 11:16:02,347 [INFO] IPUIPlugin:80 - create IPUIPlugin
2024-10-25 11:16:02,348 [INFO] PluginManager:220 - loadIPPluginJar : add ts
2024-10-25 11:16:02,358 [INFO] IPUIPlugin:80 - create IPUIPlugin
2024-10-25 11:16:02,358 [INFO] PluginManager:220 - loadIPPluginJar : add tsc
2024-10-25 11:16:02,369 [INFO] IPUIPlugin:80 - create IPUIPlugin
2024-10-25 11:16:02,369 [INFO] PluginManager:220 - loadIPPluginJar : add ucpd
2024-10-25 11:16:02,392 [INFO] IPUIPlugin:80 - create IPUIPlugin
2024-10-25 11:16:02,392 [INFO] PluginManager:220 - loadIPPluginJar : add usart
2024-10-25 11:16:02,397 [INFO] IPUIPlugin:80 - create IPUIPlugin
2024-10-25 11:16:02,397 [INFO] PluginManager:220 - loadIPPluginJar : add usbx
2024-10-25 11:16:02,703 [INFO] CADModel:165 - CPN selected for project level
2024-10-25 11:16:02,704 [INFO] CADModel:114 - Register for checkConnection events
2024-10-25 11:16:02,704 [FATAL] Updater:334 - Updater called before beeing initialized
2024-10-25 11:16:02,704 [ERROR] CADModel:125 - Updater not yet initialized, retry later 
2024-10-25 11:16:02,920 [INFO] ThirdPartyUpdaterWithRetryManager:70 - Updater plugin not ready yet. [2/15]
2024-10-25 11:16:03,124 [INFO] CADModel:165 - CPN selected for project level
2024-10-25 11:16:03,124 [INFO] CADModel:114 - Register for checkConnection events
2024-10-25 11:16:03,125 [FATAL] Updater:334 - Updater called before beeing initialized
2024-10-25 11:16:03,125 [ERROR] CADModel:125 - Updater not yet initialized, retry later 
2024-10-25 11:16:03,140 [FATAL] Updater:334 - Updater called before beeing initialized
2024-10-25 11:16:03,397 [FATAL] Updater:334 - Updater called before beeing initialized
2024-10-25 11:16:03,412 [INFO] DbMcusAds:53 - JSON generation date=Fri Sep 20 14:04:23 WAT 2024 (1726837463113)
2024-10-25 11:16:03,412 [FATAL] Updater:334 - Updater called before beeing initialized
2024-10-25 11:16:03,681 [WARN] DetailPanel:346 - Failed to get advertising image, set to default
2024-10-25 11:16:03,819 [FATAL] Updater:334 - Updater called before beeing initialized
2024-10-25 11:16:03,823 [FATAL] Updater:334 - Updater called before beeing initialized
2024-10-25 11:16:03,824 [FATAL] Updater:334 - Updater called before beeing initialized
2024-10-25 11:16:03,824 [WARN] DetailPanel:346 - Failed to get advertising image, set to default
2024-10-25 11:16:03,825 [FATAL] Updater:334 - Updater called before beeing initialized
2024-10-25 11:16:04,068 [ERROR] Updater:1164 - MainUpdater not yet initialized. External WinMGr cannot be set.
2024-10-25 11:16:04,099 [INFO] Updater:1100 - Updater Version found : 6.12.0
2024-10-25 11:16:04,153 [INFO] ApplicationProperties:184 - Using Application install path: C:\ST\STM32CubeIDE_1.16.0\STM32CubeIDE\plugins\com.st.stm32cube.common.mx_6.12.0.202406281431
2024-10-25 11:16:05,781 [ERROR] LogOutputStream:75 - [STDERR_REDIRECT] Oct 25, 2024 11:16:05 AM java.util.prefs.WindowsPreferences <init>
2024-10-25 11:16:05,784 [ERROR] LogOutputStream:75 - [STDERR_REDIRECT] WARNING: Could not open/create prefs root node Software\JavaSoft\Prefs at root 0xffffffff80000002. Windows RegCreateKeyEx(...) returned error code 5.
2024-10-25 11:16:05,784 [ERROR] LogOutputStream:75 - [STDERR_REDIRECT] 
2024-10-25 11:16:05,922 [FATAL] Updater:334 - Updater called before beeing initialized
2024-10-25 11:16:05,922 [ERROR] IntegrityCheckThread:130 - Cannot retrieve database content from updater: error 21
2024-10-25 11:16:05,923 [INFO] ThirdParty:978 - Integrity check success = false
2024-10-25 11:16:05,923 [INFO] IntegrityCheckThread:100 - exiting critical section [integrity check]
2024-10-25 11:16:05,923 [INFO] IntegrityCheckThread:103 - End integrity checks thread
2024-10-25 11:16:06,753 [INFO] MainUpdater:2873 - connection check result : 10
2024-10-25 11:16:06,754 [INFO] MainUpdater:290 - Updater Check For Update Now.
2024-10-25 11:16:06,755 [INFO] MicroXplorer:498 - Change Database Version : DB.6.0.120
2024-10-25 11:16:06,787 [INFO] McuFinderGlobals:63 - Set McuFinder mode to 2 (CubeIDE integrated)
2024-10-25 11:16:06,791 [INFO] UserAuth:417 - Internet connection configuration mode: 1
2024-10-25 11:16:06,999 [INFO] JxBrowserEngine:152 - Initiate JxBrowser Engine with user profile folder
2024-10-25 11:16:07,207 [INFO] CheckServerUpdateThread:120 - End of CheckServer Thread
2024-10-25 11:16:19,436 [INFO] WebApp:167 - Instantiating new browser for Auth
2024-10-25 11:16:28,576 [INFO] WebApp:448 - Apply proxy settings
2024-10-25 11:16:28,576 [INFO] WebApp:533 - Chromium requires no authentication
2024-10-25 11:16:29,733 [INFO] WebApp:476 - Direct internet connection detected
2024-10-25 11:16:31,966 [INFO] WebApp:869 - Register for checkConnection events
2024-10-25 11:16:31,966 [INFO] WebApp:448 - Apply proxy settings
2024-10-25 11:16:31,966 [INFO] WebApp:533 - Chromium requires no authentication
2024-10-25 11:16:31,967 [INFO] WebApp:476 - Direct internet connection detected
2024-10-25 11:16:34,566 [INFO] WebApp:186 - Connection restablished
2024-10-25 11:16:41,103 [INFO] WebApp:220 - Starting web application
2024-10-25 11:16:41,104 [INFO] WebApp:578 - Web application path used C:\ST\STM32CubeIDE_1.16.0\STM32CubeIDE\plugins\com.st.stm32cube.common.mx_6.12.0.202406281431\db\plugins\mcufinder\reactClient1\index.html
2024-10-25 11:16:41,987 [INFO] UserAuth:417 - Internet connection configuration mode: 1
2024-10-25 17:04:56,153 [ERROR] LogOutputStream:75 - [STDERR_REDIRECT] 
2024-10-25 17:04:56,155 [ERROR] LogOutputStream:75 - [STDERR_REDIRECT] 
