2025-01-07 16:21:52,511 [INFO] Activator:176 - 


2025-01-07 16:21:52,533 [INFO] Activator:177 - !SESSION log4j initialized
2025-01-07 16:22:20,135 [INFO] LogOutputStream:77 - [STDOUT_REDIRECT] 
2025-01-07 16:22:31,725 [INFO] ApplicationProperties:184 - Using Application install path: C:\ST\STM32CubeIDE_1.16.0\STM32CubeIDE\plugins\com.st.stm32cube.common.mx_6.12.0.202406281431
2025-01-07 16:22:31,812 [INFO] DbMcusXml:78 - Set database path to: C:\ST\STM32CubeIDE_1.16.0\STM32CubeIDE\plugins\com.st.stm32cube.common.mx_6.12.0.202406281431\\db\/mcu/
2025-01-07 16:22:31,813 [INFO] ApiDb:274 - Set plugin database path to: C:\ST\STM32CubeIDE_1.16.0\STM32CubeIDE\plugins\com.st.stm32cube.common.mx_6.12.0.202406281431\\db\/plugins/boardmanager/
2025-01-07 16:22:31,814 [WARN] ApiDb:259 - Overriding images path with different value:  => C:\ST\STM32CubeIDE_1.16.0\STM32CubeIDE\plugins\com.st.stm32cube.common.mx_6.12.0.202406281431\\db\/plugins/mcufinder/images/
2025-01-07 16:22:31,968 [INFO] ApiDb:250 - Set database path to: C:\Users\User\.stmcufinder\plugins\mcufinder//mcu/
2025-01-07 16:22:31,970 [INFO] DbMcusAds:125 - Set database path to: C:\Users\User\.stmcufinder\plugins\mcufinder//mcu/
2025-01-07 16:22:32,060 [INFO] CrossReferenceDbSqlite:203 - Set database path to: C:\Users\User\.stmcufinder\plugins\mcufinder//mcu/cs/
2025-01-07 16:22:32,615 [INFO] RulesReader:64 - Compatibility file has been processed (297 Rules)
2025-01-07 16:22:33,211 [INFO] DbMcusXml:78 - Set database path to: C:\ST\STM32CubeIDE_1.16.0\STM32CubeIDE\plugins\com.st.stm32cube.common.mx_6.12.0.202406281431\\db\/mcu/
2025-01-07 16:22:33,212 [INFO] ApiDb:274 - Set plugin database path to: C:\ST\STM32CubeIDE_1.16.0\STM32CubeIDE\plugins\com.st.stm32cube.common.mx_6.12.0.202406281431\\db\/plugins/boardmanager/
2025-01-07 16:22:33,212 [INFO] ApiDb:261 - Set plugin images path to: C:\ST\STM32CubeIDE_1.16.0\STM32CubeIDE\plugins\com.st.stm32cube.common.mx_6.12.0.202406281431\\db\/plugins/mcufinder/images/
2025-01-07 16:22:33,212 [WARN] DbFile:41 - Overriding database path with different value: C:\Users\User\.stmcufinder\plugins\mcufinder/ => C:\Users\User\.stmcufinder\plugins\mcufinder
2025-01-07 16:22:33,212 [INFO] ApiDb:250 - Set database path to: C:\Users\User\.stmcufinder\plugins\mcufinder//mcu/
2025-01-07 16:22:33,212 [WARN] DbFile:41 - Overriding database path with different value: C:\Users\User\.stmcufinder\plugins\mcufinder/ => C:\Users\User\.stmcufinder\plugins\mcufinder
2025-01-07 16:22:33,212 [INFO] DbMcusAds:125 - Set database path to: C:\Users\User\.stmcufinder\plugins\mcufinder//mcu/
2025-01-07 16:22:33,213 [WARN] DbFile:41 - Overriding database path with different value: C:\Users\User\.stmcufinder\plugins\mcufinder/ => C:\Users\User\.stmcufinder\plugins\mcufinder
2025-01-07 16:22:33,213 [WARN] DbFile:41 - Overriding database path with different value: C:\Users\User\.stmcufinder\plugins\mcufinder/ => C:\Users\User\.stmcufinder\plugins\mcufinder
2025-01-07 16:22:33,213 [INFO] CrossReferenceDbSqlite:203 - Set database path to: C:\Users\User\.stmcufinder\plugins\mcufinder//mcu/cs/
2025-01-07 16:22:33,535 [INFO] MainPanel:268 - HeapMemory: 268435456
2025-01-07 16:22:34,215 [INFO] DbMcusXml:78 - Set database path to: C:\ST\STM32CubeIDE_1.16.0\STM32CubeIDE\plugins\com.st.stm32cube.common.mx_6.12.0.202406281431\\db\/mcu/
2025-01-07 16:22:34,215 [INFO] ApiDb:274 - Set plugin database path to: C:\ST\STM32CubeIDE_1.16.0\STM32CubeIDE\plugins\com.st.stm32cube.common.mx_6.12.0.202406281431\\db\/plugins/boardmanager/
2025-01-07 16:22:34,215 [INFO] ApiDb:261 - Set plugin images path to: C:\ST\STM32CubeIDE_1.16.0\STM32CubeIDE\plugins\com.st.stm32cube.common.mx_6.12.0.202406281431\\db\/plugins/mcufinder/images/
2025-01-07 16:22:34,216 [WARN] DbFile:41 - Overriding database path with different value: C:\Users\User\.stmcufinder\plugins\mcufinder/ => C:\Users\User\.stmcufinder\plugins\mcufinder
2025-01-07 16:22:34,216 [INFO] ApiDb:250 - Set database path to: C:\Users\User\.stmcufinder\plugins\mcufinder//mcu/
2025-01-07 16:22:34,216 [WARN] DbFile:41 - Overriding database path with different value: C:\Users\User\.stmcufinder\plugins\mcufinder/ => C:\Users\User\.stmcufinder\plugins\mcufinder
2025-01-07 16:22:34,216 [INFO] DbMcusAds:125 - Set database path to: C:\Users\User\.stmcufinder\plugins\mcufinder//mcu/
2025-01-07 16:22:34,216 [WARN] DbFile:41 - Overriding database path with different value: C:\Users\User\.stmcufinder\plugins\mcufinder/ => C:\Users\User\.stmcufinder\plugins\mcufinder
2025-01-07 16:22:34,216 [WARN] DbFile:41 - Overriding database path with different value: C:\Users\User\.stmcufinder\plugins\mcufinder/ => C:\Users\User\.stmcufinder\plugins\mcufinder
2025-01-07 16:22:34,217 [INFO] CrossReferenceDbSqlite:203 - Set database path to: C:\Users\User\.stmcufinder\plugins\mcufinder//mcu/cs/
2025-01-07 16:22:34,287 [INFO] ApplicationProperties:184 - Using Application install path: C:\ST\STM32CubeIDE_1.16.0\STM32CubeIDE\plugins\com.st.stm32cube.common.mx_6.12.0.202406281431
2025-01-07 16:22:34,289 [INFO] PluginManage:196 - Search for loadable plugins [exclusion list=, ]
2025-01-07 16:22:34,316 [INFO] PluginManage:310 - Check plugin analytics
2025-01-07 16:22:34,755 [INFO] AnalyticsPlugin:253 - Accepted Software Licenses: 
2025-01-07 16:22:34,755 [INFO] AnalyticsPlugin:255 - Accepted CMSIS Pack Licenses: 
2025-01-07 16:22:34,756 [INFO] AnalyticsPlugin:257 - Accepted Firmware Licenses: FW.L4.1.18.0
2025-01-07 16:22:34,759 [INFO] PluginManage:359 - Loaded plugin analytics (category:tool,tabindex:-1)
2025-01-07 16:22:34,760 [INFO] PluginManage:310 - Check plugin cadmodel
2025-01-07 16:22:34,811 [INFO] CADModel:105 - Init CAD model plugin
2025-01-07 16:22:34,811 [INFO] PluginManage:359 - Loaded plugin cadmodel (category:power,tabindex:5)
2025-01-07 16:22:34,811 [INFO] PluginManage:310 - Check plugin clock
2025-01-07 16:22:34,862 [INFO] PluginManage:359 - Loaded plugin clock (category:base,tabindex:2)
2025-01-07 16:22:34,862 [INFO] PluginManage:310 - Check plugin ddr
2025-01-07 16:22:34,898 [INFO] PluginManage:359 - Loaded plugin ddr (category:tool,tabindex:6)
2025-01-07 16:22:34,899 [INFO] PluginManage:310 - Check plugin filemanager
2025-01-07 16:22:35,490 [INFO] PluginManage:359 - Loaded plugin filemanager (category:base,tabindex:10)
2025-01-07 16:22:35,490 [INFO] PluginManage:310 - Check plugin ipmanager
2025-01-07 16:22:35,517 [INFO] PluginManage:359 - Loaded plugin ipmanager (category:base,tabindex:5)
2025-01-07 16:22:35,517 [INFO] PluginManage:310 - Check plugin lpbam
2025-01-07 16:22:35,580 [INFO] PluginManage:359 - Loaded plugin lpbam (category:base,tabindex:0)
2025-01-07 16:22:35,580 [INFO] PluginManage:310 - Check plugin memorymap
2025-01-07 16:22:35,657 [INFO] PluginManage:359 - Loaded plugin memorymap (category:base,tabindex:4)
2025-01-07 16:22:35,657 [INFO] PluginManage:310 - Check plugin pinoutandconfiguration
2025-01-07 16:22:35,694 [INFO] PluginManage:359 - Loaded plugin pinoutandconfiguration (category:base,tabindex:1)
2025-01-07 16:22:35,694 [INFO] PluginManage:310 - Check plugin pinoutconfig
2025-01-07 16:22:35,879 [WARN] SupportedApi:132 - Cannot load RTOS API schema: s4s-elt-must-match.1: The content of 'definitions' must match (annotation?, (simpleType | complexType)?, (unique | key | keyref)*)). A problem was found starting at: attribute.
2025-01-07 16:22:36,141 [INFO] PluginManage:359 - Loaded plugin pinoutconfig (category:base,tabindex:0)
2025-01-07 16:22:36,141 [INFO] PluginManage:310 - Check plugin power
2025-01-07 16:22:36,182 [INFO] PluginManage:359 - Loaded plugin power (category:power,tabindex:4)
2025-01-07 16:22:36,182 [INFO] PluginManage:310 - Check plugin projectmanager
2025-01-07 16:22:36,217 [INFO] PluginManage:359 - Loaded plugin projectmanager (category:projectmanager,tabindex:4)
2025-01-07 16:22:36,217 [INFO] PluginManage:310 - Check plugin rif
2025-01-07 16:22:36,274 [INFO] PluginManage:359 - Loaded plugin rif (category:base,tabindex:3)
2025-01-07 16:22:36,274 [INFO] PluginManage:310 - Check plugin thirdparty
2025-01-07 16:22:36,993 [INFO] PluginManage:359 - Loaded plugin thirdparty (category:base,tabindex:-1)
2025-01-07 16:22:36,993 [WARN] IntegrityCheckThread:84 - waiting for thirdparty lock release [integrity check]
2025-01-07 16:22:36,993 [INFO] IntegrityCheckThread:86 - entering critical section [integrity check]
2025-01-07 16:22:36,993 [INFO] PluginManage:310 - Check plugin tools
2025-01-07 16:22:36,994 [INFO] ThirdPartyUpdaterWithRetryManager:70 - Updater plugin not ready yet. [1/15]
2025-01-07 16:22:37,019 [INFO] PluginManage:359 - Loaded plugin tools (category:base,tabindex:7)
2025-01-07 16:22:37,019 [INFO] PluginManage:310 - Check plugin tutovideos
2025-01-07 16:22:37,438 [INFO] PluginManage:359 - Loaded plugin tutovideos (category:base,tabindex:-1)
2025-01-07 16:22:37,438 [INFO] PluginManage:310 - Check plugin updater
2025-01-07 16:22:37,477 [INFO] PluginManage:359 - Loaded plugin updater (category:base,tabindex:12)
2025-01-07 16:22:37,478 [INFO] PluginManage:310 - Check plugin userauth
2025-01-07 16:22:37,528 [INFO] UserAuth:113 - Init User Auth plugin
2025-01-07 16:22:37,529 [INFO] PluginManage:359 - Loaded plugin userauth (category:base,tabindex:14)
2025-01-07 16:22:37,529 [INFO] PluginManage:283 - PluginManage : Loaded plugins [18]
2025-01-07 16:22:38,352 [INFO] PinOutPanel:1561 - setPackage(No Configuration,No Configuration)
2025-01-07 16:22:38,549 [INFO] CADModel:165 - CPN selected for project level
2025-01-07 16:22:38,550 [INFO] CADModel:114 - Register for checkConnection events
2025-01-07 16:22:38,642 [INFO] IPUIPlugin:80 - create IPUIPlugin
2025-01-07 16:22:38,643 [INFO] PluginManager:220 - loadIPPluginJar : add adc
2025-01-07 16:22:38,664 [INFO] IPUIPlugin:80 - create IPUIPlugin
2025-01-07 16:22:38,664 [INFO] PluginManager:220 - loadIPPluginJar : add aes
2025-01-07 16:22:38,688 [INFO] IPUIPlugin:80 - create IPUIPlugin
2025-01-07 16:22:38,688 [INFO] PluginManager:220 - loadIPPluginJar : add can
2025-01-07 16:22:38,706 [INFO] IPUIPlugin:80 - create IPUIPlugin
2025-01-07 16:22:38,706 [INFO] PluginManager:220 - loadIPPluginJar : add comp
2025-01-07 16:22:38,762 [INFO] IPUIPlugin:80 - create IPUIPlugin
2025-01-07 16:22:38,762 [INFO] PluginManager:220 - loadIPPluginJar : add cryp
2025-01-07 16:22:38,799 [INFO] IPUIPlugin:80 - create IPUIPlugin
2025-01-07 16:22:38,799 [INFO] PluginManager:220 - loadIPPluginJar : add ddr_ctrl_phy
2025-01-07 16:22:38,814 [INFO] IPUIPlugin:80 - create IPUIPlugin
2025-01-07 16:22:38,815 [INFO] PluginManager:220 - loadIPPluginJar : add dfsdm
2025-01-07 16:22:38,877 [INFO] IPUIPlugin:80 - create IPUIPlugin
2025-01-07 16:22:38,878 [INFO] PluginManager:220 - loadIPPluginJar : add dma
2025-01-07 16:22:38,919 [INFO] IPUIPlugin:80 - create IPUIPlugin
2025-01-07 16:22:38,919 [INFO] PluginManager:220 - loadIPPluginJar : add dma3
2025-01-07 16:22:38,934 [INFO] IPUIPlugin:80 - create IPUIPlugin
2025-01-07 16:22:38,934 [INFO] PluginManager:220 - loadIPPluginJar : add extmemmanager
2025-01-07 16:22:38,953 [INFO] IPUIPlugin:80 - create IPUIPlugin
2025-01-07 16:22:38,954 [INFO] PluginManager:220 - loadIPPluginJar : add fatfs
2025-01-07 16:22:38,980 [INFO] IPUIPlugin:80 - create IPUIPlugin
2025-01-07 16:22:38,981 [INFO] PluginManager:220 - loadIPPluginJar : add fmc
2025-01-07 16:22:39,006 [INFO] IPUIPlugin:80 - create IPUIPlugin
2025-01-07 16:22:39,006 [INFO] PluginManager:220 - loadIPPluginJar : add freertos
2025-01-07 16:22:39,025 [INFO] IPUIPlugin:80 - create IPUIPlugin
2025-01-07 16:22:39,025 [INFO] PluginManager:220 - loadIPPluginJar : add genericplugin
2025-01-07 16:22:39,276 [INFO] IPUIPlugin:80 - create IPUIPlugin
2025-01-07 16:22:39,277 [INFO] PluginManager:220 - loadIPPluginJar : add gfxmmu
2025-01-07 16:22:39,301 [INFO] IPUIPlugin:80 - create IPUIPlugin
2025-01-07 16:22:39,301 [INFO] PluginManager:220 - loadIPPluginJar : add gic
2025-01-07 16:22:39,325 [INFO] IPUIPlugin:80 - create IPUIPlugin
2025-01-07 16:22:39,325 [INFO] PluginManager:220 - loadIPPluginJar : add gpio
2025-01-07 16:22:39,346 [INFO] IPUIPlugin:80 - create IPUIPlugin
2025-01-07 16:22:39,347 [INFO] PluginManager:220 - loadIPPluginJar : add gtzc
2025-01-07 16:22:39,461 [INFO] IPUIPlugin:80 - create IPUIPlugin
2025-01-07 16:22:39,462 [INFO] PluginManager:220 - loadIPPluginJar : add hash
2025-01-07 16:22:39,542 [INFO] IPUIPlugin:80 - create IPUIPlugin
2025-01-07 16:22:39,542 [INFO] PluginManager:220 - loadIPPluginJar : add i2c
2025-01-07 16:22:39,582 [INFO] IPUIPlugin:80 - create IPUIPlugin
2025-01-07 16:22:39,582 [INFO] PluginManager:220 - loadIPPluginJar : add i2s
2025-01-07 16:22:39,598 [INFO] IPUIPlugin:80 - create IPUIPlugin
2025-01-07 16:22:39,599 [INFO] PluginManager:220 - loadIPPluginJar : add i3c
2025-01-07 16:22:39,616 [INFO] IPUIPlugin:80 - create IPUIPlugin
2025-01-07 16:22:39,617 [INFO] PluginManager:220 - loadIPPluginJar : add ipddr
2025-01-07 16:22:39,677 [INFO] IPUIPlugin:80 - create IPUIPlugin
2025-01-07 16:22:39,677 [INFO] PluginManager:220 - loadIPPluginJar : add linkedlist
2025-01-07 16:22:39,701 [INFO] IPUIPlugin:80 - create IPUIPlugin
2025-01-07 16:22:39,702 [INFO] PluginManager:220 - loadIPPluginJar : add lorawan
2025-01-07 16:22:39,713 [INFO] IPUIPlugin:80 - create IPUIPlugin
2025-01-07 16:22:39,713 [INFO] PluginManager:220 - loadIPPluginJar : add ltdc
2025-01-07 16:22:39,737 [INFO] IPUIPlugin:80 - create IPUIPlugin
2025-01-07 16:22:39,737 [INFO] PluginManager:220 - loadIPPluginJar : add mdma
2025-01-07 16:22:39,755 [INFO] IPUIPlugin:80 - create IPUIPlugin
2025-01-07 16:22:39,756 [INFO] PluginManager:220 - loadIPPluginJar : add nvic
2025-01-07 16:22:39,775 [INFO] IPUIPlugin:80 - create IPUIPlugin
2025-01-07 16:22:39,776 [INFO] PluginManager:220 - loadIPPluginJar : add opamp
2025-01-07 16:22:39,799 [INFO] IPUIPlugin:80 - create IPUIPlugin
2025-01-07 16:22:39,799 [INFO] PluginManager:220 - loadIPPluginJar : add openamp
2025-01-07 16:22:39,819 [INFO] IPUIPlugin:80 - create IPUIPlugin
2025-01-07 16:22:39,819 [INFO] PluginManager:220 - loadIPPluginJar : add pdm2pcm
2025-01-07 16:22:39,863 [INFO] IPUIPlugin:80 - create IPUIPlugin
2025-01-07 16:22:39,866 [INFO] PluginManager:220 - loadIPPluginJar : add plateformsettings
2025-01-07 16:22:39,898 [INFO] IPUIPlugin:80 - create IPUIPlugin
2025-01-07 16:22:39,899 [INFO] PluginManager:220 - loadIPPluginJar : add quadspi
2025-01-07 16:22:39,925 [INFO] IPUIPlugin:80 - create IPUIPlugin
2025-01-07 16:22:39,926 [INFO] PluginManager:220 - loadIPPluginJar : add radio
2025-01-07 16:22:39,978 [INFO] IPUIPlugin:80 - create IPUIPlugin
2025-01-07 16:22:39,979 [INFO] PluginManager:220 - loadIPPluginJar : add resmgrutility
2025-01-07 16:22:39,983 [INFO] IPUIPlugin:80 - create IPUIPlugin
2025-01-07 16:22:39,983 [INFO] PluginManager:220 - loadIPPluginJar : add sai
2025-01-07 16:22:39,989 [INFO] IPUIPlugin:80 - create IPUIPlugin
2025-01-07 16:22:39,989 [INFO] PluginManager:220 - loadIPPluginJar : add spi
2025-01-07 16:22:39,995 [INFO] ThirdPartyUpdaterWithRetryManager:70 - Updater plugin not ready yet. [2/15]
2025-01-07 16:22:40,031 [INFO] IPUIPlugin:80 - create IPUIPlugin
2025-01-07 16:22:40,032 [INFO] PluginManager:220 - loadIPPluginJar : add stm32_wpan
2025-01-07 16:22:40,054 [INFO] IPUIPlugin:80 - create IPUIPlugin
2025-01-07 16:22:40,054 [INFO] PluginManager:220 - loadIPPluginJar : add tim
2025-01-07 16:22:40,071 [INFO] IPUIPlugin:80 - create IPUIPlugin
2025-01-07 16:22:40,072 [INFO] PluginManager:220 - loadIPPluginJar : add touchsensing
2025-01-07 16:22:40,086 [INFO] IPUIPlugin:80 - create IPUIPlugin
2025-01-07 16:22:40,086 [INFO] PluginManager:220 - loadIPPluginJar : add tracer_emb
2025-01-07 16:22:40,093 [INFO] IPUIPlugin:80 - create IPUIPlugin
2025-01-07 16:22:40,094 [INFO] PluginManager:220 - loadIPPluginJar : add ts
2025-01-07 16:22:40,105 [INFO] IPUIPlugin:80 - create IPUIPlugin
2025-01-07 16:22:40,106 [INFO] PluginManager:220 - loadIPPluginJar : add tsc
2025-01-07 16:22:40,115 [INFO] IPUIPlugin:80 - create IPUIPlugin
2025-01-07 16:22:40,116 [INFO] PluginManager:220 - loadIPPluginJar : add ucpd
2025-01-07 16:22:40,139 [INFO] IPUIPlugin:80 - create IPUIPlugin
2025-01-07 16:22:40,139 [INFO] PluginManager:220 - loadIPPluginJar : add usart
2025-01-07 16:22:40,144 [INFO] IPUIPlugin:80 - create IPUIPlugin
2025-01-07 16:22:40,144 [INFO] PluginManager:220 - loadIPPluginJar : add usbx
2025-01-07 16:22:40,334 [INFO] CADModel:165 - CPN selected for project level
2025-01-07 16:22:40,334 [INFO] CADModel:114 - Register for checkConnection events
2025-01-07 16:22:40,334 [FATAL] Updater:334 - Updater called before beeing initialized
2025-01-07 16:22:40,334 [ERROR] CADModel:125 - Updater not yet initialized, retry later 
2025-01-07 16:22:40,970 [INFO] CADModel:165 - CPN selected for project level
2025-01-07 16:22:40,971 [INFO] CADModel:114 - Register for checkConnection events
2025-01-07 16:22:40,971 [FATAL] Updater:334 - Updater called before beeing initialized
2025-01-07 16:22:40,971 [ERROR] CADModel:125 - Updater not yet initialized, retry later 
2025-01-07 16:22:40,986 [FATAL] Updater:334 - Updater called before beeing initialized
2025-01-07 16:22:41,242 [FATAL] Updater:334 - Updater called before beeing initialized
2025-01-07 16:22:41,246 [INFO] DbMcusAds:53 - JSON generation date=Fri Sep 20 14:04:23 WAT 2024 (1726837463113)
2025-01-07 16:22:41,247 [FATAL] Updater:334 - Updater called before beeing initialized
2025-01-07 16:22:41,460 [WARN] DetailPanel:346 - Failed to get advertising image, set to default
2025-01-07 16:22:41,587 [FATAL] Updater:334 - Updater called before beeing initialized
2025-01-07 16:22:41,590 [FATAL] Updater:334 - Updater called before beeing initialized
2025-01-07 16:22:41,590 [FATAL] Updater:334 - Updater called before beeing initialized
2025-01-07 16:22:41,590 [WARN] DetailPanel:346 - Failed to get advertising image, set to default
2025-01-07 16:22:41,591 [FATAL] Updater:334 - Updater called before beeing initialized
2025-01-07 16:22:41,756 [ERROR] Updater:1164 - MainUpdater not yet initialized. External WinMGr cannot be set.
2025-01-07 16:22:41,770 [INFO] Updater:1100 - Updater Version found : 6.12.0
2025-01-07 16:22:41,955 [INFO] ApplicationProperties:184 - Using Application install path: C:\ST\STM32CubeIDE_1.16.0\STM32CubeIDE\plugins\com.st.stm32cube.common.mx_6.12.0.202406281431
2025-01-07 16:22:42,996 [INFO] ThirdPartyUpdaterWithRetryManager:70 - Updater plugin not ready yet. [3/15]
2025-01-07 16:22:43,606 [ERROR] LogOutputStream:75 - [STDERR_REDIRECT] Jan 07, 2025 4:22:43 PM java.util.prefs.WindowsPreferences <init>
2025-01-07 16:22:43,610 [ERROR] LogOutputStream:75 - [STDERR_REDIRECT] WARNING: Could not open/create prefs root node Software\JavaSoft\Prefs at root 0xffffffff80000002. Windows RegCreateKeyEx(...) returned error code 5.
2025-01-07 16:22:43,610 [ERROR] LogOutputStream:75 - [STDERR_REDIRECT] 
2025-01-07 16:22:44,590 [INFO] MainUpdater:2873 - connection check result : 10
2025-01-07 16:22:44,591 [INFO] MainUpdater:290 - Updater Check For Update Now.
2025-01-07 16:22:44,591 [INFO] MicroXplorer:498 - Change Database Version : DB.6.0.120
2025-01-07 16:22:44,633 [INFO] McuFinderGlobals:63 - Set McuFinder mode to 2 (CubeIDE integrated)
2025-01-07 16:22:44,655 [INFO] UserAuth:417 - Internet connection configuration mode: 1
2025-01-07 16:22:44,794 [INFO] JxBrowserEngine:152 - Initiate JxBrowser Engine with user profile folder
2025-01-07 16:22:45,042 [INFO] CheckServerUpdateThread:120 - End of CheckServer Thread
2025-01-07 16:22:50,345 [WARN] PackLoader:240 - Cannot read IP mode file for STMicroelectronics.FP-SNS-MOTENVWB1.1.4.0
2025-01-07 16:22:50,377 [WARN] PackLoader:240 - Cannot read IP mode file for STMicroelectronics.FP-ATR-ASTRA1.2.0.1
2025-01-07 16:22:50,435 [WARN] PackLoader:240 - Cannot read IP mode file for STMicroelectronics.X-CUBE-SMBUS.2.1.0
2025-01-07 16:22:50,466 [WARN] PackLoader:240 - Cannot read IP mode file for STMicroelectronics.X-CUBE-WB05N.1.1.0
2025-01-07 16:22:50,579 [WARN] PackLoader:240 - Cannot read IP mode file for STMicroelectronics.X-CUBE-AZRTOS-F7.1.1.0
2025-01-07 16:22:50,763 [WARN] PackLoader:240 - Cannot read IP mode file for STMicroelectronics.X-CUBE-MEMS1.11.0.0
2025-01-07 16:22:51,216 [WARN] PackLoader:240 - Cannot read IP mode file for STMicroelectronics.FP-SNS-FLIGHT1.5.0.2
2025-01-07 16:22:51,502 [WARN] PackLoader:240 - Cannot read IP mode file for STMicroelectronics.X-CUBE-DISPLAY.3.0.0
2025-01-07 16:22:51,624 [WARN] PackLoader:240 - Cannot read IP mode file for STMicroelectronics.X-CUBE-BLE1.7.0.0
2025-01-07 16:22:51,658 [WARN] PackLoader:240 - Cannot read IP mode file for STMicroelectronics.X-CUBE-NFC10.1.0.0
2025-01-07 16:22:51,705 [WARN] PackLoader:240 - Cannot read IP mode file for STMicroelectronics.X-CUBE-BLEMGR.4.0.0
2025-01-07 16:22:51,757 [WARN] PackLoader:240 - Cannot read IP mode file for emotas.I-CUBE-CANOPEN.1.3.0
2025-01-07 16:22:51,793 [WARN] PackLoader:240 - Cannot read IP mode file for STMicroelectronics.X-CUBE-BLEMGR.3.1.0
2025-01-07 16:22:51,807 [WARN] PackLoader:240 - Cannot read IP mode file for STMicroelectronics.FP-SNS-SMARTAG2.1.2.0
2025-01-07 16:22:52,092 [WARN] PackLoader:240 - Cannot read IP mode file for STMicroelectronics.X-CUBE-MEMS1.11.1.0
2025-01-07 16:22:52,589 [INFO] LogOutputStream:77 - [STDOUT_REDIRECT] 1 : Invalid condition id : UX_CORESTACK_Condition cause : null
2025-01-07 16:22:52,590 [INFO] LogOutputStream:77 - [STDOUT_REDIRECT] 1 : Invalid condition id : UX_CORESTACK_Condition cause : null
2025-01-07 16:22:52,593 [INFO] LogOutputStream:77 - [STDOUT_REDIRECT] 1 : Invalid condition id : UX_CORESTACK_Condition cause : null
2025-01-07 16:22:52,596 [INFO] LogOutputStream:77 - [STDOUT_REDIRECT] 1 : Invalid condition id : UX_CORESTACK_Condition cause : null
2025-01-07 16:22:52,599 [INFO] LogOutputStream:77 - [STDOUT_REDIRECT] 1 : Invalid condition id : UX_CORESTACK_Condition cause : null
2025-01-07 16:22:52,607 [WARN] PackLoader:240 - Cannot read IP mode file for STMicroelectronics.X-CUBE-AZRTOS-WL.2.0.0
2025-01-07 16:22:52,706 [WARN] PackLoader:240 - Cannot read IP mode file for STMicroelectronics.FP-SNS-MOTENV1.5.0.0
2025-01-07 16:22:52,786 [WARN] PackLoader:240 - Cannot read IP mode file for wolfSSL.I-CUBE-wolfMQTT.1.19.0
2025-01-07 16:22:52,946 [WARN] PackLoader:240 - Cannot read IP mode file for WES.I-CUBE-Cesium.1.3.0
2025-01-07 16:22:53,095 [WARN] PackLoader:240 - Cannot read IP mode file for STMicroelectronics.X-CUBE-BLE2.3.3.0
2025-01-07 16:22:53,277 [WARN] PackLoader:240 - Cannot read IP mode file for STMicroelectronics.X-CUBE-NFC9.1.0.0
2025-01-07 16:22:53,484 [WARN] PackLoader:240 - Cannot read IP mode file for STMicroelectronics.X-CUBE-TCPP.4.1.0
2025-01-07 16:22:54,454 [WARN] PackLoader:240 - Cannot read IP mode file for STMicroelectronics.X-CUBE-AZRTOS-G0.1.1.0
2025-01-07 16:22:55,242 [WARN] PackLoader:240 - Cannot read IP mode file for STMicroelectronics.X-CUBE-SAFEA1.1.2.2
2025-01-07 16:22:55,875 [WARN] PackLoader:240 - Cannot read IP mode file for STMicroelectronics.X-CUBE-NFC4.3.0.0
2025-01-07 16:22:56,479 [WARN] PackLoader:240 - Cannot read IP mode file for EmbeddedOffice.I-CUBE-FS-RTOS.1.0.1
2025-01-07 16:22:56,479 [ERROR] ConditionMgr:805 - Attr not supported : Dmpu
2025-01-07 16:22:56,479 [ERROR] ConditionMgr:805 - Attr not supported : Dmpu
2025-01-07 16:22:56,480 [ERROR] ConditionMgr:805 - Attr not supported : Dmpu
2025-01-07 16:22:56,480 [ERROR] ConditionMgr:805 - Attr not supported : Dmpu
2025-01-07 16:22:56,480 [ERROR] ConditionMgr:805 - Attr not supported : Dmpu
2025-01-07 16:22:56,480 [ERROR] ConditionMgr:805 - Attr not supported : Dmpu
2025-01-07 16:22:56,480 [ERROR] ConditionMgr:805 - Attr not supported : Dmpu
2025-01-07 16:22:56,480 [ERROR] ConditionMgr:805 - Attr not supported : Dmpu
2025-01-07 16:22:56,481 [ERROR] ConditionMgr:805 - Attr not supported : Dmpu
2025-01-07 16:22:56,481 [ERROR] ConditionMgr:805 - Attr not supported : Dmpu
2025-01-07 16:22:56,481 [ERROR] ConditionMgr:805 - Attr not supported : Dmpu
2025-01-07 16:22:56,481 [ERROR] ConditionMgr:805 - Attr not supported : Dmpu
2025-01-07 16:22:56,481 [ERROR] ConditionMgr:805 - Attr not supported : Dmpu
2025-01-07 16:22:56,481 [ERROR] ConditionMgr:805 - Attr not supported : Dmpu
2025-01-07 16:22:56,482 [ERROR] ConditionMgr:805 - Attr not supported : Dmpu
2025-01-07 16:22:56,482 [ERROR] ConditionMgr:805 - Attr not supported : Dmpu
2025-01-07 16:22:56,482 [ERROR] ConditionMgr:805 - Attr not supported : Dmpu
2025-01-07 16:22:56,482 [ERROR] ConditionMgr:805 - Attr not supported : Dmpu
2025-01-07 16:22:56,482 [ERROR] ConditionMgr:805 - Attr not supported : Dmpu
2025-01-07 16:22:56,482 [ERROR] ConditionMgr:805 - Attr not supported : Dmpu
2025-01-07 16:22:56,482 [ERROR] ConditionMgr:805 - Attr not supported : Dmpu
2025-01-07 16:22:56,483 [ERROR] ConditionMgr:805 - Attr not supported : Dmpu
2025-01-07 16:22:56,483 [ERROR] ConditionMgr:805 - Attr not supported : Dmpu
2025-01-07 16:22:56,483 [ERROR] ConditionMgr:805 - Attr not supported : Dmpu
2025-01-07 16:22:56,483 [ERROR] ConditionMgr:805 - Attr not supported : Dmpu
2025-01-07 16:22:56,483 [ERROR] ConditionMgr:805 - Attr not supported : Dmpu
2025-01-07 16:22:56,483 [ERROR] ConditionMgr:805 - Attr not supported : Dmpu
2025-01-07 16:22:56,483 [ERROR] ConditionMgr:805 - Attr not supported : Dmpu
2025-01-07 16:22:56,484 [ERROR] ConditionMgr:805 - Attr not supported : Dmpu
2025-01-07 16:22:56,484 [ERROR] ConditionMgr:805 - Attr not supported : Dmpu
2025-01-07 16:22:56,484 [ERROR] ConditionMgr:805 - Attr not supported : Dmpu
2025-01-07 16:22:56,484 [ERROR] ConditionMgr:805 - Attr not supported : Dmpu
2025-01-07 16:22:56,484 [ERROR] ConditionMgr:805 - Attr not supported : Dmpu
2025-01-07 16:22:56,484 [ERROR] ConditionMgr:805 - Attr not supported : Dmpu
2025-01-07 16:22:56,484 [ERROR] ConditionMgr:805 - Attr not supported : Dmpu
2025-01-07 16:22:56,484 [ERROR] ConditionMgr:805 - Attr not supported : Dmpu
2025-01-07 16:22:56,485 [ERROR] ConditionMgr:805 - Attr not supported : Dmpu
2025-01-07 16:22:56,485 [ERROR] ConditionMgr:805 - Attr not supported : Dmpu
2025-01-07 16:22:56,485 [ERROR] ConditionMgr:805 - Attr not supported : Dmpu
2025-01-07 16:22:56,485 [ERROR] ConditionMgr:805 - Attr not supported : Dmpu
2025-01-07 16:22:56,485 [ERROR] ConditionMgr:805 - Attr not supported : Dmpu
2025-01-07 16:22:56,485 [ERROR] ConditionMgr:805 - Attr not supported : Dmpu
2025-01-07 16:22:56,485 [ERROR] ConditionMgr:805 - Attr not supported : Dmpu
2025-01-07 16:22:56,486 [ERROR] ConditionMgr:805 - Attr not supported : Dmpu
2025-01-07 16:22:56,486 [ERROR] ConditionMgr:805 - Attr not supported : Dmpu
2025-01-07 16:22:56,486 [ERROR] ConditionMgr:805 - Attr not supported : Dmpu
2025-01-07 16:22:56,486 [ERROR] ConditionMgr:805 - Attr not supported : Dmpu
2025-01-07 16:22:56,486 [ERROR] ConditionMgr:805 - Attr not supported : Dmpu
2025-01-07 16:22:56,486 [ERROR] ConditionMgr:805 - Attr not supported : Dmpu
2025-01-07 16:22:56,486 [ERROR] ConditionMgr:805 - Attr not supported : Dmpu
2025-01-07 16:22:56,486 [ERROR] ConditionMgr:805 - Attr not supported : Dmpu
2025-01-07 16:22:56,487 [ERROR] ConditionMgr:805 - Attr not supported : Dmpu
2025-01-07 16:22:56,487 [ERROR] ConditionMgr:805 - Attr not supported : Dmpu
2025-01-07 16:22:56,487 [ERROR] ConditionMgr:805 - Attr not supported : Dmpu
2025-01-07 16:22:56,487 [ERROR] ConditionMgr:805 - Attr not supported : Dmpu
2025-01-07 16:22:56,487 [ERROR] ConditionMgr:805 - Attr not supported : Dmpu
2025-01-07 16:22:56,487 [ERROR] ConditionMgr:805 - Attr not supported : Dmpu
2025-01-07 16:22:56,487 [ERROR] ConditionMgr:805 - Attr not supported : Dmpu
2025-01-07 16:22:56,487 [ERROR] ConditionMgr:805 - Attr not supported : Dmpu
2025-01-07 16:22:56,487 [ERROR] ConditionMgr:805 - Attr not supported : Dmpu
2025-01-07 16:22:56,487 [ERROR] ConditionMgr:805 - Attr not supported : Dmpu
2025-01-07 16:22:56,487 [ERROR] ConditionMgr:805 - Attr not supported : Dmpu
2025-01-07 16:22:56,488 [ERROR] ConditionMgr:805 - Attr not supported : Dmpu
2025-01-07 16:22:56,488 [ERROR] ConditionMgr:805 - Attr not supported : Dmpu
2025-01-07 16:22:56,818 [ERROR] Engine:466 - C:\Users\User\.stm32cubemx\thirdparties\pdsc\STMicroelectronics.X-CUBE-TCPP.4.2.0.pdsc: PDSC version is not supported
2025-01-07 16:22:57,421 [WARN] PackLoader:240 - Cannot read IP mode file for RealThread.X-CUBE-RT-Thread_Nano.4.1.1
2025-01-07 16:22:59,991 [WARN] PackLoader:240 - Cannot read IP mode file for STMicroelectronics.FP-ATR-SIGFOX1.3.2.0
2025-01-07 16:23:00,521 [WARN] PackLoader:240 - Cannot read IP mode file for wolfSSL.I-CUBE-wolfSSL.5.7.2
2025-01-07 16:23:01,067 [WARN] ConditionMgr:438 - getConditionDescription Invalid condition id : Cortex-A Device cause : null
2025-01-07 16:23:02,488 [WARN] ConditionMgr:1039 - genDependencies : Invalid condition id : Cortex-A Device cause : null
2025-01-07 16:23:02,489 [WARN] ConditionMgr:1039 - genDependencies : Invalid condition id : Cortex-A Device cause : null
2025-01-07 16:23:02,489 [WARN] ConditionMgr:1039 - genDependencies : Invalid condition id : Cortex-A Device cause : null
2025-01-07 16:23:03,150 [WARN] PackLoader:240 - Cannot read IP mode file for STMicroelectronics.X-CUBE-EEPRMA1.5.1.0
2025-01-07 16:23:03,587 [WARN] PackLoader:240 - Cannot read IP mode file for ITTIA_DB.I-CUBE-ITTIADB.8.9.0
2025-01-07 16:23:04,181 [WARN] PackLoader:240 - Cannot read IP mode file for SEGGER.I-CUBE-embOS.1.3.1
2025-01-07 16:23:05,304 [WARN] PackLoader:240 - Cannot read IP mode file for STMicroelectronics.X-CUBE-ALGOBUILD.1.4.0
2025-01-07 16:23:05,626 [WARN] PackLoader:240 - Cannot read IP mode file for STMicroelectronics.X-CUBE-AI.9.1.0
2025-01-07 16:23:05,960 [WARN] PackLoader:240 - Cannot read IP mode file for STMicroelectronics.X-CUBE-GNSS1.6.0.0
2025-01-07 16:23:06,373 [WARN] PackLoader:240 - Cannot read IP mode file for STMicroelectronics.X-CUBE-AZRTOS-F4.1.1.0
2025-01-07 16:23:06,779 [WARN] PackLoader:240 - Cannot read IP mode file for STMicroelectronics.X-CUBE-ISPU.2.1.0
2025-01-07 16:23:07,212 [WARN] PackLoader:240 - Cannot read IP mode file for STMicroelectronics.X-CUBE-FREERTOS.1.2.0
2025-01-07 16:23:07,800 [WARN] PackLoader:240 - Cannot read IP mode file for STMicroelectronics.X-CUBE-AZRTOS-L5.2.0.0
2025-01-07 16:23:08,138 [WARN] PackLoader:240 - Cannot read IP mode file for STMicroelectronics.X-CUBE-NFC6.3.1.0
2025-01-07 16:23:08,382 [WARN] PackLoader:240 - Cannot read IP mode file for STMicroelectronics.X-CUBE-DPower.1.2.0
2025-01-07 16:23:08,791 [WARN] PackLoader:240 - Cannot read IP mode file for STMicroelectronics.X-CUBE-AI.9.0.0
2025-01-07 16:23:09,056 [WARN] PackLoader:240 - Cannot read IP mode file for STMicroelectronics.X-CUBE-FREERTOS.1.3.0
2025-01-07 16:23:09,309 [WARN] PackLoader:240 - Cannot read IP mode file for STMicroelectronics.X-CUBE-NFC7.1.0.1
2025-01-07 16:23:09,386 [WARN] PackLoader:240 - Cannot read IP mode file for wolfSSL.I-CUBE-wolfTPM.3.2.0
2025-01-07 16:23:09,681 [WARN] ConditionMgr:438 - getConditionDescription Invalid condition id : LAN8742 Phy interface Condition cause : null
2025-01-07 16:23:09,682 [WARN] PackLoader:240 - Cannot read IP mode file for STMicroelectronics.X-CUBE-AZRTOS-L4.2.0.0
2025-01-07 16:23:09,683 [WARN] ConditionMgr:1039 - genDependencies : Invalid condition id : LAN8742 Phy interface Condition cause : null
2025-01-07 16:23:09,684 [WARN] ConditionMgr:1039 - genDependencies : Invalid condition id : LAN8742 Phy interface Condition cause : null
2025-01-07 16:23:09,684 [WARN] ConditionMgr:1039 - genDependencies : Invalid condition id : LAN8742 Phy interface Condition cause : null
2025-01-07 16:23:10,024 [WARN] PackLoader:240 - Cannot read IP mode file for STMicroelectronics.X-CUBE-SFXS2LP1.4.0.0
2025-01-07 16:23:10,839 [WARN] PackLoader:240 - Cannot read IP mode file for STMicroelectronics.X-CUBE-AZRTOS-H7.3.3.0
2025-01-07 16:23:11,210 [WARN] PackLoader:240 - Cannot read IP mode file for STMicroelectronics.X-CUBE-IPS.3.0.0
2025-01-07 16:23:11,828 [WARN] ConditionMgr:438 - getConditionDescription Invalid condition id : UX DEVICE CLASS RTOS Condition cause : null
2025-01-07 16:23:11,828 [WARN] ConditionMgr:438 - getConditionDescription Invalid condition id : UX DEVICE CLASS RTOS Condition cause : null
2025-01-07 16:23:11,832 [WARN] PackLoader:240 - Cannot read IP mode file for STMicroelectronics.X-CUBE-AZRTOS-WB.2.0.0
2025-01-07 16:23:11,833 [WARN] ConditionMgr:1039 - genDependencies : Invalid condition id : UX DEVICE CLASS RTOS Condition cause : null
2025-01-07 16:23:11,833 [WARN] ConditionMgr:1039 - genDependencies : Invalid condition id : UX DEVICE CLASS RTOS Condition cause : null
2025-01-07 16:23:11,834 [WARN] ConditionMgr:1039 - genDependencies : Invalid condition id : UX DEVICE CLASS RTOS Condition cause : null
2025-01-07 16:23:11,834 [WARN] ConditionMgr:1039 - genDependencies : Invalid condition id : UX DEVICE CLASS RTOS Condition cause : null
2025-01-07 16:23:11,834 [WARN] ConditionMgr:1039 - genDependencies : Invalid condition id : UX DEVICE CLASS RTOS Condition cause : null
2025-01-07 16:23:12,070 [WARN] PackLoader:240 - Cannot read IP mode file for STMicroelectronics.X-CUBE-GNSS1.7.0.0
2025-01-07 16:23:12,641 [WARN] PackLoader:240 - Cannot read IP mode file for STMicroelectronics.X-CUBE-GNSS1.7.0.1
2025-01-07 16:23:12,902 [INFO] WebApp:167 - Instantiating new browser for Auth
2025-01-07 16:23:12,938 [WARN] PackLoader:240 - Cannot read IP mode file for STMicroelectronics.FP-SNS-STBOX1.2.0.0
2025-01-07 16:23:13,279 [WARN] PackLoader:240 - Cannot read IP mode file for STMicroelectronics.X-CUBE-SUBG2.5.0.0
2025-01-07 16:23:13,659 [WARN] PackLoader:240 - Cannot read IP mode file for Cesanta.I-CUBE-Mongoose.7.13.0
2025-01-07 16:23:14,467 [WARN] PackLoader:240 - Cannot read IP mode file for STMicroelectronics.X-CUBE-AZRTOS-G4.2.0.0
2025-01-07 16:23:14,668 [WARN] PackLoader:240 - Cannot read IP mode file for STMicroelectronics.X-CUBE-ISPU.2.0.0
2025-01-07 16:23:15,381 [WARN] PackLoader:240 - Cannot read IP mode file for STMicroelectronics.X-CUBE-ALS.1.0.2
2025-01-07 16:23:15,847 [WARN] PackLoader:240 - Cannot read IP mode file for STMicroelectronics.X-CUBE-MEMS1.10.0.0
2025-01-07 16:23:16,287 [WARN] PackLoader:240 - Cannot read IP mode file for STMicroelectronics.X-CUBE-TOUCHGFX.4.24.0
2025-01-07 16:23:16,536 [WARN] PackLoader:240 - Cannot read IP mode file for STMicroelectronics.X-CUBE-TOUCHGFX.4.24.1
2025-01-07 16:23:17,298 [WARN] PackLoader:240 - Cannot read IP mode file for portGmbH.I-Cube-SoM-uGOAL.1.1.0
2025-01-07 16:23:17,922 [WARN] PackLoader:240 - Cannot read IP mode file for STMicroelectronics.X-CUBE-AZRTOS-H7RS.1.0.0
2025-01-07 16:23:18,090 [WARN] PackLoader:240 - Cannot read IP mode file for STMicroelectronics.FP-ATR-ASTRA1.2.0.0
2025-01-07 16:23:18,552 [WARN] PackLoader:240 - Cannot read IP mode file for STMicroelectronics.X-CUBE-TOF1.3.4.2
2025-01-07 16:23:18,853 [WARN] PackLoader:240 - Cannot read IP mode file for Infineon.AIROC-Wi-Fi-Bluetooth-STM32.1.6.1
2025-01-07 16:23:19,176 [WARN] PackLoader:240 - Cannot read IP mode file for wolfSSL.I-CUBE-wolfSSH.1.4.17
2025-01-07 16:23:19,177 [INFO] ThirdParty:978 - Integrity check success = true
2025-01-07 16:23:19,177 [INFO] IntegrityCheckThread:100 - exiting critical section [integrity check]
2025-01-07 16:23:19,178 [INFO] IntegrityCheckThread:103 - End integrity checks thread
2025-01-07 16:23:34,069 [INFO] WebApp:448 - Apply proxy settings
2025-01-07 16:23:34,070 [INFO] WebApp:533 - Chromium requires no authentication
2025-01-07 16:23:34,993 [INFO] WebApp:476 - Direct internet connection detected
2025-01-07 16:23:36,582 [INFO] WebApp:869 - Register for checkConnection events
2025-01-07 16:23:36,582 [INFO] WebApp:448 - Apply proxy settings
2025-01-07 16:23:36,582 [INFO] WebApp:533 - Chromium requires no authentication
2025-01-07 16:23:36,583 [INFO] WebApp:476 - Direct internet connection detected
2025-01-07 16:23:41,683 [INFO] WebApp:186 - Connection restablished
2025-01-07 16:23:46,893 [INFO] WebApp:220 - Starting web application
2025-01-07 16:23:46,893 [INFO] WebApp:578 - Web application path used C:\ST\STM32CubeIDE_1.16.0\STM32CubeIDE\plugins\com.st.stm32cube.common.mx_6.12.0.202406281431\db\plugins\mcufinder\reactClient1\index.html
2025-01-07 16:23:48,088 [INFO] UserAuth:417 - Internet connection configuration mode: 1
