2024-11-21 12:38:56,191 [INFO] Activator:176 - 


2024-11-21 12:38:56,238 [INFO] Activator:177 - !SESSION log4j initialized
2024-11-21 12:39:29,385 [INFO] LogOutputStream:77 - [STDOUT_REDIRECT] 
2024-11-21 12:39:51,592 [INFO] ApplicationProperties:184 - Using Application install path: C:\ST\STM32CubeIDE_1.16.0\STM32CubeIDE\plugins\com.st.stm32cube.common.mx_6.12.0.202406281431
2024-11-21 12:39:51,823 [INFO] DbMcusXml:78 - Set database path to: C:\ST\STM32CubeIDE_1.16.0\STM32CubeIDE\plugins\com.st.stm32cube.common.mx_6.12.0.202406281431\\db\/mcu/
2024-11-21 12:39:51,823 [INFO] ApiDb:274 - Set plugin database path to: C:\ST\STM32CubeIDE_1.16.0\STM32CubeIDE\plugins\com.st.stm32cube.common.mx_6.12.0.202406281431\\db\/plugins/boardmanager/
2024-11-21 12:39:51,826 [WARN] ApiDb:259 - Overriding images path with different value:  => C:\ST\STM32CubeIDE_1.16.0\STM32CubeIDE\plugins\com.st.stm32cube.common.mx_6.12.0.202406281431\\db\/plugins/mcufinder/images/
2024-11-21 12:39:52,209 [INFO] ApiDb:250 - Set database path to: C:\Users\User\.stmcufinder\plugins\mcufinder//mcu/
2024-11-21 12:39:52,210 [INFO] DbMcusAds:125 - Set database path to: C:\Users\User\.stmcufinder\plugins\mcufinder//mcu/
2024-11-21 12:39:52,463 [INFO] CrossReferenceDbSqlite:203 - Set database path to: C:\Users\User\.stmcufinder\plugins\mcufinder//mcu/cs/
2024-11-21 12:39:52,851 [INFO] RulesReader:64 - Compatibility file has been processed (297 Rules)
2024-11-21 12:39:53,482 [INFO] DbMcusXml:78 - Set database path to: C:\ST\STM32CubeIDE_1.16.0\STM32CubeIDE\plugins\com.st.stm32cube.common.mx_6.12.0.202406281431\\db\/mcu/
2024-11-21 12:39:53,482 [INFO] ApiDb:274 - Set plugin database path to: C:\ST\STM32CubeIDE_1.16.0\STM32CubeIDE\plugins\com.st.stm32cube.common.mx_6.12.0.202406281431\\db\/plugins/boardmanager/
2024-11-21 12:39:53,482 [INFO] ApiDb:261 - Set plugin images path to: C:\ST\STM32CubeIDE_1.16.0\STM32CubeIDE\plugins\com.st.stm32cube.common.mx_6.12.0.202406281431\\db\/plugins/mcufinder/images/
2024-11-21 12:39:53,482 [WARN] DbFile:41 - Overriding database path with different value: C:\Users\User\.stmcufinder\plugins\mcufinder/ => C:\Users\User\.stmcufinder\plugins\mcufinder
2024-11-21 12:39:53,483 [INFO] ApiDb:250 - Set database path to: C:\Users\User\.stmcufinder\plugins\mcufinder//mcu/
2024-11-21 12:39:53,483 [WARN] DbFile:41 - Overriding database path with different value: C:\Users\User\.stmcufinder\plugins\mcufinder/ => C:\Users\User\.stmcufinder\plugins\mcufinder
2024-11-21 12:39:53,483 [INFO] DbMcusAds:125 - Set database path to: C:\Users\User\.stmcufinder\plugins\mcufinder//mcu/
2024-11-21 12:39:53,483 [WARN] DbFile:41 - Overriding database path with different value: C:\Users\User\.stmcufinder\plugins\mcufinder/ => C:\Users\User\.stmcufinder\plugins\mcufinder
2024-11-21 12:39:53,483 [WARN] DbFile:41 - Overriding database path with different value: C:\Users\User\.stmcufinder\plugins\mcufinder/ => C:\Users\User\.stmcufinder\plugins\mcufinder
2024-11-21 12:39:53,483 [INFO] CrossReferenceDbSqlite:203 - Set database path to: C:\Users\User\.stmcufinder\plugins\mcufinder//mcu/cs/
2024-11-21 12:39:54,057 [INFO] MainPanel:268 - HeapMemory: 268435456
2024-11-21 12:39:54,673 [INFO] DbMcusXml:78 - Set database path to: C:\ST\STM32CubeIDE_1.16.0\STM32CubeIDE\plugins\com.st.stm32cube.common.mx_6.12.0.202406281431\\db\/mcu/
2024-11-21 12:39:54,673 [INFO] ApiDb:274 - Set plugin database path to: C:\ST\STM32CubeIDE_1.16.0\STM32CubeIDE\plugins\com.st.stm32cube.common.mx_6.12.0.202406281431\\db\/plugins/boardmanager/
2024-11-21 12:39:54,673 [INFO] ApiDb:261 - Set plugin images path to: C:\ST\STM32CubeIDE_1.16.0\STM32CubeIDE\plugins\com.st.stm32cube.common.mx_6.12.0.202406281431\\db\/plugins/mcufinder/images/
2024-11-21 12:39:54,674 [WARN] DbFile:41 - Overriding database path with different value: C:\Users\User\.stmcufinder\plugins\mcufinder/ => C:\Users\User\.stmcufinder\plugins\mcufinder
2024-11-21 12:39:54,674 [INFO] ApiDb:250 - Set database path to: C:\Users\User\.stmcufinder\plugins\mcufinder//mcu/
2024-11-21 12:39:54,674 [WARN] DbFile:41 - Overriding database path with different value: C:\Users\User\.stmcufinder\plugins\mcufinder/ => C:\Users\User\.stmcufinder\plugins\mcufinder
2024-11-21 12:39:54,675 [INFO] DbMcusAds:125 - Set database path to: C:\Users\User\.stmcufinder\plugins\mcufinder//mcu/
2024-11-21 12:39:54,675 [WARN] DbFile:41 - Overriding database path with different value: C:\Users\User\.stmcufinder\plugins\mcufinder/ => C:\Users\User\.stmcufinder\plugins\mcufinder
2024-11-21 12:39:54,675 [WARN] DbFile:41 - Overriding database path with different value: C:\Users\User\.stmcufinder\plugins\mcufinder/ => C:\Users\User\.stmcufinder\plugins\mcufinder
2024-11-21 12:39:54,675 [INFO] CrossReferenceDbSqlite:203 - Set database path to: C:\Users\User\.stmcufinder\plugins\mcufinder//mcu/cs/
2024-11-21 12:39:54,710 [INFO] ApplicationProperties:184 - Using Application install path: C:\ST\STM32CubeIDE_1.16.0\STM32CubeIDE\plugins\com.st.stm32cube.common.mx_6.12.0.202406281431
2024-11-21 12:39:54,712 [INFO] PluginManage:196 - Search for loadable plugins [exclusion list=, ]
2024-11-21 12:39:54,737 [INFO] PluginManage:310 - Check plugin analytics
2024-11-21 12:39:59,820 [INFO] AnalyticsPlugin:253 - Accepted Software Licenses: 
2024-11-21 12:39:59,820 [INFO] AnalyticsPlugin:255 - Accepted CMSIS Pack Licenses: 
2024-11-21 12:39:59,821 [INFO] AnalyticsPlugin:257 - Accepted Firmware Licenses: FW.L4.1.18.0
2024-11-21 12:39:59,825 [INFO] PluginManage:359 - Loaded plugin analytics (category:tool,tabindex:-1)
2024-11-21 12:39:59,826 [INFO] PluginManage:310 - Check plugin cadmodel
2024-11-21 12:39:59,970 [INFO] CADModel:105 - Init CAD model plugin
2024-11-21 12:39:59,970 [INFO] PluginManage:359 - Loaded plugin cadmodel (category:power,tabindex:5)
2024-11-21 12:39:59,971 [INFO] PluginManage:310 - Check plugin clock
2024-11-21 12:40:00,127 [INFO] PluginManage:359 - Loaded plugin clock (category:base,tabindex:2)
2024-11-21 12:40:00,127 [INFO] PluginManage:310 - Check plugin ddr
2024-11-21 12:40:00,196 [INFO] PluginManage:359 - Loaded plugin ddr (category:tool,tabindex:6)
2024-11-21 12:40:00,196 [INFO] PluginManage:310 - Check plugin filemanager
2024-11-21 12:40:01,230 [INFO] PluginManage:359 - Loaded plugin filemanager (category:base,tabindex:10)
2024-11-21 12:40:01,230 [INFO] PluginManage:310 - Check plugin ipmanager
2024-11-21 12:40:01,285 [INFO] PluginManage:359 - Loaded plugin ipmanager (category:base,tabindex:5)
2024-11-21 12:40:01,285 [INFO] PluginManage:310 - Check plugin lpbam
2024-11-21 12:40:01,382 [INFO] PluginManage:359 - Loaded plugin lpbam (category:base,tabindex:0)
2024-11-21 12:40:01,383 [INFO] PluginManage:310 - Check plugin memorymap
2024-11-21 12:40:01,541 [INFO] PluginManage:359 - Loaded plugin memorymap (category:base,tabindex:4)
2024-11-21 12:40:01,542 [INFO] PluginManage:310 - Check plugin pinoutandconfiguration
2024-11-21 12:40:01,631 [INFO] PluginManage:359 - Loaded plugin pinoutandconfiguration (category:base,tabindex:1)
2024-11-21 12:40:01,632 [INFO] PluginManage:310 - Check plugin pinoutconfig
2024-11-21 12:40:02,008 [WARN] SupportedApi:132 - Cannot load RTOS API schema: s4s-elt-must-match.1: The content of 'definitions' must match (annotation?, (simpleType | complexType)?, (unique | key | keyref)*)). A problem was found starting at: attribute.
2024-11-21 12:40:02,525 [INFO] PluginManage:359 - Loaded plugin pinoutconfig (category:base,tabindex:0)
2024-11-21 12:40:02,525 [INFO] PluginManage:310 - Check plugin power
2024-11-21 12:40:02,581 [INFO] PluginManage:359 - Loaded plugin power (category:power,tabindex:4)
2024-11-21 12:40:02,582 [INFO] PluginManage:310 - Check plugin projectmanager
2024-11-21 12:40:02,652 [INFO] PluginManage:359 - Loaded plugin projectmanager (category:projectmanager,tabindex:4)
2024-11-21 12:40:02,652 [INFO] PluginManage:310 - Check plugin rif
2024-11-21 12:40:02,726 [INFO] PluginManage:359 - Loaded plugin rif (category:base,tabindex:3)
2024-11-21 12:40:02,726 [INFO] PluginManage:310 - Check plugin thirdparty
2024-11-21 12:40:04,158 [INFO] PluginManage:359 - Loaded plugin thirdparty (category:base,tabindex:-1)
2024-11-21 12:40:04,158 [WARN] IntegrityCheckThread:84 - waiting for thirdparty lock release [integrity check]
2024-11-21 12:40:04,158 [INFO] IntegrityCheckThread:86 - entering critical section [integrity check]
2024-11-21 12:40:04,158 [INFO] PluginManage:310 - Check plugin tools
2024-11-21 12:40:04,159 [INFO] ThirdPartyUpdaterWithRetryManager:70 - Updater plugin not ready yet. [1/15]
2024-11-21 12:40:04,203 [INFO] PluginManage:359 - Loaded plugin tools (category:base,tabindex:7)
2024-11-21 12:40:04,203 [INFO] PluginManage:310 - Check plugin tutovideos
2024-11-21 12:40:05,003 [INFO] PluginManage:359 - Loaded plugin tutovideos (category:base,tabindex:-1)
2024-11-21 12:40:05,004 [INFO] PluginManage:310 - Check plugin updater
2024-11-21 12:40:05,052 [INFO] PluginManage:359 - Loaded plugin updater (category:base,tabindex:12)
2024-11-21 12:40:05,052 [INFO] PluginManage:310 - Check plugin userauth
2024-11-21 12:40:05,152 [INFO] UserAuth:113 - Init User Auth plugin
2024-11-21 12:40:05,152 [INFO] PluginManage:359 - Loaded plugin userauth (category:base,tabindex:14)
2024-11-21 12:40:05,152 [INFO] PluginManage:283 - PluginManage : Loaded plugins [18]
2024-11-21 12:40:06,263 [INFO] PinOutPanel:1561 - setPackage(No Configuration,No Configuration)
2024-11-21 12:40:06,581 [INFO] CADModel:165 - CPN selected for project level
2024-11-21 12:40:06,581 [INFO] CADModel:114 - Register for checkConnection events
2024-11-21 12:40:06,736 [INFO] IPUIPlugin:80 - create IPUIPlugin
2024-11-21 12:40:06,737 [INFO] PluginManager:220 - loadIPPluginJar : add adc
2024-11-21 12:40:06,757 [INFO] IPUIPlugin:80 - create IPUIPlugin
2024-11-21 12:40:06,758 [INFO] PluginManager:220 - loadIPPluginJar : add aes
2024-11-21 12:40:06,783 [INFO] IPUIPlugin:80 - create IPUIPlugin
2024-11-21 12:40:06,784 [INFO] PluginManager:220 - loadIPPluginJar : add can
2024-11-21 12:40:06,802 [INFO] IPUIPlugin:80 - create IPUIPlugin
2024-11-21 12:40:06,803 [INFO] PluginManager:220 - loadIPPluginJar : add comp
2024-11-21 12:40:06,851 [INFO] IPUIPlugin:80 - create IPUIPlugin
2024-11-21 12:40:06,851 [INFO] PluginManager:220 - loadIPPluginJar : add cryp
2024-11-21 12:40:06,978 [INFO] IPUIPlugin:80 - create IPUIPlugin
2024-11-21 12:40:06,978 [INFO] PluginManager:220 - loadIPPluginJar : add ddr_ctrl_phy
2024-11-21 12:40:07,010 [INFO] IPUIPlugin:80 - create IPUIPlugin
2024-11-21 12:40:07,010 [INFO] PluginManager:220 - loadIPPluginJar : add dfsdm
2024-11-21 12:40:07,042 [INFO] IPUIPlugin:80 - create IPUIPlugin
2024-11-21 12:40:07,042 [INFO] PluginManager:220 - loadIPPluginJar : add dma
2024-11-21 12:40:07,090 [INFO] IPUIPlugin:80 - create IPUIPlugin
2024-11-21 12:40:07,090 [INFO] PluginManager:220 - loadIPPluginJar : add dma3
2024-11-21 12:40:07,155 [INFO] IPUIPlugin:80 - create IPUIPlugin
2024-11-21 12:40:07,155 [INFO] PluginManager:220 - loadIPPluginJar : add extmemmanager
2024-11-21 12:40:07,160 [INFO] ThirdPartyUpdaterWithRetryManager:70 - Updater plugin not ready yet. [2/15]
2024-11-21 12:40:07,174 [INFO] IPUIPlugin:80 - create IPUIPlugin
2024-11-21 12:40:07,175 [INFO] PluginManager:220 - loadIPPluginJar : add fatfs
2024-11-21 12:40:07,210 [INFO] IPUIPlugin:80 - create IPUIPlugin
2024-11-21 12:40:07,210 [INFO] PluginManager:220 - loadIPPluginJar : add fmc
2024-11-21 12:40:07,260 [INFO] IPUIPlugin:80 - create IPUIPlugin
2024-11-21 12:40:07,261 [INFO] PluginManager:220 - loadIPPluginJar : add freertos
2024-11-21 12:40:07,287 [INFO] IPUIPlugin:80 - create IPUIPlugin
2024-11-21 12:40:07,287 [INFO] PluginManager:220 - loadIPPluginJar : add genericplugin
2024-11-21 12:40:07,301 [INFO] IPUIPlugin:80 - create IPUIPlugin
2024-11-21 12:40:07,301 [INFO] PluginManager:220 - loadIPPluginJar : add gfxmmu
2024-11-21 12:40:07,308 [INFO] IPUIPlugin:80 - create IPUIPlugin
2024-11-21 12:40:07,308 [INFO] PluginManager:220 - loadIPPluginJar : add gic
2024-11-21 12:40:07,368 [INFO] IPUIPlugin:80 - create IPUIPlugin
2024-11-21 12:40:07,368 [INFO] PluginManager:220 - loadIPPluginJar : add gpio
2024-11-21 12:40:07,373 [INFO] IPUIPlugin:80 - create IPUIPlugin
2024-11-21 12:40:07,374 [INFO] PluginManager:220 - loadIPPluginJar : add gtzc
2024-11-21 12:40:07,407 [INFO] IPUIPlugin:80 - create IPUIPlugin
2024-11-21 12:40:07,407 [INFO] PluginManager:220 - loadIPPluginJar : add hash
2024-11-21 12:40:07,432 [INFO] IPUIPlugin:80 - create IPUIPlugin
2024-11-21 12:40:07,432 [INFO] PluginManager:220 - loadIPPluginJar : add i2c
2024-11-21 12:40:07,479 [INFO] IPUIPlugin:80 - create IPUIPlugin
2024-11-21 12:40:07,479 [INFO] PluginManager:220 - loadIPPluginJar : add i2s
2024-11-21 12:40:07,539 [INFO] IPUIPlugin:80 - create IPUIPlugin
2024-11-21 12:40:07,539 [INFO] PluginManager:220 - loadIPPluginJar : add i3c
2024-11-21 12:40:07,544 [INFO] IPUIPlugin:80 - create IPUIPlugin
2024-11-21 12:40:07,544 [INFO] PluginManager:220 - loadIPPluginJar : add ipddr
2024-11-21 12:40:07,584 [INFO] IPUIPlugin:80 - create IPUIPlugin
2024-11-21 12:40:07,584 [INFO] PluginManager:220 - loadIPPluginJar : add linkedlist
2024-11-21 12:40:07,622 [INFO] IPUIPlugin:80 - create IPUIPlugin
2024-11-21 12:40:07,623 [INFO] PluginManager:220 - loadIPPluginJar : add lorawan
2024-11-21 12:40:07,654 [INFO] IPUIPlugin:80 - create IPUIPlugin
2024-11-21 12:40:07,655 [INFO] PluginManager:220 - loadIPPluginJar : add ltdc
2024-11-21 12:40:07,715 [INFO] IPUIPlugin:80 - create IPUIPlugin
2024-11-21 12:40:07,716 [INFO] PluginManager:220 - loadIPPluginJar : add mdma
2024-11-21 12:40:07,775 [INFO] IPUIPlugin:80 - create IPUIPlugin
2024-11-21 12:40:07,775 [INFO] PluginManager:220 - loadIPPluginJar : add nvic
2024-11-21 12:40:07,822 [INFO] IPUIPlugin:80 - create IPUIPlugin
2024-11-21 12:40:07,823 [INFO] PluginManager:220 - loadIPPluginJar : add opamp
2024-11-21 12:40:07,863 [INFO] IPUIPlugin:80 - create IPUIPlugin
2024-11-21 12:40:07,863 [INFO] PluginManager:220 - loadIPPluginJar : add openamp
2024-11-21 12:40:07,900 [INFO] IPUIPlugin:80 - create IPUIPlugin
2024-11-21 12:40:07,900 [INFO] PluginManager:220 - loadIPPluginJar : add pdm2pcm
2024-11-21 12:40:07,960 [INFO] IPUIPlugin:80 - create IPUIPlugin
2024-11-21 12:40:07,964 [INFO] PluginManager:220 - loadIPPluginJar : add plateformsettings
2024-11-21 12:40:07,979 [INFO] IPUIPlugin:80 - create IPUIPlugin
2024-11-21 12:40:07,979 [INFO] PluginManager:220 - loadIPPluginJar : add quadspi
2024-11-21 12:40:08,030 [INFO] IPUIPlugin:80 - create IPUIPlugin
2024-11-21 12:40:08,030 [INFO] PluginManager:220 - loadIPPluginJar : add radio
2024-11-21 12:40:08,085 [INFO] IPUIPlugin:80 - create IPUIPlugin
2024-11-21 12:40:08,085 [INFO] PluginManager:220 - loadIPPluginJar : add resmgrutility
2024-11-21 12:40:08,089 [INFO] IPUIPlugin:80 - create IPUIPlugin
2024-11-21 12:40:08,089 [INFO] PluginManager:220 - loadIPPluginJar : add sai
2024-11-21 12:40:08,092 [INFO] IPUIPlugin:80 - create IPUIPlugin
2024-11-21 12:40:08,092 [INFO] PluginManager:220 - loadIPPluginJar : add spi
2024-11-21 12:40:08,100 [INFO] IPUIPlugin:80 - create IPUIPlugin
2024-11-21 12:40:08,100 [INFO] PluginManager:220 - loadIPPluginJar : add stm32_wpan
2024-11-21 12:40:08,133 [INFO] IPUIPlugin:80 - create IPUIPlugin
2024-11-21 12:40:08,133 [INFO] PluginManager:220 - loadIPPluginJar : add tim
2024-11-21 12:40:08,137 [INFO] IPUIPlugin:80 - create IPUIPlugin
2024-11-21 12:40:08,137 [INFO] PluginManager:220 - loadIPPluginJar : add touchsensing
2024-11-21 12:40:08,165 [INFO] IPUIPlugin:80 - create IPUIPlugin
2024-11-21 12:40:08,165 [INFO] PluginManager:220 - loadIPPluginJar : add tracer_emb
2024-11-21 12:40:08,207 [INFO] IPUIPlugin:80 - create IPUIPlugin
2024-11-21 12:40:08,208 [INFO] PluginManager:220 - loadIPPluginJar : add ts
2024-11-21 12:40:08,242 [INFO] IPUIPlugin:80 - create IPUIPlugin
2024-11-21 12:40:08,243 [INFO] PluginManager:220 - loadIPPluginJar : add tsc
2024-11-21 12:40:08,255 [INFO] IPUIPlugin:80 - create IPUIPlugin
2024-11-21 12:40:08,255 [INFO] PluginManager:220 - loadIPPluginJar : add ucpd
2024-11-21 12:40:08,285 [INFO] IPUIPlugin:80 - create IPUIPlugin
2024-11-21 12:40:08,286 [INFO] PluginManager:220 - loadIPPluginJar : add usart
2024-11-21 12:40:08,290 [INFO] IPUIPlugin:80 - create IPUIPlugin
2024-11-21 12:40:08,290 [INFO] PluginManager:220 - loadIPPluginJar : add usbx
2024-11-21 12:40:08,551 [INFO] CADModel:165 - CPN selected for project level
2024-11-21 12:40:08,551 [INFO] CADModel:114 - Register for checkConnection events
2024-11-21 12:40:08,551 [FATAL] Updater:334 - Updater called before beeing initialized
2024-11-21 12:40:08,551 [ERROR] CADModel:125 - Updater not yet initialized, retry later 
2024-11-21 12:40:09,450 [INFO] CADModel:165 - CPN selected for project level
2024-11-21 12:40:09,450 [INFO] CADModel:114 - Register for checkConnection events
2024-11-21 12:40:09,450 [FATAL] Updater:334 - Updater called before beeing initialized
2024-11-21 12:40:09,450 [ERROR] CADModel:125 - Updater not yet initialized, retry later 
2024-11-21 12:40:09,482 [FATAL] Updater:334 - Updater called before beeing initialized
2024-11-21 12:40:10,161 [INFO] ThirdPartyUpdaterWithRetryManager:70 - Updater plugin not ready yet. [3/15]
2024-11-21 12:40:10,428 [FATAL] Updater:334 - Updater called before beeing initialized
2024-11-21 12:40:10,494 [INFO] DbMcusAds:53 - JSON generation date=Fri Sep 20 14:04:38 WAT 2024 (1726837478367)
2024-11-21 12:40:10,494 [FATAL] Updater:334 - Updater called before beeing initialized
2024-11-21 12:40:10,757 [WARN] DetailPanel:346 - Failed to get advertising image, set to default
2024-11-21 12:40:10,895 [FATAL] Updater:334 - Updater called before beeing initialized
2024-11-21 12:40:10,899 [FATAL] Updater:334 - Updater called before beeing initialized
2024-11-21 12:40:10,899 [FATAL] Updater:334 - Updater called before beeing initialized
2024-11-21 12:40:10,900 [WARN] DetailPanel:346 - Failed to get advertising image, set to default
2024-11-21 12:40:10,901 [FATAL] Updater:334 - Updater called before beeing initialized
2024-11-21 12:40:11,306 [ERROR] Updater:1164 - MainUpdater not yet initialized. External WinMGr cannot be set.
2024-11-21 12:40:11,328 [INFO] Updater:1100 - Updater Version found : 6.12.0
2024-11-21 12:40:11,403 [INFO] ApplicationProperties:184 - Using Application install path: C:\ST\STM32CubeIDE_1.16.0\STM32CubeIDE\plugins\com.st.stm32cube.common.mx_6.12.0.202406281431
2024-11-21 12:40:13,162 [FATAL] Updater:334 - Updater called before beeing initialized
2024-11-21 12:40:13,163 [ERROR] IntegrityCheckThread:130 - Cannot retrieve database content from updater: error 21
2024-11-21 12:40:13,163 [INFO] ThirdParty:978 - Integrity check success = false
2024-11-21 12:40:13,163 [INFO] IntegrityCheckThread:100 - exiting critical section [integrity check]
2024-11-21 12:40:13,163 [INFO] IntegrityCheckThread:103 - End integrity checks thread
2024-11-21 12:40:13,272 [ERROR] LogOutputStream:75 - [STDERR_REDIRECT] Nov 21, 2024 12:40:13 PM java.util.prefs.WindowsPreferences <init>
2024-11-21 12:40:13,277 [ERROR] LogOutputStream:75 - [STDERR_REDIRECT] WARNING: Could not open/create prefs root node Software\JavaSoft\Prefs at root 0xffffffff80000002. Windows RegCreateKeyEx(...) returned error code 5.
2024-11-21 12:40:13,277 [ERROR] LogOutputStream:75 - [STDERR_REDIRECT] 
2024-11-21 12:40:15,032 [INFO] MainUpdater:2873 - connection check result : 10
2024-11-21 12:40:15,033 [INFO] MainUpdater:290 - Updater Check For Update Now.
2024-11-21 12:40:15,033 [INFO] MicroXplorer:498 - Change Database Version : DB.6.0.120
2024-11-21 12:40:15,089 [INFO] McuFinderGlobals:63 - Set McuFinder mode to 2 (CubeIDE integrated)
2024-11-21 12:40:15,151 [INFO] UserAuth:417 - Internet connection configuration mode: 1
2024-11-21 12:40:15,518 [INFO] JxBrowserEngine:152 - Initiate JxBrowser Engine with user profile folder
2024-11-21 12:40:15,685 [INFO] CheckServerUpdateThread:120 - End of CheckServer Thread
2024-11-21 12:40:34,680 [INFO] WebApp:167 - Instantiating new browser for Auth
2024-11-21 12:40:49,725 [INFO] WebApp:448 - Apply proxy settings
2024-11-21 12:40:49,726 [INFO] WebApp:533 - Chromium requires no authentication
2024-11-21 12:40:50,399 [INFO] WebApp:476 - Direct internet connection detected
2024-11-21 12:40:51,796 [INFO] WebApp:869 - Register for checkConnection events
2024-11-21 12:40:51,796 [INFO] WebApp:448 - Apply proxy settings
2024-11-21 12:40:51,796 [INFO] WebApp:533 - Chromium requires no authentication
2024-11-21 12:40:51,797 [INFO] WebApp:476 - Direct internet connection detected
2024-11-21 12:40:55,333 [INFO] WebApp:186 - Connection restablished
2024-11-21 12:41:01,593 [INFO] WebApp:220 - Starting web application
2024-11-21 12:41:01,594 [INFO] WebApp:578 - Web application path used C:\ST\STM32CubeIDE_1.16.0\STM32CubeIDE\plugins\com.st.stm32cube.common.mx_6.12.0.202406281431\db\plugins\mcufinder\reactClient1\index.html
2024-11-21 12:41:03,637 [INFO] UserAuth:417 - Internet connection configuration mode: 1
2024-11-21 17:42:12,385 [ERROR] LogOutputStream:75 - [STDERR_REDIRECT] 
2024-11-21 17:42:12,387 [ERROR] LogOutputStream:75 - [STDERR_REDIRECT] 
