2024-12-06 08:17:32,953 [INFO] Activator:176 - 


2024-12-06 08:17:33,063 [INFO] Activator:177 - !SESSION log4j initialized
2024-12-06 08:17:57,678 [INFO] LogOutputStream:77 - [STDOUT_REDIRECT] 
2024-12-06 08:18:16,590 [INFO] ApplicationProperties:184 - Using Application install path: C:\ST\STM32CubeIDE_1.16.0\STM32CubeIDE\plugins\com.st.stm32cube.common.mx_6.12.0.202406281431
2024-12-06 08:18:16,675 [INFO] DbMcusXml:78 - Set database path to: C:\ST\STM32CubeIDE_1.16.0\STM32CubeIDE\plugins\com.st.stm32cube.common.mx_6.12.0.202406281431\\db\/mcu/
2024-12-06 08:18:16,676 [INFO] ApiDb:274 - Set plugin database path to: C:\ST\STM32CubeIDE_1.16.0\STM32CubeIDE\plugins\com.st.stm32cube.common.mx_6.12.0.202406281431\\db\/plugins/boardmanager/
2024-12-06 08:18:16,677 [WARN] ApiDb:259 - Overriding images path with different value:  => C:\ST\STM32CubeIDE_1.16.0\STM32CubeIDE\plugins\com.st.stm32cube.common.mx_6.12.0.202406281431\\db\/plugins/mcufinder/images/
2024-12-06 08:18:16,744 [INFO] ApiDb:250 - Set database path to: C:\Users\User\.stmcufinder\plugins\mcufinder//mcu/
2024-12-06 08:18:16,746 [INFO] DbMcusAds:125 - Set database path to: C:\Users\User\.stmcufinder\plugins\mcufinder//mcu/
2024-12-06 08:18:16,846 [INFO] CrossReferenceDbSqlite:203 - Set database path to: C:\Users\User\.stmcufinder\plugins\mcufinder//mcu/cs/
2024-12-06 08:18:17,386 [INFO] RulesReader:64 - Compatibility file has been processed (297 Rules)
2024-12-06 08:18:17,854 [INFO] DbMcusXml:78 - Set database path to: C:\ST\STM32CubeIDE_1.16.0\STM32CubeIDE\plugins\com.st.stm32cube.common.mx_6.12.0.202406281431\\db\/mcu/
2024-12-06 08:18:17,855 [INFO] ApiDb:274 - Set plugin database path to: C:\ST\STM32CubeIDE_1.16.0\STM32CubeIDE\plugins\com.st.stm32cube.common.mx_6.12.0.202406281431\\db\/plugins/boardmanager/
2024-12-06 08:18:17,855 [INFO] ApiDb:261 - Set plugin images path to: C:\ST\STM32CubeIDE_1.16.0\STM32CubeIDE\plugins\com.st.stm32cube.common.mx_6.12.0.202406281431\\db\/plugins/mcufinder/images/
2024-12-06 08:18:17,855 [WARN] DbFile:41 - Overriding database path with different value: C:\Users\User\.stmcufinder\plugins\mcufinder/ => C:\Users\User\.stmcufinder\plugins\mcufinder
2024-12-06 08:18:17,855 [INFO] ApiDb:250 - Set database path to: C:\Users\User\.stmcufinder\plugins\mcufinder//mcu/
2024-12-06 08:18:17,855 [WARN] DbFile:41 - Overriding database path with different value: C:\Users\User\.stmcufinder\plugins\mcufinder/ => C:\Users\User\.stmcufinder\plugins\mcufinder
2024-12-06 08:18:17,856 [INFO] DbMcusAds:125 - Set database path to: C:\Users\User\.stmcufinder\plugins\mcufinder//mcu/
2024-12-06 08:18:17,856 [WARN] DbFile:41 - Overriding database path with different value: C:\Users\User\.stmcufinder\plugins\mcufinder/ => C:\Users\User\.stmcufinder\plugins\mcufinder
2024-12-06 08:18:17,856 [WARN] DbFile:41 - Overriding database path with different value: C:\Users\User\.stmcufinder\plugins\mcufinder/ => C:\Users\User\.stmcufinder\plugins\mcufinder
2024-12-06 08:18:17,856 [INFO] CrossReferenceDbSqlite:203 - Set database path to: C:\Users\User\.stmcufinder\plugins\mcufinder//mcu/cs/
2024-12-06 08:18:18,657 [INFO] MainPanel:268 - HeapMemory: 268435456
2024-12-06 08:18:19,412 [INFO] DbMcusXml:78 - Set database path to: C:\ST\STM32CubeIDE_1.16.0\STM32CubeIDE\plugins\com.st.stm32cube.common.mx_6.12.0.202406281431\\db\/mcu/
2024-12-06 08:18:19,412 [INFO] ApiDb:274 - Set plugin database path to: C:\ST\STM32CubeIDE_1.16.0\STM32CubeIDE\plugins\com.st.stm32cube.common.mx_6.12.0.202406281431\\db\/plugins/boardmanager/
2024-12-06 08:18:19,412 [INFO] ApiDb:261 - Set plugin images path to: C:\ST\STM32CubeIDE_1.16.0\STM32CubeIDE\plugins\com.st.stm32cube.common.mx_6.12.0.202406281431\\db\/plugins/mcufinder/images/
2024-12-06 08:18:19,413 [WARN] DbFile:41 - Overriding database path with different value: C:\Users\User\.stmcufinder\plugins\mcufinder/ => C:\Users\User\.stmcufinder\plugins\mcufinder
2024-12-06 08:18:19,413 [INFO] ApiDb:250 - Set database path to: C:\Users\User\.stmcufinder\plugins\mcufinder//mcu/
2024-12-06 08:18:19,413 [WARN] DbFile:41 - Overriding database path with different value: C:\Users\User\.stmcufinder\plugins\mcufinder/ => C:\Users\User\.stmcufinder\plugins\mcufinder
2024-12-06 08:18:19,413 [INFO] DbMcusAds:125 - Set database path to: C:\Users\User\.stmcufinder\plugins\mcufinder//mcu/
2024-12-06 08:18:19,414 [WARN] DbFile:41 - Overriding database path with different value: C:\Users\User\.stmcufinder\plugins\mcufinder/ => C:\Users\User\.stmcufinder\plugins\mcufinder
2024-12-06 08:18:19,414 [WARN] DbFile:41 - Overriding database path with different value: C:\Users\User\.stmcufinder\plugins\mcufinder/ => C:\Users\User\.stmcufinder\plugins\mcufinder
2024-12-06 08:18:19,414 [INFO] CrossReferenceDbSqlite:203 - Set database path to: C:\Users\User\.stmcufinder\plugins\mcufinder//mcu/cs/
2024-12-06 08:18:19,461 [INFO] ApplicationProperties:184 - Using Application install path: C:\ST\STM32CubeIDE_1.16.0\STM32CubeIDE\plugins\com.st.stm32cube.common.mx_6.12.0.202406281431
2024-12-06 08:18:19,463 [INFO] PluginManage:196 - Search for loadable plugins [exclusion list=, ]
2024-12-06 08:18:19,512 [INFO] PluginManage:310 - Check plugin analytics
2024-12-06 08:18:24,689 [INFO] AnalyticsPlugin:253 - Accepted Software Licenses: 
2024-12-06 08:18:24,689 [INFO] AnalyticsPlugin:255 - Accepted CMSIS Pack Licenses: 
2024-12-06 08:18:24,689 [INFO] AnalyticsPlugin:257 - Accepted Firmware Licenses: FW.L4.1.18.0
2024-12-06 08:18:24,692 [INFO] PluginManage:359 - Loaded plugin analytics (category:tool,tabindex:-1)
2024-12-06 08:18:24,693 [INFO] PluginManage:310 - Check plugin cadmodel
2024-12-06 08:18:24,756 [INFO] CADModel:105 - Init CAD model plugin
2024-12-06 08:18:24,757 [INFO] PluginManage:359 - Loaded plugin cadmodel (category:power,tabindex:5)
2024-12-06 08:18:24,757 [INFO] PluginManage:310 - Check plugin clock
2024-12-06 08:18:24,905 [INFO] PluginManage:359 - Loaded plugin clock (category:base,tabindex:2)
2024-12-06 08:18:24,905 [INFO] PluginManage:310 - Check plugin ddr
2024-12-06 08:18:24,941 [INFO] PluginManage:359 - Loaded plugin ddr (category:tool,tabindex:6)
2024-12-06 08:18:24,942 [INFO] PluginManage:310 - Check plugin filemanager
2024-12-06 08:18:25,677 [INFO] PluginManage:359 - Loaded plugin filemanager (category:base,tabindex:10)
2024-12-06 08:18:25,677 [INFO] PluginManage:310 - Check plugin ipmanager
2024-12-06 08:18:25,723 [INFO] PluginManage:359 - Loaded plugin ipmanager (category:base,tabindex:5)
2024-12-06 08:18:25,723 [INFO] PluginManage:310 - Check plugin lpbam
2024-12-06 08:18:25,772 [INFO] PluginManage:359 - Loaded plugin lpbam (category:base,tabindex:0)
2024-12-06 08:18:25,772 [INFO] PluginManage:310 - Check plugin memorymap
2024-12-06 08:18:25,907 [INFO] PluginManage:359 - Loaded plugin memorymap (category:base,tabindex:4)
2024-12-06 08:18:25,908 [INFO] PluginManage:310 - Check plugin pinoutandconfiguration
2024-12-06 08:18:25,944 [INFO] PluginManage:359 - Loaded plugin pinoutandconfiguration (category:base,tabindex:1)
2024-12-06 08:18:25,944 [INFO] PluginManage:310 - Check plugin pinoutconfig
2024-12-06 08:18:26,275 [WARN] SupportedApi:132 - Cannot load RTOS API schema: s4s-elt-must-match.1: The content of 'definitions' must match (annotation?, (simpleType | complexType)?, (unique | key | keyref)*)). A problem was found starting at: attribute.
2024-12-06 08:18:27,069 [INFO] PluginManage:359 - Loaded plugin pinoutconfig (category:base,tabindex:0)
2024-12-06 08:18:27,069 [INFO] PluginManage:310 - Check plugin power
2024-12-06 08:18:27,201 [INFO] PluginManage:359 - Loaded plugin power (category:power,tabindex:4)
2024-12-06 08:18:27,201 [INFO] PluginManage:310 - Check plugin projectmanager
2024-12-06 08:18:27,277 [INFO] PluginManage:359 - Loaded plugin projectmanager (category:projectmanager,tabindex:4)
2024-12-06 08:18:27,278 [INFO] PluginManage:310 - Check plugin rif
2024-12-06 08:18:27,368 [INFO] PluginManage:359 - Loaded plugin rif (category:base,tabindex:3)
2024-12-06 08:18:27,368 [INFO] PluginManage:310 - Check plugin thirdparty
2024-12-06 08:18:28,132 [INFO] PluginManage:359 - Loaded plugin thirdparty (category:base,tabindex:-1)
2024-12-06 08:18:28,132 [INFO] PluginManage:310 - Check plugin tools
2024-12-06 08:18:28,132 [WARN] IntegrityCheckThread:84 - waiting for thirdparty lock release [integrity check]
2024-12-06 08:18:28,133 [INFO] IntegrityCheckThread:86 - entering critical section [integrity check]
2024-12-06 08:18:28,134 [INFO] ThirdPartyUpdaterWithRetryManager:70 - Updater plugin not ready yet. [1/15]
2024-12-06 08:18:28,159 [INFO] PluginManage:359 - Loaded plugin tools (category:base,tabindex:7)
2024-12-06 08:18:28,159 [INFO] PluginManage:310 - Check plugin tutovideos
2024-12-06 08:18:28,883 [INFO] PluginManage:359 - Loaded plugin tutovideos (category:base,tabindex:-1)
2024-12-06 08:18:28,883 [INFO] PluginManage:310 - Check plugin updater
2024-12-06 08:18:28,923 [INFO] PluginManage:359 - Loaded plugin updater (category:base,tabindex:12)
2024-12-06 08:18:28,923 [INFO] PluginManage:310 - Check plugin userauth
2024-12-06 08:18:28,958 [INFO] UserAuth:113 - Init User Auth plugin
2024-12-06 08:18:28,958 [INFO] PluginManage:359 - Loaded plugin userauth (category:base,tabindex:14)
2024-12-06 08:18:28,959 [INFO] PluginManage:283 - PluginManage : Loaded plugins [18]
2024-12-06 08:18:30,204 [INFO] PinOutPanel:1561 - setPackage(No Configuration,No Configuration)
2024-12-06 08:18:31,136 [INFO] ThirdPartyUpdaterWithRetryManager:70 - Updater plugin not ready yet. [2/15]
2024-12-06 08:18:31,183 [INFO] CADModel:165 - CPN selected for project level
2024-12-06 08:18:31,184 [INFO] CADModel:114 - Register for checkConnection events
2024-12-06 08:18:31,250 [INFO] IPUIPlugin:80 - create IPUIPlugin
2024-12-06 08:18:31,250 [INFO] PluginManager:220 - loadIPPluginJar : add adc
2024-12-06 08:18:31,276 [INFO] IPUIPlugin:80 - create IPUIPlugin
2024-12-06 08:18:31,276 [INFO] PluginManager:220 - loadIPPluginJar : add aes
2024-12-06 08:18:31,297 [INFO] IPUIPlugin:80 - create IPUIPlugin
2024-12-06 08:18:31,298 [INFO] PluginManager:220 - loadIPPluginJar : add can
2024-12-06 08:18:31,323 [INFO] IPUIPlugin:80 - create IPUIPlugin
2024-12-06 08:18:31,323 [INFO] PluginManager:220 - loadIPPluginJar : add comp
2024-12-06 08:18:31,349 [INFO] IPUIPlugin:80 - create IPUIPlugin
2024-12-06 08:18:31,350 [INFO] PluginManager:220 - loadIPPluginJar : add cryp
2024-12-06 08:18:31,382 [INFO] IPUIPlugin:80 - create IPUIPlugin
2024-12-06 08:18:31,382 [INFO] PluginManager:220 - loadIPPluginJar : add ddr_ctrl_phy
2024-12-06 08:18:31,399 [INFO] IPUIPlugin:80 - create IPUIPlugin
2024-12-06 08:18:31,399 [INFO] PluginManager:220 - loadIPPluginJar : add dfsdm
2024-12-06 08:18:31,429 [INFO] IPUIPlugin:80 - create IPUIPlugin
2024-12-06 08:18:31,430 [INFO] PluginManager:220 - loadIPPluginJar : add dma
2024-12-06 08:18:31,446 [INFO] IPUIPlugin:80 - create IPUIPlugin
2024-12-06 08:18:31,446 [INFO] PluginManager:220 - loadIPPluginJar : add dma3
2024-12-06 08:18:31,460 [INFO] IPUIPlugin:80 - create IPUIPlugin
2024-12-06 08:18:31,460 [INFO] PluginManager:220 - loadIPPluginJar : add extmemmanager
2024-12-06 08:18:31,479 [INFO] IPUIPlugin:80 - create IPUIPlugin
2024-12-06 08:18:31,479 [INFO] PluginManager:220 - loadIPPluginJar : add fatfs
2024-12-06 08:18:31,504 [INFO] IPUIPlugin:80 - create IPUIPlugin
2024-12-06 08:18:31,504 [INFO] PluginManager:220 - loadIPPluginJar : add fmc
2024-12-06 08:18:31,530 [INFO] IPUIPlugin:80 - create IPUIPlugin
2024-12-06 08:18:31,530 [INFO] PluginManager:220 - loadIPPluginJar : add freertos
2024-12-06 08:18:31,542 [INFO] IPUIPlugin:80 - create IPUIPlugin
2024-12-06 08:18:31,542 [INFO] PluginManager:220 - loadIPPluginJar : add genericplugin
2024-12-06 08:18:31,561 [INFO] IPUIPlugin:80 - create IPUIPlugin
2024-12-06 08:18:31,561 [INFO] PluginManager:220 - loadIPPluginJar : add gfxmmu
2024-12-06 08:18:31,567 [INFO] IPUIPlugin:80 - create IPUIPlugin
2024-12-06 08:18:31,567 [INFO] PluginManager:220 - loadIPPluginJar : add gic
2024-12-06 08:18:31,592 [INFO] IPUIPlugin:80 - create IPUIPlugin
2024-12-06 08:18:31,592 [INFO] PluginManager:220 - loadIPPluginJar : add gpio
2024-12-06 08:18:31,596 [INFO] IPUIPlugin:80 - create IPUIPlugin
2024-12-06 08:18:31,596 [INFO] PluginManager:220 - loadIPPluginJar : add gtzc
2024-12-06 08:18:31,613 [INFO] IPUIPlugin:80 - create IPUIPlugin
2024-12-06 08:18:31,613 [INFO] PluginManager:220 - loadIPPluginJar : add hash
2024-12-06 08:18:31,628 [INFO] IPUIPlugin:80 - create IPUIPlugin
2024-12-06 08:18:31,628 [INFO] PluginManager:220 - loadIPPluginJar : add i2c
2024-12-06 08:18:31,643 [INFO] IPUIPlugin:80 - create IPUIPlugin
2024-12-06 08:18:31,644 [INFO] PluginManager:220 - loadIPPluginJar : add i2s
2024-12-06 08:18:31,659 [INFO] IPUIPlugin:80 - create IPUIPlugin
2024-12-06 08:18:31,660 [INFO] PluginManager:220 - loadIPPluginJar : add i3c
2024-12-06 08:18:31,664 [INFO] IPUIPlugin:80 - create IPUIPlugin
2024-12-06 08:18:31,665 [INFO] PluginManager:220 - loadIPPluginJar : add ipddr
2024-12-06 08:18:31,686 [INFO] IPUIPlugin:80 - create IPUIPlugin
2024-12-06 08:18:31,686 [INFO] PluginManager:220 - loadIPPluginJar : add linkedlist
2024-12-06 08:18:31,720 [INFO] IPUIPlugin:80 - create IPUIPlugin
2024-12-06 08:18:31,721 [INFO] PluginManager:220 - loadIPPluginJar : add lorawan
2024-12-06 08:18:31,733 [INFO] IPUIPlugin:80 - create IPUIPlugin
2024-12-06 08:18:31,733 [INFO] PluginManager:220 - loadIPPluginJar : add ltdc
2024-12-06 08:18:31,765 [INFO] IPUIPlugin:80 - create IPUIPlugin
2024-12-06 08:18:31,765 [INFO] PluginManager:220 - loadIPPluginJar : add mdma
2024-12-06 08:18:31,974 [INFO] IPUIPlugin:80 - create IPUIPlugin
2024-12-06 08:18:31,975 [INFO] PluginManager:220 - loadIPPluginJar : add nvic
2024-12-06 08:18:31,995 [INFO] IPUIPlugin:80 - create IPUIPlugin
2024-12-06 08:18:31,995 [INFO] PluginManager:220 - loadIPPluginJar : add opamp
2024-12-06 08:18:32,126 [INFO] IPUIPlugin:80 - create IPUIPlugin
2024-12-06 08:18:32,126 [INFO] PluginManager:220 - loadIPPluginJar : add openamp
2024-12-06 08:18:32,145 [INFO] IPUIPlugin:80 - create IPUIPlugin
2024-12-06 08:18:32,145 [INFO] PluginManager:220 - loadIPPluginJar : add pdm2pcm
2024-12-06 08:18:32,166 [INFO] IPUIPlugin:80 - create IPUIPlugin
2024-12-06 08:18:32,169 [INFO] PluginManager:220 - loadIPPluginJar : add plateformsettings
2024-12-06 08:18:32,259 [INFO] IPUIPlugin:80 - create IPUIPlugin
2024-12-06 08:18:32,259 [INFO] PluginManager:220 - loadIPPluginJar : add quadspi
2024-12-06 08:18:32,286 [INFO] IPUIPlugin:80 - create IPUIPlugin
2024-12-06 08:18:32,287 [INFO] PluginManager:220 - loadIPPluginJar : add radio
2024-12-06 08:18:32,307 [INFO] IPUIPlugin:80 - create IPUIPlugin
2024-12-06 08:18:32,308 [INFO] PluginManager:220 - loadIPPluginJar : add resmgrutility
2024-12-06 08:18:32,313 [INFO] IPUIPlugin:80 - create IPUIPlugin
2024-12-06 08:18:32,313 [INFO] PluginManager:220 - loadIPPluginJar : add sai
2024-12-06 08:18:32,317 [INFO] IPUIPlugin:80 - create IPUIPlugin
2024-12-06 08:18:32,317 [INFO] PluginManager:220 - loadIPPluginJar : add spi
2024-12-06 08:18:32,325 [INFO] IPUIPlugin:80 - create IPUIPlugin
2024-12-06 08:18:32,325 [INFO] PluginManager:220 - loadIPPluginJar : add stm32_wpan
2024-12-06 08:18:32,347 [INFO] IPUIPlugin:80 - create IPUIPlugin
2024-12-06 08:18:32,347 [INFO] PluginManager:220 - loadIPPluginJar : add tim
2024-12-06 08:18:32,372 [INFO] IPUIPlugin:80 - create IPUIPlugin
2024-12-06 08:18:32,372 [INFO] PluginManager:220 - loadIPPluginJar : add touchsensing
2024-12-06 08:18:32,388 [INFO] IPUIPlugin:80 - create IPUIPlugin
2024-12-06 08:18:32,388 [INFO] PluginManager:220 - loadIPPluginJar : add tracer_emb
2024-12-06 08:18:32,397 [INFO] IPUIPlugin:80 - create IPUIPlugin
2024-12-06 08:18:32,397 [INFO] PluginManager:220 - loadIPPluginJar : add ts
2024-12-06 08:18:32,423 [INFO] IPUIPlugin:80 - create IPUIPlugin
2024-12-06 08:18:32,424 [INFO] PluginManager:220 - loadIPPluginJar : add tsc
2024-12-06 08:18:32,434 [INFO] IPUIPlugin:80 - create IPUIPlugin
2024-12-06 08:18:32,435 [INFO] PluginManager:220 - loadIPPluginJar : add ucpd
2024-12-06 08:18:32,457 [INFO] IPUIPlugin:80 - create IPUIPlugin
2024-12-06 08:18:32,457 [INFO] PluginManager:220 - loadIPPluginJar : add usart
2024-12-06 08:18:32,462 [INFO] IPUIPlugin:80 - create IPUIPlugin
2024-12-06 08:18:32,462 [INFO] PluginManager:220 - loadIPPluginJar : add usbx
2024-12-06 08:18:32,920 [INFO] CADModel:165 - CPN selected for project level
2024-12-06 08:18:32,920 [INFO] CADModel:114 - Register for checkConnection events
2024-12-06 08:18:32,920 [FATAL] Updater:334 - Updater called before beeing initialized
2024-12-06 08:18:32,920 [ERROR] CADModel:125 - Updater not yet initialized, retry later 
2024-12-06 08:18:33,586 [INFO] CADModel:165 - CPN selected for project level
2024-12-06 08:18:33,586 [INFO] CADModel:114 - Register for checkConnection events
2024-12-06 08:18:33,587 [FATAL] Updater:334 - Updater called before beeing initialized
2024-12-06 08:18:33,587 [ERROR] CADModel:125 - Updater not yet initialized, retry later 
2024-12-06 08:18:33,712 [FATAL] Updater:334 - Updater called before beeing initialized
2024-12-06 08:18:34,137 [INFO] ThirdPartyUpdaterWithRetryManager:70 - Updater plugin not ready yet. [3/15]
2024-12-06 08:18:34,183 [FATAL] Updater:334 - Updater called before beeing initialized
2024-12-06 08:18:34,189 [INFO] DbMcusAds:53 - JSON generation date=Fri Sep 20 14:04:23 WAT 2024 (1726837463113)
2024-12-06 08:18:34,189 [FATAL] Updater:334 - Updater called before beeing initialized
2024-12-06 08:18:34,565 [WARN] DetailPanel:346 - Failed to get advertising image, set to default
2024-12-06 08:18:34,845 [FATAL] Updater:334 - Updater called before beeing initialized
2024-12-06 08:18:35,009 [FATAL] Updater:334 - Updater called before beeing initialized
2024-12-06 08:18:35,009 [FATAL] Updater:334 - Updater called before beeing initialized
2024-12-06 08:18:35,009 [WARN] DetailPanel:346 - Failed to get advertising image, set to default
2024-12-06 08:18:35,010 [FATAL] Updater:334 - Updater called before beeing initialized
2024-12-06 08:18:35,161 [ERROR] Updater:1164 - MainUpdater not yet initialized. External WinMGr cannot be set.
2024-12-06 08:18:35,176 [INFO] Updater:1100 - Updater Version found : 6.12.0
2024-12-06 08:18:35,238 [INFO] ApplicationProperties:184 - Using Application install path: C:\ST\STM32CubeIDE_1.16.0\STM32CubeIDE\plugins\com.st.stm32cube.common.mx_6.12.0.202406281431
2024-12-06 08:18:36,988 [ERROR] LogOutputStream:75 - [STDERR_REDIRECT] Dec 06, 2024 8:18:36 AM java.util.prefs.WindowsPreferences <init>
2024-12-06 08:18:36,993 [ERROR] LogOutputStream:75 - [STDERR_REDIRECT] WARNING: Could not open/create prefs root node Software\JavaSoft\Prefs at root 0xffffffff80000002. Windows RegCreateKeyEx(...) returned error code 5.
2024-12-06 08:18:36,993 [ERROR] LogOutputStream:75 - [STDERR_REDIRECT] 
2024-12-06 08:18:37,140 [FATAL] Updater:334 - Updater called before beeing initialized
2024-12-06 08:18:37,140 [ERROR] IntegrityCheckThread:130 - Cannot retrieve database content from updater: error 21
2024-12-06 08:18:37,141 [INFO] ThirdParty:978 - Integrity check success = false
2024-12-06 08:18:37,141 [INFO] IntegrityCheckThread:100 - exiting critical section [integrity check]
2024-12-06 08:18:37,141 [INFO] IntegrityCheckThread:103 - End integrity checks thread
2024-12-06 08:18:38,405 [INFO] MainUpdater:2873 - connection check result : 10
2024-12-06 08:18:38,406 [INFO] MainUpdater:290 - Updater Check For Update Now.
2024-12-06 08:18:38,406 [INFO] MicroXplorer:498 - Change Database Version : DB.6.0.120
2024-12-06 08:18:38,422 [INFO] McuFinderGlobals:63 - Set McuFinder mode to 2 (CubeIDE integrated)
2024-12-06 08:18:38,451 [INFO] UserAuth:417 - Internet connection configuration mode: 1
2024-12-06 08:18:38,616 [INFO] JxBrowserEngine:152 - Initiate JxBrowser Engine with user profile folder
2024-12-06 08:18:38,887 [INFO] CheckServerUpdateThread:120 - End of CheckServer Thread
2024-12-06 08:18:51,209 [INFO] WebApp:167 - Instantiating new browser for Auth
2024-12-06 08:19:05,057 [INFO] WebApp:448 - Apply proxy settings
2024-12-06 08:19:05,058 [INFO] WebApp:533 - Chromium requires no authentication
2024-12-06 08:19:06,067 [INFO] WebApp:476 - Direct internet connection detected
2024-12-06 08:19:07,295 [INFO] WebApp:869 - Register for checkConnection events
2024-12-06 08:19:07,295 [INFO] WebApp:448 - Apply proxy settings
2024-12-06 08:19:07,295 [INFO] WebApp:533 - Chromium requires no authentication
2024-12-06 08:19:07,296 [INFO] WebApp:476 - Direct internet connection detected
2024-12-06 08:19:10,310 [INFO] WebApp:186 - Connection restablished
2024-12-06 08:19:15,478 [INFO] WebApp:220 - Starting web application
2024-12-06 08:19:15,478 [INFO] WebApp:578 - Web application path used C:\ST\STM32CubeIDE_1.16.0\STM32CubeIDE\plugins\com.st.stm32cube.common.mx_6.12.0.202406281431\db\plugins\mcufinder\reactClient1\index.html
2024-12-06 08:19:16,829 [INFO] UserAuth:417 - Internet connection configuration mode: 1
2024-12-06 12:47:31,582 [INFO] WebApp:189 - Connection lost
2024-12-06 12:47:33,407 [INFO] WebApp:186 - Connection restablished
2024-12-06 16:35:33,782 [INFO] WebApp:189 - Connection lost
2024-12-06 16:41:08,504 [INFO] WebApp:186 - Connection restablished
2024-12-06 16:41:11,060 [INFO] WebApp:189 - Connection lost
2024-12-06 16:41:11,312 [INFO] WebApp:186 - Connection restablished
2024-12-06 16:46:17,026 [INFO] WebApp:189 - Connection lost
2024-12-06 16:46:17,360 [INFO] WebApp:186 - Connection restablished
2024-12-06 16:46:20,081 [INFO] WebApp:189 - Connection lost
2024-12-06 16:46:20,439 [INFO] WebApp:186 - Connection restablished
