2024-12-09 09:27:29,812 [INFO] Activator:176 - 


2024-12-09 09:27:29,859 [INFO] Activator:177 - !SESSION log4j initialized
2024-12-09 09:28:12,232 [INFO] LogOutputStream:77 - [STDOUT_REDIRECT] 
2024-12-09 09:28:20,678 [INFO] ApplicationProperties:184 - Using Application install path: C:\ST\STM32CubeIDE_1.16.0\STM32CubeIDE\plugins\com.st.stm32cube.common.mx_6.12.0.202406281431
2024-12-09 09:28:20,741 [INFO] DbMcusXml:78 - Set database path to: C:\ST\STM32CubeIDE_1.16.0\STM32CubeIDE\plugins\com.st.stm32cube.common.mx_6.12.0.202406281431\\db\/mcu/
2024-12-09 09:28:20,742 [INFO] ApiDb:274 - Set plugin database path to: C:\ST\STM32CubeIDE_1.16.0\STM32CubeIDE\plugins\com.st.stm32cube.common.mx_6.12.0.202406281431\\db\/plugins/boardmanager/
2024-12-09 09:28:20,743 [WARN] ApiDb:259 - Overriding images path with different value:  => C:\ST\STM32CubeIDE_1.16.0\STM32CubeIDE\plugins\com.st.stm32cube.common.mx_6.12.0.202406281431\\db\/plugins/mcufinder/images/
2024-12-09 09:28:20,907 [INFO] ApiDb:250 - Set database path to: C:\Users\User\.stmcufinder\plugins\mcufinder//mcu/
2024-12-09 09:28:20,908 [INFO] DbMcusAds:125 - Set database path to: C:\Users\User\.stmcufinder\plugins\mcufinder//mcu/
2024-12-09 09:28:20,913 [INFO] CrossReferenceDbSqlite:203 - Set database path to: C:\Users\User\.stmcufinder\plugins\mcufinder//mcu/cs/
2024-12-09 09:28:21,280 [INFO] RulesReader:64 - Compatibility file has been processed (297 Rules)
2024-12-09 09:28:21,511 [INFO] DbMcusXml:78 - Set database path to: C:\ST\STM32CubeIDE_1.16.0\STM32CubeIDE\plugins\com.st.stm32cube.common.mx_6.12.0.202406281431\\db\/mcu/
2024-12-09 09:28:21,511 [INFO] ApiDb:274 - Set plugin database path to: C:\ST\STM32CubeIDE_1.16.0\STM32CubeIDE\plugins\com.st.stm32cube.common.mx_6.12.0.202406281431\\db\/plugins/boardmanager/
2024-12-09 09:28:21,512 [INFO] ApiDb:261 - Set plugin images path to: C:\ST\STM32CubeIDE_1.16.0\STM32CubeIDE\plugins\com.st.stm32cube.common.mx_6.12.0.202406281431\\db\/plugins/mcufinder/images/
2024-12-09 09:28:21,512 [WARN] DbFile:41 - Overriding database path with different value: C:\Users\User\.stmcufinder\plugins\mcufinder/ => C:\Users\User\.stmcufinder\plugins\mcufinder
2024-12-09 09:28:21,512 [INFO] ApiDb:250 - Set database path to: C:\Users\User\.stmcufinder\plugins\mcufinder//mcu/
2024-12-09 09:28:21,512 [WARN] DbFile:41 - Overriding database path with different value: C:\Users\User\.stmcufinder\plugins\mcufinder/ => C:\Users\User\.stmcufinder\plugins\mcufinder
2024-12-09 09:28:21,512 [INFO] DbMcusAds:125 - Set database path to: C:\Users\User\.stmcufinder\plugins\mcufinder//mcu/
2024-12-09 09:28:21,512 [WARN] DbFile:41 - Overriding database path with different value: C:\Users\User\.stmcufinder\plugins\mcufinder/ => C:\Users\User\.stmcufinder\plugins\mcufinder
2024-12-09 09:28:21,512 [WARN] DbFile:41 - Overriding database path with different value: C:\Users\User\.stmcufinder\plugins\mcufinder/ => C:\Users\User\.stmcufinder\plugins\mcufinder
2024-12-09 09:28:21,513 [INFO] CrossReferenceDbSqlite:203 - Set database path to: C:\Users\User\.stmcufinder\plugins\mcufinder//mcu/cs/
2024-12-09 09:28:21,773 [INFO] MainPanel:268 - HeapMemory: 268435456
2024-12-09 09:28:22,624 [INFO] DbMcusXml:78 - Set database path to: C:\ST\STM32CubeIDE_1.16.0\STM32CubeIDE\plugins\com.st.stm32cube.common.mx_6.12.0.202406281431\\db\/mcu/
2024-12-09 09:28:22,624 [INFO] ApiDb:274 - Set plugin database path to: C:\ST\STM32CubeIDE_1.16.0\STM32CubeIDE\plugins\com.st.stm32cube.common.mx_6.12.0.202406281431\\db\/plugins/boardmanager/
2024-12-09 09:28:22,624 [INFO] ApiDb:261 - Set plugin images path to: C:\ST\STM32CubeIDE_1.16.0\STM32CubeIDE\plugins\com.st.stm32cube.common.mx_6.12.0.202406281431\\db\/plugins/mcufinder/images/
2024-12-09 09:28:22,625 [WARN] DbFile:41 - Overriding database path with different value: C:\Users\User\.stmcufinder\plugins\mcufinder/ => C:\Users\User\.stmcufinder\plugins\mcufinder
2024-12-09 09:28:22,625 [INFO] ApiDb:250 - Set database path to: C:\Users\User\.stmcufinder\plugins\mcufinder//mcu/
2024-12-09 09:28:22,625 [WARN] DbFile:41 - Overriding database path with different value: C:\Users\User\.stmcufinder\plugins\mcufinder/ => C:\Users\User\.stmcufinder\plugins\mcufinder
2024-12-09 09:28:22,625 [INFO] DbMcusAds:125 - Set database path to: C:\Users\User\.stmcufinder\plugins\mcufinder//mcu/
2024-12-09 09:28:22,625 [WARN] DbFile:41 - Overriding database path with different value: C:\Users\User\.stmcufinder\plugins\mcufinder/ => C:\Users\User\.stmcufinder\plugins\mcufinder
2024-12-09 09:28:22,625 [WARN] DbFile:41 - Overriding database path with different value: C:\Users\User\.stmcufinder\plugins\mcufinder/ => C:\Users\User\.stmcufinder\plugins\mcufinder
2024-12-09 09:28:22,626 [INFO] CrossReferenceDbSqlite:203 - Set database path to: C:\Users\User\.stmcufinder\plugins\mcufinder//mcu/cs/
2024-12-09 09:28:22,660 [INFO] ApplicationProperties:184 - Using Application install path: C:\ST\STM32CubeIDE_1.16.0\STM32CubeIDE\plugins\com.st.stm32cube.common.mx_6.12.0.202406281431
2024-12-09 09:28:22,662 [INFO] PluginManage:196 - Search for loadable plugins [exclusion list=, ]
2024-12-09 09:28:22,666 [INFO] PluginManage:310 - Check plugin analytics
2024-12-09 09:28:27,745 [INFO] AnalyticsPlugin:253 - Accepted Software Licenses: 
2024-12-09 09:28:27,746 [INFO] AnalyticsPlugin:255 - Accepted CMSIS Pack Licenses: 
2024-12-09 09:28:27,747 [INFO] AnalyticsPlugin:257 - Accepted Firmware Licenses: FW.L4.1.18.0
2024-12-09 09:28:27,754 [INFO] PluginManage:359 - Loaded plugin analytics (category:tool,tabindex:-1)
2024-12-09 09:28:27,754 [INFO] PluginManage:310 - Check plugin cadmodel
2024-12-09 09:28:27,806 [INFO] CADModel:105 - Init CAD model plugin
2024-12-09 09:28:27,807 [INFO] PluginManage:359 - Loaded plugin cadmodel (category:power,tabindex:5)
2024-12-09 09:28:27,807 [INFO] PluginManage:310 - Check plugin clock
2024-12-09 09:28:27,886 [INFO] PluginManage:359 - Loaded plugin clock (category:base,tabindex:2)
2024-12-09 09:28:27,886 [INFO] PluginManage:310 - Check plugin ddr
2024-12-09 09:28:27,923 [INFO] PluginManage:359 - Loaded plugin ddr (category:tool,tabindex:6)
2024-12-09 09:28:27,924 [INFO] PluginManage:310 - Check plugin filemanager
2024-12-09 09:28:28,483 [INFO] PluginManage:359 - Loaded plugin filemanager (category:base,tabindex:10)
2024-12-09 09:28:28,483 [INFO] PluginManage:310 - Check plugin ipmanager
2024-12-09 09:28:28,509 [INFO] PluginManage:359 - Loaded plugin ipmanager (category:base,tabindex:5)
2024-12-09 09:28:28,510 [INFO] PluginManage:310 - Check plugin lpbam
2024-12-09 09:28:28,554 [INFO] PluginManage:359 - Loaded plugin lpbam (category:base,tabindex:0)
2024-12-09 09:28:28,554 [INFO] PluginManage:310 - Check plugin memorymap
2024-12-09 09:28:28,607 [INFO] PluginManage:359 - Loaded plugin memorymap (category:base,tabindex:4)
2024-12-09 09:28:28,608 [INFO] PluginManage:310 - Check plugin pinoutandconfiguration
2024-12-09 09:28:28,651 [INFO] PluginManage:359 - Loaded plugin pinoutandconfiguration (category:base,tabindex:1)
2024-12-09 09:28:28,652 [INFO] PluginManage:310 - Check plugin pinoutconfig
2024-12-09 09:28:28,871 [WARN] SupportedApi:132 - Cannot load RTOS API schema: s4s-elt-must-match.1: The content of 'definitions' must match (annotation?, (simpleType | complexType)?, (unique | key | keyref)*)). A problem was found starting at: attribute.
2024-12-09 09:28:29,255 [INFO] PluginManage:359 - Loaded plugin pinoutconfig (category:base,tabindex:0)
2024-12-09 09:28:29,255 [INFO] PluginManage:310 - Check plugin power
2024-12-09 09:28:29,322 [INFO] PluginManage:359 - Loaded plugin power (category:power,tabindex:4)
2024-12-09 09:28:29,322 [INFO] PluginManage:310 - Check plugin projectmanager
2024-12-09 09:28:29,369 [INFO] PluginManage:359 - Loaded plugin projectmanager (category:projectmanager,tabindex:4)
2024-12-09 09:28:29,369 [INFO] PluginManage:310 - Check plugin rif
2024-12-09 09:28:29,436 [INFO] PluginManage:359 - Loaded plugin rif (category:base,tabindex:3)
2024-12-09 09:28:29,436 [INFO] PluginManage:310 - Check plugin thirdparty
2024-12-09 09:28:30,072 [INFO] PluginManage:359 - Loaded plugin thirdparty (category:base,tabindex:-1)
2024-12-09 09:28:30,073 [INFO] PluginManage:310 - Check plugin tools
2024-12-09 09:28:30,072 [WARN] IntegrityCheckThread:84 - waiting for thirdparty lock release [integrity check]
2024-12-09 09:28:30,074 [INFO] IntegrityCheckThread:86 - entering critical section [integrity check]
2024-12-09 09:28:30,075 [INFO] ThirdPartyUpdaterWithRetryManager:70 - Updater plugin not ready yet. [1/15]
2024-12-09 09:28:30,094 [INFO] PluginManage:359 - Loaded plugin tools (category:base,tabindex:7)
2024-12-09 09:28:30,095 [INFO] PluginManage:310 - Check plugin tutovideos
2024-12-09 09:28:30,482 [INFO] PluginManage:359 - Loaded plugin tutovideos (category:base,tabindex:-1)
2024-12-09 09:28:30,482 [INFO] PluginManage:310 - Check plugin updater
2024-12-09 09:28:30,530 [INFO] PluginManage:359 - Loaded plugin updater (category:base,tabindex:12)
2024-12-09 09:28:30,530 [INFO] PluginManage:310 - Check plugin userauth
2024-12-09 09:28:30,670 [INFO] UserAuth:113 - Init User Auth plugin
2024-12-09 09:28:30,670 [INFO] PluginManage:359 - Loaded plugin userauth (category:base,tabindex:14)
2024-12-09 09:28:30,671 [INFO] PluginManage:283 - PluginManage : Loaded plugins [18]
2024-12-09 09:28:31,392 [INFO] PinOutPanel:1561 - setPackage(No Configuration,No Configuration)
2024-12-09 09:28:31,659 [INFO] CADModel:165 - CPN selected for project level
2024-12-09 09:28:31,659 [INFO] CADModel:114 - Register for checkConnection events
2024-12-09 09:28:31,774 [INFO] IPUIPlugin:80 - create IPUIPlugin
2024-12-09 09:28:31,774 [INFO] PluginManager:220 - loadIPPluginJar : add adc
2024-12-09 09:28:31,852 [INFO] IPUIPlugin:80 - create IPUIPlugin
2024-12-09 09:28:31,855 [INFO] PluginManager:220 - loadIPPluginJar : add aes
2024-12-09 09:28:31,956 [INFO] IPUIPlugin:80 - create IPUIPlugin
2024-12-09 09:28:31,956 [INFO] PluginManager:220 - loadIPPluginJar : add can
2024-12-09 09:28:32,006 [INFO] IPUIPlugin:80 - create IPUIPlugin
2024-12-09 09:28:32,006 [INFO] PluginManager:220 - loadIPPluginJar : add comp
2024-12-09 09:28:32,115 [INFO] IPUIPlugin:80 - create IPUIPlugin
2024-12-09 09:28:32,115 [INFO] PluginManager:220 - loadIPPluginJar : add cryp
2024-12-09 09:28:32,146 [INFO] IPUIPlugin:80 - create IPUIPlugin
2024-12-09 09:28:32,147 [INFO] PluginManager:220 - loadIPPluginJar : add ddr_ctrl_phy
2024-12-09 09:28:32,163 [INFO] IPUIPlugin:80 - create IPUIPlugin
2024-12-09 09:28:32,163 [INFO] PluginManager:220 - loadIPPluginJar : add dfsdm
2024-12-09 09:28:32,193 [INFO] IPUIPlugin:80 - create IPUIPlugin
2024-12-09 09:28:32,194 [INFO] PluginManager:220 - loadIPPluginJar : add dma
2024-12-09 09:28:32,210 [INFO] IPUIPlugin:80 - create IPUIPlugin
2024-12-09 09:28:32,210 [INFO] PluginManager:220 - loadIPPluginJar : add dma3
2024-12-09 09:28:32,234 [INFO] IPUIPlugin:80 - create IPUIPlugin
2024-12-09 09:28:32,234 [INFO] PluginManager:220 - loadIPPluginJar : add extmemmanager
2024-12-09 09:28:32,252 [INFO] IPUIPlugin:80 - create IPUIPlugin
2024-12-09 09:28:32,252 [INFO] PluginManager:220 - loadIPPluginJar : add fatfs
2024-12-09 09:28:32,276 [INFO] IPUIPlugin:80 - create IPUIPlugin
2024-12-09 09:28:32,277 [INFO] PluginManager:220 - loadIPPluginJar : add fmc
2024-12-09 09:28:32,303 [INFO] IPUIPlugin:80 - create IPUIPlugin
2024-12-09 09:28:32,303 [INFO] PluginManager:220 - loadIPPluginJar : add freertos
2024-12-09 09:28:32,315 [INFO] IPUIPlugin:80 - create IPUIPlugin
2024-12-09 09:28:32,315 [INFO] PluginManager:220 - loadIPPluginJar : add genericplugin
2024-12-09 09:28:32,334 [INFO] IPUIPlugin:80 - create IPUIPlugin
2024-12-09 09:28:32,334 [INFO] PluginManager:220 - loadIPPluginJar : add gfxmmu
2024-12-09 09:28:32,339 [INFO] IPUIPlugin:80 - create IPUIPlugin
2024-12-09 09:28:32,339 [INFO] PluginManager:220 - loadIPPluginJar : add gic
2024-12-09 09:28:32,356 [INFO] IPUIPlugin:80 - create IPUIPlugin
2024-12-09 09:28:32,357 [INFO] PluginManager:220 - loadIPPluginJar : add gpio
2024-12-09 09:28:32,362 [INFO] IPUIPlugin:80 - create IPUIPlugin
2024-12-09 09:28:32,362 [INFO] PluginManager:220 - loadIPPluginJar : add gtzc
2024-12-09 09:28:32,378 [INFO] IPUIPlugin:80 - create IPUIPlugin
2024-12-09 09:28:32,378 [INFO] PluginManager:220 - loadIPPluginJar : add hash
2024-12-09 09:28:32,399 [INFO] IPUIPlugin:80 - create IPUIPlugin
2024-12-09 09:28:32,399 [INFO] PluginManager:220 - loadIPPluginJar : add i2c
2024-12-09 09:28:32,415 [INFO] IPUIPlugin:80 - create IPUIPlugin
2024-12-09 09:28:32,415 [INFO] PluginManager:220 - loadIPPluginJar : add i2s
2024-12-09 09:28:32,435 [INFO] IPUIPlugin:80 - create IPUIPlugin
2024-12-09 09:28:32,435 [INFO] PluginManager:220 - loadIPPluginJar : add i3c
2024-12-09 09:28:32,439 [INFO] IPUIPlugin:80 - create IPUIPlugin
2024-12-09 09:28:32,439 [INFO] PluginManager:220 - loadIPPluginJar : add ipddr
2024-12-09 09:28:32,460 [INFO] IPUIPlugin:80 - create IPUIPlugin
2024-12-09 09:28:32,460 [INFO] PluginManager:220 - loadIPPluginJar : add linkedlist
2024-12-09 09:28:32,476 [INFO] IPUIPlugin:80 - create IPUIPlugin
2024-12-09 09:28:32,477 [INFO] PluginManager:220 - loadIPPluginJar : add lorawan
2024-12-09 09:28:32,489 [INFO] IPUIPlugin:80 - create IPUIPlugin
2024-12-09 09:28:32,489 [INFO] PluginManager:220 - loadIPPluginJar : add ltdc
2024-12-09 09:28:32,512 [INFO] IPUIPlugin:80 - create IPUIPlugin
2024-12-09 09:28:32,512 [INFO] PluginManager:220 - loadIPPluginJar : add mdma
2024-12-09 09:28:32,530 [INFO] IPUIPlugin:80 - create IPUIPlugin
2024-12-09 09:28:32,531 [INFO] PluginManager:220 - loadIPPluginJar : add nvic
2024-12-09 09:28:32,552 [INFO] IPUIPlugin:80 - create IPUIPlugin
2024-12-09 09:28:32,553 [INFO] PluginManager:220 - loadIPPluginJar : add opamp
2024-12-09 09:28:32,575 [INFO] IPUIPlugin:80 - create IPUIPlugin
2024-12-09 09:28:32,575 [INFO] PluginManager:220 - loadIPPluginJar : add openamp
2024-12-09 09:28:32,596 [INFO] IPUIPlugin:80 - create IPUIPlugin
2024-12-09 09:28:32,596 [INFO] PluginManager:220 - loadIPPluginJar : add pdm2pcm
2024-12-09 09:28:32,647 [INFO] IPUIPlugin:80 - create IPUIPlugin
2024-12-09 09:28:32,650 [INFO] PluginManager:220 - loadIPPluginJar : add plateformsettings
2024-12-09 09:28:32,658 [INFO] IPUIPlugin:80 - create IPUIPlugin
2024-12-09 09:28:32,658 [INFO] PluginManager:220 - loadIPPluginJar : add quadspi
2024-12-09 09:28:32,684 [INFO] IPUIPlugin:80 - create IPUIPlugin
2024-12-09 09:28:32,685 [INFO] PluginManager:220 - loadIPPluginJar : add radio
2024-12-09 09:28:32,713 [INFO] IPUIPlugin:80 - create IPUIPlugin
2024-12-09 09:28:32,714 [INFO] PluginManager:220 - loadIPPluginJar : add resmgrutility
2024-12-09 09:28:32,717 [INFO] IPUIPlugin:80 - create IPUIPlugin
2024-12-09 09:28:32,718 [INFO] PluginManager:220 - loadIPPluginJar : add sai
2024-12-09 09:28:32,722 [INFO] IPUIPlugin:80 - create IPUIPlugin
2024-12-09 09:28:32,722 [INFO] PluginManager:220 - loadIPPluginJar : add spi
2024-12-09 09:28:32,728 [INFO] IPUIPlugin:80 - create IPUIPlugin
2024-12-09 09:28:32,728 [INFO] PluginManager:220 - loadIPPluginJar : add stm32_wpan
2024-12-09 09:28:32,738 [INFO] IPUIPlugin:80 - create IPUIPlugin
2024-12-09 09:28:32,738 [INFO] PluginManager:220 - loadIPPluginJar : add tim
2024-12-09 09:28:32,755 [INFO] IPUIPlugin:80 - create IPUIPlugin
2024-12-09 09:28:32,756 [INFO] PluginManager:220 - loadIPPluginJar : add touchsensing
2024-12-09 09:28:32,777 [INFO] IPUIPlugin:80 - create IPUIPlugin
2024-12-09 09:28:32,778 [INFO] PluginManager:220 - loadIPPluginJar : add tracer_emb
2024-12-09 09:28:32,794 [INFO] IPUIPlugin:80 - create IPUIPlugin
2024-12-09 09:28:32,794 [INFO] PluginManager:220 - loadIPPluginJar : add ts
2024-12-09 09:28:32,806 [INFO] IPUIPlugin:80 - create IPUIPlugin
2024-12-09 09:28:32,806 [INFO] PluginManager:220 - loadIPPluginJar : add tsc
2024-12-09 09:28:32,817 [INFO] IPUIPlugin:80 - create IPUIPlugin
2024-12-09 09:28:32,817 [INFO] PluginManager:220 - loadIPPluginJar : add ucpd
2024-12-09 09:28:32,839 [INFO] IPUIPlugin:80 - create IPUIPlugin
2024-12-09 09:28:32,839 [INFO] PluginManager:220 - loadIPPluginJar : add usart
2024-12-09 09:28:32,844 [INFO] IPUIPlugin:80 - create IPUIPlugin
2024-12-09 09:28:32,844 [INFO] PluginManager:220 - loadIPPluginJar : add usbx
2024-12-09 09:28:33,077 [INFO] ThirdPartyUpdaterWithRetryManager:70 - Updater plugin not ready yet. [2/15]
2024-12-09 09:28:33,240 [INFO] CADModel:165 - CPN selected for project level
2024-12-09 09:28:33,240 [INFO] CADModel:114 - Register for checkConnection events
2024-12-09 09:28:33,241 [FATAL] Updater:334 - Updater called before beeing initialized
2024-12-09 09:28:33,241 [ERROR] CADModel:125 - Updater not yet initialized, retry later 
2024-12-09 09:28:33,686 [INFO] CADModel:165 - CPN selected for project level
2024-12-09 09:28:33,686 [INFO] CADModel:114 - Register for checkConnection events
2024-12-09 09:28:33,686 [FATAL] Updater:334 - Updater called before beeing initialized
2024-12-09 09:28:33,686 [ERROR] CADModel:125 - Updater not yet initialized, retry later 
2024-12-09 09:28:33,695 [FATAL] Updater:334 - Updater called before beeing initialized
2024-12-09 09:28:33,964 [FATAL] Updater:334 - Updater called before beeing initialized
2024-12-09 09:28:34,009 [INFO] DbMcusAds:53 - JSON generation date=Fri Sep 20 14:04:23 WAT 2024 (1726837463113)
2024-12-09 09:28:34,009 [FATAL] Updater:334 - Updater called before beeing initialized
2024-12-09 09:28:34,146 [WARN] DetailPanel:346 - Failed to get advertising image, set to default
2024-12-09 09:28:34,280 [FATAL] Updater:334 - Updater called before beeing initialized
2024-12-09 09:28:34,282 [FATAL] Updater:334 - Updater called before beeing initialized
2024-12-09 09:28:34,282 [FATAL] Updater:334 - Updater called before beeing initialized
2024-12-09 09:28:34,283 [WARN] DetailPanel:346 - Failed to get advertising image, set to default
2024-12-09 09:28:34,284 [FATAL] Updater:334 - Updater called before beeing initialized
2024-12-09 09:28:34,481 [ERROR] Updater:1164 - MainUpdater not yet initialized. External WinMGr cannot be set.
2024-12-09 09:28:34,496 [INFO] Updater:1100 - Updater Version found : 6.12.0
2024-12-09 09:28:34,554 [INFO] ApplicationProperties:184 - Using Application install path: C:\ST\STM32CubeIDE_1.16.0\STM32CubeIDE\plugins\com.st.stm32cube.common.mx_6.12.0.202406281431
2024-12-09 09:28:36,077 [FATAL] Updater:334 - Updater called before beeing initialized
2024-12-09 09:28:36,077 [ERROR] IntegrityCheckThread:130 - Cannot retrieve database content from updater: error 21
2024-12-09 09:28:36,078 [INFO] ThirdParty:978 - Integrity check success = false
2024-12-09 09:28:36,078 [INFO] IntegrityCheckThread:100 - exiting critical section [integrity check]
2024-12-09 09:28:36,078 [INFO] IntegrityCheckThread:103 - End integrity checks thread
2024-12-09 09:28:36,200 [ERROR] LogOutputStream:75 - [STDERR_REDIRECT] Dec 09, 2024 9:28:36 AM java.util.prefs.WindowsPreferences <init>
2024-12-09 09:28:36,204 [ERROR] LogOutputStream:75 - [STDERR_REDIRECT] WARNING: Could not open/create prefs root node Software\JavaSoft\Prefs at root 0xffffffff80000002. Windows RegCreateKeyEx(...) returned error code 5.
2024-12-09 09:28:36,204 [ERROR] LogOutputStream:75 - [STDERR_REDIRECT] 
2024-12-09 09:28:37,148 [INFO] MainUpdater:2873 - connection check result : 10
2024-12-09 09:28:37,149 [INFO] MainUpdater:3567 - Updater definition file requires update
2024-12-09 09:28:37,150 [INFO] MainUpdater:290 - Updater Check For Update Now.
2024-12-09 09:28:37,150 [INFO] MicroXplorer:498 - Change Database Version : DB.6.0.120
2024-12-09 09:28:37,193 [INFO] McuFinderGlobals:63 - Set McuFinder mode to 2 (CubeIDE integrated)
2024-12-09 09:28:37,214 [INFO] UserAuth:417 - Internet connection configuration mode: 1
2024-12-09 09:28:37,328 [INFO] JxBrowserEngine:152 - Initiate JxBrowser Engine with user profile folder
2024-12-09 09:28:38,518 [INFO] ServerAccessManage:473 - Download File updaters.zip
2024-12-09 09:28:39,020 [INFO] FileExtend:240 - Unzip File : updaters.zip
2024-12-09 09:28:39,021 [INFO] FileExtend:255 - Standard Zip Deflate
2024-12-09 09:28:43,467 [INFO] ServerAccessManage:473 - Download File PacksControlFlags.xml
2024-12-09 09:28:44,507 [INFO] ServerAccessManage:473 - Download File cubemx.pidx
2024-12-09 09:28:51,673 [INFO] WebApp:167 - Instantiating new browser for Auth
2024-12-09 09:28:53,269 [INFO] ServerAccessManage:473 - Download File STMicroelectronics.X-CUBE-BLEMGR.pdsc
2024-12-09 09:28:53,949 [ERROR] ServerAccessManage:1089 - Problem, file not found on Server
2024-12-09 09:29:03,393 [INFO] WebApp:448 - Apply proxy settings
2024-12-09 09:29:03,394 [INFO] WebApp:533 - Chromium requires no authentication
2024-12-09 09:29:04,567 [INFO] WebApp:476 - Direct internet connection detected
2024-12-09 09:29:06,687 [INFO] WebApp:869 - Register for checkConnection events
2024-12-09 09:29:06,687 [INFO] WebApp:448 - Apply proxy settings
2024-12-09 09:29:06,688 [INFO] WebApp:533 - Chromium requires no authentication
2024-12-09 09:29:06,688 [INFO] WebApp:476 - Direct internet connection detected
2024-12-09 09:29:09,175 [INFO] CheckServerUpdateThread:120 - End of CheckServer Thread
2024-12-09 09:29:10,238 [WARN] PackLoader:240 - Cannot read IP mode file for STMicroelectronics.X-CUBE-BLEMGR.4.0.0
2024-12-09 09:29:10,251 [INFO] PopulateThirdPartyThread:66 - Ending populate Thread
2024-12-09 09:29:10,253 [INFO] ThirdParty:1030 - CMSIS Pack Vendor :STMicroelectronics X-CUBE-BLEMGR 4.0.0
2024-12-09 09:29:10,254 [INFO] LoadServerUpdatesThread:375 - End of LoadServerUpdate Thread
2024-12-09 09:29:10,759 [INFO] WebApp:186 - Connection restablished
2024-12-09 09:29:16,185 [INFO] WebApp:220 - Starting web application
2024-12-09 09:29:16,186 [INFO] WebApp:578 - Web application path used C:\ST\STM32CubeIDE_1.16.0\STM32CubeIDE\plugins\com.st.stm32cube.common.mx_6.12.0.202406281431\db\plugins\mcufinder\reactClient1\index.html
2024-12-09 09:29:17,786 [INFO] UserAuth:417 - Internet connection configuration mode: 1
2024-12-09 11:27:45,419 [INFO] WebApp:189 - Connection lost
2024-12-09 11:27:46,481 [INFO] WebApp:186 - Connection restablished
2024-12-09 17:25:20,920 [ERROR] LogOutputStream:75 - [STDERR_REDIRECT] 
2024-12-09 17:25:20,921 [ERROR] LogOutputStream:75 - [STDERR_REDIRECT] 
