2024-10-29 08:54:54,747 [INFO] Activator:176 - 


2024-10-29 08:54:54,813 [INFO] Activator:177 - !SESSION log4j initialized
2024-10-29 08:55:14,366 [INFO] LogOutputStream:77 - [STDOUT_REDIRECT] 
2024-10-29 08:55:30,925 [INFO] ApplicationProperties:184 - Using Application install path: C:\ST\STM32CubeIDE_1.16.0\STM32CubeIDE\plugins\com.st.stm32cube.common.mx_6.12.0.202406281431
2024-10-29 08:55:31,030 [INFO] DbMcusXml:78 - Set database path to: C:\ST\STM32CubeIDE_1.16.0\STM32CubeIDE\plugins\com.st.stm32cube.common.mx_6.12.0.202406281431\\db\/mcu/
2024-10-29 08:55:31,030 [INFO] ApiDb:274 - Set plugin database path to: C:\ST\STM32CubeIDE_1.16.0\STM32CubeIDE\plugins\com.st.stm32cube.common.mx_6.12.0.202406281431\\db\/plugins/boardmanager/
2024-10-29 08:55:31,031 [WARN] ApiDb:259 - Overriding images path with different value:  => C:\ST\STM32CubeIDE_1.16.0\STM32CubeIDE\plugins\com.st.stm32cube.common.mx_6.12.0.202406281431\\db\/plugins/mcufinder/images/
2024-10-29 08:55:31,465 [INFO] ApiDb:250 - Set database path to: C:\Users\User\.stmcufinder\plugins\mcufinder//mcu/
2024-10-29 08:55:31,467 [INFO] DbMcusAds:125 - Set database path to: C:\Users\User\.stmcufinder\plugins\mcufinder//mcu/
2024-10-29 08:55:31,496 [INFO] CrossReferenceDbSqlite:203 - Set database path to: C:\Users\User\.stmcufinder\plugins\mcufinder//mcu/cs/
2024-10-29 08:55:32,058 [INFO] RulesReader:64 - Compatibility file has been processed (297 Rules)
2024-10-29 08:55:32,826 [INFO] DbMcusXml:78 - Set database path to: C:\ST\STM32CubeIDE_1.16.0\STM32CubeIDE\plugins\com.st.stm32cube.common.mx_6.12.0.202406281431\\db\/mcu/
2024-10-29 08:55:32,826 [INFO] ApiDb:274 - Set plugin database path to: C:\ST\STM32CubeIDE_1.16.0\STM32CubeIDE\plugins\com.st.stm32cube.common.mx_6.12.0.202406281431\\db\/plugins/boardmanager/
2024-10-29 08:55:32,826 [INFO] ApiDb:261 - Set plugin images path to: C:\ST\STM32CubeIDE_1.16.0\STM32CubeIDE\plugins\com.st.stm32cube.common.mx_6.12.0.202406281431\\db\/plugins/mcufinder/images/
2024-10-29 08:55:32,827 [WARN] DbFile:41 - Overriding database path with different value: C:\Users\User\.stmcufinder\plugins\mcufinder/ => C:\Users\User\.stmcufinder\plugins\mcufinder
2024-10-29 08:55:32,827 [INFO] ApiDb:250 - Set database path to: C:\Users\User\.stmcufinder\plugins\mcufinder//mcu/
2024-10-29 08:55:32,827 [WARN] DbFile:41 - Overriding database path with different value: C:\Users\User\.stmcufinder\plugins\mcufinder/ => C:\Users\User\.stmcufinder\plugins\mcufinder
2024-10-29 08:55:32,827 [INFO] DbMcusAds:125 - Set database path to: C:\Users\User\.stmcufinder\plugins\mcufinder//mcu/
2024-10-29 08:55:32,827 [WARN] DbFile:41 - Overriding database path with different value: C:\Users\User\.stmcufinder\plugins\mcufinder/ => C:\Users\User\.stmcufinder\plugins\mcufinder
2024-10-29 08:55:32,827 [WARN] DbFile:41 - Overriding database path with different value: C:\Users\User\.stmcufinder\plugins\mcufinder/ => C:\Users\User\.stmcufinder\plugins\mcufinder
2024-10-29 08:55:32,828 [INFO] CrossReferenceDbSqlite:203 - Set database path to: C:\Users\User\.stmcufinder\plugins\mcufinder//mcu/cs/
2024-10-29 08:55:33,604 [INFO] MainPanel:268 - HeapMemory: 268435456
2024-10-29 08:55:35,069 [INFO] DbMcusXml:78 - Set database path to: C:\ST\STM32CubeIDE_1.16.0\STM32CubeIDE\plugins\com.st.stm32cube.common.mx_6.12.0.202406281431\\db\/mcu/
2024-10-29 08:55:35,069 [INFO] ApiDb:274 - Set plugin database path to: C:\ST\STM32CubeIDE_1.16.0\STM32CubeIDE\plugins\com.st.stm32cube.common.mx_6.12.0.202406281431\\db\/plugins/boardmanager/
2024-10-29 08:55:35,070 [INFO] ApiDb:261 - Set plugin images path to: C:\ST\STM32CubeIDE_1.16.0\STM32CubeIDE\plugins\com.st.stm32cube.common.mx_6.12.0.202406281431\\db\/plugins/mcufinder/images/
2024-10-29 08:55:35,071 [WARN] DbFile:41 - Overriding database path with different value: C:\Users\User\.stmcufinder\plugins\mcufinder/ => C:\Users\User\.stmcufinder\plugins\mcufinder
2024-10-29 08:55:35,071 [INFO] ApiDb:250 - Set database path to: C:\Users\User\.stmcufinder\plugins\mcufinder//mcu/
2024-10-29 08:55:35,071 [WARN] DbFile:41 - Overriding database path with different value: C:\Users\User\.stmcufinder\plugins\mcufinder/ => C:\Users\User\.stmcufinder\plugins\mcufinder
2024-10-29 08:55:35,071 [INFO] DbMcusAds:125 - Set database path to: C:\Users\User\.stmcufinder\plugins\mcufinder//mcu/
2024-10-29 08:55:35,072 [WARN] DbFile:41 - Overriding database path with different value: C:\Users\User\.stmcufinder\plugins\mcufinder/ => C:\Users\User\.stmcufinder\plugins\mcufinder
2024-10-29 08:55:35,072 [WARN] DbFile:41 - Overriding database path with different value: C:\Users\User\.stmcufinder\plugins\mcufinder/ => C:\Users\User\.stmcufinder\plugins\mcufinder
2024-10-29 08:55:35,072 [INFO] CrossReferenceDbSqlite:203 - Set database path to: C:\Users\User\.stmcufinder\plugins\mcufinder//mcu/cs/
2024-10-29 08:55:35,171 [INFO] ApplicationProperties:184 - Using Application install path: C:\ST\STM32CubeIDE_1.16.0\STM32CubeIDE\plugins\com.st.stm32cube.common.mx_6.12.0.202406281431
2024-10-29 08:55:35,174 [INFO] PluginManage:196 - Search for loadable plugins [exclusion list=, ]
2024-10-29 08:55:35,183 [INFO] PluginManage:310 - Check plugin analytics
2024-10-29 08:55:40,233 [INFO] AnalyticsPlugin:253 - Accepted Software Licenses: 
2024-10-29 08:55:40,233 [INFO] AnalyticsPlugin:255 - Accepted CMSIS Pack Licenses: 
2024-10-29 08:55:40,234 [INFO] AnalyticsPlugin:257 - Accepted Firmware Licenses: FW.L4.1.18.0
2024-10-29 08:55:40,238 [INFO] PluginManage:359 - Loaded plugin analytics (category:tool,tabindex:-1)
2024-10-29 08:55:40,238 [INFO] PluginManage:310 - Check plugin cadmodel
2024-10-29 08:55:40,285 [INFO] CADModel:105 - Init CAD model plugin
2024-10-29 08:55:40,285 [INFO] PluginManage:359 - Loaded plugin cadmodel (category:power,tabindex:5)
2024-10-29 08:55:40,285 [INFO] PluginManage:310 - Check plugin clock
2024-10-29 08:55:40,334 [INFO] PluginManage:359 - Loaded plugin clock (category:base,tabindex:2)
2024-10-29 08:55:40,334 [INFO] PluginManage:310 - Check plugin ddr
2024-10-29 08:55:40,352 [INFO] PluginManage:359 - Loaded plugin ddr (category:tool,tabindex:6)
2024-10-29 08:55:40,352 [INFO] PluginManage:310 - Check plugin filemanager
2024-10-29 08:55:40,952 [INFO] PluginManage:359 - Loaded plugin filemanager (category:base,tabindex:10)
2024-10-29 08:55:40,952 [INFO] PluginManage:310 - Check plugin ipmanager
2024-10-29 08:55:40,979 [INFO] PluginManage:359 - Loaded plugin ipmanager (category:base,tabindex:5)
2024-10-29 08:55:40,979 [INFO] PluginManage:310 - Check plugin lpbam
2024-10-29 08:55:41,049 [INFO] PluginManage:359 - Loaded plugin lpbam (category:base,tabindex:0)
2024-10-29 08:55:41,049 [INFO] PluginManage:310 - Check plugin memorymap
2024-10-29 08:55:41,111 [INFO] PluginManage:359 - Loaded plugin memorymap (category:base,tabindex:4)
2024-10-29 08:55:41,112 [INFO] PluginManage:310 - Check plugin pinoutandconfiguration
2024-10-29 08:55:41,154 [INFO] PluginManage:359 - Loaded plugin pinoutandconfiguration (category:base,tabindex:1)
2024-10-29 08:55:41,154 [INFO] PluginManage:310 - Check plugin pinoutconfig
2024-10-29 08:55:41,435 [WARN] SupportedApi:132 - Cannot load RTOS API schema: s4s-elt-must-match.1: The content of 'definitions' must match (annotation?, (simpleType | complexType)?, (unique | key | keyref)*)). A problem was found starting at: attribute.
2024-10-29 08:55:41,771 [INFO] PluginManage:359 - Loaded plugin pinoutconfig (category:base,tabindex:0)
2024-10-29 08:55:41,772 [INFO] PluginManage:310 - Check plugin power
2024-10-29 08:55:41,834 [INFO] PluginManage:359 - Loaded plugin power (category:power,tabindex:4)
2024-10-29 08:55:41,834 [INFO] PluginManage:310 - Check plugin projectmanager
2024-10-29 08:55:41,959 [INFO] PluginManage:359 - Loaded plugin projectmanager (category:projectmanager,tabindex:4)
2024-10-29 08:55:41,959 [INFO] PluginManage:310 - Check plugin rif
2024-10-29 08:55:42,047 [INFO] PluginManage:359 - Loaded plugin rif (category:base,tabindex:3)
2024-10-29 08:55:42,047 [INFO] PluginManage:310 - Check plugin thirdparty
2024-10-29 08:55:42,705 [INFO] PluginManage:359 - Loaded plugin thirdparty (category:base,tabindex:-1)
2024-10-29 08:55:42,706 [INFO] PluginManage:310 - Check plugin tools
2024-10-29 08:55:42,707 [WARN] IntegrityCheckThread:84 - waiting for thirdparty lock release [integrity check]
2024-10-29 08:55:42,708 [INFO] IntegrityCheckThread:86 - entering critical section [integrity check]
2024-10-29 08:55:42,708 [INFO] ThirdPartyUpdaterWithRetryManager:70 - Updater plugin not ready yet. [1/15]
2024-10-29 08:55:42,732 [INFO] PluginManage:359 - Loaded plugin tools (category:base,tabindex:7)
2024-10-29 08:55:42,732 [INFO] PluginManage:310 - Check plugin tutovideos
2024-10-29 08:55:43,171 [INFO] PluginManage:359 - Loaded plugin tutovideos (category:base,tabindex:-1)
2024-10-29 08:55:43,172 [INFO] PluginManage:310 - Check plugin updater
2024-10-29 08:55:43,256 [INFO] PluginManage:359 - Loaded plugin updater (category:base,tabindex:12)
2024-10-29 08:55:43,256 [INFO] PluginManage:310 - Check plugin userauth
2024-10-29 08:55:43,555 [INFO] UserAuth:113 - Init User Auth plugin
2024-10-29 08:55:43,555 [INFO] PluginManage:359 - Loaded plugin userauth (category:base,tabindex:14)
2024-10-29 08:55:43,556 [INFO] PluginManage:283 - PluginManage : Loaded plugins [18]
2024-10-29 08:55:44,494 [INFO] PinOutPanel:1561 - setPackage(No Configuration,No Configuration)
2024-10-29 08:55:44,928 [INFO] CADModel:165 - CPN selected for project level
2024-10-29 08:55:44,928 [INFO] CADModel:114 - Register for checkConnection events
2024-10-29 08:55:45,023 [INFO] IPUIPlugin:80 - create IPUIPlugin
2024-10-29 08:55:45,024 [INFO] PluginManager:220 - loadIPPluginJar : add adc
2024-10-29 08:55:45,040 [INFO] IPUIPlugin:80 - create IPUIPlugin
2024-10-29 08:55:45,041 [INFO] PluginManager:220 - loadIPPluginJar : add aes
2024-10-29 08:55:45,062 [INFO] IPUIPlugin:80 - create IPUIPlugin
2024-10-29 08:55:45,062 [INFO] PluginManager:220 - loadIPPluginJar : add can
2024-10-29 08:55:45,080 [INFO] IPUIPlugin:80 - create IPUIPlugin
2024-10-29 08:55:45,081 [INFO] PluginManager:220 - loadIPPluginJar : add comp
2024-10-29 08:55:45,106 [INFO] IPUIPlugin:80 - create IPUIPlugin
2024-10-29 08:55:45,106 [INFO] PluginManager:220 - loadIPPluginJar : add cryp
2024-10-29 08:55:45,140 [INFO] IPUIPlugin:80 - create IPUIPlugin
2024-10-29 08:55:45,140 [INFO] PluginManager:220 - loadIPPluginJar : add ddr_ctrl_phy
2024-10-29 08:55:45,157 [INFO] IPUIPlugin:80 - create IPUIPlugin
2024-10-29 08:55:45,157 [INFO] PluginManager:220 - loadIPPluginJar : add dfsdm
2024-10-29 08:55:45,187 [INFO] IPUIPlugin:80 - create IPUIPlugin
2024-10-29 08:55:45,187 [INFO] PluginManager:220 - loadIPPluginJar : add dma
2024-10-29 08:55:45,221 [INFO] IPUIPlugin:80 - create IPUIPlugin
2024-10-29 08:55:45,221 [INFO] PluginManager:220 - loadIPPluginJar : add dma3
2024-10-29 08:55:45,244 [INFO] IPUIPlugin:80 - create IPUIPlugin
2024-10-29 08:55:45,244 [INFO] PluginManager:220 - loadIPPluginJar : add extmemmanager
2024-10-29 08:55:45,257 [INFO] IPUIPlugin:80 - create IPUIPlugin
2024-10-29 08:55:45,258 [INFO] PluginManager:220 - loadIPPluginJar : add fatfs
2024-10-29 08:55:45,287 [INFO] IPUIPlugin:80 - create IPUIPlugin
2024-10-29 08:55:45,287 [INFO] PluginManager:220 - loadIPPluginJar : add fmc
2024-10-29 08:55:45,316 [INFO] IPUIPlugin:80 - create IPUIPlugin
2024-10-29 08:55:45,317 [INFO] PluginManager:220 - loadIPPluginJar : add freertos
2024-10-29 08:55:45,350 [INFO] IPUIPlugin:80 - create IPUIPlugin
2024-10-29 08:55:45,351 [INFO] PluginManager:220 - loadIPPluginJar : add genericplugin
2024-10-29 08:55:45,354 [INFO] IPUIPlugin:80 - create IPUIPlugin
2024-10-29 08:55:45,354 [INFO] PluginManager:220 - loadIPPluginJar : add gfxmmu
2024-10-29 08:55:45,361 [INFO] IPUIPlugin:80 - create IPUIPlugin
2024-10-29 08:55:45,361 [INFO] PluginManager:220 - loadIPPluginJar : add gic
2024-10-29 08:55:45,382 [INFO] IPUIPlugin:80 - create IPUIPlugin
2024-10-29 08:55:45,382 [INFO] PluginManager:220 - loadIPPluginJar : add gpio
2024-10-29 08:55:45,386 [INFO] IPUIPlugin:80 - create IPUIPlugin
2024-10-29 08:55:45,387 [INFO] PluginManager:220 - loadIPPluginJar : add gtzc
2024-10-29 08:55:45,404 [INFO] IPUIPlugin:80 - create IPUIPlugin
2024-10-29 08:55:45,404 [INFO] PluginManager:220 - loadIPPluginJar : add hash
2024-10-29 08:55:45,419 [INFO] IPUIPlugin:80 - create IPUIPlugin
2024-10-29 08:55:45,419 [INFO] PluginManager:220 - loadIPPluginJar : add i2c
2024-10-29 08:55:45,433 [INFO] IPUIPlugin:80 - create IPUIPlugin
2024-10-29 08:55:45,434 [INFO] PluginManager:220 - loadIPPluginJar : add i2s
2024-10-29 08:55:45,451 [INFO] IPUIPlugin:80 - create IPUIPlugin
2024-10-29 08:55:45,451 [INFO] PluginManager:220 - loadIPPluginJar : add i3c
2024-10-29 08:55:45,455 [INFO] IPUIPlugin:80 - create IPUIPlugin
2024-10-29 08:55:45,456 [INFO] PluginManager:220 - loadIPPluginJar : add ipddr
2024-10-29 08:55:45,479 [INFO] IPUIPlugin:80 - create IPUIPlugin
2024-10-29 08:55:45,479 [INFO] PluginManager:220 - loadIPPluginJar : add linkedlist
2024-10-29 08:55:45,503 [INFO] IPUIPlugin:80 - create IPUIPlugin
2024-10-29 08:55:45,503 [INFO] PluginManager:220 - loadIPPluginJar : add lorawan
2024-10-29 08:55:45,516 [INFO] IPUIPlugin:80 - create IPUIPlugin
2024-10-29 08:55:45,516 [INFO] PluginManager:220 - loadIPPluginJar : add ltdc
2024-10-29 08:55:45,709 [INFO] ThirdPartyUpdaterWithRetryManager:70 - Updater plugin not ready yet. [2/15]
2024-10-29 08:55:45,850 [INFO] IPUIPlugin:80 - create IPUIPlugin
2024-10-29 08:55:45,850 [INFO] PluginManager:220 - loadIPPluginJar : add mdma
2024-10-29 08:55:45,881 [INFO] IPUIPlugin:80 - create IPUIPlugin
2024-10-29 08:55:45,881 [INFO] PluginManager:220 - loadIPPluginJar : add nvic
2024-10-29 08:55:45,909 [INFO] IPUIPlugin:80 - create IPUIPlugin
2024-10-29 08:55:45,909 [INFO] PluginManager:220 - loadIPPluginJar : add opamp
2024-10-29 08:55:45,933 [INFO] IPUIPlugin:80 - create IPUIPlugin
2024-10-29 08:55:45,933 [INFO] PluginManager:220 - loadIPPluginJar : add openamp
2024-10-29 08:55:45,953 [INFO] IPUIPlugin:80 - create IPUIPlugin
2024-10-29 08:55:45,953 [INFO] PluginManager:220 - loadIPPluginJar : add pdm2pcm
2024-10-29 08:55:45,973 [INFO] IPUIPlugin:80 - create IPUIPlugin
2024-10-29 08:55:45,976 [INFO] PluginManager:220 - loadIPPluginJar : add plateformsettings
2024-10-29 08:55:45,982 [INFO] IPUIPlugin:80 - create IPUIPlugin
2024-10-29 08:55:45,983 [INFO] PluginManager:220 - loadIPPluginJar : add quadspi
2024-10-29 08:55:46,043 [INFO] IPUIPlugin:80 - create IPUIPlugin
2024-10-29 08:55:46,043 [INFO] PluginManager:220 - loadIPPluginJar : add radio
2024-10-29 08:55:46,073 [INFO] IPUIPlugin:80 - create IPUIPlugin
2024-10-29 08:55:46,073 [INFO] PluginManager:220 - loadIPPluginJar : add resmgrutility
2024-10-29 08:55:46,077 [INFO] IPUIPlugin:80 - create IPUIPlugin
2024-10-29 08:55:46,077 [INFO] PluginManager:220 - loadIPPluginJar : add sai
2024-10-29 08:55:46,081 [INFO] IPUIPlugin:80 - create IPUIPlugin
2024-10-29 08:55:46,081 [INFO] PluginManager:220 - loadIPPluginJar : add spi
2024-10-29 08:55:46,088 [INFO] IPUIPlugin:80 - create IPUIPlugin
2024-10-29 08:55:46,088 [INFO] PluginManager:220 - loadIPPluginJar : add stm32_wpan
2024-10-29 08:55:46,104 [INFO] IPUIPlugin:80 - create IPUIPlugin
2024-10-29 08:55:46,104 [INFO] PluginManager:220 - loadIPPluginJar : add tim
2024-10-29 08:55:46,130 [INFO] IPUIPlugin:80 - create IPUIPlugin
2024-10-29 08:55:46,131 [INFO] PluginManager:220 - loadIPPluginJar : add touchsensing
2024-10-29 08:55:46,203 [INFO] IPUIPlugin:80 - create IPUIPlugin
2024-10-29 08:55:46,204 [INFO] PluginManager:220 - loadIPPluginJar : add tracer_emb
2024-10-29 08:55:46,212 [INFO] IPUIPlugin:80 - create IPUIPlugin
2024-10-29 08:55:46,212 [INFO] PluginManager:220 - loadIPPluginJar : add ts
2024-10-29 08:55:46,223 [INFO] IPUIPlugin:80 - create IPUIPlugin
2024-10-29 08:55:46,223 [INFO] PluginManager:220 - loadIPPluginJar : add tsc
2024-10-29 08:55:46,234 [INFO] IPUIPlugin:80 - create IPUIPlugin
2024-10-29 08:55:46,234 [INFO] PluginManager:220 - loadIPPluginJar : add ucpd
2024-10-29 08:55:46,257 [INFO] IPUIPlugin:80 - create IPUIPlugin
2024-10-29 08:55:46,257 [INFO] PluginManager:220 - loadIPPluginJar : add usart
2024-10-29 08:55:46,261 [INFO] IPUIPlugin:80 - create IPUIPlugin
2024-10-29 08:55:46,262 [INFO] PluginManager:220 - loadIPPluginJar : add usbx
2024-10-29 08:55:46,513 [INFO] CADModel:165 - CPN selected for project level
2024-10-29 08:55:46,513 [INFO] CADModel:114 - Register for checkConnection events
2024-10-29 08:55:46,513 [FATAL] Updater:334 - Updater called before beeing initialized
2024-10-29 08:55:46,513 [ERROR] CADModel:125 - Updater not yet initialized, retry later 
2024-10-29 08:55:47,004 [INFO] CADModel:165 - CPN selected for project level
2024-10-29 08:55:47,005 [INFO] CADModel:114 - Register for checkConnection events
2024-10-29 08:55:47,005 [FATAL] Updater:334 - Updater called before beeing initialized
2024-10-29 08:55:47,005 [ERROR] CADModel:125 - Updater not yet initialized, retry later 
2024-10-29 08:55:47,020 [FATAL] Updater:334 - Updater called before beeing initialized
2024-10-29 08:55:47,360 [FATAL] Updater:334 - Updater called before beeing initialized
2024-10-29 08:55:47,365 [INFO] DbMcusAds:53 - JSON generation date=Fri Sep 20 14:04:23 WAT 2024 (1726837463113)
2024-10-29 08:55:47,365 [FATAL] Updater:334 - Updater called before beeing initialized
2024-10-29 08:55:47,628 [WARN] DetailPanel:346 - Failed to get advertising image, set to default
2024-10-29 08:55:47,758 [FATAL] Updater:334 - Updater called before beeing initialized
2024-10-29 08:55:47,764 [FATAL] Updater:334 - Updater called before beeing initialized
2024-10-29 08:55:47,764 [FATAL] Updater:334 - Updater called before beeing initialized
2024-10-29 08:55:47,765 [WARN] DetailPanel:346 - Failed to get advertising image, set to default
2024-10-29 08:55:47,766 [FATAL] Updater:334 - Updater called before beeing initialized
2024-10-29 08:55:47,915 [ERROR] Updater:1164 - MainUpdater not yet initialized. External WinMGr cannot be set.
2024-10-29 08:55:47,955 [INFO] Updater:1100 - Updater Version found : 6.12.0
2024-10-29 08:55:47,999 [INFO] ApplicationProperties:184 - Using Application install path: C:\ST\STM32CubeIDE_1.16.0\STM32CubeIDE\plugins\com.st.stm32cube.common.mx_6.12.0.202406281431
2024-10-29 08:55:48,710 [INFO] ThirdPartyUpdaterWithRetryManager:70 - Updater plugin not ready yet. [3/15]
2024-10-29 08:55:49,632 [ERROR] LogOutputStream:75 - [STDERR_REDIRECT] Oct 29, 2024 8:55:49 AM java.util.prefs.WindowsPreferences <init>
2024-10-29 08:55:49,635 [ERROR] LogOutputStream:75 - [STDERR_REDIRECT] WARNING: Could not open/create prefs root node Software\JavaSoft\Prefs at root 0xffffffff80000002. Windows RegCreateKeyEx(...) returned error code 5.
2024-10-29 08:55:49,635 [ERROR] LogOutputStream:75 - [STDERR_REDIRECT] 
2024-10-29 08:55:50,920 [INFO] MainUpdater:2873 - connection check result : 10
2024-10-29 08:55:50,921 [INFO] MainUpdater:290 - Updater Check For Update Now.
2024-10-29 08:55:50,921 [INFO] MicroXplorer:498 - Change Database Version : DB.6.0.120
2024-10-29 08:55:51,033 [INFO] McuFinderGlobals:63 - Set McuFinder mode to 2 (CubeIDE integrated)
2024-10-29 08:55:51,063 [INFO] UserAuth:417 - Internet connection configuration mode: 1
2024-10-29 08:55:51,204 [INFO] JxBrowserEngine:152 - Initiate JxBrowser Engine with user profile folder
2024-10-29 08:55:51,350 [INFO] CheckServerUpdateThread:120 - End of CheckServer Thread
2024-10-29 08:55:52,800 [WARN] PackLoader:240 - Cannot read IP mode file for STMicroelectronics.FP-SNS-MOTENVWB1.1.4.0
2024-10-29 08:55:52,828 [WARN] PackLoader:240 - Cannot read IP mode file for STMicroelectronics.X-CUBE-SMBUS.2.1.0
2024-10-29 08:55:52,890 [WARN] PackLoader:240 - Cannot read IP mode file for STMicroelectronics.X-CUBE-WB05N.1.1.0
2024-10-29 08:55:52,985 [WARN] PackLoader:240 - Cannot read IP mode file for STMicroelectronics.X-CUBE-AZRTOS-F7.1.1.0
2024-10-29 08:55:55,557 [WARN] PackLoader:240 - Cannot read IP mode file for STMicroelectronics.X-CUBE-MEMS1.11.0.0
2024-10-29 08:55:55,923 [WARN] PackLoader:240 - Cannot read IP mode file for STMicroelectronics.FP-SNS-FLIGHT1.5.0.2
2024-10-29 08:55:55,951 [WARN] PackLoader:240 - Cannot read IP mode file for STMicroelectronics.X-CUBE-DISPLAY.3.0.0
2024-10-29 08:55:56,017 [WARN] PackLoader:240 - Cannot read IP mode file for STMicroelectronics.X-CUBE-BLE1.7.0.0
2024-10-29 08:55:56,048 [WARN] PackLoader:240 - Cannot read IP mode file for STMicroelectronics.X-CUBE-NFC10.1.0.0
2024-10-29 08:55:56,070 [WARN] PackLoader:240 - Cannot read IP mode file for emotas.I-CUBE-CANOPEN.1.3.0
2024-10-29 08:55:56,108 [WARN] PackLoader:240 - Cannot read IP mode file for STMicroelectronics.X-CUBE-BLEMGR.3.1.0
2024-10-29 08:55:56,146 [WARN] PackLoader:240 - Cannot read IP mode file for STMicroelectronics.FP-SNS-SMARTAG2.1.2.0
2024-10-29 08:55:56,189 [INFO] LogOutputStream:77 - [STDOUT_REDIRECT] 1 : Invalid condition id : UX_CORESTACK_Condition cause : null
2024-10-29 08:55:56,190 [INFO] LogOutputStream:77 - [STDOUT_REDIRECT] 1 : Invalid condition id : UX_CORESTACK_Condition cause : null
2024-10-29 08:55:56,193 [INFO] LogOutputStream:77 - [STDOUT_REDIRECT] 1 : Invalid condition id : UX_CORESTACK_Condition cause : null
2024-10-29 08:55:56,195 [INFO] LogOutputStream:77 - [STDOUT_REDIRECT] 1 : Invalid condition id : UX_CORESTACK_Condition cause : null
2024-10-29 08:55:56,197 [INFO] LogOutputStream:77 - [STDOUT_REDIRECT] 1 : Invalid condition id : UX_CORESTACK_Condition cause : null
2024-10-29 08:55:56,209 [WARN] PackLoader:240 - Cannot read IP mode file for STMicroelectronics.X-CUBE-AZRTOS-WL.2.0.0
2024-10-29 08:55:56,240 [WARN] PackLoader:240 - Cannot read IP mode file for STMicroelectronics.FP-SNS-MOTENV1.5.0.0
2024-10-29 08:55:56,264 [WARN] PackLoader:240 - Cannot read IP mode file for wolfSSL.I-CUBE-wolfMQTT.1.19.0
2024-10-29 08:55:56,496 [WARN] PackLoader:240 - Cannot read IP mode file for WES.I-CUBE-Cesium.1.3.0
2024-10-29 08:55:56,735 [WARN] PackLoader:240 - Cannot read IP mode file for STMicroelectronics.X-CUBE-BLE2.3.3.0
2024-10-29 08:55:57,024 [WARN] PackLoader:240 - Cannot read IP mode file for STMicroelectronics.X-CUBE-NFC9.1.0.0
2024-10-29 08:55:57,192 [WARN] PackLoader:240 - Cannot read IP mode file for STMicroelectronics.X-CUBE-TCPP.4.1.0
2024-10-29 08:55:57,466 [WARN] PackLoader:240 - Cannot read IP mode file for STMicroelectronics.X-CUBE-AZRTOS-G0.1.1.0
2024-10-29 08:55:57,725 [WARN] PackLoader:240 - Cannot read IP mode file for STMicroelectronics.X-CUBE-SAFEA1.1.2.2
2024-10-29 08:55:58,148 [WARN] PackLoader:240 - Cannot read IP mode file for STMicroelectronics.X-CUBE-NFC4.3.0.0
2024-10-29 08:55:58,617 [WARN] PackLoader:240 - Cannot read IP mode file for EmbeddedOffice.I-CUBE-FS-RTOS.1.0.1
2024-10-29 08:55:58,617 [ERROR] ConditionMgr:805 - Attr not supported : Dmpu
2024-10-29 08:55:58,618 [ERROR] ConditionMgr:805 - Attr not supported : Dmpu
2024-10-29 08:55:58,618 [ERROR] ConditionMgr:805 - Attr not supported : Dmpu
2024-10-29 08:55:58,618 [ERROR] ConditionMgr:805 - Attr not supported : Dmpu
2024-10-29 08:55:58,618 [ERROR] ConditionMgr:805 - Attr not supported : Dmpu
2024-10-29 08:55:58,618 [ERROR] ConditionMgr:805 - Attr not supported : Dmpu
2024-10-29 08:55:58,618 [ERROR] ConditionMgr:805 - Attr not supported : Dmpu
2024-10-29 08:55:58,618 [ERROR] ConditionMgr:805 - Attr not supported : Dmpu
2024-10-29 08:55:58,619 [ERROR] ConditionMgr:805 - Attr not supported : Dmpu
2024-10-29 08:55:58,619 [ERROR] ConditionMgr:805 - Attr not supported : Dmpu
2024-10-29 08:55:58,619 [ERROR] ConditionMgr:805 - Attr not supported : Dmpu
2024-10-29 08:55:58,619 [ERROR] ConditionMgr:805 - Attr not supported : Dmpu
2024-10-29 08:55:58,619 [ERROR] ConditionMgr:805 - Attr not supported : Dmpu
2024-10-29 08:55:58,619 [ERROR] ConditionMgr:805 - Attr not supported : Dmpu
2024-10-29 08:55:58,619 [ERROR] ConditionMgr:805 - Attr not supported : Dmpu
2024-10-29 08:55:58,620 [ERROR] ConditionMgr:805 - Attr not supported : Dmpu
2024-10-29 08:55:58,620 [ERROR] ConditionMgr:805 - Attr not supported : Dmpu
2024-10-29 08:55:58,620 [ERROR] ConditionMgr:805 - Attr not supported : Dmpu
2024-10-29 08:55:58,620 [ERROR] ConditionMgr:805 - Attr not supported : Dmpu
2024-10-29 08:55:58,620 [ERROR] ConditionMgr:805 - Attr not supported : Dmpu
2024-10-29 08:55:58,620 [ERROR] ConditionMgr:805 - Attr not supported : Dmpu
2024-10-29 08:55:58,620 [ERROR] ConditionMgr:805 - Attr not supported : Dmpu
2024-10-29 08:55:58,620 [ERROR] ConditionMgr:805 - Attr not supported : Dmpu
2024-10-29 08:55:58,621 [ERROR] ConditionMgr:805 - Attr not supported : Dmpu
2024-10-29 08:55:58,621 [ERROR] ConditionMgr:805 - Attr not supported : Dmpu
2024-10-29 08:55:58,621 [ERROR] ConditionMgr:805 - Attr not supported : Dmpu
2024-10-29 08:55:58,621 [ERROR] ConditionMgr:805 - Attr not supported : Dmpu
2024-10-29 08:55:58,621 [ERROR] ConditionMgr:805 - Attr not supported : Dmpu
2024-10-29 08:55:58,621 [ERROR] ConditionMgr:805 - Attr not supported : Dmpu
2024-10-29 08:55:58,621 [ERROR] ConditionMgr:805 - Attr not supported : Dmpu
2024-10-29 08:55:58,621 [ERROR] ConditionMgr:805 - Attr not supported : Dmpu
2024-10-29 08:55:58,621 [ERROR] ConditionMgr:805 - Attr not supported : Dmpu
2024-10-29 08:55:58,621 [ERROR] ConditionMgr:805 - Attr not supported : Dmpu
2024-10-29 08:55:58,621 [ERROR] ConditionMgr:805 - Attr not supported : Dmpu
2024-10-29 08:55:58,622 [ERROR] ConditionMgr:805 - Attr not supported : Dmpu
2024-10-29 08:55:58,622 [ERROR] ConditionMgr:805 - Attr not supported : Dmpu
2024-10-29 08:55:58,622 [ERROR] ConditionMgr:805 - Attr not supported : Dmpu
2024-10-29 08:55:58,622 [ERROR] ConditionMgr:805 - Attr not supported : Dmpu
2024-10-29 08:55:58,622 [ERROR] ConditionMgr:805 - Attr not supported : Dmpu
2024-10-29 08:55:58,622 [ERROR] ConditionMgr:805 - Attr not supported : Dmpu
2024-10-29 08:55:58,622 [ERROR] ConditionMgr:805 - Attr not supported : Dmpu
2024-10-29 08:55:58,622 [ERROR] ConditionMgr:805 - Attr not supported : Dmpu
2024-10-29 08:55:58,622 [ERROR] ConditionMgr:805 - Attr not supported : Dmpu
2024-10-29 08:55:58,622 [ERROR] ConditionMgr:805 - Attr not supported : Dmpu
2024-10-29 08:55:58,623 [ERROR] ConditionMgr:805 - Attr not supported : Dmpu
2024-10-29 08:55:58,623 [ERROR] ConditionMgr:805 - Attr not supported : Dmpu
2024-10-29 08:55:58,623 [ERROR] ConditionMgr:805 - Attr not supported : Dmpu
2024-10-29 08:55:58,623 [ERROR] ConditionMgr:805 - Attr not supported : Dmpu
2024-10-29 08:55:58,623 [ERROR] ConditionMgr:805 - Attr not supported : Dmpu
2024-10-29 08:55:58,623 [ERROR] ConditionMgr:805 - Attr not supported : Dmpu
2024-10-29 08:55:58,623 [ERROR] ConditionMgr:805 - Attr not supported : Dmpu
2024-10-29 08:55:58,623 [ERROR] ConditionMgr:805 - Attr not supported : Dmpu
2024-10-29 08:55:58,623 [ERROR] ConditionMgr:805 - Attr not supported : Dmpu
2024-10-29 08:55:58,623 [ERROR] ConditionMgr:805 - Attr not supported : Dmpu
2024-10-29 08:55:58,624 [ERROR] ConditionMgr:805 - Attr not supported : Dmpu
2024-10-29 08:55:58,624 [ERROR] ConditionMgr:805 - Attr not supported : Dmpu
2024-10-29 08:55:58,624 [ERROR] ConditionMgr:805 - Attr not supported : Dmpu
2024-10-29 08:55:58,624 [ERROR] ConditionMgr:805 - Attr not supported : Dmpu
2024-10-29 08:55:58,624 [ERROR] ConditionMgr:805 - Attr not supported : Dmpu
2024-10-29 08:55:58,624 [ERROR] ConditionMgr:805 - Attr not supported : Dmpu
2024-10-29 08:55:58,624 [ERROR] ConditionMgr:805 - Attr not supported : Dmpu
2024-10-29 08:55:58,624 [ERROR] ConditionMgr:805 - Attr not supported : Dmpu
2024-10-29 08:55:58,624 [ERROR] ConditionMgr:805 - Attr not supported : Dmpu
2024-10-29 08:55:58,624 [ERROR] ConditionMgr:805 - Attr not supported : Dmpu
2024-10-29 08:55:59,076 [WARN] PackLoader:240 - Cannot read IP mode file for RealThread.X-CUBE-RT-Thread_Nano.4.1.1
2024-10-29 08:55:59,337 [WARN] PackLoader:240 - Cannot read IP mode file for STMicroelectronics.FP-ATR-SIGFOX1.3.2.0
2024-10-29 08:55:59,987 [WARN] PackLoader:240 - Cannot read IP mode file for wolfSSL.I-CUBE-wolfSSL.5.7.2
2024-10-29 08:56:00,188 [WARN] PackLoader:240 - Cannot read IP mode file for STMicroelectronics.X-CUBE-EEPRMA1.5.1.0
2024-10-29 08:56:00,645 [WARN] PackLoader:240 - Cannot read IP mode file for ITTIA_DB.I-CUBE-ITTIADB.8.9.0
2024-10-29 08:56:01,057 [WARN] PackLoader:240 - Cannot read IP mode file for SEGGER.I-CUBE-embOS.1.3.1
2024-10-29 08:56:01,353 [WARN] PackLoader:240 - Cannot read IP mode file for STMicroelectronics.X-CUBE-ALGOBUILD.1.4.0
2024-10-29 08:56:01,694 [WARN] PackLoader:240 - Cannot read IP mode file for STMicroelectronics.X-CUBE-AI.9.1.0
2024-10-29 08:56:02,070 [WARN] PackLoader:240 - Cannot read IP mode file for STMicroelectronics.X-CUBE-GNSS1.6.0.0
2024-10-29 08:56:02,587 [WARN] PackLoader:240 - Cannot read IP mode file for STMicroelectronics.X-CUBE-AZRTOS-F4.1.1.0
2024-10-29 08:56:02,708 [WARN] PackLoader:240 - Cannot read IP mode file for STMicroelectronics.X-CUBE-ISPU.2.1.0
2024-10-29 08:56:02,956 [WARN] PackLoader:240 - Cannot read IP mode file for STMicroelectronics.X-CUBE-FREERTOS.1.2.0
2024-10-29 08:56:03,159 [WARN] PackLoader:240 - Cannot read IP mode file for STMicroelectronics.X-CUBE-AZRTOS-L5.2.0.0
2024-10-29 08:56:03,277 [WARN] PackLoader:240 - Cannot read IP mode file for STMicroelectronics.X-CUBE-NFC6.3.1.0
2024-10-29 08:56:03,440 [WARN] PackLoader:240 - Cannot read IP mode file for STMicroelectronics.X-CUBE-DPower.1.2.0
2024-10-29 08:56:03,792 [WARN] PackLoader:240 - Cannot read IP mode file for STMicroelectronics.X-CUBE-AI.9.0.0
2024-10-29 08:56:03,888 [WARN] PackLoader:240 - Cannot read IP mode file for STMicroelectronics.X-CUBE-NFC7.1.0.1
2024-10-29 08:56:03,932 [WARN] PackLoader:240 - Cannot read IP mode file for wolfSSL.I-CUBE-wolfTPM.3.2.0
2024-10-29 08:56:04,121 [WARN] ConditionMgr:438 - getConditionDescription Invalid condition id : LAN8742 Phy interface Condition cause : null
2024-10-29 08:56:04,122 [WARN] PackLoader:240 - Cannot read IP mode file for STMicroelectronics.X-CUBE-AZRTOS-L4.2.0.0
2024-10-29 08:56:04,125 [WARN] ConditionMgr:1039 - genDependencies : Invalid condition id : LAN8742 Phy interface Condition cause : null
2024-10-29 08:56:04,126 [WARN] ConditionMgr:1039 - genDependencies : Invalid condition id : LAN8742 Phy interface Condition cause : null
2024-10-29 08:56:04,127 [WARN] ConditionMgr:1039 - genDependencies : Invalid condition id : LAN8742 Phy interface Condition cause : null
2024-10-29 08:56:04,257 [WARN] PackLoader:240 - Cannot read IP mode file for STMicroelectronics.X-CUBE-SFXS2LP1.4.0.0
2024-10-29 08:56:04,544 [WARN] PackLoader:240 - Cannot read IP mode file for STMicroelectronics.X-CUBE-AZRTOS-H7.3.3.0
2024-10-29 08:56:04,671 [WARN] PackLoader:240 - Cannot read IP mode file for STMicroelectronics.X-CUBE-IPS.3.0.0
2024-10-29 08:56:04,851 [WARN] ConditionMgr:438 - getConditionDescription Invalid condition id : UX DEVICE CLASS RTOS Condition cause : null
2024-10-29 08:56:04,851 [WARN] ConditionMgr:438 - getConditionDescription Invalid condition id : UX DEVICE CLASS RTOS Condition cause : null
2024-10-29 08:56:04,854 [WARN] PackLoader:240 - Cannot read IP mode file for STMicroelectronics.X-CUBE-AZRTOS-WB.2.0.0
2024-10-29 08:56:04,855 [WARN] ConditionMgr:1039 - genDependencies : Invalid condition id : UX DEVICE CLASS RTOS Condition cause : null
2024-10-29 08:56:04,856 [WARN] ConditionMgr:1039 - genDependencies : Invalid condition id : UX DEVICE CLASS RTOS Condition cause : null
2024-10-29 08:56:04,857 [WARN] ConditionMgr:1039 - genDependencies : Invalid condition id : UX DEVICE CLASS RTOS Condition cause : null
2024-10-29 08:56:04,857 [WARN] ConditionMgr:1039 - genDependencies : Invalid condition id : UX DEVICE CLASS RTOS Condition cause : null
2024-10-29 08:56:04,857 [WARN] ConditionMgr:1039 - genDependencies : Invalid condition id : UX DEVICE CLASS RTOS Condition cause : null
2024-10-29 08:56:04,969 [WARN] PackLoader:240 - Cannot read IP mode file for STMicroelectronics.X-CUBE-GNSS1.7.0.0
2024-10-29 08:56:05,068 [WARN] PackLoader:240 - Cannot read IP mode file for STMicroelectronics.FP-SNS-STBOX1.2.0.0
2024-10-29 08:56:05,188 [WARN] PackLoader:240 - Cannot read IP mode file for STMicroelectronics.X-CUBE-SUBG2.5.0.0
2024-10-29 08:56:05,274 [WARN] PackLoader:240 - Cannot read IP mode file for Cesanta.I-CUBE-Mongoose.7.13.0
2024-10-29 08:56:05,495 [WARN] PackLoader:240 - Cannot read IP mode file for STMicroelectronics.X-CUBE-AZRTOS-G4.2.0.0
2024-10-29 08:56:05,664 [WARN] PackLoader:240 - Cannot read IP mode file for STMicroelectronics.X-CUBE-ISPU.2.0.0
2024-10-29 08:56:05,732 [WARN] PackLoader:240 - Cannot read IP mode file for STMicroelectronics.X-CUBE-ALS.1.0.2
2024-10-29 08:56:06,095 [WARN] PackLoader:240 - Cannot read IP mode file for STMicroelectronics.X-CUBE-MEMS1.10.0.0
2024-10-29 08:56:06,309 [WARN] PackLoader:240 - Cannot read IP mode file for STMicroelectronics.X-CUBE-TOUCHGFX.4.24.0
2024-10-29 08:56:06,361 [WARN] PackLoader:240 - Cannot read IP mode file for STMicroelectronics.X-CUBE-TOUCHGFX.4.24.1
2024-10-29 08:56:06,439 [WARN] PackLoader:240 - Cannot read IP mode file for portGmbH.I-Cube-SoM-uGOAL.1.1.0
2024-10-29 08:56:06,650 [WARN] PackLoader:240 - Cannot read IP mode file for STMicroelectronics.X-CUBE-AZRTOS-H7RS.1.0.0
2024-10-29 08:56:06,817 [WARN] PackLoader:240 - Cannot read IP mode file for STMicroelectronics.FP-ATR-ASTRA1.2.0.0
2024-10-29 08:56:07,104 [WARN] PackLoader:240 - Cannot read IP mode file for STMicroelectronics.X-CUBE-TOF1.3.4.2
2024-10-29 08:56:07,317 [WARN] PackLoader:240 - Cannot read IP mode file for Infineon.AIROC-Wi-Fi-Bluetooth-STM32.1.6.1
2024-10-29 08:56:07,423 [WARN] PackLoader:240 - Cannot read IP mode file for wolfSSL.I-CUBE-wolfSSH.1.4.17
2024-10-29 08:56:07,423 [INFO] ThirdParty:978 - Integrity check success = true
2024-10-29 08:56:07,424 [INFO] IntegrityCheckThread:100 - exiting critical section [integrity check]
2024-10-29 08:56:07,424 [INFO] IntegrityCheckThread:103 - End integrity checks thread
2024-10-29 08:56:08,031 [INFO] WebApp:167 - Instantiating new browser for Auth
2024-10-29 08:56:23,846 [INFO] WebApp:448 - Apply proxy settings
2024-10-29 08:56:23,847 [INFO] WebApp:533 - Chromium requires no authentication
2024-10-29 08:56:24,784 [INFO] WebApp:476 - Direct internet connection detected
2024-10-29 08:56:26,136 [INFO] WebApp:869 - Register for checkConnection events
2024-10-29 08:56:26,136 [INFO] WebApp:448 - Apply proxy settings
2024-10-29 08:56:26,136 [INFO] WebApp:533 - Chromium requires no authentication
2024-10-29 08:56:26,137 [INFO] WebApp:476 - Direct internet connection detected
2024-10-29 08:56:29,739 [INFO] WebApp:186 - Connection restablished
2024-10-29 08:56:37,337 [INFO] WebApp:220 - Starting web application
2024-10-29 08:56:37,337 [INFO] WebApp:578 - Web application path used C:\ST\STM32CubeIDE_1.16.0\STM32CubeIDE\plugins\com.st.stm32cube.common.mx_6.12.0.202406281431\db\plugins\mcufinder\reactClient1\index.html
2024-10-29 08:56:38,339 [INFO] UserAuth:417 - Internet connection configuration mode: 1
2024-10-29 17:58:22,780 [ERROR] LogOutputStream:75 - [STDERR_REDIRECT] 
