2024-10-28 11:19:19,809 [INFO] Activator:176 - 


2024-10-28 11:19:19,834 [INFO] Activator:177 - !SESSION log4j initialized
2024-10-28 11:19:42,278 [INFO] LogOutputStream:77 - [STDOUT_REDIRECT] 
2024-10-28 11:19:51,231 [ERROR] ConfigurationRetriever:142 - IOException on connection: Read timed out
2024-10-28 11:19:57,676 [INFO] ApplicationProperties:184 - Using Application install path: C:\ST\STM32CubeIDE_1.16.0\STM32CubeIDE\plugins\com.st.stm32cube.common.mx_6.12.0.202406281431
2024-10-28 11:19:57,899 [INFO] DbMcusXml:78 - Set database path to: C:\ST\STM32CubeIDE_1.16.0\STM32CubeIDE\plugins\com.st.stm32cube.common.mx_6.12.0.202406281431\\db\/mcu/
2024-10-28 11:19:57,902 [INFO] ApiDb:274 - Set plugin database path to: C:\ST\STM32CubeIDE_1.16.0\STM32CubeIDE\plugins\com.st.stm32cube.common.mx_6.12.0.202406281431\\db\/plugins/boardmanager/
2024-10-28 11:19:57,903 [WARN] ApiDb:259 - Overriding images path with different value:  => C:\ST\STM32CubeIDE_1.16.0\STM32CubeIDE\plugins\com.st.stm32cube.common.mx_6.12.0.202406281431\\db\/plugins/mcufinder/images/
2024-10-28 11:19:58,129 [INFO] ApiDb:250 - Set database path to: C:\Users\User\.stmcufinder\plugins\mcufinder//mcu/
2024-10-28 11:19:58,131 [INFO] DbMcusAds:125 - Set database path to: C:\Users\User\.stmcufinder\plugins\mcufinder//mcu/
2024-10-28 11:19:58,224 [INFO] CrossReferenceDbSqlite:203 - Set database path to: C:\Users\User\.stmcufinder\plugins\mcufinder//mcu/cs/
2024-10-28 11:19:58,543 [INFO] RulesReader:64 - Compatibility file has been processed (297 Rules)
2024-10-28 11:19:58,873 [INFO] DbMcusXml:78 - Set database path to: C:\ST\STM32CubeIDE_1.16.0\STM32CubeIDE\plugins\com.st.stm32cube.common.mx_6.12.0.202406281431\\db\/mcu/
2024-10-28 11:19:58,873 [INFO] ApiDb:274 - Set plugin database path to: C:\ST\STM32CubeIDE_1.16.0\STM32CubeIDE\plugins\com.st.stm32cube.common.mx_6.12.0.202406281431\\db\/plugins/boardmanager/
2024-10-28 11:19:58,874 [INFO] ApiDb:261 - Set plugin images path to: C:\ST\STM32CubeIDE_1.16.0\STM32CubeIDE\plugins\com.st.stm32cube.common.mx_6.12.0.202406281431\\db\/plugins/mcufinder/images/
2024-10-28 11:19:58,874 [WARN] DbFile:41 - Overriding database path with different value: C:\Users\User\.stmcufinder\plugins\mcufinder/ => C:\Users\User\.stmcufinder\plugins\mcufinder
2024-10-28 11:19:58,874 [INFO] ApiDb:250 - Set database path to: C:\Users\User\.stmcufinder\plugins\mcufinder//mcu/
2024-10-28 11:19:58,874 [WARN] DbFile:41 - Overriding database path with different value: C:\Users\User\.stmcufinder\plugins\mcufinder/ => C:\Users\User\.stmcufinder\plugins\mcufinder
2024-10-28 11:19:58,874 [INFO] DbMcusAds:125 - Set database path to: C:\Users\User\.stmcufinder\plugins\mcufinder//mcu/
2024-10-28 11:19:58,874 [WARN] DbFile:41 - Overriding database path with different value: C:\Users\User\.stmcufinder\plugins\mcufinder/ => C:\Users\User\.stmcufinder\plugins\mcufinder
2024-10-28 11:19:58,874 [WARN] DbFile:41 - Overriding database path with different value: C:\Users\User\.stmcufinder\plugins\mcufinder/ => C:\Users\User\.stmcufinder\plugins\mcufinder
2024-10-28 11:19:58,875 [INFO] CrossReferenceDbSqlite:203 - Set database path to: C:\Users\User\.stmcufinder\plugins\mcufinder//mcu/cs/
2024-10-28 11:19:59,161 [INFO] MainPanel:268 - HeapMemory: 276824064
2024-10-28 11:19:59,987 [INFO] DbMcusXml:78 - Set database path to: C:\ST\STM32CubeIDE_1.16.0\STM32CubeIDE\plugins\com.st.stm32cube.common.mx_6.12.0.202406281431\\db\/mcu/
2024-10-28 11:19:59,987 [INFO] ApiDb:274 - Set plugin database path to: C:\ST\STM32CubeIDE_1.16.0\STM32CubeIDE\plugins\com.st.stm32cube.common.mx_6.12.0.202406281431\\db\/plugins/boardmanager/
2024-10-28 11:19:59,987 [INFO] ApiDb:261 - Set plugin images path to: C:\ST\STM32CubeIDE_1.16.0\STM32CubeIDE\plugins\com.st.stm32cube.common.mx_6.12.0.202406281431\\db\/plugins/mcufinder/images/
2024-10-28 11:19:59,988 [WARN] DbFile:41 - Overriding database path with different value: C:\Users\User\.stmcufinder\plugins\mcufinder/ => C:\Users\User\.stmcufinder\plugins\mcufinder
2024-10-28 11:19:59,988 [INFO] ApiDb:250 - Set database path to: C:\Users\User\.stmcufinder\plugins\mcufinder//mcu/
2024-10-28 11:19:59,988 [WARN] DbFile:41 - Overriding database path with different value: C:\Users\User\.stmcufinder\plugins\mcufinder/ => C:\Users\User\.stmcufinder\plugins\mcufinder
2024-10-28 11:19:59,988 [INFO] DbMcusAds:125 - Set database path to: C:\Users\User\.stmcufinder\plugins\mcufinder//mcu/
2024-10-28 11:19:59,988 [WARN] DbFile:41 - Overriding database path with different value: C:\Users\User\.stmcufinder\plugins\mcufinder/ => C:\Users\User\.stmcufinder\plugins\mcufinder
2024-10-28 11:19:59,988 [WARN] DbFile:41 - Overriding database path with different value: C:\Users\User\.stmcufinder\plugins\mcufinder/ => C:\Users\User\.stmcufinder\plugins\mcufinder
2024-10-28 11:19:59,988 [INFO] CrossReferenceDbSqlite:203 - Set database path to: C:\Users\User\.stmcufinder\plugins\mcufinder//mcu/cs/
2024-10-28 11:20:00,020 [INFO] ApplicationProperties:184 - Using Application install path: C:\ST\STM32CubeIDE_1.16.0\STM32CubeIDE\plugins\com.st.stm32cube.common.mx_6.12.0.202406281431
2024-10-28 11:20:00,022 [INFO] PluginManage:196 - Search for loadable plugins [exclusion list=, ]
2024-10-28 11:20:00,024 [INFO] PluginManage:310 - Check plugin analytics
2024-10-28 11:20:05,048 [INFO] AnalyticsPlugin:253 - Accepted Software Licenses: 
2024-10-28 11:20:05,049 [INFO] AnalyticsPlugin:255 - Accepted CMSIS Pack Licenses: 
2024-10-28 11:20:05,049 [INFO] AnalyticsPlugin:257 - Accepted Firmware Licenses: FW.L4.1.18.0
2024-10-28 11:20:05,053 [INFO] PluginManage:359 - Loaded plugin analytics (category:tool,tabindex:-1)
2024-10-28 11:20:05,054 [INFO] PluginManage:310 - Check plugin cadmodel
2024-10-28 11:20:05,161 [INFO] CADModel:105 - Init CAD model plugin
2024-10-28 11:20:05,161 [INFO] PluginManage:359 - Loaded plugin cadmodel (category:power,tabindex:5)
2024-10-28 11:20:05,162 [INFO] PluginManage:310 - Check plugin clock
2024-10-28 11:20:05,212 [INFO] PluginManage:359 - Loaded plugin clock (category:base,tabindex:2)
2024-10-28 11:20:05,212 [INFO] PluginManage:310 - Check plugin ddr
2024-10-28 11:20:05,249 [INFO] PluginManage:359 - Loaded plugin ddr (category:tool,tabindex:6)
2024-10-28 11:20:05,250 [INFO] PluginManage:310 - Check plugin filemanager
2024-10-28 11:20:06,017 [INFO] PluginManage:359 - Loaded plugin filemanager (category:base,tabindex:10)
2024-10-28 11:20:06,018 [INFO] PluginManage:310 - Check plugin ipmanager
2024-10-28 11:20:06,054 [INFO] PluginManage:359 - Loaded plugin ipmanager (category:base,tabindex:5)
2024-10-28 11:20:06,055 [INFO] PluginManage:310 - Check plugin lpbam
2024-10-28 11:20:06,095 [INFO] PluginManage:359 - Loaded plugin lpbam (category:base,tabindex:0)
2024-10-28 11:20:06,095 [INFO] PluginManage:310 - Check plugin memorymap
2024-10-28 11:20:06,182 [INFO] PluginManage:359 - Loaded plugin memorymap (category:base,tabindex:4)
2024-10-28 11:20:06,182 [INFO] PluginManage:310 - Check plugin pinoutandconfiguration
2024-10-28 11:20:06,225 [INFO] PluginManage:359 - Loaded plugin pinoutandconfiguration (category:base,tabindex:1)
2024-10-28 11:20:06,225 [INFO] PluginManage:310 - Check plugin pinoutconfig
2024-10-28 11:20:06,428 [WARN] SupportedApi:132 - Cannot load RTOS API schema: s4s-elt-must-match.1: The content of 'definitions' must match (annotation?, (simpleType | complexType)?, (unique | key | keyref)*)). A problem was found starting at: attribute.
2024-10-28 11:20:06,638 [INFO] PluginManage:359 - Loaded plugin pinoutconfig (category:base,tabindex:0)
2024-10-28 11:20:06,638 [INFO] PluginManage:310 - Check plugin power
2024-10-28 11:20:06,681 [INFO] PluginManage:359 - Loaded plugin power (category:power,tabindex:4)
2024-10-28 11:20:06,682 [INFO] PluginManage:310 - Check plugin projectmanager
2024-10-28 11:20:06,718 [INFO] PluginManage:359 - Loaded plugin projectmanager (category:projectmanager,tabindex:4)
2024-10-28 11:20:06,719 [INFO] PluginManage:310 - Check plugin rif
2024-10-28 11:20:06,885 [INFO] PluginManage:359 - Loaded plugin rif (category:base,tabindex:3)
2024-10-28 11:20:06,885 [INFO] PluginManage:310 - Check plugin thirdparty
2024-10-28 11:20:07,641 [INFO] PluginManage:359 - Loaded plugin thirdparty (category:base,tabindex:-1)
2024-10-28 11:20:07,641 [WARN] IntegrityCheckThread:84 - waiting for thirdparty lock release [integrity check]
2024-10-28 11:20:07,641 [INFO] IntegrityCheckThread:86 - entering critical section [integrity check]
2024-10-28 11:20:07,641 [INFO] PluginManage:310 - Check plugin tools
2024-10-28 11:20:07,642 [INFO] ThirdPartyUpdaterWithRetryManager:70 - Updater plugin not ready yet. [1/15]
2024-10-28 11:20:07,801 [INFO] PluginManage:359 - Loaded plugin tools (category:base,tabindex:7)
2024-10-28 11:20:07,801 [INFO] PluginManage:310 - Check plugin tutovideos
2024-10-28 11:20:08,494 [INFO] PluginManage:359 - Loaded plugin tutovideos (category:base,tabindex:-1)
2024-10-28 11:20:08,494 [INFO] PluginManage:310 - Check plugin updater
2024-10-28 11:20:08,558 [INFO] PluginManage:359 - Loaded plugin updater (category:base,tabindex:12)
2024-10-28 11:20:08,559 [INFO] PluginManage:310 - Check plugin userauth
2024-10-28 11:20:08,618 [INFO] UserAuth:113 - Init User Auth plugin
2024-10-28 11:20:08,618 [INFO] PluginManage:359 - Loaded plugin userauth (category:base,tabindex:14)
2024-10-28 11:20:08,618 [INFO] PluginManage:283 - PluginManage : Loaded plugins [18]
2024-10-28 11:20:09,436 [INFO] PinOutPanel:1561 - setPackage(No Configuration,No Configuration)
2024-10-28 11:20:09,887 [INFO] CADModel:165 - CPN selected for project level
2024-10-28 11:20:09,887 [INFO] CADModel:114 - Register for checkConnection events
2024-10-28 11:20:09,998 [INFO] IPUIPlugin:80 - create IPUIPlugin
2024-10-28 11:20:09,998 [INFO] PluginManager:220 - loadIPPluginJar : add adc
2024-10-28 11:20:10,106 [INFO] IPUIPlugin:80 - create IPUIPlugin
2024-10-28 11:20:10,107 [INFO] PluginManager:220 - loadIPPluginJar : add aes
2024-10-28 11:20:10,200 [INFO] IPUIPlugin:80 - create IPUIPlugin
2024-10-28 11:20:10,200 [INFO] PluginManager:220 - loadIPPluginJar : add can
2024-10-28 11:20:10,513 [INFO] IPUIPlugin:80 - create IPUIPlugin
2024-10-28 11:20:10,513 [INFO] PluginManager:220 - loadIPPluginJar : add comp
2024-10-28 11:20:10,534 [INFO] IPUIPlugin:80 - create IPUIPlugin
2024-10-28 11:20:10,534 [INFO] PluginManager:220 - loadIPPluginJar : add cryp
2024-10-28 11:20:10,577 [INFO] IPUIPlugin:80 - create IPUIPlugin
2024-10-28 11:20:10,577 [INFO] PluginManager:220 - loadIPPluginJar : add ddr_ctrl_phy
2024-10-28 11:20:10,593 [INFO] IPUIPlugin:80 - create IPUIPlugin
2024-10-28 11:20:10,593 [INFO] PluginManager:220 - loadIPPluginJar : add dfsdm
2024-10-28 11:20:10,624 [INFO] IPUIPlugin:80 - create IPUIPlugin
2024-10-28 11:20:10,625 [INFO] PluginManager:220 - loadIPPluginJar : add dma
2024-10-28 11:20:10,640 [INFO] IPUIPlugin:80 - create IPUIPlugin
2024-10-28 11:20:10,641 [INFO] PluginManager:220 - loadIPPluginJar : add dma3
2024-10-28 11:20:10,643 [INFO] ThirdPartyUpdaterWithRetryManager:70 - Updater plugin not ready yet. [2/15]
2024-10-28 11:20:10,662 [INFO] IPUIPlugin:80 - create IPUIPlugin
2024-10-28 11:20:10,662 [INFO] PluginManager:220 - loadIPPluginJar : add extmemmanager
2024-10-28 11:20:10,675 [INFO] IPUIPlugin:80 - create IPUIPlugin
2024-10-28 11:20:10,676 [INFO] PluginManager:220 - loadIPPluginJar : add fatfs
2024-10-28 11:20:10,707 [INFO] IPUIPlugin:80 - create IPUIPlugin
2024-10-28 11:20:10,707 [INFO] PluginManager:220 - loadIPPluginJar : add fmc
2024-10-28 11:20:10,740 [INFO] IPUIPlugin:80 - create IPUIPlugin
2024-10-28 11:20:10,741 [INFO] PluginManager:220 - loadIPPluginJar : add freertos
2024-10-28 11:20:10,761 [INFO] IPUIPlugin:80 - create IPUIPlugin
2024-10-28 11:20:10,761 [INFO] PluginManager:220 - loadIPPluginJar : add genericplugin
2024-10-28 11:20:10,766 [INFO] IPUIPlugin:80 - create IPUIPlugin
2024-10-28 11:20:10,766 [INFO] PluginManager:220 - loadIPPluginJar : add gfxmmu
2024-10-28 11:20:10,772 [INFO] IPUIPlugin:80 - create IPUIPlugin
2024-10-28 11:20:10,773 [INFO] PluginManager:220 - loadIPPluginJar : add gic
2024-10-28 11:20:10,798 [INFO] IPUIPlugin:80 - create IPUIPlugin
2024-10-28 11:20:10,798 [INFO] PluginManager:220 - loadIPPluginJar : add gpio
2024-10-28 11:20:10,803 [INFO] IPUIPlugin:80 - create IPUIPlugin
2024-10-28 11:20:10,803 [INFO] PluginManager:220 - loadIPPluginJar : add gtzc
2024-10-28 11:20:10,956 [INFO] IPUIPlugin:80 - create IPUIPlugin
2024-10-28 11:20:10,957 [INFO] PluginManager:220 - loadIPPluginJar : add hash
2024-10-28 11:20:10,980 [INFO] IPUIPlugin:80 - create IPUIPlugin
2024-10-28 11:20:10,980 [INFO] PluginManager:220 - loadIPPluginJar : add i2c
2024-10-28 11:20:11,010 [INFO] IPUIPlugin:80 - create IPUIPlugin
2024-10-28 11:20:11,010 [INFO] PluginManager:220 - loadIPPluginJar : add i2s
2024-10-28 11:20:11,029 [INFO] IPUIPlugin:80 - create IPUIPlugin
2024-10-28 11:20:11,029 [INFO] PluginManager:220 - loadIPPluginJar : add i3c
2024-10-28 11:20:11,033 [INFO] IPUIPlugin:80 - create IPUIPlugin
2024-10-28 11:20:11,033 [INFO] PluginManager:220 - loadIPPluginJar : add ipddr
2024-10-28 11:20:11,043 [INFO] IPUIPlugin:80 - create IPUIPlugin
2024-10-28 11:20:11,043 [INFO] PluginManager:220 - loadIPPluginJar : add linkedlist
2024-10-28 11:20:11,065 [INFO] IPUIPlugin:80 - create IPUIPlugin
2024-10-28 11:20:11,065 [INFO] PluginManager:220 - loadIPPluginJar : add lorawan
2024-10-28 11:20:11,076 [INFO] IPUIPlugin:80 - create IPUIPlugin
2024-10-28 11:20:11,077 [INFO] PluginManager:220 - loadIPPluginJar : add ltdc
2024-10-28 11:20:11,100 [INFO] IPUIPlugin:80 - create IPUIPlugin
2024-10-28 11:20:11,100 [INFO] PluginManager:220 - loadIPPluginJar : add mdma
2024-10-28 11:20:11,126 [INFO] IPUIPlugin:80 - create IPUIPlugin
2024-10-28 11:20:11,127 [INFO] PluginManager:220 - loadIPPluginJar : add nvic
2024-10-28 11:20:11,163 [INFO] IPUIPlugin:80 - create IPUIPlugin
2024-10-28 11:20:11,163 [INFO] PluginManager:220 - loadIPPluginJar : add opamp
2024-10-28 11:20:11,186 [INFO] IPUIPlugin:80 - create IPUIPlugin
2024-10-28 11:20:11,187 [INFO] PluginManager:220 - loadIPPluginJar : add openamp
2024-10-28 11:20:11,206 [INFO] IPUIPlugin:80 - create IPUIPlugin
2024-10-28 11:20:11,206 [INFO] PluginManager:220 - loadIPPluginJar : add pdm2pcm
2024-10-28 11:20:11,227 [INFO] IPUIPlugin:80 - create IPUIPlugin
2024-10-28 11:20:11,229 [INFO] PluginManager:220 - loadIPPluginJar : add plateformsettings
2024-10-28 11:20:11,236 [INFO] IPUIPlugin:80 - create IPUIPlugin
2024-10-28 11:20:11,236 [INFO] PluginManager:220 - loadIPPluginJar : add quadspi
2024-10-28 11:20:11,288 [INFO] IPUIPlugin:80 - create IPUIPlugin
2024-10-28 11:20:11,289 [INFO] PluginManager:220 - loadIPPluginJar : add radio
2024-10-28 11:20:11,318 [INFO] IPUIPlugin:80 - create IPUIPlugin
2024-10-28 11:20:11,318 [INFO] PluginManager:220 - loadIPPluginJar : add resmgrutility
2024-10-28 11:20:11,322 [INFO] IPUIPlugin:80 - create IPUIPlugin
2024-10-28 11:20:11,322 [INFO] PluginManager:220 - loadIPPluginJar : add sai
2024-10-28 11:20:11,326 [INFO] IPUIPlugin:80 - create IPUIPlugin
2024-10-28 11:20:11,326 [INFO] PluginManager:220 - loadIPPluginJar : add spi
2024-10-28 11:20:11,332 [INFO] IPUIPlugin:80 - create IPUIPlugin
2024-10-28 11:20:11,332 [INFO] PluginManager:220 - loadIPPluginJar : add stm32_wpan
2024-10-28 11:20:11,341 [INFO] IPUIPlugin:80 - create IPUIPlugin
2024-10-28 11:20:11,342 [INFO] PluginManager:220 - loadIPPluginJar : add tim
2024-10-28 11:20:11,347 [INFO] IPUIPlugin:80 - create IPUIPlugin
2024-10-28 11:20:11,347 [INFO] PluginManager:220 - loadIPPluginJar : add touchsensing
2024-10-28 11:20:11,365 [INFO] IPUIPlugin:80 - create IPUIPlugin
2024-10-28 11:20:11,365 [INFO] PluginManager:220 - loadIPPluginJar : add tracer_emb
2024-10-28 11:20:11,375 [INFO] IPUIPlugin:80 - create IPUIPlugin
2024-10-28 11:20:11,375 [INFO] PluginManager:220 - loadIPPluginJar : add ts
2024-10-28 11:20:11,401 [INFO] IPUIPlugin:80 - create IPUIPlugin
2024-10-28 11:20:11,402 [INFO] PluginManager:220 - loadIPPluginJar : add tsc
2024-10-28 11:20:11,412 [INFO] IPUIPlugin:80 - create IPUIPlugin
2024-10-28 11:20:11,412 [INFO] PluginManager:220 - loadIPPluginJar : add ucpd
2024-10-28 11:20:11,435 [INFO] IPUIPlugin:80 - create IPUIPlugin
2024-10-28 11:20:11,435 [INFO] PluginManager:220 - loadIPPluginJar : add usart
2024-10-28 11:20:11,440 [INFO] IPUIPlugin:80 - create IPUIPlugin
2024-10-28 11:20:11,440 [INFO] PluginManager:220 - loadIPPluginJar : add usbx
2024-10-28 11:20:11,609 [INFO] CADModel:165 - CPN selected for project level
2024-10-28 11:20:11,609 [INFO] CADModel:114 - Register for checkConnection events
2024-10-28 11:20:11,609 [FATAL] Updater:334 - Updater called before beeing initialized
2024-10-28 11:20:11,609 [ERROR] CADModel:125 - Updater not yet initialized, retry later 
2024-10-28 11:20:12,115 [INFO] CADModel:165 - CPN selected for project level
2024-10-28 11:20:12,115 [INFO] CADModel:114 - Register for checkConnection events
2024-10-28 11:20:12,115 [FATAL] Updater:334 - Updater called before beeing initialized
2024-10-28 11:20:12,116 [ERROR] CADModel:125 - Updater not yet initialized, retry later 
2024-10-28 11:20:12,125 [FATAL] Updater:334 - Updater called before beeing initialized
2024-10-28 11:20:12,835 [FATAL] Updater:334 - Updater called before beeing initialized
2024-10-28 11:20:12,871 [INFO] DbMcusAds:53 - JSON generation date=Fri Sep 20 14:04:23 WAT 2024 (1726837463113)
2024-10-28 11:20:12,871 [FATAL] Updater:334 - Updater called before beeing initialized
2024-10-28 11:20:13,080 [WARN] DetailPanel:346 - Failed to get advertising image, set to default
2024-10-28 11:20:13,267 [FATAL] Updater:334 - Updater called before beeing initialized
2024-10-28 11:20:13,269 [FATAL] Updater:334 - Updater called before beeing initialized
2024-10-28 11:20:13,269 [FATAL] Updater:334 - Updater called before beeing initialized
2024-10-28 11:20:13,269 [WARN] DetailPanel:346 - Failed to get advertising image, set to default
2024-10-28 11:20:13,270 [FATAL] Updater:334 - Updater called before beeing initialized
2024-10-28 11:20:13,644 [INFO] ThirdPartyUpdaterWithRetryManager:70 - Updater plugin not ready yet. [3/15]
2024-10-28 11:20:13,875 [ERROR] Updater:1164 - MainUpdater not yet initialized. External WinMGr cannot be set.
2024-10-28 11:20:13,888 [INFO] Updater:1100 - Updater Version found : 6.12.0
2024-10-28 11:20:13,930 [INFO] ApplicationProperties:184 - Using Application install path: C:\ST\STM32CubeIDE_1.16.0\STM32CubeIDE\plugins\com.st.stm32cube.common.mx_6.12.0.202406281431
2024-10-28 11:20:15,714 [ERROR] LogOutputStream:75 - [STDERR_REDIRECT] Oct 28, 2024 11:20:15 AM java.util.prefs.WindowsPreferences <init>
2024-10-28 11:20:15,718 [ERROR] LogOutputStream:75 - [STDERR_REDIRECT] WARNING: Could not open/create prefs root node Software\JavaSoft\Prefs at root 0xffffffff80000002. Windows RegCreateKeyEx(...) returned error code 5.
2024-10-28 11:20:15,718 [ERROR] LogOutputStream:75 - [STDERR_REDIRECT] 
2024-10-28 11:20:16,645 [FATAL] Updater:334 - Updater called before beeing initialized
2024-10-28 11:20:16,645 [ERROR] IntegrityCheckThread:130 - Cannot retrieve database content from updater: error 21
2024-10-28 11:20:16,646 [INFO] ThirdParty:978 - Integrity check success = false
2024-10-28 11:20:16,646 [INFO] IntegrityCheckThread:100 - exiting critical section [integrity check]
2024-10-28 11:20:16,646 [INFO] IntegrityCheckThread:103 - End integrity checks thread
2024-10-28 11:20:17,284 [INFO] MainUpdater:2873 - connection check result : 10
2024-10-28 11:20:17,284 [INFO] MainUpdater:3567 - Updater definition file requires update
2024-10-28 11:20:17,285 [INFO] MainUpdater:290 - Updater Check For Update Now.
2024-10-28 11:20:17,286 [INFO] MicroXplorer:498 - Change Database Version : DB.6.0.120
2024-10-28 11:20:17,317 [INFO] McuFinderGlobals:63 - Set McuFinder mode to 2 (CubeIDE integrated)
2024-10-28 11:20:17,318 [INFO] UserAuth:417 - Internet connection configuration mode: 1
2024-10-28 11:20:17,454 [INFO] JxBrowserEngine:152 - Initiate JxBrowser Engine with user profile folder
2024-10-28 11:20:18,194 [INFO] ServerAccessManage:473 - Download File updaters.zip
2024-10-28 11:20:20,974 [INFO] FileExtend:240 - Unzip File : updaters.zip
2024-10-28 11:20:20,974 [INFO] FileExtend:255 - Standard Zip Deflate
2024-10-28 11:20:23,681 [INFO] ServerAccessManage:473 - Download File PacksControlFlags.xml
2024-10-28 11:20:25,544 [INFO] ServerAccessManage:473 - Download File cubemx.pidx
2024-10-28 11:20:31,669 [INFO] LoadServerUpdatesThread:375 - End of LoadServerUpdate Thread
2024-10-28 11:20:32,743 [INFO] CheckServerUpdateThread:120 - End of CheckServer Thread
2024-10-28 11:20:35,819 [INFO] WebApp:167 - Instantiating new browser for Auth
2024-10-28 11:20:52,493 [INFO] WebApp:448 - Apply proxy settings
2024-10-28 11:20:52,494 [INFO] WebApp:533 - Chromium requires no authentication
2024-10-28 11:20:53,046 [INFO] WebApp:476 - Direct internet connection detected
2024-10-28 11:20:54,481 [INFO] WebApp:869 - Register for checkConnection events
2024-10-28 11:20:54,481 [INFO] WebApp:448 - Apply proxy settings
2024-10-28 11:20:54,482 [INFO] WebApp:533 - Chromium requires no authentication
2024-10-28 11:20:54,482 [INFO] WebApp:476 - Direct internet connection detected
2024-10-28 11:20:57,657 [INFO] WebApp:186 - Connection restablished
2024-10-28 11:21:05,612 [INFO] WebApp:220 - Starting web application
2024-10-28 11:21:05,612 [INFO] WebApp:578 - Web application path used C:\ST\STM32CubeIDE_1.16.0\STM32CubeIDE\plugins\com.st.stm32cube.common.mx_6.12.0.202406281431\db\plugins\mcufinder\reactClient1\index.html
2024-10-28 11:21:07,715 [INFO] UserAuth:417 - Internet connection configuration mode: 1
