2024-11-26 08:12:54,489 [INFO] Activator:176 - 


2024-11-26 08:12:54,504 [INFO] Activator:177 - !SESSION log4j initialized
2024-11-26 08:13:23,826 [INFO] LogOutputStream:77 - [STDOUT_REDIRECT] 
2024-11-26 08:13:43,075 [INFO] ApplicationProperties:184 - Using Application install path: C:\ST\STM32CubeIDE_1.16.0\STM32CubeIDE\plugins\com.st.stm32cube.common.mx_6.12.0.202406281431
2024-11-26 08:13:43,153 [INFO] DbMcusXml:78 - Set database path to: C:\ST\STM32CubeIDE_1.16.0\STM32CubeIDE\plugins\com.st.stm32cube.common.mx_6.12.0.202406281431\\db\/mcu/
2024-11-26 08:13:43,153 [INFO] ApiDb:274 - Set plugin database path to: C:\ST\STM32CubeIDE_1.16.0\STM32CubeIDE\plugins\com.st.stm32cube.common.mx_6.12.0.202406281431\\db\/plugins/boardmanager/
2024-11-26 08:13:43,153 [WARN] ApiDb:259 - Overriding images path with different value:  => C:\ST\STM32CubeIDE_1.16.0\STM32CubeIDE\plugins\com.st.stm32cube.common.mx_6.12.0.202406281431\\db\/plugins/mcufinder/images/
2024-11-26 08:13:43,302 [INFO] ApiDb:250 - Set database path to: C:\Users\User\.stmcufinder\plugins\mcufinder//mcu/
2024-11-26 08:13:43,302 [INFO] DbMcusAds:125 - Set database path to: C:\Users\User\.stmcufinder\plugins\mcufinder//mcu/
2024-11-26 08:13:43,396 [INFO] CrossReferenceDbSqlite:203 - Set database path to: C:\Users\User\.stmcufinder\plugins\mcufinder//mcu/cs/
2024-11-26 08:13:43,990 [INFO] RulesReader:64 - Compatibility file has been processed (297 Rules)
2024-11-26 08:13:44,358 [INFO] DbMcusXml:78 - Set database path to: C:\ST\STM32CubeIDE_1.16.0\STM32CubeIDE\plugins\com.st.stm32cube.common.mx_6.12.0.202406281431\\db\/mcu/
2024-11-26 08:13:44,358 [INFO] ApiDb:274 - Set plugin database path to: C:\ST\STM32CubeIDE_1.16.0\STM32CubeIDE\plugins\com.st.stm32cube.common.mx_6.12.0.202406281431\\db\/plugins/boardmanager/
2024-11-26 08:13:44,358 [INFO] ApiDb:261 - Set plugin images path to: C:\ST\STM32CubeIDE_1.16.0\STM32CubeIDE\plugins\com.st.stm32cube.common.mx_6.12.0.202406281431\\db\/plugins/mcufinder/images/
2024-11-26 08:13:44,358 [WARN] DbFile:41 - Overriding database path with different value: C:\Users\User\.stmcufinder\plugins\mcufinder/ => C:\Users\User\.stmcufinder\plugins\mcufinder
2024-11-26 08:13:44,358 [INFO] ApiDb:250 - Set database path to: C:\Users\User\.stmcufinder\plugins\mcufinder//mcu/
2024-11-26 08:13:44,358 [WARN] DbFile:41 - Overriding database path with different value: C:\Users\User\.stmcufinder\plugins\mcufinder/ => C:\Users\User\.stmcufinder\plugins\mcufinder
2024-11-26 08:13:44,358 [INFO] DbMcusAds:125 - Set database path to: C:\Users\User\.stmcufinder\plugins\mcufinder//mcu/
2024-11-26 08:13:44,358 [WARN] DbFile:41 - Overriding database path with different value: C:\Users\User\.stmcufinder\plugins\mcufinder/ => C:\Users\User\.stmcufinder\plugins\mcufinder
2024-11-26 08:13:44,358 [WARN] DbFile:41 - Overriding database path with different value: C:\Users\User\.stmcufinder\plugins\mcufinder/ => C:\Users\User\.stmcufinder\plugins\mcufinder
2024-11-26 08:13:44,358 [INFO] CrossReferenceDbSqlite:203 - Set database path to: C:\Users\User\.stmcufinder\plugins\mcufinder//mcu/cs/
2024-11-26 08:13:45,139 [INFO] MainPanel:268 - HeapMemory: 268435456
2024-11-26 08:13:46,023 [INFO] DbMcusXml:78 - Set database path to: C:\ST\STM32CubeIDE_1.16.0\STM32CubeIDE\plugins\com.st.stm32cube.common.mx_6.12.0.202406281431\\db\/mcu/
2024-11-26 08:13:46,023 [INFO] ApiDb:274 - Set plugin database path to: C:\ST\STM32CubeIDE_1.16.0\STM32CubeIDE\plugins\com.st.stm32cube.common.mx_6.12.0.202406281431\\db\/plugins/boardmanager/
2024-11-26 08:13:46,023 [INFO] ApiDb:261 - Set plugin images path to: C:\ST\STM32CubeIDE_1.16.0\STM32CubeIDE\plugins\com.st.stm32cube.common.mx_6.12.0.202406281431\\db\/plugins/mcufinder/images/
2024-11-26 08:13:46,023 [WARN] DbFile:41 - Overriding database path with different value: C:\Users\User\.stmcufinder\plugins\mcufinder/ => C:\Users\User\.stmcufinder\plugins\mcufinder
2024-11-26 08:13:46,023 [INFO] ApiDb:250 - Set database path to: C:\Users\User\.stmcufinder\plugins\mcufinder//mcu/
2024-11-26 08:13:46,023 [WARN] DbFile:41 - Overriding database path with different value: C:\Users\User\.stmcufinder\plugins\mcufinder/ => C:\Users\User\.stmcufinder\plugins\mcufinder
2024-11-26 08:13:46,023 [INFO] DbMcusAds:125 - Set database path to: C:\Users\User\.stmcufinder\plugins\mcufinder//mcu/
2024-11-26 08:13:46,023 [WARN] DbFile:41 - Overriding database path with different value: C:\Users\User\.stmcufinder\plugins\mcufinder/ => C:\Users\User\.stmcufinder\plugins\mcufinder
2024-11-26 08:13:46,023 [WARN] DbFile:41 - Overriding database path with different value: C:\Users\User\.stmcufinder\plugins\mcufinder/ => C:\Users\User\.stmcufinder\plugins\mcufinder
2024-11-26 08:13:46,023 [INFO] CrossReferenceDbSqlite:203 - Set database path to: C:\Users\User\.stmcufinder\plugins\mcufinder//mcu/cs/
2024-11-26 08:13:46,102 [INFO] ApplicationProperties:184 - Using Application install path: C:\ST\STM32CubeIDE_1.16.0\STM32CubeIDE\plugins\com.st.stm32cube.common.mx_6.12.0.202406281431
2024-11-26 08:13:46,117 [INFO] PluginManage:196 - Search for loadable plugins [exclusion list=, ]
2024-11-26 08:13:46,148 [INFO] PluginManage:310 - Check plugin analytics
2024-11-26 08:13:51,412 [INFO] AnalyticsPlugin:253 - Accepted Software Licenses: 
2024-11-26 08:13:51,420 [INFO] AnalyticsPlugin:255 - Accepted CMSIS Pack Licenses: 
2024-11-26 08:13:51,420 [INFO] AnalyticsPlugin:257 - Accepted Firmware Licenses: FW.L4.1.18.0
2024-11-26 08:13:51,423 [INFO] PluginManage:359 - Loaded plugin analytics (category:tool,tabindex:-1)
2024-11-26 08:13:51,423 [INFO] PluginManage:310 - Check plugin cadmodel
2024-11-26 08:13:51,470 [INFO] CADModel:105 - Init CAD model plugin
2024-11-26 08:13:51,470 [INFO] PluginManage:359 - Loaded plugin cadmodel (category:power,tabindex:5)
2024-11-26 08:13:51,470 [INFO] PluginManage:310 - Check plugin clock
2024-11-26 08:13:51,564 [INFO] PluginManage:359 - Loaded plugin clock (category:base,tabindex:2)
2024-11-26 08:13:51,564 [INFO] PluginManage:310 - Check plugin ddr
2024-11-26 08:13:51,642 [INFO] PluginManage:359 - Loaded plugin ddr (category:tool,tabindex:6)
2024-11-26 08:13:51,642 [INFO] PluginManage:310 - Check plugin filemanager
2024-11-26 08:13:52,292 [INFO] PluginManage:359 - Loaded plugin filemanager (category:base,tabindex:10)
2024-11-26 08:13:52,292 [INFO] PluginManage:310 - Check plugin ipmanager
2024-11-26 08:13:52,339 [INFO] PluginManage:359 - Loaded plugin ipmanager (category:base,tabindex:5)
2024-11-26 08:13:52,339 [INFO] PluginManage:310 - Check plugin lpbam
2024-11-26 08:13:52,417 [INFO] PluginManage:359 - Loaded plugin lpbam (category:base,tabindex:0)
2024-11-26 08:13:52,417 [INFO] PluginManage:310 - Check plugin memorymap
2024-11-26 08:13:52,473 [INFO] PluginManage:359 - Loaded plugin memorymap (category:base,tabindex:4)
2024-11-26 08:13:52,473 [INFO] PluginManage:310 - Check plugin pinoutandconfiguration
2024-11-26 08:13:52,504 [INFO] PluginManage:359 - Loaded plugin pinoutandconfiguration (category:base,tabindex:1)
2024-11-26 08:13:52,504 [INFO] PluginManage:310 - Check plugin pinoutconfig
2024-11-26 08:13:52,732 [WARN] SupportedApi:132 - Cannot load RTOS API schema: s4s-elt-must-match.1: The content of 'definitions' must match (annotation?, (simpleType | complexType)?, (unique | key | keyref)*)). A problem was found starting at: attribute.
2024-11-26 08:13:53,045 [INFO] PluginManage:359 - Loaded plugin pinoutconfig (category:base,tabindex:0)
2024-11-26 08:13:53,045 [INFO] PluginManage:310 - Check plugin power
2024-11-26 08:13:53,107 [INFO] PluginManage:359 - Loaded plugin power (category:power,tabindex:4)
2024-11-26 08:13:53,107 [INFO] PluginManage:310 - Check plugin projectmanager
2024-11-26 08:13:53,304 [INFO] PluginManage:359 - Loaded plugin projectmanager (category:projectmanager,tabindex:4)
2024-11-26 08:13:53,304 [INFO] PluginManage:310 - Check plugin rif
2024-11-26 08:13:53,336 [INFO] PluginManage:359 - Loaded plugin rif (category:base,tabindex:3)
2024-11-26 08:13:53,336 [INFO] PluginManage:310 - Check plugin thirdparty
2024-11-26 08:13:54,282 [INFO] PluginManage:359 - Loaded plugin thirdparty (category:base,tabindex:-1)
2024-11-26 08:13:54,282 [INFO] PluginManage:310 - Check plugin tools
2024-11-26 08:13:54,282 [WARN] IntegrityCheckThread:84 - waiting for thirdparty lock release [integrity check]
2024-11-26 08:13:54,282 [INFO] IntegrityCheckThread:86 - entering critical section [integrity check]
2024-11-26 08:13:54,282 [INFO] ThirdPartyUpdaterWithRetryManager:70 - Updater plugin not ready yet. [1/15]
2024-11-26 08:13:54,313 [INFO] PluginManage:359 - Loaded plugin tools (category:base,tabindex:7)
2024-11-26 08:13:54,329 [INFO] PluginManage:310 - Check plugin tutovideos
2024-11-26 08:13:55,104 [INFO] PluginManage:359 - Loaded plugin tutovideos (category:base,tabindex:-1)
2024-11-26 08:13:55,104 [INFO] PluginManage:310 - Check plugin updater
2024-11-26 08:13:55,150 [INFO] PluginManage:359 - Loaded plugin updater (category:base,tabindex:12)
2024-11-26 08:13:55,150 [INFO] PluginManage:310 - Check plugin userauth
2024-11-26 08:13:55,197 [INFO] UserAuth:113 - Init User Auth plugin
2024-11-26 08:13:55,197 [INFO] PluginManage:359 - Loaded plugin userauth (category:base,tabindex:14)
2024-11-26 08:13:55,197 [INFO] PluginManage:283 - PluginManage : Loaded plugins [18]
2024-11-26 08:13:55,795 [INFO] PinOutPanel:1561 - setPackage(No Configuration,No Configuration)
2024-11-26 08:13:56,279 [INFO] CADModel:165 - CPN selected for project level
2024-11-26 08:13:56,279 [INFO] CADModel:114 - Register for checkConnection events
2024-11-26 08:13:56,373 [INFO] IPUIPlugin:80 - create IPUIPlugin
2024-11-26 08:13:56,373 [INFO] PluginManager:220 - loadIPPluginJar : add adc
2024-11-26 08:13:56,389 [INFO] IPUIPlugin:80 - create IPUIPlugin
2024-11-26 08:13:56,389 [INFO] PluginManager:220 - loadIPPluginJar : add aes
2024-11-26 08:13:56,404 [INFO] IPUIPlugin:80 - create IPUIPlugin
2024-11-26 08:13:56,420 [INFO] PluginManager:220 - loadIPPluginJar : add can
2024-11-26 08:13:56,436 [INFO] IPUIPlugin:80 - create IPUIPlugin
2024-11-26 08:13:56,436 [INFO] PluginManager:220 - loadIPPluginJar : add comp
2024-11-26 08:13:56,451 [INFO] IPUIPlugin:80 - create IPUIPlugin
2024-11-26 08:13:56,451 [INFO] PluginManager:220 - loadIPPluginJar : add cryp
2024-11-26 08:13:56,482 [INFO] IPUIPlugin:80 - create IPUIPlugin
2024-11-26 08:13:56,482 [INFO] PluginManager:220 - loadIPPluginJar : add ddr_ctrl_phy
2024-11-26 08:13:56,498 [INFO] IPUIPlugin:80 - create IPUIPlugin
2024-11-26 08:13:56,498 [INFO] PluginManager:220 - loadIPPluginJar : add dfsdm
2024-11-26 08:13:56,522 [INFO] IPUIPlugin:80 - create IPUIPlugin
2024-11-26 08:13:56,522 [INFO] PluginManager:220 - loadIPPluginJar : add dma
2024-11-26 08:13:56,554 [INFO] IPUIPlugin:80 - create IPUIPlugin
2024-11-26 08:13:56,554 [INFO] PluginManager:220 - loadIPPluginJar : add dma3
2024-11-26 08:13:56,585 [INFO] IPUIPlugin:80 - create IPUIPlugin
2024-11-26 08:13:56,585 [INFO] PluginManager:220 - loadIPPluginJar : add extmemmanager
2024-11-26 08:13:56,600 [INFO] IPUIPlugin:80 - create IPUIPlugin
2024-11-26 08:13:56,600 [INFO] PluginManager:220 - loadIPPluginJar : add fatfs
2024-11-26 08:13:56,632 [INFO] IPUIPlugin:80 - create IPUIPlugin
2024-11-26 08:13:56,632 [INFO] PluginManager:220 - loadIPPluginJar : add fmc
2024-11-26 08:13:56,647 [INFO] IPUIPlugin:80 - create IPUIPlugin
2024-11-26 08:13:56,647 [INFO] PluginManager:220 - loadIPPluginJar : add freertos
2024-11-26 08:13:56,663 [INFO] IPUIPlugin:80 - create IPUIPlugin
2024-11-26 08:13:56,663 [INFO] PluginManager:220 - loadIPPluginJar : add genericplugin
2024-11-26 08:13:56,679 [INFO] IPUIPlugin:80 - create IPUIPlugin
2024-11-26 08:13:56,679 [INFO] PluginManager:220 - loadIPPluginJar : add gfxmmu
2024-11-26 08:13:56,694 [INFO] IPUIPlugin:80 - create IPUIPlugin
2024-11-26 08:13:56,694 [INFO] PluginManager:220 - loadIPPluginJar : add gic
2024-11-26 08:13:56,725 [INFO] IPUIPlugin:80 - create IPUIPlugin
2024-11-26 08:13:56,725 [INFO] PluginManager:220 - loadIPPluginJar : add gpio
2024-11-26 08:13:56,725 [INFO] IPUIPlugin:80 - create IPUIPlugin
2024-11-26 08:13:56,725 [INFO] PluginManager:220 - loadIPPluginJar : add gtzc
2024-11-26 08:13:56,741 [INFO] IPUIPlugin:80 - create IPUIPlugin
2024-11-26 08:13:56,741 [INFO] PluginManager:220 - loadIPPluginJar : add hash
2024-11-26 08:13:56,772 [INFO] IPUIPlugin:80 - create IPUIPlugin
2024-11-26 08:13:56,772 [INFO] PluginManager:220 - loadIPPluginJar : add i2c
2024-11-26 08:13:56,788 [INFO] IPUIPlugin:80 - create IPUIPlugin
2024-11-26 08:13:56,788 [INFO] PluginManager:220 - loadIPPluginJar : add i2s
2024-11-26 08:13:56,804 [INFO] IPUIPlugin:80 - create IPUIPlugin
2024-11-26 08:13:56,804 [INFO] PluginManager:220 - loadIPPluginJar : add i3c
2024-11-26 08:13:56,819 [INFO] IPUIPlugin:80 - create IPUIPlugin
2024-11-26 08:13:56,819 [INFO] PluginManager:220 - loadIPPluginJar : add ipddr
2024-11-26 08:13:56,866 [INFO] IPUIPlugin:80 - create IPUIPlugin
2024-11-26 08:13:56,866 [INFO] PluginManager:220 - loadIPPluginJar : add linkedlist
2024-11-26 08:13:56,913 [INFO] IPUIPlugin:80 - create IPUIPlugin
2024-11-26 08:13:56,913 [INFO] PluginManager:220 - loadIPPluginJar : add lorawan
2024-11-26 08:13:56,929 [INFO] IPUIPlugin:80 - create IPUIPlugin
2024-11-26 08:13:56,929 [INFO] PluginManager:220 - loadIPPluginJar : add ltdc
2024-11-26 08:13:56,960 [INFO] IPUIPlugin:80 - create IPUIPlugin
2024-11-26 08:13:56,960 [INFO] PluginManager:220 - loadIPPluginJar : add mdma
2024-11-26 08:13:56,991 [INFO] IPUIPlugin:80 - create IPUIPlugin
2024-11-26 08:13:56,991 [INFO] PluginManager:220 - loadIPPluginJar : add nvic
2024-11-26 08:13:57,022 [INFO] IPUIPlugin:80 - create IPUIPlugin
2024-11-26 08:13:57,022 [INFO] PluginManager:220 - loadIPPluginJar : add opamp
2024-11-26 08:13:57,069 [INFO] IPUIPlugin:80 - create IPUIPlugin
2024-11-26 08:13:57,069 [INFO] PluginManager:220 - loadIPPluginJar : add openamp
2024-11-26 08:13:57,100 [INFO] IPUIPlugin:80 - create IPUIPlugin
2024-11-26 08:13:57,100 [INFO] PluginManager:220 - loadIPPluginJar : add pdm2pcm
2024-11-26 08:13:57,147 [INFO] IPUIPlugin:80 - create IPUIPlugin
2024-11-26 08:13:57,147 [INFO] PluginManager:220 - loadIPPluginJar : add plateformsettings
2024-11-26 08:13:57,163 [INFO] IPUIPlugin:80 - create IPUIPlugin
2024-11-26 08:13:57,163 [INFO] PluginManager:220 - loadIPPluginJar : add quadspi
2024-11-26 08:13:57,179 [INFO] IPUIPlugin:80 - create IPUIPlugin
2024-11-26 08:13:57,179 [INFO] PluginManager:220 - loadIPPluginJar : add radio
2024-11-26 08:13:57,225 [INFO] IPUIPlugin:80 - create IPUIPlugin
2024-11-26 08:13:57,225 [INFO] PluginManager:220 - loadIPPluginJar : add resmgrutility
2024-11-26 08:13:57,225 [INFO] IPUIPlugin:80 - create IPUIPlugin
2024-11-26 08:13:57,225 [INFO] PluginManager:220 - loadIPPluginJar : add sai
2024-11-26 08:13:57,225 [INFO] IPUIPlugin:80 - create IPUIPlugin
2024-11-26 08:13:57,225 [INFO] PluginManager:220 - loadIPPluginJar : add spi
2024-11-26 08:13:57,241 [INFO] IPUIPlugin:80 - create IPUIPlugin
2024-11-26 08:13:57,241 [INFO] PluginManager:220 - loadIPPluginJar : add stm32_wpan
2024-11-26 08:13:57,257 [INFO] IPUIPlugin:80 - create IPUIPlugin
2024-11-26 08:13:57,257 [INFO] PluginManager:220 - loadIPPluginJar : add tim
2024-11-26 08:13:57,272 [INFO] IPUIPlugin:80 - create IPUIPlugin
2024-11-26 08:13:57,272 [INFO] PluginManager:220 - loadIPPluginJar : add touchsensing
2024-11-26 08:13:57,289 [INFO] ThirdPartyUpdaterWithRetryManager:70 - Updater plugin not ready yet. [2/15]
2024-11-26 08:13:57,289 [INFO] IPUIPlugin:80 - create IPUIPlugin
2024-11-26 08:13:57,289 [INFO] PluginManager:220 - loadIPPluginJar : add tracer_emb
2024-11-26 08:13:57,305 [INFO] IPUIPlugin:80 - create IPUIPlugin
2024-11-26 08:13:57,305 [INFO] PluginManager:220 - loadIPPluginJar : add ts
2024-11-26 08:13:57,320 [INFO] IPUIPlugin:80 - create IPUIPlugin
2024-11-26 08:13:57,320 [INFO] PluginManager:220 - loadIPPluginJar : add tsc
2024-11-26 08:13:57,320 [INFO] IPUIPlugin:80 - create IPUIPlugin
2024-11-26 08:13:57,320 [INFO] PluginManager:220 - loadIPPluginJar : add ucpd
2024-11-26 08:13:57,352 [INFO] IPUIPlugin:80 - create IPUIPlugin
2024-11-26 08:13:57,352 [INFO] PluginManager:220 - loadIPPluginJar : add usart
2024-11-26 08:13:57,352 [INFO] IPUIPlugin:80 - create IPUIPlugin
2024-11-26 08:13:57,352 [INFO] PluginManager:220 - loadIPPluginJar : add usbx
2024-11-26 08:13:57,585 [INFO] CADModel:165 - CPN selected for project level
2024-11-26 08:13:57,585 [INFO] CADModel:114 - Register for checkConnection events
2024-11-26 08:13:57,585 [FATAL] Updater:334 - Updater called before beeing initialized
2024-11-26 08:13:57,585 [ERROR] CADModel:125 - Updater not yet initialized, retry later 
2024-11-26 08:13:58,295 [INFO] CADModel:165 - CPN selected for project level
2024-11-26 08:13:58,295 [INFO] CADModel:114 - Register for checkConnection events
2024-11-26 08:13:58,295 [FATAL] Updater:334 - Updater called before beeing initialized
2024-11-26 08:13:58,295 [ERROR] CADModel:125 - Updater not yet initialized, retry later 
2024-11-26 08:13:58,311 [FATAL] Updater:334 - Updater called before beeing initialized
2024-11-26 08:13:58,647 [FATAL] Updater:334 - Updater called before beeing initialized
2024-11-26 08:13:58,694 [INFO] DbMcusAds:53 - JSON generation date=Fri Sep 20 14:04:38 WAT 2024 (1726837478367)
2024-11-26 08:13:58,694 [FATAL] Updater:334 - Updater called before beeing initialized
2024-11-26 08:13:58,913 [WARN] DetailPanel:346 - Failed to get advertising image, set to default
2024-11-26 08:13:59,225 [FATAL] Updater:334 - Updater called before beeing initialized
2024-11-26 08:13:59,225 [FATAL] Updater:334 - Updater called before beeing initialized
2024-11-26 08:13:59,225 [FATAL] Updater:334 - Updater called before beeing initialized
2024-11-26 08:13:59,225 [WARN] DetailPanel:346 - Failed to get advertising image, set to default
2024-11-26 08:13:59,225 [FATAL] Updater:334 - Updater called before beeing initialized
2024-11-26 08:13:59,427 [ERROR] Updater:1164 - MainUpdater not yet initialized. External WinMGr cannot be set.
2024-11-26 08:13:59,459 [INFO] Updater:1100 - Updater Version found : 6.12.0
2024-11-26 08:13:59,537 [INFO] ApplicationProperties:184 - Using Application install path: C:\ST\STM32CubeIDE_1.16.0\STM32CubeIDE\plugins\com.st.stm32cube.common.mx_6.12.0.202406281431
2024-11-26 08:14:00,295 [INFO] ThirdPartyUpdaterWithRetryManager:70 - Updater plugin not ready yet. [3/15]
2024-11-26 08:14:01,258 [ERROR] LogOutputStream:75 - [STDERR_REDIRECT] Nov 26, 2024 8:14:01 AM java.util.prefs.WindowsPreferences <init>
2024-11-26 08:14:01,258 [ERROR] LogOutputStream:75 - [STDERR_REDIRECT] WARNING: Could not open/create prefs root node Software\JavaSoft\Prefs at root 0xffffffff80000002. Windows RegCreateKeyEx(...) returned error code 5.
2024-11-26 08:14:01,258 [ERROR] LogOutputStream:75 - [STDERR_REDIRECT] 
2024-11-26 08:14:03,128 [INFO] MainUpdater:2873 - connection check result : 10
2024-11-26 08:14:03,128 [INFO] MainUpdater:290 - Updater Check For Update Now.
2024-11-26 08:14:03,128 [INFO] MicroXplorer:498 - Change Database Version : DB.6.0.120
2024-11-26 08:14:03,206 [INFO] McuFinderGlobals:63 - Set McuFinder mode to 2 (CubeIDE integrated)
2024-11-26 08:14:03,237 [INFO] UserAuth:417 - Internet connection configuration mode: 1
2024-11-26 08:14:03,297 [WARN] MainUpdater:1194 - Updater busy. Cannot search thirdparties
2024-11-26 08:14:03,297 [INFO] ThirdPartyUpdaterWithRetryManager:96 - Updater plugin is busy. [1/15]
2024-11-26 08:14:03,429 [INFO] JxBrowserEngine:152 - Initiate JxBrowser Engine with user profile folder
2024-11-26 08:14:03,640 [INFO] CheckServerUpdateThread:120 - End of CheckServer Thread
2024-11-26 08:14:16,685 [WARN] PackLoader:240 - Cannot read IP mode file for STMicroelectronics.FP-SNS-MOTENVWB1.1.4.0
2024-11-26 08:14:16,924 [WARN] PackLoader:240 - Cannot read IP mode file for STMicroelectronics.FP-ATR-ASTRA1.2.0.1
2024-11-26 08:14:17,267 [WARN] PackLoader:240 - Cannot read IP mode file for STMicroelectronics.X-CUBE-SMBUS.2.1.0
2024-11-26 08:14:17,465 [WARN] PackLoader:240 - Cannot read IP mode file for STMicroelectronics.X-CUBE-WB05N.1.1.0
2024-11-26 08:14:17,732 [WARN] PackLoader:240 - Cannot read IP mode file for STMicroelectronics.X-CUBE-AZRTOS-F7.1.1.0
2024-11-26 08:14:18,291 [WARN] PackLoader:240 - Cannot read IP mode file for STMicroelectronics.X-CUBE-MEMS1.11.0.0
2024-11-26 08:14:18,753 [WARN] PackLoader:240 - Cannot read IP mode file for STMicroelectronics.FP-SNS-FLIGHT1.5.0.2
2024-11-26 08:14:18,827 [WARN] PackLoader:240 - Cannot read IP mode file for STMicroelectronics.X-CUBE-DISPLAY.3.0.0
2024-11-26 08:14:18,999 [WARN] PackLoader:240 - Cannot read IP mode file for STMicroelectronics.X-CUBE-BLE1.7.0.0
2024-11-26 08:14:19,124 [WARN] PackLoader:240 - Cannot read IP mode file for STMicroelectronics.X-CUBE-NFC10.1.0.0
2024-11-26 08:14:19,222 [INFO] WebApp:167 - Instantiating new browser for Auth
2024-11-26 08:14:19,222 [WARN] PackLoader:240 - Cannot read IP mode file for emotas.I-CUBE-CANOPEN.1.3.0
2024-11-26 08:14:19,691 [WARN] PackLoader:240 - Cannot read IP mode file for STMicroelectronics.X-CUBE-BLEMGR.3.1.0
2024-11-26 08:14:20,137 [WARN] PackLoader:240 - Cannot read IP mode file for STMicroelectronics.FP-SNS-SMARTAG2.1.2.0
2024-11-26 08:14:20,512 [INFO] LogOutputStream:77 - [STDOUT_REDIRECT] 1 : Invalid condition id : UX_CORESTACK_Condition cause : null
2024-11-26 08:14:20,512 [INFO] LogOutputStream:77 - [STDOUT_REDIRECT] 1 : Invalid condition id : UX_CORESTACK_Condition cause : null
2024-11-26 08:14:20,528 [INFO] LogOutputStream:77 - [STDOUT_REDIRECT] 1 : Invalid condition id : UX_CORESTACK_Condition cause : null
2024-11-26 08:14:20,528 [INFO] LogOutputStream:77 - [STDOUT_REDIRECT] 1 : Invalid condition id : UX_CORESTACK_Condition cause : null
2024-11-26 08:14:20,528 [INFO] LogOutputStream:77 - [STDOUT_REDIRECT] 1 : Invalid condition id : UX_CORESTACK_Condition cause : null
2024-11-26 08:14:20,544 [WARN] PackLoader:240 - Cannot read IP mode file for STMicroelectronics.X-CUBE-AZRTOS-WL.2.0.0
2024-11-26 08:14:20,559 [WARN] PackLoader:240 - Cannot read IP mode file for STMicroelectronics.FP-SNS-MOTENV1.5.0.0
2024-11-26 08:14:20,606 [WARN] PackLoader:240 - Cannot read IP mode file for wolfSSL.I-CUBE-wolfMQTT.1.19.0
2024-11-26 08:14:20,637 [WARN] PackLoader:240 - Cannot read IP mode file for WES.I-CUBE-Cesium.1.3.0
2024-11-26 08:14:20,653 [WARN] PackLoader:240 - Cannot read IP mode file for STMicroelectronics.X-CUBE-BLE2.3.3.0
2024-11-26 08:14:20,684 [WARN] PackLoader:240 - Cannot read IP mode file for STMicroelectronics.X-CUBE-NFC9.1.0.0
2024-11-26 08:14:20,918 [WARN] PackLoader:240 - Cannot read IP mode file for STMicroelectronics.X-CUBE-TCPP.4.1.0
2024-11-26 08:14:21,052 [WARN] PackLoader:240 - Cannot read IP mode file for STMicroelectronics.X-CUBE-AZRTOS-G0.1.1.0
2024-11-26 08:14:21,857 [WARN] PackLoader:240 - Cannot read IP mode file for STMicroelectronics.X-CUBE-SAFEA1.1.2.2
2024-11-26 08:14:22,437 [WARN] PackLoader:240 - Cannot read IP mode file for STMicroelectronics.X-CUBE-NFC4.3.0.0
2024-11-26 08:14:22,784 [WARN] PackLoader:240 - Cannot read IP mode file for EmbeddedOffice.I-CUBE-FS-RTOS.1.0.1
2024-11-26 08:14:22,784 [ERROR] ConditionMgr:805 - Attr not supported : Dmpu
2024-11-26 08:14:22,784 [ERROR] ConditionMgr:805 - Attr not supported : Dmpu
2024-11-26 08:14:22,784 [ERROR] ConditionMgr:805 - Attr not supported : Dmpu
2024-11-26 08:14:22,792 [ERROR] ConditionMgr:805 - Attr not supported : Dmpu
2024-11-26 08:14:22,792 [ERROR] ConditionMgr:805 - Attr not supported : Dmpu
2024-11-26 08:14:22,792 [ERROR] ConditionMgr:805 - Attr not supported : Dmpu
2024-11-26 08:14:22,792 [ERROR] ConditionMgr:805 - Attr not supported : Dmpu
2024-11-26 08:14:22,792 [ERROR] ConditionMgr:805 - Attr not supported : Dmpu
2024-11-26 08:14:22,792 [ERROR] ConditionMgr:805 - Attr not supported : Dmpu
2024-11-26 08:14:22,792 [ERROR] ConditionMgr:805 - Attr not supported : Dmpu
2024-11-26 08:14:22,792 [ERROR] ConditionMgr:805 - Attr not supported : Dmpu
2024-11-26 08:14:22,792 [ERROR] ConditionMgr:805 - Attr not supported : Dmpu
2024-11-26 08:14:22,792 [ERROR] ConditionMgr:805 - Attr not supported : Dmpu
2024-11-26 08:14:22,792 [ERROR] ConditionMgr:805 - Attr not supported : Dmpu
2024-11-26 08:14:22,792 [ERROR] ConditionMgr:805 - Attr not supported : Dmpu
2024-11-26 08:14:22,792 [ERROR] ConditionMgr:805 - Attr not supported : Dmpu
2024-11-26 08:14:22,792 [ERROR] ConditionMgr:805 - Attr not supported : Dmpu
2024-11-26 08:14:22,800 [ERROR] ConditionMgr:805 - Attr not supported : Dmpu
2024-11-26 08:14:22,800 [ERROR] ConditionMgr:805 - Attr not supported : Dmpu
2024-11-26 08:14:22,800 [ERROR] ConditionMgr:805 - Attr not supported : Dmpu
2024-11-26 08:14:22,800 [ERROR] ConditionMgr:805 - Attr not supported : Dmpu
2024-11-26 08:14:22,800 [ERROR] ConditionMgr:805 - Attr not supported : Dmpu
2024-11-26 08:14:22,800 [ERROR] ConditionMgr:805 - Attr not supported : Dmpu
2024-11-26 08:14:22,800 [ERROR] ConditionMgr:805 - Attr not supported : Dmpu
2024-11-26 08:14:22,800 [ERROR] ConditionMgr:805 - Attr not supported : Dmpu
2024-11-26 08:14:22,800 [ERROR] ConditionMgr:805 - Attr not supported : Dmpu
2024-11-26 08:14:22,800 [ERROR] ConditionMgr:805 - Attr not supported : Dmpu
2024-11-26 08:14:22,800 [ERROR] ConditionMgr:805 - Attr not supported : Dmpu
2024-11-26 08:14:22,800 [ERROR] ConditionMgr:805 - Attr not supported : Dmpu
2024-11-26 08:14:22,800 [ERROR] ConditionMgr:805 - Attr not supported : Dmpu
2024-11-26 08:14:22,800 [ERROR] ConditionMgr:805 - Attr not supported : Dmpu
2024-11-26 08:14:22,800 [ERROR] ConditionMgr:805 - Attr not supported : Dmpu
2024-11-26 08:14:22,800 [ERROR] ConditionMgr:805 - Attr not supported : Dmpu
2024-11-26 08:14:22,800 [ERROR] ConditionMgr:805 - Attr not supported : Dmpu
2024-11-26 08:14:22,808 [ERROR] ConditionMgr:805 - Attr not supported : Dmpu
2024-11-26 08:14:22,808 [ERROR] ConditionMgr:805 - Attr not supported : Dmpu
2024-11-26 08:14:22,808 [ERROR] ConditionMgr:805 - Attr not supported : Dmpu
2024-11-26 08:14:22,808 [ERROR] ConditionMgr:805 - Attr not supported : Dmpu
2024-11-26 08:14:22,808 [ERROR] ConditionMgr:805 - Attr not supported : Dmpu
2024-11-26 08:14:22,808 [ERROR] ConditionMgr:805 - Attr not supported : Dmpu
2024-11-26 08:14:22,808 [ERROR] ConditionMgr:805 - Attr not supported : Dmpu
2024-11-26 08:14:22,808 [ERROR] ConditionMgr:805 - Attr not supported : Dmpu
2024-11-26 08:14:22,808 [ERROR] ConditionMgr:805 - Attr not supported : Dmpu
2024-11-26 08:14:22,808 [ERROR] ConditionMgr:805 - Attr not supported : Dmpu
2024-11-26 08:14:22,808 [ERROR] ConditionMgr:805 - Attr not supported : Dmpu
2024-11-26 08:14:22,808 [ERROR] ConditionMgr:805 - Attr not supported : Dmpu
2024-11-26 08:14:22,808 [ERROR] ConditionMgr:805 - Attr not supported : Dmpu
2024-11-26 08:14:22,808 [ERROR] ConditionMgr:805 - Attr not supported : Dmpu
2024-11-26 08:14:22,816 [ERROR] ConditionMgr:805 - Attr not supported : Dmpu
2024-11-26 08:14:22,816 [ERROR] ConditionMgr:805 - Attr not supported : Dmpu
2024-11-26 08:14:22,816 [ERROR] ConditionMgr:805 - Attr not supported : Dmpu
2024-11-26 08:14:22,816 [ERROR] ConditionMgr:805 - Attr not supported : Dmpu
2024-11-26 08:14:22,816 [ERROR] ConditionMgr:805 - Attr not supported : Dmpu
2024-11-26 08:14:22,816 [ERROR] ConditionMgr:805 - Attr not supported : Dmpu
2024-11-26 08:14:22,816 [ERROR] ConditionMgr:805 - Attr not supported : Dmpu
2024-11-26 08:14:22,816 [ERROR] ConditionMgr:805 - Attr not supported : Dmpu
2024-11-26 08:14:22,816 [ERROR] ConditionMgr:805 - Attr not supported : Dmpu
2024-11-26 08:14:22,816 [ERROR] ConditionMgr:805 - Attr not supported : Dmpu
2024-11-26 08:14:22,816 [ERROR] ConditionMgr:805 - Attr not supported : Dmpu
2024-11-26 08:14:22,816 [ERROR] ConditionMgr:805 - Attr not supported : Dmpu
2024-11-26 08:14:22,816 [ERROR] ConditionMgr:805 - Attr not supported : Dmpu
2024-11-26 08:14:22,816 [ERROR] ConditionMgr:805 - Attr not supported : Dmpu
2024-11-26 08:14:22,816 [ERROR] ConditionMgr:805 - Attr not supported : Dmpu
2024-11-26 08:14:22,816 [ERROR] ConditionMgr:805 - Attr not supported : Dmpu
2024-11-26 08:14:23,535 [WARN] PackLoader:240 - Cannot read IP mode file for RealThread.X-CUBE-RT-Thread_Nano.4.1.1
2024-11-26 08:14:23,885 [WARN] PackLoader:240 - Cannot read IP mode file for STMicroelectronics.FP-ATR-SIGFOX1.3.2.0
2024-11-26 08:14:24,097 [WARN] PackLoader:240 - Cannot read IP mode file for wolfSSL.I-CUBE-wolfSSL.5.7.2
2024-11-26 08:14:24,554 [WARN] ConditionMgr:438 - getConditionDescription Invalid condition id : Cortex-A Device cause : null
2024-11-26 08:14:25,756 [WARN] ConditionMgr:1039 - genDependencies : Invalid condition id : Cortex-A Device cause : null
2024-11-26 08:14:25,756 [WARN] ConditionMgr:1039 - genDependencies : Invalid condition id : Cortex-A Device cause : null
2024-11-26 08:14:25,756 [WARN] ConditionMgr:1039 - genDependencies : Invalid condition id : Cortex-A Device cause : null
2024-11-26 08:14:26,094 [WARN] PackLoader:240 - Cannot read IP mode file for STMicroelectronics.X-CUBE-EEPRMA1.5.1.0
2024-11-26 08:14:26,277 [WARN] PackLoader:240 - Cannot read IP mode file for ITTIA_DB.I-CUBE-ITTIADB.8.9.0
2024-11-26 08:14:26,688 [WARN] PackLoader:240 - Cannot read IP mode file for SEGGER.I-CUBE-embOS.1.3.1
2024-11-26 08:14:26,961 [WARN] PackLoader:240 - Cannot read IP mode file for STMicroelectronics.X-CUBE-ALGOBUILD.1.4.0
2024-11-26 08:14:27,185 [WARN] PackLoader:240 - Cannot read IP mode file for STMicroelectronics.X-CUBE-AI.9.1.0
2024-11-26 08:14:27,289 [WARN] PackLoader:240 - Cannot read IP mode file for STMicroelectronics.X-CUBE-GNSS1.6.0.0
2024-11-26 08:14:27,504 [WARN] PackLoader:240 - Cannot read IP mode file for STMicroelectronics.X-CUBE-AZRTOS-F4.1.1.0
2024-11-26 08:14:27,614 [WARN] PackLoader:240 - Cannot read IP mode file for STMicroelectronics.X-CUBE-ISPU.2.1.0
2024-11-26 08:14:27,910 [WARN] PackLoader:240 - Cannot read IP mode file for STMicroelectronics.X-CUBE-FREERTOS.1.2.0
2024-11-26 08:14:28,098 [WARN] PackLoader:240 - Cannot read IP mode file for STMicroelectronics.X-CUBE-AZRTOS-L5.2.0.0
2024-11-26 08:14:28,301 [WARN] PackLoader:240 - Cannot read IP mode file for STMicroelectronics.X-CUBE-NFC6.3.1.0
2024-11-26 08:14:28,459 [WARN] PackLoader:240 - Cannot read IP mode file for STMicroelectronics.X-CUBE-DPower.1.2.0
2024-11-26 08:14:28,540 [WARN] PackLoader:240 - Cannot read IP mode file for STMicroelectronics.X-CUBE-AI.9.0.0
2024-11-26 08:14:28,802 [WARN] PackLoader:240 - Cannot read IP mode file for STMicroelectronics.X-CUBE-NFC7.1.0.1
2024-11-26 08:14:28,899 [WARN] PackLoader:240 - Cannot read IP mode file for wolfSSL.I-CUBE-wolfTPM.3.2.0
2024-11-26 08:14:29,196 [WARN] ConditionMgr:438 - getConditionDescription Invalid condition id : LAN8742 Phy interface Condition cause : null
2024-11-26 08:14:29,196 [WARN] PackLoader:240 - Cannot read IP mode file for STMicroelectronics.X-CUBE-AZRTOS-L4.2.0.0
2024-11-26 08:14:29,196 [WARN] ConditionMgr:1039 - genDependencies : Invalid condition id : LAN8742 Phy interface Condition cause : null
2024-11-26 08:14:29,196 [WARN] ConditionMgr:1039 - genDependencies : Invalid condition id : LAN8742 Phy interface Condition cause : null
2024-11-26 08:14:29,212 [WARN] ConditionMgr:1039 - genDependencies : Invalid condition id : LAN8742 Phy interface Condition cause : null
2024-11-26 08:14:29,531 [WARN] PackLoader:240 - Cannot read IP mode file for STMicroelectronics.X-CUBE-SFXS2LP1.4.0.0
2024-11-26 08:14:29,911 [WARN] PackLoader:240 - Cannot read IP mode file for STMicroelectronics.X-CUBE-AZRTOS-H7.3.3.0
2024-11-26 08:14:30,067 [WARN] PackLoader:240 - Cannot read IP mode file for STMicroelectronics.X-CUBE-IPS.3.0.0
2024-11-26 08:14:30,161 [WARN] ConditionMgr:438 - getConditionDescription Invalid condition id : UX DEVICE CLASS RTOS Condition cause : null
2024-11-26 08:14:30,161 [WARN] ConditionMgr:438 - getConditionDescription Invalid condition id : UX DEVICE CLASS RTOS Condition cause : null
2024-11-26 08:14:30,161 [WARN] PackLoader:240 - Cannot read IP mode file for STMicroelectronics.X-CUBE-AZRTOS-WB.2.0.0
2024-11-26 08:14:30,161 [WARN] ConditionMgr:1039 - genDependencies : Invalid condition id : UX DEVICE CLASS RTOS Condition cause : null
2024-11-26 08:14:30,161 [WARN] ConditionMgr:1039 - genDependencies : Invalid condition id : UX DEVICE CLASS RTOS Condition cause : null
2024-11-26 08:14:30,161 [WARN] ConditionMgr:1039 - genDependencies : Invalid condition id : UX DEVICE CLASS RTOS Condition cause : null
2024-11-26 08:14:30,161 [WARN] ConditionMgr:1039 - genDependencies : Invalid condition id : UX DEVICE CLASS RTOS Condition cause : null
2024-11-26 08:14:30,161 [WARN] ConditionMgr:1039 - genDependencies : Invalid condition id : UX DEVICE CLASS RTOS Condition cause : null
2024-11-26 08:14:30,230 [WARN] PackLoader:240 - Cannot read IP mode file for STMicroelectronics.X-CUBE-GNSS1.7.0.0
2024-11-26 08:14:30,529 [WARN] PackLoader:240 - Cannot read IP mode file for STMicroelectronics.FP-SNS-STBOX1.2.0.0
2024-11-26 08:14:30,664 [WARN] PackLoader:240 - Cannot read IP mode file for STMicroelectronics.X-CUBE-SUBG2.5.0.0
2024-11-26 08:14:30,804 [WARN] PackLoader:240 - Cannot read IP mode file for Cesanta.I-CUBE-Mongoose.7.13.0
2024-11-26 08:14:30,984 [WARN] PackLoader:240 - Cannot read IP mode file for STMicroelectronics.X-CUBE-AZRTOS-G4.2.0.0
2024-11-26 08:14:31,061 [WARN] PackLoader:240 - Cannot read IP mode file for STMicroelectronics.X-CUBE-ISPU.2.0.0
2024-11-26 08:14:31,201 [WARN] PackLoader:240 - Cannot read IP mode file for STMicroelectronics.X-CUBE-ALS.1.0.2
2024-11-26 08:14:31,339 [WARN] PackLoader:240 - Cannot read IP mode file for STMicroelectronics.X-CUBE-MEMS1.10.0.0
2024-11-26 08:14:31,673 [WARN] PackLoader:240 - Cannot read IP mode file for STMicroelectronics.X-CUBE-TOUCHGFX.4.24.0
2024-11-26 08:14:31,698 [WARN] PackLoader:240 - Cannot read IP mode file for STMicroelectronics.X-CUBE-TOUCHGFX.4.24.1
2024-11-26 08:14:31,730 [WARN] PackLoader:240 - Cannot read IP mode file for portGmbH.I-Cube-SoM-uGOAL.1.1.0
2024-11-26 08:14:31,782 [WARN] PackLoader:240 - Cannot read IP mode file for STMicroelectronics.X-CUBE-AZRTOS-H7RS.1.0.0
2024-11-26 08:14:31,806 [WARN] PackLoader:240 - Cannot read IP mode file for STMicroelectronics.FP-ATR-ASTRA1.2.0.0
2024-11-26 08:14:31,853 [WARN] PackLoader:240 - Cannot read IP mode file for STMicroelectronics.X-CUBE-TOF1.3.4.2
2024-11-26 08:14:31,978 [WARN] PackLoader:240 - Cannot read IP mode file for Infineon.AIROC-Wi-Fi-Bluetooth-STM32.1.6.1
2024-11-26 08:14:31,994 [WARN] PackLoader:240 - Cannot read IP mode file for wolfSSL.I-CUBE-wolfSSH.1.4.17
2024-11-26 08:14:31,994 [INFO] ThirdParty:978 - Integrity check success = true
2024-11-26 08:14:31,994 [INFO] IntegrityCheckThread:100 - exiting critical section [integrity check]
2024-11-26 08:14:31,994 [INFO] IntegrityCheckThread:103 - End integrity checks thread
2024-11-26 08:14:33,382 [INFO] WebApp:448 - Apply proxy settings
2024-11-26 08:14:33,382 [INFO] WebApp:533 - Chromium requires no authentication
2024-11-26 08:14:33,893 [INFO] WebApp:476 - Direct internet connection detected
2024-11-26 08:14:35,242 [INFO] WebApp:869 - Register for checkConnection events
2024-11-26 08:14:35,242 [INFO] WebApp:448 - Apply proxy settings
2024-11-26 08:14:35,258 [INFO] WebApp:533 - Chromium requires no authentication
2024-11-26 08:14:35,258 [INFO] WebApp:476 - Direct internet connection detected
2024-11-26 08:14:39,350 [INFO] WebApp:186 - Connection restablished
2024-11-26 08:14:45,178 [INFO] WebApp:220 - Starting web application
2024-11-26 08:14:45,178 [INFO] WebApp:578 - Web application path used C:\ST\STM32CubeIDE_1.16.0\STM32CubeIDE\plugins\com.st.stm32cube.common.mx_6.12.0.202406281431\db\plugins\mcufinder\reactClient1\index.html
2024-11-26 08:14:46,707 [INFO] UserAuth:417 - Internet connection configuration mode: 1
