2024-11-28 09:15:36,749 [INFO] Activator:176 - 


2024-11-28 09:15:36,800 [INFO] Activator:177 - !SESSION log4j initialized
2024-11-28 09:15:57,223 [INFO] LogOutputStream:77 - [STDOUT_REDIRECT] 
2024-11-28 09:16:13,537 [INFO] ApplicationProperties:184 - Using Application install path: C:\ST\STM32CubeIDE_1.16.0\STM32CubeIDE\plugins\com.st.stm32cube.common.mx_6.12.0.202406281431
2024-11-28 09:16:13,597 [INFO] DbMcusXml:78 - Set database path to: C:\ST\STM32CubeIDE_1.16.0\STM32CubeIDE\plugins\com.st.stm32cube.common.mx_6.12.0.202406281431\\db\/mcu/
2024-11-28 09:16:13,598 [INFO] ApiDb:274 - Set plugin database path to: C:\ST\STM32CubeIDE_1.16.0\STM32CubeIDE\plugins\com.st.stm32cube.common.mx_6.12.0.202406281431\\db\/plugins/boardmanager/
2024-11-28 09:16:13,599 [WARN] ApiDb:259 - Overriding images path with different value:  => C:\ST\STM32CubeIDE_1.16.0\STM32CubeIDE\plugins\com.st.stm32cube.common.mx_6.12.0.202406281431\\db\/plugins/mcufinder/images/
2024-11-28 09:16:13,862 [INFO] ApiDb:250 - Set database path to: C:\Users\User\.stmcufinder\plugins\mcufinder//mcu/
2024-11-28 09:16:13,863 [INFO] DbMcusAds:125 - Set database path to: C:\Users\User\.stmcufinder\plugins\mcufinder//mcu/
2024-11-28 09:16:14,237 [INFO] CrossReferenceDbSqlite:203 - Set database path to: C:\Users\User\.stmcufinder\plugins\mcufinder//mcu/cs/
2024-11-28 09:16:14,742 [INFO] RulesReader:64 - Compatibility file has been processed (297 Rules)
2024-11-28 09:16:14,958 [INFO] DbMcusXml:78 - Set database path to: C:\ST\STM32CubeIDE_1.16.0\STM32CubeIDE\plugins\com.st.stm32cube.common.mx_6.12.0.202406281431\\db\/mcu/
2024-11-28 09:16:14,959 [INFO] ApiDb:274 - Set plugin database path to: C:\ST\STM32CubeIDE_1.16.0\STM32CubeIDE\plugins\com.st.stm32cube.common.mx_6.12.0.202406281431\\db\/plugins/boardmanager/
2024-11-28 09:16:14,959 [INFO] ApiDb:261 - Set plugin images path to: C:\ST\STM32CubeIDE_1.16.0\STM32CubeIDE\plugins\com.st.stm32cube.common.mx_6.12.0.202406281431\\db\/plugins/mcufinder/images/
2024-11-28 09:16:14,959 [WARN] DbFile:41 - Overriding database path with different value: C:\Users\User\.stmcufinder\plugins\mcufinder/ => C:\Users\User\.stmcufinder\plugins\mcufinder
2024-11-28 09:16:14,959 [INFO] ApiDb:250 - Set database path to: C:\Users\User\.stmcufinder\plugins\mcufinder//mcu/
2024-11-28 09:16:14,959 [WARN] DbFile:41 - Overriding database path with different value: C:\Users\User\.stmcufinder\plugins\mcufinder/ => C:\Users\User\.stmcufinder\plugins\mcufinder
2024-11-28 09:16:14,959 [INFO] DbMcusAds:125 - Set database path to: C:\Users\User\.stmcufinder\plugins\mcufinder//mcu/
2024-11-28 09:16:14,959 [WARN] DbFile:41 - Overriding database path with different value: C:\Users\User\.stmcufinder\plugins\mcufinder/ => C:\Users\User\.stmcufinder\plugins\mcufinder
2024-11-28 09:16:14,960 [WARN] DbFile:41 - Overriding database path with different value: C:\Users\User\.stmcufinder\plugins\mcufinder/ => C:\Users\User\.stmcufinder\plugins\mcufinder
2024-11-28 09:16:14,960 [INFO] CrossReferenceDbSqlite:203 - Set database path to: C:\Users\User\.stmcufinder\plugins\mcufinder//mcu/cs/
2024-11-28 09:16:15,232 [INFO] MainPanel:268 - HeapMemory: 268435456
2024-11-28 09:16:15,635 [INFO] DbMcusXml:78 - Set database path to: C:\ST\STM32CubeIDE_1.16.0\STM32CubeIDE\plugins\com.st.stm32cube.common.mx_6.12.0.202406281431\\db\/mcu/
2024-11-28 09:16:15,636 [INFO] ApiDb:274 - Set plugin database path to: C:\ST\STM32CubeIDE_1.16.0\STM32CubeIDE\plugins\com.st.stm32cube.common.mx_6.12.0.202406281431\\db\/plugins/boardmanager/
2024-11-28 09:16:15,636 [INFO] ApiDb:261 - Set plugin images path to: C:\ST\STM32CubeIDE_1.16.0\STM32CubeIDE\plugins\com.st.stm32cube.common.mx_6.12.0.202406281431\\db\/plugins/mcufinder/images/
2024-11-28 09:16:15,636 [WARN] DbFile:41 - Overriding database path with different value: C:\Users\User\.stmcufinder\plugins\mcufinder/ => C:\Users\User\.stmcufinder\plugins\mcufinder
2024-11-28 09:16:15,636 [INFO] ApiDb:250 - Set database path to: C:\Users\User\.stmcufinder\plugins\mcufinder//mcu/
2024-11-28 09:16:15,636 [WARN] DbFile:41 - Overriding database path with different value: C:\Users\User\.stmcufinder\plugins\mcufinder/ => C:\Users\User\.stmcufinder\plugins\mcufinder
2024-11-28 09:16:15,637 [INFO] DbMcusAds:125 - Set database path to: C:\Users\User\.stmcufinder\plugins\mcufinder//mcu/
2024-11-28 09:16:15,637 [WARN] DbFile:41 - Overriding database path with different value: C:\Users\User\.stmcufinder\plugins\mcufinder/ => C:\Users\User\.stmcufinder\plugins\mcufinder
2024-11-28 09:16:15,637 [WARN] DbFile:41 - Overriding database path with different value: C:\Users\User\.stmcufinder\plugins\mcufinder/ => C:\Users\User\.stmcufinder\plugins\mcufinder
2024-11-28 09:16:15,637 [INFO] CrossReferenceDbSqlite:203 - Set database path to: C:\Users\User\.stmcufinder\plugins\mcufinder//mcu/cs/
2024-11-28 09:16:15,664 [INFO] ApplicationProperties:184 - Using Application install path: C:\ST\STM32CubeIDE_1.16.0\STM32CubeIDE\plugins\com.st.stm32cube.common.mx_6.12.0.202406281431
2024-11-28 09:16:15,666 [INFO] PluginManage:196 - Search for loadable plugins [exclusion list=, ]
2024-11-28 09:16:15,669 [INFO] PluginManage:310 - Check plugin analytics
2024-11-28 09:16:20,782 [INFO] AnalyticsPlugin:253 - Accepted Software Licenses: 
2024-11-28 09:16:20,783 [INFO] AnalyticsPlugin:255 - Accepted CMSIS Pack Licenses: 
2024-11-28 09:16:20,783 [INFO] AnalyticsPlugin:257 - Accepted Firmware Licenses: FW.L4.1.18.0
2024-11-28 09:16:20,787 [INFO] PluginManage:359 - Loaded plugin analytics (category:tool,tabindex:-1)
2024-11-28 09:16:20,788 [INFO] PluginManage:310 - Check plugin cadmodel
2024-11-28 09:16:20,865 [INFO] CADModel:105 - Init CAD model plugin
2024-11-28 09:16:20,866 [INFO] PluginManage:359 - Loaded plugin cadmodel (category:power,tabindex:5)
2024-11-28 09:16:20,866 [INFO] PluginManage:310 - Check plugin clock
2024-11-28 09:16:20,922 [INFO] PluginManage:359 - Loaded plugin clock (category:base,tabindex:2)
2024-11-28 09:16:20,922 [INFO] PluginManage:310 - Check plugin ddr
2024-11-28 09:16:21,000 [INFO] PluginManage:359 - Loaded plugin ddr (category:tool,tabindex:6)
2024-11-28 09:16:21,000 [INFO] PluginManage:310 - Check plugin filemanager
2024-11-28 09:16:21,426 [INFO] PluginManage:359 - Loaded plugin filemanager (category:base,tabindex:10)
2024-11-28 09:16:21,426 [INFO] PluginManage:310 - Check plugin ipmanager
2024-11-28 09:16:21,480 [INFO] PluginManage:359 - Loaded plugin ipmanager (category:base,tabindex:5)
2024-11-28 09:16:21,480 [INFO] PluginManage:310 - Check plugin lpbam
2024-11-28 09:16:21,531 [INFO] PluginManage:359 - Loaded plugin lpbam (category:base,tabindex:0)
2024-11-28 09:16:21,531 [INFO] PluginManage:310 - Check plugin memorymap
2024-11-28 09:16:21,590 [INFO] PluginManage:359 - Loaded plugin memorymap (category:base,tabindex:4)
2024-11-28 09:16:21,591 [INFO] PluginManage:310 - Check plugin pinoutandconfiguration
2024-11-28 09:16:21,635 [INFO] PluginManage:359 - Loaded plugin pinoutandconfiguration (category:base,tabindex:1)
2024-11-28 09:16:21,636 [INFO] PluginManage:310 - Check plugin pinoutconfig
2024-11-28 09:16:21,841 [WARN] SupportedApi:132 - Cannot load RTOS API schema: s4s-elt-must-match.1: The content of 'definitions' must match (annotation?, (simpleType | complexType)?, (unique | key | keyref)*)). A problem was found starting at: attribute.
2024-11-28 09:16:22,083 [INFO] PluginManage:359 - Loaded plugin pinoutconfig (category:base,tabindex:0)
2024-11-28 09:16:22,083 [INFO] PluginManage:310 - Check plugin power
2024-11-28 09:16:22,251 [INFO] PluginManage:359 - Loaded plugin power (category:power,tabindex:4)
2024-11-28 09:16:22,251 [INFO] PluginManage:310 - Check plugin projectmanager
2024-11-28 09:16:22,313 [INFO] PluginManage:359 - Loaded plugin projectmanager (category:projectmanager,tabindex:4)
2024-11-28 09:16:22,313 [INFO] PluginManage:310 - Check plugin rif
2024-11-28 09:16:22,415 [INFO] PluginManage:359 - Loaded plugin rif (category:base,tabindex:3)
2024-11-28 09:16:22,415 [INFO] PluginManage:310 - Check plugin thirdparty
2024-11-28 09:16:23,028 [INFO] PluginManage:359 - Loaded plugin thirdparty (category:base,tabindex:-1)
2024-11-28 09:16:23,029 [INFO] PluginManage:310 - Check plugin tools
2024-11-28 09:16:23,030 [WARN] IntegrityCheckThread:84 - waiting for thirdparty lock release [integrity check]
2024-11-28 09:16:23,030 [INFO] IntegrityCheckThread:86 - entering critical section [integrity check]
2024-11-28 09:16:23,031 [INFO] ThirdPartyUpdaterWithRetryManager:70 - Updater plugin not ready yet. [1/15]
2024-11-28 09:16:23,055 [INFO] PluginManage:359 - Loaded plugin tools (category:base,tabindex:7)
2024-11-28 09:16:23,055 [INFO] PluginManage:310 - Check plugin tutovideos
2024-11-28 09:16:23,574 [INFO] PluginManage:359 - Loaded plugin tutovideos (category:base,tabindex:-1)
2024-11-28 09:16:23,575 [INFO] PluginManage:310 - Check plugin updater
2024-11-28 09:16:23,636 [INFO] PluginManage:359 - Loaded plugin updater (category:base,tabindex:12)
2024-11-28 09:16:23,637 [INFO] PluginManage:310 - Check plugin userauth
2024-11-28 09:16:23,736 [INFO] UserAuth:113 - Init User Auth plugin
2024-11-28 09:16:23,736 [INFO] PluginManage:359 - Loaded plugin userauth (category:base,tabindex:14)
2024-11-28 09:16:23,737 [INFO] PluginManage:283 - PluginManage : Loaded plugins [18]
2024-11-28 09:16:24,421 [INFO] PinOutPanel:1561 - setPackage(No Configuration,No Configuration)
2024-11-28 09:16:24,957 [INFO] CADModel:165 - CPN selected for project level
2024-11-28 09:16:24,957 [INFO] CADModel:114 - Register for checkConnection events
2024-11-28 09:16:25,048 [INFO] IPUIPlugin:80 - create IPUIPlugin
2024-11-28 09:16:25,048 [INFO] PluginManager:220 - loadIPPluginJar : add adc
2024-11-28 09:16:25,251 [INFO] IPUIPlugin:80 - create IPUIPlugin
2024-11-28 09:16:25,252 [INFO] PluginManager:220 - loadIPPluginJar : add aes
2024-11-28 09:16:25,286 [INFO] IPUIPlugin:80 - create IPUIPlugin
2024-11-28 09:16:25,286 [INFO] PluginManager:220 - loadIPPluginJar : add can
2024-11-28 09:16:25,304 [INFO] IPUIPlugin:80 - create IPUIPlugin
2024-11-28 09:16:25,304 [INFO] PluginManager:220 - loadIPPluginJar : add comp
2024-11-28 09:16:25,330 [INFO] IPUIPlugin:80 - create IPUIPlugin
2024-11-28 09:16:25,331 [INFO] PluginManager:220 - loadIPPluginJar : add cryp
2024-11-28 09:16:25,364 [INFO] IPUIPlugin:80 - create IPUIPlugin
2024-11-28 09:16:25,364 [INFO] PluginManager:220 - loadIPPluginJar : add ddr_ctrl_phy
2024-11-28 09:16:25,382 [INFO] IPUIPlugin:80 - create IPUIPlugin
2024-11-28 09:16:25,382 [INFO] PluginManager:220 - loadIPPluginJar : add dfsdm
2024-11-28 09:16:25,413 [INFO] IPUIPlugin:80 - create IPUIPlugin
2024-11-28 09:16:25,414 [INFO] PluginManager:220 - loadIPPluginJar : add dma
2024-11-28 09:16:25,444 [INFO] IPUIPlugin:80 - create IPUIPlugin
2024-11-28 09:16:25,445 [INFO] PluginManager:220 - loadIPPluginJar : add dma3
2024-11-28 09:16:25,467 [INFO] IPUIPlugin:80 - create IPUIPlugin
2024-11-28 09:16:25,467 [INFO] PluginManager:220 - loadIPPluginJar : add extmemmanager
2024-11-28 09:16:25,487 [INFO] IPUIPlugin:80 - create IPUIPlugin
2024-11-28 09:16:25,487 [INFO] PluginManager:220 - loadIPPluginJar : add fatfs
2024-11-28 09:16:25,511 [INFO] IPUIPlugin:80 - create IPUIPlugin
2024-11-28 09:16:25,511 [INFO] PluginManager:220 - loadIPPluginJar : add fmc
2024-11-28 09:16:25,538 [INFO] IPUIPlugin:80 - create IPUIPlugin
2024-11-28 09:16:25,538 [INFO] PluginManager:220 - loadIPPluginJar : add freertos
2024-11-28 09:16:25,550 [INFO] IPUIPlugin:80 - create IPUIPlugin
2024-11-28 09:16:25,550 [INFO] PluginManager:220 - loadIPPluginJar : add genericplugin
2024-11-28 09:16:25,734 [INFO] IPUIPlugin:80 - create IPUIPlugin
2024-11-28 09:16:25,734 [INFO] PluginManager:220 - loadIPPluginJar : add gfxmmu
2024-11-28 09:16:25,768 [INFO] IPUIPlugin:80 - create IPUIPlugin
2024-11-28 09:16:25,769 [INFO] PluginManager:220 - loadIPPluginJar : add gic
2024-11-28 09:16:25,790 [INFO] IPUIPlugin:80 - create IPUIPlugin
2024-11-28 09:16:25,790 [INFO] PluginManager:220 - loadIPPluginJar : add gpio
2024-11-28 09:16:25,794 [INFO] IPUIPlugin:80 - create IPUIPlugin
2024-11-28 09:16:25,794 [INFO] PluginManager:220 - loadIPPluginJar : add gtzc
2024-11-28 09:16:25,811 [INFO] IPUIPlugin:80 - create IPUIPlugin
2024-11-28 09:16:25,811 [INFO] PluginManager:220 - loadIPPluginJar : add hash
2024-11-28 09:16:25,825 [INFO] IPUIPlugin:80 - create IPUIPlugin
2024-11-28 09:16:25,826 [INFO] PluginManager:220 - loadIPPluginJar : add i2c
2024-11-28 09:16:25,840 [INFO] IPUIPlugin:80 - create IPUIPlugin
2024-11-28 09:16:25,840 [INFO] PluginManager:220 - loadIPPluginJar : add i2s
2024-11-28 09:16:25,857 [INFO] IPUIPlugin:80 - create IPUIPlugin
2024-11-28 09:16:25,858 [INFO] PluginManager:220 - loadIPPluginJar : add i3c
2024-11-28 09:16:25,861 [INFO] IPUIPlugin:80 - create IPUIPlugin
2024-11-28 09:16:25,862 [INFO] PluginManager:220 - loadIPPluginJar : add ipddr
2024-11-28 09:16:25,903 [INFO] IPUIPlugin:80 - create IPUIPlugin
2024-11-28 09:16:25,903 [INFO] PluginManager:220 - loadIPPluginJar : add linkedlist
2024-11-28 09:16:25,927 [INFO] IPUIPlugin:80 - create IPUIPlugin
2024-11-28 09:16:25,928 [INFO] PluginManager:220 - loadIPPluginJar : add lorawan
2024-11-28 09:16:25,939 [INFO] IPUIPlugin:80 - create IPUIPlugin
2024-11-28 09:16:25,939 [INFO] PluginManager:220 - loadIPPluginJar : add ltdc
2024-11-28 09:16:25,970 [INFO] IPUIPlugin:80 - create IPUIPlugin
2024-11-28 09:16:25,971 [INFO] PluginManager:220 - loadIPPluginJar : add mdma
2024-11-28 09:16:25,989 [INFO] IPUIPlugin:80 - create IPUIPlugin
2024-11-28 09:16:25,990 [INFO] PluginManager:220 - loadIPPluginJar : add nvic
2024-11-28 09:16:26,009 [INFO] IPUIPlugin:80 - create IPUIPlugin
2024-11-28 09:16:26,010 [INFO] PluginManager:220 - loadIPPluginJar : add opamp
2024-11-28 09:16:26,032 [INFO] IPUIPlugin:80 - create IPUIPlugin
2024-11-28 09:16:26,033 [INFO] PluginManager:220 - loadIPPluginJar : add openamp
2024-11-28 09:16:26,033 [INFO] ThirdPartyUpdaterWithRetryManager:70 - Updater plugin not ready yet. [2/15]
2024-11-28 09:16:26,052 [INFO] IPUIPlugin:80 - create IPUIPlugin
2024-11-28 09:16:26,053 [INFO] PluginManager:220 - loadIPPluginJar : add pdm2pcm
2024-11-28 09:16:26,073 [INFO] IPUIPlugin:80 - create IPUIPlugin
2024-11-28 09:16:26,076 [INFO] PluginManager:220 - loadIPPluginJar : add plateformsettings
2024-11-28 09:16:26,082 [INFO] IPUIPlugin:80 - create IPUIPlugin
2024-11-28 09:16:26,082 [INFO] PluginManager:220 - loadIPPluginJar : add quadspi
2024-11-28 09:16:26,101 [INFO] IPUIPlugin:80 - create IPUIPlugin
2024-11-28 09:16:26,102 [INFO] PluginManager:220 - loadIPPluginJar : add radio
2024-11-28 09:16:26,122 [INFO] IPUIPlugin:80 - create IPUIPlugin
2024-11-28 09:16:26,122 [INFO] PluginManager:220 - loadIPPluginJar : add resmgrutility
2024-11-28 09:16:26,126 [INFO] IPUIPlugin:80 - create IPUIPlugin
2024-11-28 09:16:26,126 [INFO] PluginManager:220 - loadIPPluginJar : add sai
2024-11-28 09:16:26,131 [INFO] IPUIPlugin:80 - create IPUIPlugin
2024-11-28 09:16:26,132 [INFO] PluginManager:220 - loadIPPluginJar : add spi
2024-11-28 09:16:26,138 [INFO] IPUIPlugin:80 - create IPUIPlugin
2024-11-28 09:16:26,139 [INFO] PluginManager:220 - loadIPPluginJar : add stm32_wpan
2024-11-28 09:16:26,154 [INFO] IPUIPlugin:80 - create IPUIPlugin
2024-11-28 09:16:26,154 [INFO] PluginManager:220 - loadIPPluginJar : add tim
2024-11-28 09:16:26,172 [INFO] IPUIPlugin:80 - create IPUIPlugin
2024-11-28 09:16:26,173 [INFO] PluginManager:220 - loadIPPluginJar : add touchsensing
2024-11-28 09:16:26,208 [INFO] IPUIPlugin:80 - create IPUIPlugin
2024-11-28 09:16:26,208 [INFO] PluginManager:220 - loadIPPluginJar : add tracer_emb
2024-11-28 09:16:26,221 [INFO] IPUIPlugin:80 - create IPUIPlugin
2024-11-28 09:16:26,221 [INFO] PluginManager:220 - loadIPPluginJar : add ts
2024-11-28 09:16:26,232 [INFO] IPUIPlugin:80 - create IPUIPlugin
2024-11-28 09:16:26,232 [INFO] PluginManager:220 - loadIPPluginJar : add tsc
2024-11-28 09:16:26,241 [INFO] IPUIPlugin:80 - create IPUIPlugin
2024-11-28 09:16:26,241 [INFO] PluginManager:220 - loadIPPluginJar : add ucpd
2024-11-28 09:16:26,265 [INFO] IPUIPlugin:80 - create IPUIPlugin
2024-11-28 09:16:26,265 [INFO] PluginManager:220 - loadIPPluginJar : add usart
2024-11-28 09:16:26,270 [INFO] IPUIPlugin:80 - create IPUIPlugin
2024-11-28 09:16:26,270 [INFO] PluginManager:220 - loadIPPluginJar : add usbx
2024-11-28 09:16:26,435 [INFO] CADModel:165 - CPN selected for project level
2024-11-28 09:16:26,435 [INFO] CADModel:114 - Register for checkConnection events
2024-11-28 09:16:26,435 [FATAL] Updater:334 - Updater called before beeing initialized
2024-11-28 09:16:26,435 [ERROR] CADModel:125 - Updater not yet initialized, retry later 
2024-11-28 09:16:27,138 [INFO] CADModel:165 - CPN selected for project level
2024-11-28 09:16:27,138 [INFO] CADModel:114 - Register for checkConnection events
2024-11-28 09:16:27,138 [FATAL] Updater:334 - Updater called before beeing initialized
2024-11-28 09:16:27,138 [ERROR] CADModel:125 - Updater not yet initialized, retry later 
2024-11-28 09:16:27,153 [FATAL] Updater:334 - Updater called before beeing initialized
2024-11-28 09:16:27,376 [FATAL] Updater:334 - Updater called before beeing initialized
2024-11-28 09:16:27,418 [INFO] DbMcusAds:53 - JSON generation date=Fri Sep 20 14:04:38 WAT 2024 (1726837478367)
2024-11-28 09:16:27,419 [FATAL] Updater:334 - Updater called before beeing initialized
2024-11-28 09:16:27,562 [WARN] DetailPanel:346 - Failed to get advertising image, set to default
2024-11-28 09:16:27,894 [FATAL] Updater:334 - Updater called before beeing initialized
2024-11-28 09:16:27,898 [FATAL] Updater:334 - Updater called before beeing initialized
2024-11-28 09:16:27,898 [FATAL] Updater:334 - Updater called before beeing initialized
2024-11-28 09:16:27,898 [WARN] DetailPanel:346 - Failed to get advertising image, set to default
2024-11-28 09:16:27,899 [FATAL] Updater:334 - Updater called before beeing initialized
2024-11-28 09:16:28,072 [ERROR] Updater:1164 - MainUpdater not yet initialized. External WinMGr cannot be set.
2024-11-28 09:16:28,113 [INFO] Updater:1100 - Updater Version found : 6.12.0
2024-11-28 09:16:28,158 [INFO] ApplicationProperties:184 - Using Application install path: C:\ST\STM32CubeIDE_1.16.0\STM32CubeIDE\plugins\com.st.stm32cube.common.mx_6.12.0.202406281431
2024-11-28 09:16:29,035 [INFO] ThirdPartyUpdaterWithRetryManager:70 - Updater plugin not ready yet. [3/15]
2024-11-28 09:16:29,790 [ERROR] LogOutputStream:75 - [STDERR_REDIRECT] Nov 28, 2024 9:16:29 AM java.util.prefs.WindowsPreferences <init>
2024-11-28 09:16:29,794 [ERROR] LogOutputStream:75 - [STDERR_REDIRECT] WARNING: Could not open/create prefs root node Software\JavaSoft\Prefs at root 0xffffffff80000002. Windows RegCreateKeyEx(...) returned error code 5.
2024-11-28 09:16:29,794 [ERROR] LogOutputStream:75 - [STDERR_REDIRECT] 
2024-11-28 09:16:31,018 [INFO] MainUpdater:2873 - connection check result : 10
2024-11-28 09:16:31,019 [INFO] MainUpdater:290 - Updater Check For Update Now.
2024-11-28 09:16:31,019 [INFO] MicroXplorer:498 - Change Database Version : DB.6.0.120
2024-11-28 09:16:31,066 [INFO] McuFinderGlobals:63 - Set McuFinder mode to 2 (CubeIDE integrated)
2024-11-28 09:16:31,068 [INFO] UserAuth:417 - Internet connection configuration mode: 1
2024-11-28 09:16:31,271 [INFO] JxBrowserEngine:152 - Initiate JxBrowser Engine with user profile folder
2024-11-28 09:16:31,515 [INFO] CheckServerUpdateThread:120 - End of CheckServer Thread
2024-11-28 09:16:34,940 [WARN] PackLoader:240 - Cannot read IP mode file for STMicroelectronics.FP-SNS-MOTENVWB1.1.4.0
2024-11-28 09:16:35,465 [WARN] PackLoader:240 - Cannot read IP mode file for STMicroelectronics.FP-ATR-ASTRA1.2.0.1
2024-11-28 09:16:35,582 [WARN] PackLoader:240 - Cannot read IP mode file for STMicroelectronics.X-CUBE-SMBUS.2.1.0
2024-11-28 09:16:35,601 [WARN] PackLoader:240 - Cannot read IP mode file for STMicroelectronics.X-CUBE-WB05N.1.1.0
2024-11-28 09:16:35,689 [WARN] PackLoader:240 - Cannot read IP mode file for STMicroelectronics.X-CUBE-AZRTOS-F7.1.1.0
2024-11-28 09:16:35,941 [WARN] PackLoader:240 - Cannot read IP mode file for STMicroelectronics.X-CUBE-MEMS1.11.0.0
2024-11-28 09:16:36,247 [WARN] PackLoader:240 - Cannot read IP mode file for STMicroelectronics.FP-SNS-FLIGHT1.5.0.2
2024-11-28 09:16:36,301 [WARN] PackLoader:240 - Cannot read IP mode file for STMicroelectronics.X-CUBE-DISPLAY.3.0.0
2024-11-28 09:16:36,351 [WARN] PackLoader:240 - Cannot read IP mode file for STMicroelectronics.X-CUBE-BLE1.7.0.0
2024-11-28 09:16:36,407 [WARN] PackLoader:240 - Cannot read IP mode file for STMicroelectronics.X-CUBE-NFC10.1.0.0
2024-11-28 09:16:36,457 [WARN] PackLoader:240 - Cannot read IP mode file for emotas.I-CUBE-CANOPEN.1.3.0
2024-11-28 09:16:36,485 [WARN] PackLoader:240 - Cannot read IP mode file for STMicroelectronics.X-CUBE-BLEMGR.3.1.0
2024-11-28 09:16:36,497 [WARN] PackLoader:240 - Cannot read IP mode file for STMicroelectronics.FP-SNS-SMARTAG2.1.2.0
2024-11-28 09:16:36,545 [INFO] LogOutputStream:77 - [STDOUT_REDIRECT] 1 : Invalid condition id : UX_CORESTACK_Condition cause : null
2024-11-28 09:16:36,546 [INFO] LogOutputStream:77 - [STDOUT_REDIRECT] 1 : Invalid condition id : UX_CORESTACK_Condition cause : null
2024-11-28 09:16:36,549 [INFO] LogOutputStream:77 - [STDOUT_REDIRECT] 1 : Invalid condition id : UX_CORESTACK_Condition cause : null
2024-11-28 09:16:36,552 [INFO] LogOutputStream:77 - [STDOUT_REDIRECT] 1 : Invalid condition id : UX_CORESTACK_Condition cause : null
2024-11-28 09:16:36,554 [INFO] LogOutputStream:77 - [STDOUT_REDIRECT] 1 : Invalid condition id : UX_CORESTACK_Condition cause : null
2024-11-28 09:16:36,614 [WARN] PackLoader:240 - Cannot read IP mode file for STMicroelectronics.X-CUBE-AZRTOS-WL.2.0.0
2024-11-28 09:16:36,636 [WARN] PackLoader:240 - Cannot read IP mode file for STMicroelectronics.FP-SNS-MOTENV1.5.0.0
2024-11-28 09:16:36,669 [WARN] PackLoader:240 - Cannot read IP mode file for wolfSSL.I-CUBE-wolfMQTT.1.19.0
2024-11-28 09:16:36,712 [WARN] PackLoader:240 - Cannot read IP mode file for WES.I-CUBE-Cesium.1.3.0
2024-11-28 09:16:36,792 [WARN] PackLoader:240 - Cannot read IP mode file for STMicroelectronics.X-CUBE-BLE2.3.3.0
2024-11-28 09:16:37,069 [WARN] PackLoader:240 - Cannot read IP mode file for STMicroelectronics.X-CUBE-NFC9.1.0.0
2024-11-28 09:16:37,187 [WARN] PackLoader:240 - Cannot read IP mode file for STMicroelectronics.X-CUBE-TCPP.4.1.0
2024-11-28 09:16:37,392 [WARN] PackLoader:240 - Cannot read IP mode file for STMicroelectronics.X-CUBE-AZRTOS-G0.1.1.0
2024-11-28 09:16:37,604 [WARN] PackLoader:240 - Cannot read IP mode file for STMicroelectronics.X-CUBE-SAFEA1.1.2.2
2024-11-28 09:16:37,899 [WARN] PackLoader:240 - Cannot read IP mode file for STMicroelectronics.X-CUBE-NFC4.3.0.0
2024-11-28 09:16:38,121 [WARN] PackLoader:240 - Cannot read IP mode file for EmbeddedOffice.I-CUBE-FS-RTOS.1.0.1
2024-11-28 09:16:38,122 [ERROR] ConditionMgr:805 - Attr not supported : Dmpu
2024-11-28 09:16:38,122 [ERROR] ConditionMgr:805 - Attr not supported : Dmpu
2024-11-28 09:16:38,122 [ERROR] ConditionMgr:805 - Attr not supported : Dmpu
2024-11-28 09:16:38,122 [ERROR] ConditionMgr:805 - Attr not supported : Dmpu
2024-11-28 09:16:38,122 [ERROR] ConditionMgr:805 - Attr not supported : Dmpu
2024-11-28 09:16:38,122 [ERROR] ConditionMgr:805 - Attr not supported : Dmpu
2024-11-28 09:16:38,122 [ERROR] ConditionMgr:805 - Attr not supported : Dmpu
2024-11-28 09:16:38,122 [ERROR] ConditionMgr:805 - Attr not supported : Dmpu
2024-11-28 09:16:38,123 [ERROR] ConditionMgr:805 - Attr not supported : Dmpu
2024-11-28 09:16:38,123 [ERROR] ConditionMgr:805 - Attr not supported : Dmpu
2024-11-28 09:16:38,123 [ERROR] ConditionMgr:805 - Attr not supported : Dmpu
2024-11-28 09:16:38,123 [ERROR] ConditionMgr:805 - Attr not supported : Dmpu
2024-11-28 09:16:38,123 [ERROR] ConditionMgr:805 - Attr not supported : Dmpu
2024-11-28 09:16:38,123 [ERROR] ConditionMgr:805 - Attr not supported : Dmpu
2024-11-28 09:16:38,123 [ERROR] ConditionMgr:805 - Attr not supported : Dmpu
2024-11-28 09:16:38,123 [ERROR] ConditionMgr:805 - Attr not supported : Dmpu
2024-11-28 09:16:38,123 [ERROR] ConditionMgr:805 - Attr not supported : Dmpu
2024-11-28 09:16:38,123 [ERROR] ConditionMgr:805 - Attr not supported : Dmpu
2024-11-28 09:16:38,124 [ERROR] ConditionMgr:805 - Attr not supported : Dmpu
2024-11-28 09:16:38,124 [ERROR] ConditionMgr:805 - Attr not supported : Dmpu
2024-11-28 09:16:38,124 [ERROR] ConditionMgr:805 - Attr not supported : Dmpu
2024-11-28 09:16:38,124 [ERROR] ConditionMgr:805 - Attr not supported : Dmpu
2024-11-28 09:16:38,124 [ERROR] ConditionMgr:805 - Attr not supported : Dmpu
2024-11-28 09:16:38,124 [ERROR] ConditionMgr:805 - Attr not supported : Dmpu
2024-11-28 09:16:38,124 [ERROR] ConditionMgr:805 - Attr not supported : Dmpu
2024-11-28 09:16:38,124 [ERROR] ConditionMgr:805 - Attr not supported : Dmpu
2024-11-28 09:16:38,125 [ERROR] ConditionMgr:805 - Attr not supported : Dmpu
2024-11-28 09:16:38,125 [ERROR] ConditionMgr:805 - Attr not supported : Dmpu
2024-11-28 09:16:38,125 [ERROR] ConditionMgr:805 - Attr not supported : Dmpu
2024-11-28 09:16:38,125 [ERROR] ConditionMgr:805 - Attr not supported : Dmpu
2024-11-28 09:16:38,125 [ERROR] ConditionMgr:805 - Attr not supported : Dmpu
2024-11-28 09:16:38,125 [ERROR] ConditionMgr:805 - Attr not supported : Dmpu
2024-11-28 09:16:38,125 [ERROR] ConditionMgr:805 - Attr not supported : Dmpu
2024-11-28 09:16:38,125 [ERROR] ConditionMgr:805 - Attr not supported : Dmpu
2024-11-28 09:16:38,126 [ERROR] ConditionMgr:805 - Attr not supported : Dmpu
2024-11-28 09:16:38,126 [ERROR] ConditionMgr:805 - Attr not supported : Dmpu
2024-11-28 09:16:38,126 [ERROR] ConditionMgr:805 - Attr not supported : Dmpu
2024-11-28 09:16:38,126 [ERROR] ConditionMgr:805 - Attr not supported : Dmpu
2024-11-28 09:16:38,126 [ERROR] ConditionMgr:805 - Attr not supported : Dmpu
2024-11-28 09:16:38,126 [ERROR] ConditionMgr:805 - Attr not supported : Dmpu
2024-11-28 09:16:38,126 [ERROR] ConditionMgr:805 - Attr not supported : Dmpu
2024-11-28 09:16:38,127 [ERROR] ConditionMgr:805 - Attr not supported : Dmpu
2024-11-28 09:16:38,127 [ERROR] ConditionMgr:805 - Attr not supported : Dmpu
2024-11-28 09:16:38,127 [ERROR] ConditionMgr:805 - Attr not supported : Dmpu
2024-11-28 09:16:38,127 [ERROR] ConditionMgr:805 - Attr not supported : Dmpu
2024-11-28 09:16:38,127 [ERROR] ConditionMgr:805 - Attr not supported : Dmpu
2024-11-28 09:16:38,127 [ERROR] ConditionMgr:805 - Attr not supported : Dmpu
2024-11-28 09:16:38,127 [ERROR] ConditionMgr:805 - Attr not supported : Dmpu
2024-11-28 09:16:38,128 [ERROR] ConditionMgr:805 - Attr not supported : Dmpu
2024-11-28 09:16:38,128 [ERROR] ConditionMgr:805 - Attr not supported : Dmpu
2024-11-28 09:16:38,128 [ERROR] ConditionMgr:805 - Attr not supported : Dmpu
2024-11-28 09:16:38,128 [ERROR] ConditionMgr:805 - Attr not supported : Dmpu
2024-11-28 09:16:38,128 [ERROR] ConditionMgr:805 - Attr not supported : Dmpu
2024-11-28 09:16:38,128 [ERROR] ConditionMgr:805 - Attr not supported : Dmpu
2024-11-28 09:16:38,128 [ERROR] ConditionMgr:805 - Attr not supported : Dmpu
2024-11-28 09:16:38,128 [ERROR] ConditionMgr:805 - Attr not supported : Dmpu
2024-11-28 09:16:38,129 [ERROR] ConditionMgr:805 - Attr not supported : Dmpu
2024-11-28 09:16:38,129 [ERROR] ConditionMgr:805 - Attr not supported : Dmpu
2024-11-28 09:16:38,129 [ERROR] ConditionMgr:805 - Attr not supported : Dmpu
2024-11-28 09:16:38,129 [ERROR] ConditionMgr:805 - Attr not supported : Dmpu
2024-11-28 09:16:38,129 [ERROR] ConditionMgr:805 - Attr not supported : Dmpu
2024-11-28 09:16:38,129 [ERROR] ConditionMgr:805 - Attr not supported : Dmpu
2024-11-28 09:16:38,129 [ERROR] ConditionMgr:805 - Attr not supported : Dmpu
2024-11-28 09:16:38,129 [ERROR] ConditionMgr:805 - Attr not supported : Dmpu
2024-11-28 09:16:38,485 [WARN] PackLoader:240 - Cannot read IP mode file for RealThread.X-CUBE-RT-Thread_Nano.4.1.1
2024-11-28 09:16:38,619 [WARN] PackLoader:240 - Cannot read IP mode file for STMicroelectronics.FP-ATR-SIGFOX1.3.2.0
2024-11-28 09:16:38,819 [WARN] PackLoader:240 - Cannot read IP mode file for wolfSSL.I-CUBE-wolfSSL.5.7.2
2024-11-28 09:16:39,050 [WARN] ConditionMgr:438 - getConditionDescription Invalid condition id : Cortex-A Device cause : null
2024-11-28 09:16:39,821 [WARN] ConditionMgr:1039 - genDependencies : Invalid condition id : Cortex-A Device cause : null
2024-11-28 09:16:39,821 [WARN] ConditionMgr:1039 - genDependencies : Invalid condition id : Cortex-A Device cause : null
2024-11-28 09:16:39,821 [WARN] ConditionMgr:1039 - genDependencies : Invalid condition id : Cortex-A Device cause : null
2024-11-28 09:16:39,977 [WARN] PackLoader:240 - Cannot read IP mode file for STMicroelectronics.X-CUBE-EEPRMA1.5.1.0
2024-11-28 09:16:40,071 [WARN] PackLoader:240 - Cannot read IP mode file for ITTIA_DB.I-CUBE-ITTIADB.8.9.0
2024-11-28 09:16:40,313 [WARN] PackLoader:240 - Cannot read IP mode file for SEGGER.I-CUBE-embOS.1.3.1
2024-11-28 09:16:40,607 [WARN] PackLoader:240 - Cannot read IP mode file for STMicroelectronics.X-CUBE-ALGOBUILD.1.4.0
2024-11-28 09:16:40,833 [WARN] PackLoader:240 - Cannot read IP mode file for STMicroelectronics.X-CUBE-AI.9.1.0
2024-11-28 09:16:41,124 [WARN] PackLoader:240 - Cannot read IP mode file for STMicroelectronics.X-CUBE-GNSS1.6.0.0
2024-11-28 09:16:41,501 [WARN] PackLoader:240 - Cannot read IP mode file for STMicroelectronics.X-CUBE-AZRTOS-F4.1.1.0
2024-11-28 09:16:41,752 [WARN] PackLoader:240 - Cannot read IP mode file for STMicroelectronics.X-CUBE-ISPU.2.1.0
2024-11-28 09:16:42,001 [WARN] PackLoader:240 - Cannot read IP mode file for STMicroelectronics.X-CUBE-FREERTOS.1.2.0
2024-11-28 09:16:42,352 [WARN] PackLoader:240 - Cannot read IP mode file for STMicroelectronics.X-CUBE-AZRTOS-L5.2.0.0
2024-11-28 09:16:42,473 [WARN] PackLoader:240 - Cannot read IP mode file for STMicroelectronics.X-CUBE-NFC6.3.1.0
2024-11-28 09:16:42,604 [WARN] PackLoader:240 - Cannot read IP mode file for STMicroelectronics.X-CUBE-DPower.1.2.0
2024-11-28 09:16:42,705 [WARN] PackLoader:240 - Cannot read IP mode file for STMicroelectronics.X-CUBE-AI.9.0.0
2024-11-28 09:16:42,872 [WARN] PackLoader:240 - Cannot read IP mode file for STMicroelectronics.X-CUBE-NFC7.1.0.1
2024-11-28 09:16:42,969 [WARN] PackLoader:240 - Cannot read IP mode file for wolfSSL.I-CUBE-wolfTPM.3.2.0
2024-11-28 09:16:43,268 [WARN] ConditionMgr:438 - getConditionDescription Invalid condition id : LAN8742 Phy interface Condition cause : null
2024-11-28 09:16:43,269 [WARN] PackLoader:240 - Cannot read IP mode file for STMicroelectronics.X-CUBE-AZRTOS-L4.2.0.0
2024-11-28 09:16:43,270 [WARN] ConditionMgr:1039 - genDependencies : Invalid condition id : LAN8742 Phy interface Condition cause : null
2024-11-28 09:16:43,271 [WARN] ConditionMgr:1039 - genDependencies : Invalid condition id : LAN8742 Phy interface Condition cause : null
2024-11-28 09:16:43,272 [WARN] ConditionMgr:1039 - genDependencies : Invalid condition id : LAN8742 Phy interface Condition cause : null
2024-11-28 09:16:43,356 [WARN] PackLoader:240 - Cannot read IP mode file for STMicroelectronics.X-CUBE-SFXS2LP1.4.0.0
2024-11-28 09:16:43,525 [WARN] PackLoader:240 - Cannot read IP mode file for STMicroelectronics.X-CUBE-AZRTOS-H7.3.3.0
2024-11-28 09:16:43,642 [WARN] PackLoader:240 - Cannot read IP mode file for STMicroelectronics.X-CUBE-IPS.3.0.0
2024-11-28 09:16:43,862 [WARN] ConditionMgr:438 - getConditionDescription Invalid condition id : UX DEVICE CLASS RTOS Condition cause : null
2024-11-28 09:16:43,862 [WARN] ConditionMgr:438 - getConditionDescription Invalid condition id : UX DEVICE CLASS RTOS Condition cause : null
2024-11-28 09:16:43,864 [WARN] PackLoader:240 - Cannot read IP mode file for STMicroelectronics.X-CUBE-AZRTOS-WB.2.0.0
2024-11-28 09:16:43,865 [WARN] ConditionMgr:1039 - genDependencies : Invalid condition id : UX DEVICE CLASS RTOS Condition cause : null
2024-11-28 09:16:43,865 [WARN] ConditionMgr:1039 - genDependencies : Invalid condition id : UX DEVICE CLASS RTOS Condition cause : null
2024-11-28 09:16:43,865 [WARN] ConditionMgr:1039 - genDependencies : Invalid condition id : UX DEVICE CLASS RTOS Condition cause : null
2024-11-28 09:16:43,865 [WARN] ConditionMgr:1039 - genDependencies : Invalid condition id : UX DEVICE CLASS RTOS Condition cause : null
2024-11-28 09:16:43,866 [WARN] ConditionMgr:1039 - genDependencies : Invalid condition id : UX DEVICE CLASS RTOS Condition cause : null
2024-11-28 09:16:43,939 [WARN] PackLoader:240 - Cannot read IP mode file for STMicroelectronics.X-CUBE-GNSS1.7.0.0
2024-11-28 09:16:44,210 [WARN] PackLoader:240 - Cannot read IP mode file for STMicroelectronics.FP-SNS-STBOX1.2.0.0
2024-11-28 09:16:44,353 [WARN] PackLoader:240 - Cannot read IP mode file for STMicroelectronics.X-CUBE-SUBG2.5.0.0
2024-11-28 09:16:44,444 [WARN] PackLoader:240 - Cannot read IP mode file for Cesanta.I-CUBE-Mongoose.7.13.0
2024-11-28 09:16:44,746 [WARN] PackLoader:240 - Cannot read IP mode file for STMicroelectronics.X-CUBE-AZRTOS-G4.2.0.0
2024-11-28 09:16:45,018 [WARN] PackLoader:240 - Cannot read IP mode file for STMicroelectronics.X-CUBE-ISPU.2.0.0
2024-11-28 09:16:45,085 [WARN] PackLoader:240 - Cannot read IP mode file for STMicroelectronics.X-CUBE-ALS.1.0.2
2024-11-28 09:16:45,497 [WARN] PackLoader:240 - Cannot read IP mode file for STMicroelectronics.X-CUBE-MEMS1.10.0.0
2024-11-28 09:16:45,986 [WARN] PackLoader:240 - Cannot read IP mode file for STMicroelectronics.X-CUBE-TOUCHGFX.4.24.0
2024-11-28 09:16:46,276 [WARN] PackLoader:240 - Cannot read IP mode file for STMicroelectronics.X-CUBE-TOUCHGFX.4.24.1
2024-11-28 09:16:46,458 [WARN] PackLoader:240 - Cannot read IP mode file for portGmbH.I-Cube-SoM-uGOAL.1.1.0
2024-11-28 09:16:47,039 [WARN] PackLoader:240 - Cannot read IP mode file for STMicroelectronics.X-CUBE-AZRTOS-H7RS.1.0.0
2024-11-28 09:16:47,729 [WARN] PackLoader:240 - Cannot read IP mode file for STMicroelectronics.FP-ATR-ASTRA1.2.0.0
2024-11-28 09:16:48,604 [WARN] PackLoader:240 - Cannot read IP mode file for STMicroelectronics.X-CUBE-TOF1.3.4.2
2024-11-28 09:16:49,235 [WARN] PackLoader:240 - Cannot read IP mode file for Infineon.AIROC-Wi-Fi-Bluetooth-STM32.1.6.1
2024-11-28 09:16:49,449 [WARN] PackLoader:240 - Cannot read IP mode file for wolfSSL.I-CUBE-wolfSSH.1.4.17
2024-11-28 09:16:49,449 [INFO] ThirdParty:978 - Integrity check success = true
2024-11-28 09:16:49,449 [INFO] IntegrityCheckThread:100 - exiting critical section [integrity check]
2024-11-28 09:16:49,449 [INFO] IntegrityCheckThread:103 - End integrity checks thread
2024-11-28 09:16:49,592 [INFO] WebApp:167 - Instantiating new browser for Auth
2024-11-28 09:17:07,964 [INFO] WebApp:448 - Apply proxy settings
2024-11-28 09:17:07,964 [INFO] WebApp:533 - Chromium requires no authentication
2024-11-28 09:17:08,831 [INFO] WebApp:476 - Direct internet connection detected
2024-11-28 09:17:10,640 [INFO] WebApp:869 - Register for checkConnection events
2024-11-28 09:17:10,640 [INFO] WebApp:448 - Apply proxy settings
2024-11-28 09:17:10,641 [INFO] WebApp:533 - Chromium requires no authentication
2024-11-28 09:17:10,641 [INFO] WebApp:476 - Direct internet connection detected
2024-11-28 09:17:16,067 [INFO] WebApp:186 - Connection restablished
2024-11-28 09:17:26,235 [INFO] WebApp:220 - Starting web application
2024-11-28 09:17:26,236 [INFO] WebApp:578 - Web application path used C:\ST\STM32CubeIDE_1.16.0\STM32CubeIDE\plugins\com.st.stm32cube.common.mx_6.12.0.202406281431\db\plugins\mcufinder\reactClient1\index.html
2024-11-28 09:17:29,081 [INFO] UserAuth:417 - Internet connection configuration mode: 1
2024-11-28 16:42:00,317 [INFO] WebApp:189 - Connection lost
2024-11-28 16:42:01,941 [INFO] WebApp:186 - Connection restablished
2024-11-28 17:16:09,127 [ERROR] LogOutputStream:75 - [STDERR_REDIRECT] 
2024-11-28 17:16:09,128 [ERROR] LogOutputStream:75 - [STDERR_REDIRECT] 
