2024-11-14 08:42:13,395 [INFO] Activator:176 - 


2024-11-14 08:42:13,419 [INFO] Activator:177 - !SESSION log4j initialized
2024-11-14 08:42:32,922 [INFO] LogOutputStream:77 - [STDOUT_REDIRECT] 
2024-11-14 08:42:48,598 [INFO] ApplicationProperties:184 - Using Application install path: C:\ST\STM32CubeIDE_1.16.0\STM32CubeIDE\plugins\com.st.stm32cube.common.mx_6.12.0.202406281431
2024-11-14 08:42:48,659 [INFO] DbMcusXml:78 - Set database path to: C:\ST\STM32CubeIDE_1.16.0\STM32CubeIDE\plugins\com.st.stm32cube.common.mx_6.12.0.202406281431\\db\/mcu/
2024-11-14 08:42:48,659 [INFO] ApiDb:274 - Set plugin database path to: C:\ST\STM32CubeIDE_1.16.0\STM32CubeIDE\plugins\com.st.stm32cube.common.mx_6.12.0.202406281431\\db\/plugins/boardmanager/
2024-11-14 08:42:48,660 [WARN] ApiDb:259 - Overriding images path with different value:  => C:\ST\STM32CubeIDE_1.16.0\STM32CubeIDE\plugins\com.st.stm32cube.common.mx_6.12.0.202406281431\\db\/plugins/mcufinder/images/
2024-11-14 08:42:49,133 [INFO] ApiDb:250 - Set database path to: C:\Users\User\.stmcufinder\plugins\mcufinder//mcu/
2024-11-14 08:42:49,135 [INFO] DbMcusAds:125 - Set database path to: C:\Users\User\.stmcufinder\plugins\mcufinder//mcu/
2024-11-14 08:42:49,170 [INFO] CrossReferenceDbSqlite:203 - Set database path to: C:\Users\User\.stmcufinder\plugins\mcufinder//mcu/cs/
2024-11-14 08:42:49,470 [INFO] RulesReader:64 - Compatibility file has been processed (297 Rules)
2024-11-14 08:42:49,705 [INFO] DbMcusXml:78 - Set database path to: C:\ST\STM32CubeIDE_1.16.0\STM32CubeIDE\plugins\com.st.stm32cube.common.mx_6.12.0.202406281431\\db\/mcu/
2024-11-14 08:42:49,706 [INFO] ApiDb:274 - Set plugin database path to: C:\ST\STM32CubeIDE_1.16.0\STM32CubeIDE\plugins\com.st.stm32cube.common.mx_6.12.0.202406281431\\db\/plugins/boardmanager/
2024-11-14 08:42:49,706 [INFO] ApiDb:261 - Set plugin images path to: C:\ST\STM32CubeIDE_1.16.0\STM32CubeIDE\plugins\com.st.stm32cube.common.mx_6.12.0.202406281431\\db\/plugins/mcufinder/images/
2024-11-14 08:42:49,706 [WARN] DbFile:41 - Overriding database path with different value: C:\Users\User\.stmcufinder\plugins\mcufinder/ => C:\Users\User\.stmcufinder\plugins\mcufinder
2024-11-14 08:42:49,707 [INFO] ApiDb:250 - Set database path to: C:\Users\User\.stmcufinder\plugins\mcufinder//mcu/
2024-11-14 08:42:49,707 [WARN] DbFile:41 - Overriding database path with different value: C:\Users\User\.stmcufinder\plugins\mcufinder/ => C:\Users\User\.stmcufinder\plugins\mcufinder
2024-11-14 08:42:49,707 [INFO] DbMcusAds:125 - Set database path to: C:\Users\User\.stmcufinder\plugins\mcufinder//mcu/
2024-11-14 08:42:49,707 [WARN] DbFile:41 - Overriding database path with different value: C:\Users\User\.stmcufinder\plugins\mcufinder/ => C:\Users\User\.stmcufinder\plugins\mcufinder
2024-11-14 08:42:49,707 [WARN] DbFile:41 - Overriding database path with different value: C:\Users\User\.stmcufinder\plugins\mcufinder/ => C:\Users\User\.stmcufinder\plugins\mcufinder
2024-11-14 08:42:49,707 [INFO] CrossReferenceDbSqlite:203 - Set database path to: C:\Users\User\.stmcufinder\plugins\mcufinder//mcu/cs/
2024-11-14 08:42:50,035 [INFO] MainPanel:268 - HeapMemory: 268435456
2024-11-14 08:42:50,575 [INFO] DbMcusXml:78 - Set database path to: C:\ST\STM32CubeIDE_1.16.0\STM32CubeIDE\plugins\com.st.stm32cube.common.mx_6.12.0.202406281431\\db\/mcu/
2024-11-14 08:42:50,575 [INFO] ApiDb:274 - Set plugin database path to: C:\ST\STM32CubeIDE_1.16.0\STM32CubeIDE\plugins\com.st.stm32cube.common.mx_6.12.0.202406281431\\db\/plugins/boardmanager/
2024-11-14 08:42:50,575 [INFO] ApiDb:261 - Set plugin images path to: C:\ST\STM32CubeIDE_1.16.0\STM32CubeIDE\plugins\com.st.stm32cube.common.mx_6.12.0.202406281431\\db\/plugins/mcufinder/images/
2024-11-14 08:42:50,576 [WARN] DbFile:41 - Overriding database path with different value: C:\Users\User\.stmcufinder\plugins\mcufinder/ => C:\Users\User\.stmcufinder\plugins\mcufinder
2024-11-14 08:42:50,576 [INFO] ApiDb:250 - Set database path to: C:\Users\User\.stmcufinder\plugins\mcufinder//mcu/
2024-11-14 08:42:50,576 [WARN] DbFile:41 - Overriding database path with different value: C:\Users\User\.stmcufinder\plugins\mcufinder/ => C:\Users\User\.stmcufinder\plugins\mcufinder
2024-11-14 08:42:50,576 [INFO] DbMcusAds:125 - Set database path to: C:\Users\User\.stmcufinder\plugins\mcufinder//mcu/
2024-11-14 08:42:50,576 [WARN] DbFile:41 - Overriding database path with different value: C:\Users\User\.stmcufinder\plugins\mcufinder/ => C:\Users\User\.stmcufinder\plugins\mcufinder
2024-11-14 08:42:50,577 [WARN] DbFile:41 - Overriding database path with different value: C:\Users\User\.stmcufinder\plugins\mcufinder/ => C:\Users\User\.stmcufinder\plugins\mcufinder
2024-11-14 08:42:50,577 [INFO] CrossReferenceDbSqlite:203 - Set database path to: C:\Users\User\.stmcufinder\plugins\mcufinder//mcu/cs/
2024-11-14 08:42:50,634 [INFO] ApplicationProperties:184 - Using Application install path: C:\ST\STM32CubeIDE_1.16.0\STM32CubeIDE\plugins\com.st.stm32cube.common.mx_6.12.0.202406281431
2024-11-14 08:42:50,636 [INFO] PluginManage:196 - Search for loadable plugins [exclusion list=, ]
2024-11-14 08:42:50,638 [INFO] PluginManage:310 - Check plugin analytics
2024-11-14 08:42:55,644 [INFO] AnalyticsPlugin:253 - Accepted Software Licenses: 
2024-11-14 08:42:55,644 [INFO] AnalyticsPlugin:255 - Accepted CMSIS Pack Licenses: 
2024-11-14 08:42:55,645 [INFO] AnalyticsPlugin:257 - Accepted Firmware Licenses: FW.L4.1.18.0
2024-11-14 08:42:55,649 [INFO] PluginManage:359 - Loaded plugin analytics (category:tool,tabindex:-1)
2024-11-14 08:42:55,650 [INFO] PluginManage:310 - Check plugin cadmodel
2024-11-14 08:42:55,714 [INFO] CADModel:105 - Init CAD model plugin
2024-11-14 08:42:55,714 [INFO] PluginManage:359 - Loaded plugin cadmodel (category:power,tabindex:5)
2024-11-14 08:42:55,714 [INFO] PluginManage:310 - Check plugin clock
2024-11-14 08:42:55,771 [INFO] PluginManage:359 - Loaded plugin clock (category:base,tabindex:2)
2024-11-14 08:42:55,771 [INFO] PluginManage:310 - Check plugin ddr
2024-11-14 08:42:55,809 [INFO] PluginManage:359 - Loaded plugin ddr (category:tool,tabindex:6)
2024-11-14 08:42:55,809 [INFO] PluginManage:310 - Check plugin filemanager
2024-11-14 08:42:56,249 [INFO] PluginManage:359 - Loaded plugin filemanager (category:base,tabindex:10)
2024-11-14 08:42:56,249 [INFO] PluginManage:310 - Check plugin ipmanager
2024-11-14 08:42:56,295 [INFO] PluginManage:359 - Loaded plugin ipmanager (category:base,tabindex:5)
2024-11-14 08:42:56,296 [INFO] PluginManage:310 - Check plugin lpbam
2024-11-14 08:42:56,343 [INFO] PluginManage:359 - Loaded plugin lpbam (category:base,tabindex:0)
2024-11-14 08:42:56,343 [INFO] PluginManage:310 - Check plugin memorymap
2024-11-14 08:42:56,400 [INFO] PluginManage:359 - Loaded plugin memorymap (category:base,tabindex:4)
2024-11-14 08:42:56,401 [INFO] PluginManage:310 - Check plugin pinoutandconfiguration
2024-11-14 08:42:56,444 [INFO] PluginManage:359 - Loaded plugin pinoutandconfiguration (category:base,tabindex:1)
2024-11-14 08:42:56,444 [INFO] PluginManage:310 - Check plugin pinoutconfig
2024-11-14 08:42:56,612 [WARN] SupportedApi:132 - Cannot load RTOS API schema: s4s-elt-must-match.1: The content of 'definitions' must match (annotation?, (simpleType | complexType)?, (unique | key | keyref)*)). A problem was found starting at: attribute.
2024-11-14 08:42:56,877 [INFO] PluginManage:359 - Loaded plugin pinoutconfig (category:base,tabindex:0)
2024-11-14 08:42:56,878 [INFO] PluginManage:310 - Check plugin power
2024-11-14 08:42:56,927 [INFO] PluginManage:359 - Loaded plugin power (category:power,tabindex:4)
2024-11-14 08:42:56,927 [INFO] PluginManage:310 - Check plugin projectmanager
2024-11-14 08:42:56,969 [INFO] PluginManage:359 - Loaded plugin projectmanager (category:projectmanager,tabindex:4)
2024-11-14 08:42:56,969 [INFO] PluginManage:310 - Check plugin rif
2024-11-14 08:42:57,066 [INFO] PluginManage:359 - Loaded plugin rif (category:base,tabindex:3)
2024-11-14 08:42:57,066 [INFO] PluginManage:310 - Check plugin thirdparty
2024-11-14 08:42:57,646 [INFO] PluginManage:359 - Loaded plugin thirdparty (category:base,tabindex:-1)
2024-11-14 08:42:57,646 [INFO] PluginManage:310 - Check plugin tools
2024-11-14 08:42:57,645 [WARN] IntegrityCheckThread:84 - waiting for thirdparty lock release [integrity check]
2024-11-14 08:42:57,647 [INFO] IntegrityCheckThread:86 - entering critical section [integrity check]
2024-11-14 08:42:57,647 [INFO] ThirdPartyUpdaterWithRetryManager:70 - Updater plugin not ready yet. [1/15]
2024-11-14 08:42:57,672 [INFO] PluginManage:359 - Loaded plugin tools (category:base,tabindex:7)
2024-11-14 08:42:57,672 [INFO] PluginManage:310 - Check plugin tutovideos
2024-11-14 08:42:58,057 [INFO] PluginManage:359 - Loaded plugin tutovideos (category:base,tabindex:-1)
2024-11-14 08:42:58,057 [INFO] PluginManage:310 - Check plugin updater
2024-11-14 08:42:58,095 [INFO] PluginManage:359 - Loaded plugin updater (category:base,tabindex:12)
2024-11-14 08:42:58,095 [INFO] PluginManage:310 - Check plugin userauth
2024-11-14 08:42:58,123 [INFO] UserAuth:113 - Init User Auth plugin
2024-11-14 08:42:58,123 [INFO] PluginManage:359 - Loaded plugin userauth (category:base,tabindex:14)
2024-11-14 08:42:58,123 [INFO] PluginManage:283 - PluginManage : Loaded plugins [18]
2024-11-14 08:42:58,754 [INFO] PinOutPanel:1561 - setPackage(No Configuration,No Configuration)
2024-11-14 08:42:59,021 [INFO] CADModel:165 - CPN selected for project level
2024-11-14 08:42:59,022 [INFO] CADModel:114 - Register for checkConnection events
2024-11-14 08:42:59,109 [INFO] IPUIPlugin:80 - create IPUIPlugin
2024-11-14 08:42:59,110 [INFO] PluginManager:220 - loadIPPluginJar : add adc
2024-11-14 08:42:59,127 [INFO] IPUIPlugin:80 - create IPUIPlugin
2024-11-14 08:42:59,128 [INFO] PluginManager:220 - loadIPPluginJar : add aes
2024-11-14 08:42:59,151 [INFO] IPUIPlugin:80 - create IPUIPlugin
2024-11-14 08:42:59,151 [INFO] PluginManager:220 - loadIPPluginJar : add can
2024-11-14 08:42:59,168 [INFO] IPUIPlugin:80 - create IPUIPlugin
2024-11-14 08:42:59,168 [INFO] PluginManager:220 - loadIPPluginJar : add comp
2024-11-14 08:42:59,195 [INFO] IPUIPlugin:80 - create IPUIPlugin
2024-11-14 08:42:59,195 [INFO] PluginManager:220 - loadIPPluginJar : add cryp
2024-11-14 08:42:59,426 [INFO] IPUIPlugin:80 - create IPUIPlugin
2024-11-14 08:42:59,426 [INFO] PluginManager:220 - loadIPPluginJar : add ddr_ctrl_phy
2024-11-14 08:42:59,604 [INFO] IPUIPlugin:80 - create IPUIPlugin
2024-11-14 08:42:59,604 [INFO] PluginManager:220 - loadIPPluginJar : add dfsdm
2024-11-14 08:42:59,631 [INFO] IPUIPlugin:80 - create IPUIPlugin
2024-11-14 08:42:59,631 [INFO] PluginManager:220 - loadIPPluginJar : add dma
2024-11-14 08:42:59,646 [INFO] IPUIPlugin:80 - create IPUIPlugin
2024-11-14 08:42:59,646 [INFO] PluginManager:220 - loadIPPluginJar : add dma3
2024-11-14 08:42:59,662 [INFO] IPUIPlugin:80 - create IPUIPlugin
2024-11-14 08:42:59,662 [INFO] PluginManager:220 - loadIPPluginJar : add extmemmanager
2024-11-14 08:42:59,680 [INFO] IPUIPlugin:80 - create IPUIPlugin
2024-11-14 08:42:59,680 [INFO] PluginManager:220 - loadIPPluginJar : add fatfs
2024-11-14 08:42:59,723 [INFO] IPUIPlugin:80 - create IPUIPlugin
2024-11-14 08:42:59,723 [INFO] PluginManager:220 - loadIPPluginJar : add fmc
2024-11-14 08:42:59,749 [INFO] IPUIPlugin:80 - create IPUIPlugin
2024-11-14 08:42:59,749 [INFO] PluginManager:220 - loadIPPluginJar : add freertos
2024-11-14 08:42:59,760 [INFO] IPUIPlugin:80 - create IPUIPlugin
2024-11-14 08:42:59,760 [INFO] PluginManager:220 - loadIPPluginJar : add genericplugin
2024-11-14 08:42:59,764 [INFO] IPUIPlugin:80 - create IPUIPlugin
2024-11-14 08:42:59,764 [INFO] PluginManager:220 - loadIPPluginJar : add gfxmmu
2024-11-14 08:42:59,770 [INFO] IPUIPlugin:80 - create IPUIPlugin
2024-11-14 08:42:59,770 [INFO] PluginManager:220 - loadIPPluginJar : add gic
2024-11-14 08:42:59,792 [INFO] IPUIPlugin:80 - create IPUIPlugin
2024-11-14 08:42:59,793 [INFO] PluginManager:220 - loadIPPluginJar : add gpio
2024-11-14 08:42:59,796 [INFO] IPUIPlugin:80 - create IPUIPlugin
2024-11-14 08:42:59,796 [INFO] PluginManager:220 - loadIPPluginJar : add gtzc
2024-11-14 08:42:59,814 [INFO] IPUIPlugin:80 - create IPUIPlugin
2024-11-14 08:42:59,814 [INFO] PluginManager:220 - loadIPPluginJar : add hash
2024-11-14 08:42:59,829 [INFO] IPUIPlugin:80 - create IPUIPlugin
2024-11-14 08:42:59,829 [INFO] PluginManager:220 - loadIPPluginJar : add i2c
2024-11-14 08:42:59,844 [INFO] IPUIPlugin:80 - create IPUIPlugin
2024-11-14 08:42:59,844 [INFO] PluginManager:220 - loadIPPluginJar : add i2s
2024-11-14 08:42:59,861 [INFO] IPUIPlugin:80 - create IPUIPlugin
2024-11-14 08:42:59,861 [INFO] PluginManager:220 - loadIPPluginJar : add i3c
2024-11-14 08:42:59,866 [INFO] IPUIPlugin:80 - create IPUIPlugin
2024-11-14 08:42:59,866 [INFO] PluginManager:220 - loadIPPluginJar : add ipddr
2024-11-14 08:42:59,890 [INFO] IPUIPlugin:80 - create IPUIPlugin
2024-11-14 08:42:59,890 [INFO] PluginManager:220 - loadIPPluginJar : add linkedlist
2024-11-14 08:42:59,913 [INFO] IPUIPlugin:80 - create IPUIPlugin
2024-11-14 08:42:59,914 [INFO] PluginManager:220 - loadIPPluginJar : add lorawan
2024-11-14 08:42:59,925 [INFO] IPUIPlugin:80 - create IPUIPlugin
2024-11-14 08:42:59,925 [INFO] PluginManager:220 - loadIPPluginJar : add ltdc
2024-11-14 08:42:59,951 [INFO] IPUIPlugin:80 - create IPUIPlugin
2024-11-14 08:42:59,951 [INFO] PluginManager:220 - loadIPPluginJar : add mdma
2024-11-14 08:42:59,992 [INFO] IPUIPlugin:80 - create IPUIPlugin
2024-11-14 08:42:59,992 [INFO] PluginManager:220 - loadIPPluginJar : add nvic
2024-11-14 08:43:00,014 [INFO] IPUIPlugin:80 - create IPUIPlugin
2024-11-14 08:43:00,014 [INFO] PluginManager:220 - loadIPPluginJar : add opamp
2024-11-14 08:43:00,097 [INFO] IPUIPlugin:80 - create IPUIPlugin
2024-11-14 08:43:00,097 [INFO] PluginManager:220 - loadIPPluginJar : add openamp
2024-11-14 08:43:00,122 [INFO] IPUIPlugin:80 - create IPUIPlugin
2024-11-14 08:43:00,122 [INFO] PluginManager:220 - loadIPPluginJar : add pdm2pcm
2024-11-14 08:43:00,143 [INFO] IPUIPlugin:80 - create IPUIPlugin
2024-11-14 08:43:00,146 [INFO] PluginManager:220 - loadIPPluginJar : add plateformsettings
2024-11-14 08:43:00,160 [INFO] IPUIPlugin:80 - create IPUIPlugin
2024-11-14 08:43:00,161 [INFO] PluginManager:220 - loadIPPluginJar : add quadspi
2024-11-14 08:43:00,179 [INFO] IPUIPlugin:80 - create IPUIPlugin
2024-11-14 08:43:00,179 [INFO] PluginManager:220 - loadIPPluginJar : add radio
2024-11-14 08:43:00,200 [INFO] IPUIPlugin:80 - create IPUIPlugin
2024-11-14 08:43:00,200 [INFO] PluginManager:220 - loadIPPluginJar : add resmgrutility
2024-11-14 08:43:00,204 [INFO] IPUIPlugin:80 - create IPUIPlugin
2024-11-14 08:43:00,204 [INFO] PluginManager:220 - loadIPPluginJar : add sai
2024-11-14 08:43:00,208 [INFO] IPUIPlugin:80 - create IPUIPlugin
2024-11-14 08:43:00,209 [INFO] PluginManager:220 - loadIPPluginJar : add spi
2024-11-14 08:43:00,215 [INFO] IPUIPlugin:80 - create IPUIPlugin
2024-11-14 08:43:00,216 [INFO] PluginManager:220 - loadIPPluginJar : add stm32_wpan
2024-11-14 08:43:00,231 [INFO] IPUIPlugin:80 - create IPUIPlugin
2024-11-14 08:43:00,232 [INFO] PluginManager:220 - loadIPPluginJar : add tim
2024-11-14 08:43:00,236 [INFO] IPUIPlugin:80 - create IPUIPlugin
2024-11-14 08:43:00,237 [INFO] PluginManager:220 - loadIPPluginJar : add touchsensing
2024-11-14 08:43:00,248 [INFO] IPUIPlugin:80 - create IPUIPlugin
2024-11-14 08:43:00,248 [INFO] PluginManager:220 - loadIPPluginJar : add tracer_emb
2024-11-14 08:43:00,257 [INFO] IPUIPlugin:80 - create IPUIPlugin
2024-11-14 08:43:00,257 [INFO] PluginManager:220 - loadIPPluginJar : add ts
2024-11-14 08:43:00,268 [INFO] IPUIPlugin:80 - create IPUIPlugin
2024-11-14 08:43:00,269 [INFO] PluginManager:220 - loadIPPluginJar : add tsc
2024-11-14 08:43:00,333 [INFO] IPUIPlugin:80 - create IPUIPlugin
2024-11-14 08:43:00,333 [INFO] PluginManager:220 - loadIPPluginJar : add ucpd
2024-11-14 08:43:00,359 [INFO] IPUIPlugin:80 - create IPUIPlugin
2024-11-14 08:43:00,360 [INFO] PluginManager:220 - loadIPPluginJar : add usart
2024-11-14 08:43:00,364 [INFO] IPUIPlugin:80 - create IPUIPlugin
2024-11-14 08:43:00,365 [INFO] PluginManager:220 - loadIPPluginJar : add usbx
2024-11-14 08:43:00,547 [INFO] CADModel:165 - CPN selected for project level
2024-11-14 08:43:00,547 [INFO] CADModel:114 - Register for checkConnection events
2024-11-14 08:43:00,547 [FATAL] Updater:334 - Updater called before beeing initialized
2024-11-14 08:43:00,547 [ERROR] CADModel:125 - Updater not yet initialized, retry later 
2024-11-14 08:43:00,649 [INFO] ThirdPartyUpdaterWithRetryManager:70 - Updater plugin not ready yet. [2/15]
2024-11-14 08:43:00,983 [INFO] CADModel:165 - CPN selected for project level
2024-11-14 08:43:00,984 [INFO] CADModel:114 - Register for checkConnection events
2024-11-14 08:43:00,984 [FATAL] Updater:334 - Updater called before beeing initialized
2024-11-14 08:43:00,984 [ERROR] CADModel:125 - Updater not yet initialized, retry later 
2024-11-14 08:43:01,000 [FATAL] Updater:334 - Updater called before beeing initialized
2024-11-14 08:43:01,367 [FATAL] Updater:334 - Updater called before beeing initialized
2024-11-14 08:43:01,383 [INFO] DbMcusAds:53 - JSON generation date=Fri Sep 20 14:04:38 WAT 2024 (1726837478367)
2024-11-14 08:43:01,383 [FATAL] Updater:334 - Updater called before beeing initialized
2024-11-14 08:43:01,527 [WARN] DetailPanel:346 - Failed to get advertising image, set to default
2024-11-14 08:43:01,700 [FATAL] Updater:334 - Updater called before beeing initialized
2024-11-14 08:43:01,703 [FATAL] Updater:334 - Updater called before beeing initialized
2024-11-14 08:43:01,703 [FATAL] Updater:334 - Updater called before beeing initialized
2024-11-14 08:43:01,704 [WARN] DetailPanel:346 - Failed to get advertising image, set to default
2024-11-14 08:43:01,708 [FATAL] Updater:334 - Updater called before beeing initialized
2024-11-14 08:43:01,877 [ERROR] Updater:1164 - MainUpdater not yet initialized. External WinMGr cannot be set.
2024-11-14 08:43:01,891 [INFO] Updater:1100 - Updater Version found : 6.12.0
2024-11-14 08:43:01,948 [INFO] ApplicationProperties:184 - Using Application install path: C:\ST\STM32CubeIDE_1.16.0\STM32CubeIDE\plugins\com.st.stm32cube.common.mx_6.12.0.202406281431
2024-11-14 08:43:03,618 [ERROR] LogOutputStream:75 - [STDERR_REDIRECT] Nov 14, 2024 8:43:03 AM java.util.prefs.WindowsPreferences <init>
2024-11-14 08:43:03,623 [ERROR] LogOutputStream:75 - [STDERR_REDIRECT] WARNING: Could not open/create prefs root node Software\JavaSoft\Prefs at root 0xffffffff80000002. Windows RegCreateKeyEx(...) returned error code 5.
2024-11-14 08:43:03,623 [ERROR] LogOutputStream:75 - [STDERR_REDIRECT] 
2024-11-14 08:43:03,650 [FATAL] Updater:334 - Updater called before beeing initialized
2024-11-14 08:43:03,650 [ERROR] IntegrityCheckThread:130 - Cannot retrieve database content from updater: error 21
2024-11-14 08:43:03,650 [INFO] ThirdParty:978 - Integrity check success = false
2024-11-14 08:43:03,651 [INFO] IntegrityCheckThread:100 - exiting critical section [integrity check]
2024-11-14 08:43:03,651 [INFO] IntegrityCheckThread:103 - End integrity checks thread
2024-11-14 08:43:04,623 [INFO] MainUpdater:2873 - connection check result : 10
2024-11-14 08:43:04,625 [INFO] MainUpdater:290 - Updater Check For Update Now.
2024-11-14 08:43:04,626 [INFO] MicroXplorer:498 - Change Database Version : DB.6.0.120
2024-11-14 08:43:04,662 [INFO] McuFinderGlobals:63 - Set McuFinder mode to 2 (CubeIDE integrated)
2024-11-14 08:43:04,685 [INFO] UserAuth:417 - Internet connection configuration mode: 1
2024-11-14 08:43:04,816 [INFO] JxBrowserEngine:152 - Initiate JxBrowser Engine with user profile folder
2024-11-14 08:43:05,017 [INFO] CheckServerUpdateThread:120 - End of CheckServer Thread
2024-11-14 08:43:16,343 [INFO] WebApp:167 - Instantiating new browser for Auth
2024-11-14 08:43:24,843 [INFO] WebApp:448 - Apply proxy settings
2024-11-14 08:43:24,844 [INFO] WebApp:533 - Chromium requires no authentication
2024-11-14 08:43:25,643 [INFO] WebApp:476 - Direct internet connection detected
2024-11-14 08:43:27,357 [INFO] WebApp:869 - Register for checkConnection events
2024-11-14 08:43:27,357 [INFO] WebApp:448 - Apply proxy settings
2024-11-14 08:43:27,357 [INFO] WebApp:533 - Chromium requires no authentication
2024-11-14 08:43:27,358 [INFO] WebApp:476 - Direct internet connection detected
2024-11-14 08:43:30,159 [INFO] WebApp:186 - Connection restablished
2024-11-14 08:43:36,703 [INFO] WebApp:220 - Starting web application
2024-11-14 08:43:36,703 [INFO] WebApp:578 - Web application path used C:\ST\STM32CubeIDE_1.16.0\STM32CubeIDE\plugins\com.st.stm32cube.common.mx_6.12.0.202406281431\db\plugins\mcufinder\reactClient1\index.html
2024-11-14 08:43:38,926 [INFO] UserAuth:417 - Internet connection configuration mode: 1
2024-11-14 17:20:45,283 [ERROR] LogOutputStream:75 - [STDERR_REDIRECT] 
2024-11-14 17:20:45,285 [ERROR] LogOutputStream:75 - [STDERR_REDIRECT] 
