2024-11-27 08:11:14,830 [INFO] Activator:176 - 


2024-11-27 08:11:14,883 [INFO] Activator:177 - !SESSION log4j initialized
2024-11-27 08:11:47,388 [INFO] LogOutputStream:77 - [STDOUT_REDIRECT] 
2024-11-27 08:12:01,481 [INFO] ApplicationProperties:184 - Using Application install path: C:\ST\STM32CubeIDE_1.16.0\STM32CubeIDE\plugins\com.st.stm32cube.common.mx_6.12.0.202406281431
2024-11-27 08:12:01,583 [INFO] DbMcusXml:78 - Set database path to: C:\ST\STM32CubeIDE_1.16.0\STM32CubeIDE\plugins\com.st.stm32cube.common.mx_6.12.0.202406281431\\db\/mcu/
2024-11-27 08:12:01,584 [INFO] ApiDb:274 - Set plugin database path to: C:\ST\STM32CubeIDE_1.16.0\STM32CubeIDE\plugins\com.st.stm32cube.common.mx_6.12.0.202406281431\\db\/plugins/boardmanager/
2024-11-27 08:12:01,585 [WARN] ApiDb:259 - Overriding images path with different value:  => C:\ST\STM32CubeIDE_1.16.0\STM32CubeIDE\plugins\com.st.stm32cube.common.mx_6.12.0.202406281431\\db\/plugins/mcufinder/images/
2024-11-27 08:12:01,650 [INFO] ApiDb:250 - Set database path to: C:\Users\User\.stmcufinder\plugins\mcufinder//mcu/
2024-11-27 08:12:01,652 [INFO] DbMcusAds:125 - Set database path to: C:\Users\User\.stmcufinder\plugins\mcufinder//mcu/
2024-11-27 08:12:01,907 [INFO] CrossReferenceDbSqlite:203 - Set database path to: C:\Users\User\.stmcufinder\plugins\mcufinder//mcu/cs/
2024-11-27 08:12:02,308 [INFO] RulesReader:64 - Compatibility file has been processed (297 Rules)
2024-11-27 08:12:02,636 [INFO] DbMcusXml:78 - Set database path to: C:\ST\STM32CubeIDE_1.16.0\STM32CubeIDE\plugins\com.st.stm32cube.common.mx_6.12.0.202406281431\\db\/mcu/
2024-11-27 08:12:02,637 [INFO] ApiDb:274 - Set plugin database path to: C:\ST\STM32CubeIDE_1.16.0\STM32CubeIDE\plugins\com.st.stm32cube.common.mx_6.12.0.202406281431\\db\/plugins/boardmanager/
2024-11-27 08:12:02,637 [INFO] ApiDb:261 - Set plugin images path to: C:\ST\STM32CubeIDE_1.16.0\STM32CubeIDE\plugins\com.st.stm32cube.common.mx_6.12.0.202406281431\\db\/plugins/mcufinder/images/
2024-11-27 08:12:02,637 [WARN] DbFile:41 - Overriding database path with different value: C:\Users\User\.stmcufinder\plugins\mcufinder/ => C:\Users\User\.stmcufinder\plugins\mcufinder
2024-11-27 08:12:02,638 [INFO] ApiDb:250 - Set database path to: C:\Users\User\.stmcufinder\plugins\mcufinder//mcu/
2024-11-27 08:12:02,638 [WARN] DbFile:41 - Overriding database path with different value: C:\Users\User\.stmcufinder\plugins\mcufinder/ => C:\Users\User\.stmcufinder\plugins\mcufinder
2024-11-27 08:12:02,638 [INFO] DbMcusAds:125 - Set database path to: C:\Users\User\.stmcufinder\plugins\mcufinder//mcu/
2024-11-27 08:12:02,638 [WARN] DbFile:41 - Overriding database path with different value: C:\Users\User\.stmcufinder\plugins\mcufinder/ => C:\Users\User\.stmcufinder\plugins\mcufinder
2024-11-27 08:12:02,638 [WARN] DbFile:41 - Overriding database path with different value: C:\Users\User\.stmcufinder\plugins\mcufinder/ => C:\Users\User\.stmcufinder\plugins\mcufinder
2024-11-27 08:12:02,639 [INFO] CrossReferenceDbSqlite:203 - Set database path to: C:\Users\User\.stmcufinder\plugins\mcufinder//mcu/cs/
2024-11-27 08:12:03,013 [INFO] MainPanel:268 - HeapMemory: 268435456
2024-11-27 08:12:04,018 [INFO] DbMcusXml:78 - Set database path to: C:\ST\STM32CubeIDE_1.16.0\STM32CubeIDE\plugins\com.st.stm32cube.common.mx_6.12.0.202406281431\\db\/mcu/
2024-11-27 08:12:04,018 [INFO] ApiDb:274 - Set plugin database path to: C:\ST\STM32CubeIDE_1.16.0\STM32CubeIDE\plugins\com.st.stm32cube.common.mx_6.12.0.202406281431\\db\/plugins/boardmanager/
2024-11-27 08:12:04,018 [INFO] ApiDb:261 - Set plugin images path to: C:\ST\STM32CubeIDE_1.16.0\STM32CubeIDE\plugins\com.st.stm32cube.common.mx_6.12.0.202406281431\\db\/plugins/mcufinder/images/
2024-11-27 08:12:04,019 [WARN] DbFile:41 - Overriding database path with different value: C:\Users\User\.stmcufinder\plugins\mcufinder/ => C:\Users\User\.stmcufinder\plugins\mcufinder
2024-11-27 08:12:04,019 [INFO] ApiDb:250 - Set database path to: C:\Users\User\.stmcufinder\plugins\mcufinder//mcu/
2024-11-27 08:12:04,020 [WARN] DbFile:41 - Overriding database path with different value: C:\Users\User\.stmcufinder\plugins\mcufinder/ => C:\Users\User\.stmcufinder\plugins\mcufinder
2024-11-27 08:12:04,020 [INFO] DbMcusAds:125 - Set database path to: C:\Users\User\.stmcufinder\plugins\mcufinder//mcu/
2024-11-27 08:12:04,020 [WARN] DbFile:41 - Overriding database path with different value: C:\Users\User\.stmcufinder\plugins\mcufinder/ => C:\Users\User\.stmcufinder\plugins\mcufinder
2024-11-27 08:12:04,020 [WARN] DbFile:41 - Overriding database path with different value: C:\Users\User\.stmcufinder\plugins\mcufinder/ => C:\Users\User\.stmcufinder\plugins\mcufinder
2024-11-27 08:12:04,021 [INFO] CrossReferenceDbSqlite:203 - Set database path to: C:\Users\User\.stmcufinder\plugins\mcufinder//mcu/cs/
2024-11-27 08:12:04,054 [INFO] ApplicationProperties:184 - Using Application install path: C:\ST\STM32CubeIDE_1.16.0\STM32CubeIDE\plugins\com.st.stm32cube.common.mx_6.12.0.202406281431
2024-11-27 08:12:04,056 [INFO] PluginManage:196 - Search for loadable plugins [exclusion list=, ]
2024-11-27 08:12:04,058 [INFO] PluginManage:310 - Check plugin analytics
2024-11-27 08:12:04,726 [INFO] AnalyticsPlugin:253 - Accepted Software Licenses: 
2024-11-27 08:12:04,726 [INFO] AnalyticsPlugin:255 - Accepted CMSIS Pack Licenses: 
2024-11-27 08:12:04,726 [INFO] AnalyticsPlugin:257 - Accepted Firmware Licenses: FW.L4.1.18.0
2024-11-27 08:12:04,730 [INFO] PluginManage:359 - Loaded plugin analytics (category:tool,tabindex:-1)
2024-11-27 08:12:04,730 [INFO] PluginManage:310 - Check plugin cadmodel
2024-11-27 08:12:04,997 [INFO] CADModel:105 - Init CAD model plugin
2024-11-27 08:12:04,998 [INFO] PluginManage:359 - Loaded plugin cadmodel (category:power,tabindex:5)
2024-11-27 08:12:04,998 [INFO] PluginManage:310 - Check plugin clock
2024-11-27 08:12:05,133 [INFO] PluginManage:359 - Loaded plugin clock (category:base,tabindex:2)
2024-11-27 08:12:05,133 [INFO] PluginManage:310 - Check plugin ddr
2024-11-27 08:12:05,251 [INFO] PluginManage:359 - Loaded plugin ddr (category:tool,tabindex:6)
2024-11-27 08:12:05,252 [INFO] PluginManage:310 - Check plugin filemanager
2024-11-27 08:12:05,653 [INFO] PluginManage:359 - Loaded plugin filemanager (category:base,tabindex:10)
2024-11-27 08:12:05,653 [INFO] PluginManage:310 - Check plugin ipmanager
2024-11-27 08:12:05,678 [INFO] PluginManage:359 - Loaded plugin ipmanager (category:base,tabindex:5)
2024-11-27 08:12:05,678 [INFO] PluginManage:310 - Check plugin lpbam
2024-11-27 08:12:05,723 [INFO] PluginManage:359 - Loaded plugin lpbam (category:base,tabindex:0)
2024-11-27 08:12:05,724 [INFO] PluginManage:310 - Check plugin memorymap
2024-11-27 08:12:05,801 [INFO] PluginManage:359 - Loaded plugin memorymap (category:base,tabindex:4)
2024-11-27 08:12:05,802 [INFO] PluginManage:310 - Check plugin pinoutandconfiguration
2024-11-27 08:12:05,846 [INFO] PluginManage:359 - Loaded plugin pinoutandconfiguration (category:base,tabindex:1)
2024-11-27 08:12:05,846 [INFO] PluginManage:310 - Check plugin pinoutconfig
2024-11-27 08:12:06,209 [WARN] SupportedApi:132 - Cannot load RTOS API schema: s4s-elt-must-match.1: The content of 'definitions' must match (annotation?, (simpleType | complexType)?, (unique | key | keyref)*)). A problem was found starting at: attribute.
2024-11-27 08:12:06,575 [INFO] PluginManage:359 - Loaded plugin pinoutconfig (category:base,tabindex:0)
2024-11-27 08:12:06,575 [INFO] PluginManage:310 - Check plugin power
2024-11-27 08:12:06,634 [INFO] PluginManage:359 - Loaded plugin power (category:power,tabindex:4)
2024-11-27 08:12:06,635 [INFO] PluginManage:310 - Check plugin projectmanager
2024-11-27 08:12:06,685 [INFO] PluginManage:359 - Loaded plugin projectmanager (category:projectmanager,tabindex:4)
2024-11-27 08:12:06,686 [INFO] PluginManage:310 - Check plugin rif
2024-11-27 08:12:06,749 [INFO] PluginManage:359 - Loaded plugin rif (category:base,tabindex:3)
2024-11-27 08:12:06,749 [INFO] PluginManage:310 - Check plugin thirdparty
2024-11-27 08:12:07,768 [INFO] PluginManage:359 - Loaded plugin thirdparty (category:base,tabindex:-1)
2024-11-27 08:12:07,768 [WARN] IntegrityCheckThread:84 - waiting for thirdparty lock release [integrity check]
2024-11-27 08:12:07,768 [INFO] IntegrityCheckThread:86 - entering critical section [integrity check]
2024-11-27 08:12:07,768 [INFO] PluginManage:310 - Check plugin tools
2024-11-27 08:12:07,769 [INFO] ThirdPartyUpdaterWithRetryManager:70 - Updater plugin not ready yet. [1/15]
2024-11-27 08:12:07,795 [INFO] PluginManage:359 - Loaded plugin tools (category:base,tabindex:7)
2024-11-27 08:12:07,795 [INFO] PluginManage:310 - Check plugin tutovideos
2024-11-27 08:12:08,336 [INFO] PluginManage:359 - Loaded plugin tutovideos (category:base,tabindex:-1)
2024-11-27 08:12:08,336 [INFO] PluginManage:310 - Check plugin updater
2024-11-27 08:12:08,380 [INFO] PluginManage:359 - Loaded plugin updater (category:base,tabindex:12)
2024-11-27 08:12:08,381 [INFO] PluginManage:310 - Check plugin userauth
2024-11-27 08:12:08,438 [INFO] UserAuth:113 - Init User Auth plugin
2024-11-27 08:12:08,438 [INFO] PluginManage:359 - Loaded plugin userauth (category:base,tabindex:14)
2024-11-27 08:12:08,439 [INFO] PluginManage:283 - PluginManage : Loaded plugins [18]
2024-11-27 08:12:09,606 [INFO] PinOutPanel:1561 - setPackage(No Configuration,No Configuration)
2024-11-27 08:12:10,097 [INFO] CADModel:165 - CPN selected for project level
2024-11-27 08:12:10,097 [INFO] CADModel:114 - Register for checkConnection events
2024-11-27 08:12:10,190 [INFO] IPUIPlugin:80 - create IPUIPlugin
2024-11-27 08:12:10,190 [INFO] PluginManager:220 - loadIPPluginJar : add adc
2024-11-27 08:12:10,207 [INFO] IPUIPlugin:80 - create IPUIPlugin
2024-11-27 08:12:10,207 [INFO] PluginManager:220 - loadIPPluginJar : add aes
2024-11-27 08:12:10,228 [INFO] IPUIPlugin:80 - create IPUIPlugin
2024-11-27 08:12:10,228 [INFO] PluginManager:220 - loadIPPluginJar : add can
2024-11-27 08:12:10,246 [INFO] IPUIPlugin:80 - create IPUIPlugin
2024-11-27 08:12:10,246 [INFO] PluginManager:220 - loadIPPluginJar : add comp
2024-11-27 08:12:10,479 [INFO] IPUIPlugin:80 - create IPUIPlugin
2024-11-27 08:12:10,480 [INFO] PluginManager:220 - loadIPPluginJar : add cryp
2024-11-27 08:12:10,530 [INFO] IPUIPlugin:80 - create IPUIPlugin
2024-11-27 08:12:10,530 [INFO] PluginManager:220 - loadIPPluginJar : add ddr_ctrl_phy
2024-11-27 08:12:10,546 [INFO] IPUIPlugin:80 - create IPUIPlugin
2024-11-27 08:12:10,546 [INFO] PluginManager:220 - loadIPPluginJar : add dfsdm
2024-11-27 08:12:10,577 [INFO] IPUIPlugin:80 - create IPUIPlugin
2024-11-27 08:12:10,578 [INFO] PluginManager:220 - loadIPPluginJar : add dma
2024-11-27 08:12:10,600 [INFO] IPUIPlugin:80 - create IPUIPlugin
2024-11-27 08:12:10,601 [INFO] PluginManager:220 - loadIPPluginJar : add dma3
2024-11-27 08:12:10,616 [INFO] IPUIPlugin:80 - create IPUIPlugin
2024-11-27 08:12:10,616 [INFO] PluginManager:220 - loadIPPluginJar : add extmemmanager
2024-11-27 08:12:10,635 [INFO] IPUIPlugin:80 - create IPUIPlugin
2024-11-27 08:12:10,635 [INFO] PluginManager:220 - loadIPPluginJar : add fatfs
2024-11-27 08:12:10,668 [INFO] IPUIPlugin:80 - create IPUIPlugin
2024-11-27 08:12:10,668 [INFO] PluginManager:220 - loadIPPluginJar : add fmc
2024-11-27 08:12:10,700 [INFO] IPUIPlugin:80 - create IPUIPlugin
2024-11-27 08:12:10,701 [INFO] PluginManager:220 - loadIPPluginJar : add freertos
2024-11-27 08:12:10,723 [INFO] IPUIPlugin:80 - create IPUIPlugin
2024-11-27 08:12:10,723 [INFO] PluginManager:220 - loadIPPluginJar : add genericplugin
2024-11-27 08:12:10,741 [INFO] IPUIPlugin:80 - create IPUIPlugin
2024-11-27 08:12:10,741 [INFO] PluginManager:220 - loadIPPluginJar : add gfxmmu
2024-11-27 08:12:10,748 [INFO] IPUIPlugin:80 - create IPUIPlugin
2024-11-27 08:12:10,748 [INFO] PluginManager:220 - loadIPPluginJar : add gic
2024-11-27 08:12:10,770 [INFO] ThirdPartyUpdaterWithRetryManager:70 - Updater plugin not ready yet. [2/15]
2024-11-27 08:12:10,772 [INFO] IPUIPlugin:80 - create IPUIPlugin
2024-11-27 08:12:10,773 [INFO] PluginManager:220 - loadIPPluginJar : add gpio
2024-11-27 08:12:10,777 [INFO] IPUIPlugin:80 - create IPUIPlugin
2024-11-27 08:12:10,778 [INFO] PluginManager:220 - loadIPPluginJar : add gtzc
2024-11-27 08:12:10,825 [INFO] IPUIPlugin:80 - create IPUIPlugin
2024-11-27 08:12:10,825 [INFO] PluginManager:220 - loadIPPluginJar : add hash
2024-11-27 08:12:10,849 [INFO] IPUIPlugin:80 - create IPUIPlugin
2024-11-27 08:12:10,849 [INFO] PluginManager:220 - loadIPPluginJar : add i2c
2024-11-27 08:12:10,881 [INFO] IPUIPlugin:80 - create IPUIPlugin
2024-11-27 08:12:10,882 [INFO] PluginManager:220 - loadIPPluginJar : add i2s
2024-11-27 08:12:10,909 [INFO] IPUIPlugin:80 - create IPUIPlugin
2024-11-27 08:12:10,909 [INFO] PluginManager:220 - loadIPPluginJar : add i3c
2024-11-27 08:12:10,915 [INFO] IPUIPlugin:80 - create IPUIPlugin
2024-11-27 08:12:10,916 [INFO] PluginManager:220 - loadIPPluginJar : add ipddr
2024-11-27 08:12:10,989 [INFO] IPUIPlugin:80 - create IPUIPlugin
2024-11-27 08:12:10,989 [INFO] PluginManager:220 - loadIPPluginJar : add linkedlist
2024-11-27 08:12:11,017 [INFO] IPUIPlugin:80 - create IPUIPlugin
2024-11-27 08:12:11,017 [INFO] PluginManager:220 - loadIPPluginJar : add lorawan
2024-11-27 08:12:11,054 [INFO] IPUIPlugin:80 - create IPUIPlugin
2024-11-27 08:12:11,054 [INFO] PluginManager:220 - loadIPPluginJar : add ltdc
2024-11-27 08:12:11,079 [INFO] IPUIPlugin:80 - create IPUIPlugin
2024-11-27 08:12:11,079 [INFO] PluginManager:220 - loadIPPluginJar : add mdma
2024-11-27 08:12:11,096 [INFO] IPUIPlugin:80 - create IPUIPlugin
2024-11-27 08:12:11,096 [INFO] PluginManager:220 - loadIPPluginJar : add nvic
2024-11-27 08:12:11,118 [INFO] IPUIPlugin:80 - create IPUIPlugin
2024-11-27 08:12:11,118 [INFO] PluginManager:220 - loadIPPluginJar : add opamp
2024-11-27 08:12:11,148 [INFO] IPUIPlugin:80 - create IPUIPlugin
2024-11-27 08:12:11,149 [INFO] PluginManager:220 - loadIPPluginJar : add openamp
2024-11-27 08:12:11,168 [INFO] IPUIPlugin:80 - create IPUIPlugin
2024-11-27 08:12:11,168 [INFO] PluginManager:220 - loadIPPluginJar : add pdm2pcm
2024-11-27 08:12:11,189 [INFO] IPUIPlugin:80 - create IPUIPlugin
2024-11-27 08:12:11,193 [INFO] PluginManager:220 - loadIPPluginJar : add plateformsettings
2024-11-27 08:12:11,224 [INFO] IPUIPlugin:80 - create IPUIPlugin
2024-11-27 08:12:11,224 [INFO] PluginManager:220 - loadIPPluginJar : add quadspi
2024-11-27 08:12:11,249 [INFO] IPUIPlugin:80 - create IPUIPlugin
2024-11-27 08:12:11,250 [INFO] PluginManager:220 - loadIPPluginJar : add radio
2024-11-27 08:12:11,280 [INFO] IPUIPlugin:80 - create IPUIPlugin
2024-11-27 08:12:11,280 [INFO] PluginManager:220 - loadIPPluginJar : add resmgrutility
2024-11-27 08:12:11,285 [INFO] IPUIPlugin:80 - create IPUIPlugin
2024-11-27 08:12:11,286 [INFO] PluginManager:220 - loadIPPluginJar : add sai
2024-11-27 08:12:11,290 [INFO] IPUIPlugin:80 - create IPUIPlugin
2024-11-27 08:12:11,290 [INFO] PluginManager:220 - loadIPPluginJar : add spi
2024-11-27 08:12:11,298 [INFO] IPUIPlugin:80 - create IPUIPlugin
2024-11-27 08:12:11,298 [INFO] PluginManager:220 - loadIPPluginJar : add stm32_wpan
2024-11-27 08:12:11,312 [INFO] IPUIPlugin:80 - create IPUIPlugin
2024-11-27 08:12:11,312 [INFO] PluginManager:220 - loadIPPluginJar : add tim
2024-11-27 08:12:11,330 [INFO] IPUIPlugin:80 - create IPUIPlugin
2024-11-27 08:12:11,330 [INFO] PluginManager:220 - loadIPPluginJar : add touchsensing
2024-11-27 08:12:11,352 [INFO] IPUIPlugin:80 - create IPUIPlugin
2024-11-27 08:12:11,352 [INFO] PluginManager:220 - loadIPPluginJar : add tracer_emb
2024-11-27 08:12:11,361 [INFO] IPUIPlugin:80 - create IPUIPlugin
2024-11-27 08:12:11,361 [INFO] PluginManager:220 - loadIPPluginJar : add ts
2024-11-27 08:12:11,372 [INFO] IPUIPlugin:80 - create IPUIPlugin
2024-11-27 08:12:11,372 [INFO] PluginManager:220 - loadIPPluginJar : add tsc
2024-11-27 08:12:11,383 [INFO] IPUIPlugin:80 - create IPUIPlugin
2024-11-27 08:12:11,383 [INFO] PluginManager:220 - loadIPPluginJar : add ucpd
2024-11-27 08:12:11,422 [INFO] IPUIPlugin:80 - create IPUIPlugin
2024-11-27 08:12:11,423 [INFO] PluginManager:220 - loadIPPluginJar : add usart
2024-11-27 08:12:11,428 [INFO] IPUIPlugin:80 - create IPUIPlugin
2024-11-27 08:12:11,428 [INFO] PluginManager:220 - loadIPPluginJar : add usbx
2024-11-27 08:12:11,678 [INFO] CADModel:165 - CPN selected for project level
2024-11-27 08:12:11,678 [INFO] CADModel:114 - Register for checkConnection events
2024-11-27 08:12:11,678 [FATAL] Updater:334 - Updater called before beeing initialized
2024-11-27 08:12:11,679 [ERROR] CADModel:125 - Updater not yet initialized, retry later 
2024-11-27 08:12:12,146 [INFO] CADModel:165 - CPN selected for project level
2024-11-27 08:12:12,147 [INFO] CADModel:114 - Register for checkConnection events
2024-11-27 08:12:12,147 [FATAL] Updater:334 - Updater called before beeing initialized
2024-11-27 08:12:12,147 [ERROR] CADModel:125 - Updater not yet initialized, retry later 
2024-11-27 08:12:12,169 [FATAL] Updater:334 - Updater called before beeing initialized
2024-11-27 08:12:12,766 [FATAL] Updater:334 - Updater called before beeing initialized
2024-11-27 08:12:12,782 [INFO] DbMcusAds:53 - JSON generation date=Fri Sep 20 14:04:38 WAT 2024 (1726837478367)
2024-11-27 08:12:12,782 [FATAL] Updater:334 - Updater called before beeing initialized
2024-11-27 08:12:12,992 [WARN] DetailPanel:346 - Failed to get advertising image, set to default
2024-11-27 08:12:13,146 [FATAL] Updater:334 - Updater called before beeing initialized
2024-11-27 08:12:13,149 [FATAL] Updater:334 - Updater called before beeing initialized
2024-11-27 08:12:13,149 [FATAL] Updater:334 - Updater called before beeing initialized
2024-11-27 08:12:13,150 [WARN] DetailPanel:346 - Failed to get advertising image, set to default
2024-11-27 08:12:13,151 [FATAL] Updater:334 - Updater called before beeing initialized
2024-11-27 08:12:13,362 [ERROR] Updater:1164 - MainUpdater not yet initialized. External WinMGr cannot be set.
2024-11-27 08:12:13,376 [INFO] Updater:1100 - Updater Version found : 6.12.0
2024-11-27 08:12:13,771 [INFO] ThirdPartyUpdaterWithRetryManager:70 - Updater plugin not ready yet. [3/15]
2024-11-27 08:12:13,820 [INFO] ApplicationProperties:184 - Using Application install path: C:\ST\STM32CubeIDE_1.16.0\STM32CubeIDE\plugins\com.st.stm32cube.common.mx_6.12.0.202406281431
2024-11-27 08:12:15,480 [ERROR] LogOutputStream:75 - [STDERR_REDIRECT] Nov 27, 2024 8:12:15 AM java.util.prefs.WindowsPreferences <init>
2024-11-27 08:12:15,485 [ERROR] LogOutputStream:75 - [STDERR_REDIRECT] WARNING: Could not open/create prefs root node Software\JavaSoft\Prefs at root 0xffffffff80000002. Windows RegCreateKeyEx(...) returned error code 5.
2024-11-27 08:12:15,485 [ERROR] LogOutputStream:75 - [STDERR_REDIRECT] 
2024-11-27 08:12:16,771 [FATAL] Updater:334 - Updater called before beeing initialized
2024-11-27 08:12:16,772 [ERROR] IntegrityCheckThread:130 - Cannot retrieve database content from updater: error 21
2024-11-27 08:12:16,772 [INFO] ThirdParty:978 - Integrity check success = false
2024-11-27 08:12:16,772 [INFO] IntegrityCheckThread:100 - exiting critical section [integrity check]
2024-11-27 08:12:16,773 [INFO] IntegrityCheckThread:103 - End integrity checks thread
2024-11-27 08:12:17,091 [INFO] MainUpdater:2873 - connection check result : 10
2024-11-27 08:12:17,092 [INFO] MainUpdater:290 - Updater Check For Update Now.
2024-11-27 08:12:17,092 [INFO] MicroXplorer:498 - Change Database Version : DB.6.0.120
2024-11-27 08:12:17,137 [INFO] McuFinderGlobals:63 - Set McuFinder mode to 2 (CubeIDE integrated)
2024-11-27 08:12:17,175 [INFO] UserAuth:417 - Internet connection configuration mode: 1
2024-11-27 08:12:17,342 [INFO] JxBrowserEngine:152 - Initiate JxBrowser Engine with user profile folder
2024-11-27 08:12:17,503 [INFO] CheckServerUpdateThread:120 - End of CheckServer Thread
2024-11-27 08:12:31,752 [INFO] WebApp:167 - Instantiating new browser for Auth
2024-11-27 08:12:48,486 [INFO] WebApp:448 - Apply proxy settings
2024-11-27 08:12:48,486 [INFO] WebApp:533 - Chromium requires no authentication
2024-11-27 08:12:49,938 [INFO] WebApp:476 - Direct internet connection detected
2024-11-27 08:12:50,762 [INFO] WebApp:869 - Register for checkConnection events
2024-11-27 08:12:50,762 [INFO] WebApp:448 - Apply proxy settings
2024-11-27 08:12:50,762 [INFO] WebApp:533 - Chromium requires no authentication
2024-11-27 08:12:50,763 [INFO] WebApp:476 - Direct internet connection detected
2024-11-27 08:12:55,498 [INFO] WebApp:186 - Connection restablished
2024-11-27 08:13:00,717 [INFO] WebApp:220 - Starting web application
2024-11-27 08:13:00,718 [INFO] WebApp:578 - Web application path used C:\ST\STM32CubeIDE_1.16.0\STM32CubeIDE\plugins\com.st.stm32cube.common.mx_6.12.0.202406281431\db\plugins\mcufinder\reactClient1\index.html
2024-11-27 08:13:02,565 [INFO] UserAuth:417 - Internet connection configuration mode: 1
2024-11-27 08:15:06,964 [INFO] WebApp:189 - Connection lost
2024-11-27 08:15:07,342 [INFO] WebApp:186 - Connection restablished
2024-11-27 17:03:31,232 [ERROR] LogOutputStream:75 - [STDERR_REDIRECT] 
2024-11-27 17:03:31,233 [ERROR] LogOutputStream:75 - [STDERR_REDIRECT] 
