2024-12-02 09:10:32,856 [INFO] Activator:176 - 


2024-12-02 09:10:32,871 [INFO] Activator:177 - !SESSION log4j initialized
2024-12-02 09:10:50,697 [INFO] LogOutputStream:77 - [STDOUT_REDIRECT] 
2024-12-02 09:11:06,086 [INFO] ApplicationProperties:184 - Using Application install path: C:\ST\STM32CubeIDE_1.16.0\STM32CubeIDE\plugins\com.st.stm32cube.common.mx_6.12.0.202406281431
2024-12-02 09:11:06,157 [INFO] DbMcusXml:78 - Set database path to: C:\ST\STM32CubeIDE_1.16.0\STM32CubeIDE\plugins\com.st.stm32cube.common.mx_6.12.0.202406281431\\db\/mcu/
2024-12-02 09:11:06,158 [INFO] ApiDb:274 - Set plugin database path to: C:\ST\STM32CubeIDE_1.16.0\STM32CubeIDE\plugins\com.st.stm32cube.common.mx_6.12.0.202406281431\\db\/plugins/boardmanager/
2024-12-02 09:11:06,159 [WARN] ApiDb:259 - Overriding images path with different value:  => C:\ST\STM32CubeIDE_1.16.0\STM32CubeIDE\plugins\com.st.stm32cube.common.mx_6.12.0.202406281431\\db\/plugins/mcufinder/images/
2024-12-02 09:11:06,249 [INFO] ApiDb:250 - Set database path to: C:\Users\User\.stmcufinder\plugins\mcufinder//mcu/
2024-12-02 09:11:06,251 [INFO] DbMcusAds:125 - Set database path to: C:\Users\User\.stmcufinder\plugins\mcufinder//mcu/
2024-12-02 09:11:06,262 [INFO] CrossReferenceDbSqlite:203 - Set database path to: C:\Users\User\.stmcufinder\plugins\mcufinder//mcu/cs/
2024-12-02 09:11:06,548 [INFO] RulesReader:64 - Compatibility file has been processed (297 Rules)
2024-12-02 09:11:06,814 [INFO] DbMcusXml:78 - Set database path to: C:\ST\STM32CubeIDE_1.16.0\STM32CubeIDE\plugins\com.st.stm32cube.common.mx_6.12.0.202406281431\\db\/mcu/
2024-12-02 09:11:06,815 [INFO] ApiDb:274 - Set plugin database path to: C:\ST\STM32CubeIDE_1.16.0\STM32CubeIDE\plugins\com.st.stm32cube.common.mx_6.12.0.202406281431\\db\/plugins/boardmanager/
2024-12-02 09:11:06,815 [INFO] ApiDb:261 - Set plugin images path to: C:\ST\STM32CubeIDE_1.16.0\STM32CubeIDE\plugins\com.st.stm32cube.common.mx_6.12.0.202406281431\\db\/plugins/mcufinder/images/
2024-12-02 09:11:06,815 [WARN] DbFile:41 - Overriding database path with different value: C:\Users\User\.stmcufinder\plugins\mcufinder/ => C:\Users\User\.stmcufinder\plugins\mcufinder
2024-12-02 09:11:06,815 [INFO] ApiDb:250 - Set database path to: C:\Users\User\.stmcufinder\plugins\mcufinder//mcu/
2024-12-02 09:11:06,815 [WARN] DbFile:41 - Overriding database path with different value: C:\Users\User\.stmcufinder\plugins\mcufinder/ => C:\Users\User\.stmcufinder\plugins\mcufinder
2024-12-02 09:11:06,815 [INFO] DbMcusAds:125 - Set database path to: C:\Users\User\.stmcufinder\plugins\mcufinder//mcu/
2024-12-02 09:11:06,815 [WARN] DbFile:41 - Overriding database path with different value: C:\Users\User\.stmcufinder\plugins\mcufinder/ => C:\Users\User\.stmcufinder\plugins\mcufinder
2024-12-02 09:11:06,816 [WARN] DbFile:41 - Overriding database path with different value: C:\Users\User\.stmcufinder\plugins\mcufinder/ => C:\Users\User\.stmcufinder\plugins\mcufinder
2024-12-02 09:11:06,816 [INFO] CrossReferenceDbSqlite:203 - Set database path to: C:\Users\User\.stmcufinder\plugins\mcufinder//mcu/cs/
2024-12-02 09:11:07,023 [INFO] MainPanel:268 - HeapMemory: 268435456
2024-12-02 09:11:07,635 [INFO] DbMcusXml:78 - Set database path to: C:\ST\STM32CubeIDE_1.16.0\STM32CubeIDE\plugins\com.st.stm32cube.common.mx_6.12.0.202406281431\\db\/mcu/
2024-12-02 09:11:07,636 [INFO] ApiDb:274 - Set plugin database path to: C:\ST\STM32CubeIDE_1.16.0\STM32CubeIDE\plugins\com.st.stm32cube.common.mx_6.12.0.202406281431\\db\/plugins/boardmanager/
2024-12-02 09:11:07,636 [INFO] ApiDb:261 - Set plugin images path to: C:\ST\STM32CubeIDE_1.16.0\STM32CubeIDE\plugins\com.st.stm32cube.common.mx_6.12.0.202406281431\\db\/plugins/mcufinder/images/
2024-12-02 09:11:07,637 [WARN] DbFile:41 - Overriding database path with different value: C:\Users\User\.stmcufinder\plugins\mcufinder/ => C:\Users\User\.stmcufinder\plugins\mcufinder
2024-12-02 09:11:07,637 [INFO] ApiDb:250 - Set database path to: C:\Users\User\.stmcufinder\plugins\mcufinder//mcu/
2024-12-02 09:11:07,637 [WARN] DbFile:41 - Overriding database path with different value: C:\Users\User\.stmcufinder\plugins\mcufinder/ => C:\Users\User\.stmcufinder\plugins\mcufinder
2024-12-02 09:11:07,637 [INFO] DbMcusAds:125 - Set database path to: C:\Users\User\.stmcufinder\plugins\mcufinder//mcu/
2024-12-02 09:11:07,637 [WARN] DbFile:41 - Overriding database path with different value: C:\Users\User\.stmcufinder\plugins\mcufinder/ => C:\Users\User\.stmcufinder\plugins\mcufinder
2024-12-02 09:11:07,637 [WARN] DbFile:41 - Overriding database path with different value: C:\Users\User\.stmcufinder\plugins\mcufinder/ => C:\Users\User\.stmcufinder\plugins\mcufinder
2024-12-02 09:11:07,637 [INFO] CrossReferenceDbSqlite:203 - Set database path to: C:\Users\User\.stmcufinder\plugins\mcufinder//mcu/cs/
2024-12-02 09:11:07,668 [INFO] ApplicationProperties:184 - Using Application install path: C:\ST\STM32CubeIDE_1.16.0\STM32CubeIDE\plugins\com.st.stm32cube.common.mx_6.12.0.202406281431
2024-12-02 09:11:07,669 [INFO] PluginManage:196 - Search for loadable plugins [exclusion list=, ]
2024-12-02 09:11:07,671 [INFO] PluginManage:310 - Check plugin analytics
2024-12-02 09:11:12,639 [INFO] AnalyticsPlugin:253 - Accepted Software Licenses: 
2024-12-02 09:11:12,639 [INFO] AnalyticsPlugin:255 - Accepted CMSIS Pack Licenses: 
2024-12-02 09:11:12,640 [INFO] AnalyticsPlugin:257 - Accepted Firmware Licenses: FW.L4.1.18.0
2024-12-02 09:11:12,643 [INFO] PluginManage:359 - Loaded plugin analytics (category:tool,tabindex:-1)
2024-12-02 09:11:12,644 [INFO] PluginManage:310 - Check plugin cadmodel
2024-12-02 09:11:12,714 [INFO] CADModel:105 - Init CAD model plugin
2024-12-02 09:11:12,715 [INFO] PluginManage:359 - Loaded plugin cadmodel (category:power,tabindex:5)
2024-12-02 09:11:12,715 [INFO] PluginManage:310 - Check plugin clock
2024-12-02 09:11:12,765 [INFO] PluginManage:359 - Loaded plugin clock (category:base,tabindex:2)
2024-12-02 09:11:12,765 [INFO] PluginManage:310 - Check plugin ddr
2024-12-02 09:11:12,798 [INFO] PluginManage:359 - Loaded plugin ddr (category:tool,tabindex:6)
2024-12-02 09:11:12,799 [INFO] PluginManage:310 - Check plugin filemanager
2024-12-02 09:11:13,155 [INFO] PluginManage:359 - Loaded plugin filemanager (category:base,tabindex:10)
2024-12-02 09:11:13,155 [INFO] PluginManage:310 - Check plugin ipmanager
2024-12-02 09:11:13,184 [INFO] PluginManage:359 - Loaded plugin ipmanager (category:base,tabindex:5)
2024-12-02 09:11:13,184 [INFO] PluginManage:310 - Check plugin lpbam
2024-12-02 09:11:13,222 [INFO] PluginManage:359 - Loaded plugin lpbam (category:base,tabindex:0)
2024-12-02 09:11:13,222 [INFO] PluginManage:310 - Check plugin memorymap
2024-12-02 09:11:13,290 [INFO] PluginManage:359 - Loaded plugin memorymap (category:base,tabindex:4)
2024-12-02 09:11:13,291 [INFO] PluginManage:310 - Check plugin pinoutandconfiguration
2024-12-02 09:11:13,327 [INFO] PluginManage:359 - Loaded plugin pinoutandconfiguration (category:base,tabindex:1)
2024-12-02 09:11:13,327 [INFO] PluginManage:310 - Check plugin pinoutconfig
2024-12-02 09:11:13,521 [WARN] SupportedApi:132 - Cannot load RTOS API schema: s4s-elt-must-match.1: The content of 'definitions' must match (annotation?, (simpleType | complexType)?, (unique | key | keyref)*)). A problem was found starting at: attribute.
2024-12-02 09:11:13,759 [INFO] PluginManage:359 - Loaded plugin pinoutconfig (category:base,tabindex:0)
2024-12-02 09:11:13,760 [INFO] PluginManage:310 - Check plugin power
2024-12-02 09:11:13,809 [INFO] PluginManage:359 - Loaded plugin power (category:power,tabindex:4)
2024-12-02 09:11:13,809 [INFO] PluginManage:310 - Check plugin projectmanager
2024-12-02 09:11:13,846 [INFO] PluginManage:359 - Loaded plugin projectmanager (category:projectmanager,tabindex:4)
2024-12-02 09:11:13,846 [INFO] PluginManage:310 - Check plugin rif
2024-12-02 09:11:13,874 [INFO] PluginManage:359 - Loaded plugin rif (category:base,tabindex:3)
2024-12-02 09:11:13,874 [INFO] PluginManage:310 - Check plugin thirdparty
2024-12-02 09:11:14,412 [INFO] PluginManage:359 - Loaded plugin thirdparty (category:base,tabindex:-1)
2024-12-02 09:11:14,413 [INFO] PluginManage:310 - Check plugin tools
2024-12-02 09:11:14,412 [WARN] IntegrityCheckThread:84 - waiting for thirdparty lock release [integrity check]
2024-12-02 09:11:14,414 [INFO] IntegrityCheckThread:86 - entering critical section [integrity check]
2024-12-02 09:11:14,415 [INFO] ThirdPartyUpdaterWithRetryManager:70 - Updater plugin not ready yet. [1/15]
2024-12-02 09:11:14,439 [INFO] PluginManage:359 - Loaded plugin tools (category:base,tabindex:7)
2024-12-02 09:11:14,439 [INFO] PluginManage:310 - Check plugin tutovideos
2024-12-02 09:11:14,875 [INFO] PluginManage:359 - Loaded plugin tutovideos (category:base,tabindex:-1)
2024-12-02 09:11:14,876 [INFO] PluginManage:310 - Check plugin updater
2024-12-02 09:11:14,927 [INFO] PluginManage:359 - Loaded plugin updater (category:base,tabindex:12)
2024-12-02 09:11:14,928 [INFO] PluginManage:310 - Check plugin userauth
2024-12-02 09:11:14,963 [INFO] UserAuth:113 - Init User Auth plugin
2024-12-02 09:11:14,963 [INFO] PluginManage:359 - Loaded plugin userauth (category:base,tabindex:14)
2024-12-02 09:11:14,964 [INFO] PluginManage:283 - PluginManage : Loaded plugins [18]
2024-12-02 09:11:15,652 [INFO] PinOutPanel:1561 - setPackage(No Configuration,No Configuration)
2024-12-02 09:11:15,936 [INFO] CADModel:165 - CPN selected for project level
2024-12-02 09:11:15,936 [INFO] CADModel:114 - Register for checkConnection events
2024-12-02 09:11:16,003 [INFO] IPUIPlugin:80 - create IPUIPlugin
2024-12-02 09:11:16,003 [INFO] PluginManager:220 - loadIPPluginJar : add adc
2024-12-02 09:11:16,034 [INFO] IPUIPlugin:80 - create IPUIPlugin
2024-12-02 09:11:16,035 [INFO] PluginManager:220 - loadIPPluginJar : add aes
2024-12-02 09:11:16,055 [INFO] IPUIPlugin:80 - create IPUIPlugin
2024-12-02 09:11:16,055 [INFO] PluginManager:220 - loadIPPluginJar : add can
2024-12-02 09:11:16,065 [INFO] IPUIPlugin:80 - create IPUIPlugin
2024-12-02 09:11:16,066 [INFO] PluginManager:220 - loadIPPluginJar : add comp
2024-12-02 09:11:16,091 [INFO] IPUIPlugin:80 - create IPUIPlugin
2024-12-02 09:11:16,091 [INFO] PluginManager:220 - loadIPPluginJar : add cryp
2024-12-02 09:11:16,125 [INFO] IPUIPlugin:80 - create IPUIPlugin
2024-12-02 09:11:16,125 [INFO] PluginManager:220 - loadIPPluginJar : add ddr_ctrl_phy
2024-12-02 09:11:16,141 [INFO] IPUIPlugin:80 - create IPUIPlugin
2024-12-02 09:11:16,142 [INFO] PluginManager:220 - loadIPPluginJar : add dfsdm
2024-12-02 09:11:16,173 [INFO] IPUIPlugin:80 - create IPUIPlugin
2024-12-02 09:11:16,174 [INFO] PluginManager:220 - loadIPPluginJar : add dma
2024-12-02 09:11:16,189 [INFO] IPUIPlugin:80 - create IPUIPlugin
2024-12-02 09:11:16,189 [INFO] PluginManager:220 - loadIPPluginJar : add dma3
2024-12-02 09:11:16,211 [INFO] IPUIPlugin:80 - create IPUIPlugin
2024-12-02 09:11:16,211 [INFO] PluginManager:220 - loadIPPluginJar : add extmemmanager
2024-12-02 09:11:16,230 [INFO] IPUIPlugin:80 - create IPUIPlugin
2024-12-02 09:11:16,230 [INFO] PluginManager:220 - loadIPPluginJar : add fatfs
2024-12-02 09:11:16,254 [INFO] IPUIPlugin:80 - create IPUIPlugin
2024-12-02 09:11:16,255 [INFO] PluginManager:220 - loadIPPluginJar : add fmc
2024-12-02 09:11:16,282 [INFO] IPUIPlugin:80 - create IPUIPlugin
2024-12-02 09:11:16,282 [INFO] PluginManager:220 - loadIPPluginJar : add freertos
2024-12-02 09:11:16,293 [INFO] IPUIPlugin:80 - create IPUIPlugin
2024-12-02 09:11:16,293 [INFO] PluginManager:220 - loadIPPluginJar : add genericplugin
2024-12-02 09:11:16,312 [INFO] IPUIPlugin:80 - create IPUIPlugin
2024-12-02 09:11:16,312 [INFO] PluginManager:220 - loadIPPluginJar : add gfxmmu
2024-12-02 09:11:16,319 [INFO] IPUIPlugin:80 - create IPUIPlugin
2024-12-02 09:11:16,319 [INFO] PluginManager:220 - loadIPPluginJar : add gic
2024-12-02 09:11:16,335 [INFO] IPUIPlugin:80 - create IPUIPlugin
2024-12-02 09:11:16,335 [INFO] PluginManager:220 - loadIPPluginJar : add gpio
2024-12-02 09:11:16,340 [INFO] IPUIPlugin:80 - create IPUIPlugin
2024-12-02 09:11:16,340 [INFO] PluginManager:220 - loadIPPluginJar : add gtzc
2024-12-02 09:11:16,371 [INFO] IPUIPlugin:80 - create IPUIPlugin
2024-12-02 09:11:16,371 [INFO] PluginManager:220 - loadIPPluginJar : add hash
2024-12-02 09:11:16,403 [INFO] IPUIPlugin:80 - create IPUIPlugin
2024-12-02 09:11:16,403 [INFO] PluginManager:220 - loadIPPluginJar : add i2c
2024-12-02 09:11:16,419 [INFO] IPUIPlugin:80 - create IPUIPlugin
2024-12-02 09:11:16,419 [INFO] PluginManager:220 - loadIPPluginJar : add i2s
2024-12-02 09:11:16,436 [INFO] IPUIPlugin:80 - create IPUIPlugin
2024-12-02 09:11:16,436 [INFO] PluginManager:220 - loadIPPluginJar : add i3c
2024-12-02 09:11:16,441 [INFO] IPUIPlugin:80 - create IPUIPlugin
2024-12-02 09:11:16,442 [INFO] PluginManager:220 - loadIPPluginJar : add ipddr
2024-12-02 09:11:16,482 [INFO] IPUIPlugin:80 - create IPUIPlugin
2024-12-02 09:11:16,483 [INFO] PluginManager:220 - loadIPPluginJar : add linkedlist
2024-12-02 09:11:16,506 [INFO] IPUIPlugin:80 - create IPUIPlugin
2024-12-02 09:11:16,506 [INFO] PluginManager:220 - loadIPPluginJar : add lorawan
2024-12-02 09:11:16,517 [INFO] IPUIPlugin:80 - create IPUIPlugin
2024-12-02 09:11:16,517 [INFO] PluginManager:220 - loadIPPluginJar : add ltdc
2024-12-02 09:11:16,542 [INFO] IPUIPlugin:80 - create IPUIPlugin
2024-12-02 09:11:16,543 [INFO] PluginManager:220 - loadIPPluginJar : add mdma
2024-12-02 09:11:16,585 [INFO] IPUIPlugin:80 - create IPUIPlugin
2024-12-02 09:11:16,585 [INFO] PluginManager:220 - loadIPPluginJar : add nvic
2024-12-02 09:11:16,604 [INFO] IPUIPlugin:80 - create IPUIPlugin
2024-12-02 09:11:16,605 [INFO] PluginManager:220 - loadIPPluginJar : add opamp
2024-12-02 09:11:16,628 [INFO] IPUIPlugin:80 - create IPUIPlugin
2024-12-02 09:11:16,629 [INFO] PluginManager:220 - loadIPPluginJar : add openamp
2024-12-02 09:11:16,648 [INFO] IPUIPlugin:80 - create IPUIPlugin
2024-12-02 09:11:16,648 [INFO] PluginManager:220 - loadIPPluginJar : add pdm2pcm
2024-12-02 09:11:16,668 [INFO] IPUIPlugin:80 - create IPUIPlugin
2024-12-02 09:11:16,672 [INFO] PluginManager:220 - loadIPPluginJar : add plateformsettings
2024-12-02 09:11:16,686 [INFO] IPUIPlugin:80 - create IPUIPlugin
2024-12-02 09:11:16,686 [INFO] PluginManager:220 - loadIPPluginJar : add quadspi
2024-12-02 09:11:16,712 [INFO] IPUIPlugin:80 - create IPUIPlugin
2024-12-02 09:11:16,713 [INFO] PluginManager:220 - loadIPPluginJar : add radio
2024-12-02 09:11:16,742 [INFO] IPUIPlugin:80 - create IPUIPlugin
2024-12-02 09:11:16,742 [INFO] PluginManager:220 - loadIPPluginJar : add resmgrutility
2024-12-02 09:11:16,746 [INFO] IPUIPlugin:80 - create IPUIPlugin
2024-12-02 09:11:16,746 [INFO] PluginManager:220 - loadIPPluginJar : add sai
2024-12-02 09:11:16,750 [INFO] IPUIPlugin:80 - create IPUIPlugin
2024-12-02 09:11:16,750 [INFO] PluginManager:220 - loadIPPluginJar : add spi
2024-12-02 09:11:16,759 [INFO] IPUIPlugin:80 - create IPUIPlugin
2024-12-02 09:11:16,759 [INFO] PluginManager:220 - loadIPPluginJar : add stm32_wpan
2024-12-02 09:11:16,940 [INFO] IPUIPlugin:80 - create IPUIPlugin
2024-12-02 09:11:16,941 [INFO] PluginManager:220 - loadIPPluginJar : add tim
2024-12-02 09:11:16,958 [INFO] IPUIPlugin:80 - create IPUIPlugin
2024-12-02 09:11:16,959 [INFO] PluginManager:220 - loadIPPluginJar : add touchsensing
2024-12-02 09:11:16,972 [INFO] IPUIPlugin:80 - create IPUIPlugin
2024-12-02 09:11:16,972 [INFO] PluginManager:220 - loadIPPluginJar : add tracer_emb
2024-12-02 09:11:16,981 [INFO] IPUIPlugin:80 - create IPUIPlugin
2024-12-02 09:11:16,981 [INFO] PluginManager:220 - loadIPPluginJar : add ts
2024-12-02 09:11:16,992 [INFO] IPUIPlugin:80 - create IPUIPlugin
2024-12-02 09:11:16,992 [INFO] PluginManager:220 - loadIPPluginJar : add tsc
2024-12-02 09:11:17,002 [INFO] IPUIPlugin:80 - create IPUIPlugin
2024-12-02 09:11:17,002 [INFO] PluginManager:220 - loadIPPluginJar : add ucpd
2024-12-02 09:11:17,025 [INFO] IPUIPlugin:80 - create IPUIPlugin
2024-12-02 09:11:17,025 [INFO] PluginManager:220 - loadIPPluginJar : add usart
2024-12-02 09:11:17,030 [INFO] IPUIPlugin:80 - create IPUIPlugin
2024-12-02 09:11:17,031 [INFO] PluginManager:220 - loadIPPluginJar : add usbx
2024-12-02 09:11:17,229 [INFO] CADModel:165 - CPN selected for project level
2024-12-02 09:11:17,229 [INFO] CADModel:114 - Register for checkConnection events
2024-12-02 09:11:17,229 [FATAL] Updater:334 - Updater called before beeing initialized
2024-12-02 09:11:17,229 [ERROR] CADModel:125 - Updater not yet initialized, retry later 
2024-12-02 09:11:17,416 [INFO] ThirdPartyUpdaterWithRetryManager:70 - Updater plugin not ready yet. [2/15]
2024-12-02 09:11:17,676 [INFO] CADModel:165 - CPN selected for project level
2024-12-02 09:11:17,676 [INFO] CADModel:114 - Register for checkConnection events
2024-12-02 09:11:17,676 [FATAL] Updater:334 - Updater called before beeing initialized
2024-12-02 09:11:17,677 [ERROR] CADModel:125 - Updater not yet initialized, retry later 
2024-12-02 09:11:17,690 [FATAL] Updater:334 - Updater called before beeing initialized
2024-12-02 09:11:17,955 [FATAL] Updater:334 - Updater called before beeing initialized
2024-12-02 09:11:17,970 [INFO] DbMcusAds:53 - JSON generation date=Fri Sep 20 14:04:38 WAT 2024 (1726837478367)
2024-12-02 09:11:17,970 [FATAL] Updater:334 - Updater called before beeing initialized
2024-12-02 09:11:18,105 [WARN] DetailPanel:346 - Failed to get advertising image, set to default
2024-12-02 09:11:18,511 [FATAL] Updater:334 - Updater called before beeing initialized
2024-12-02 09:11:18,514 [FATAL] Updater:334 - Updater called before beeing initialized
2024-12-02 09:11:18,515 [FATAL] Updater:334 - Updater called before beeing initialized
2024-12-02 09:11:18,515 [WARN] DetailPanel:346 - Failed to get advertising image, set to default
2024-12-02 09:11:18,518 [FATAL] Updater:334 - Updater called before beeing initialized
2024-12-02 09:11:18,658 [ERROR] Updater:1164 - MainUpdater not yet initialized. External WinMGr cannot be set.
2024-12-02 09:11:18,673 [INFO] Updater:1100 - Updater Version found : 6.12.0
2024-12-02 09:11:18,765 [INFO] ApplicationProperties:184 - Using Application install path: C:\ST\STM32CubeIDE_1.16.0\STM32CubeIDE\plugins\com.st.stm32cube.common.mx_6.12.0.202406281431
2024-12-02 09:11:20,418 [FATAL] Updater:334 - Updater called before beeing initialized
2024-12-02 09:11:20,418 [ERROR] IntegrityCheckThread:130 - Cannot retrieve database content from updater: error 21
2024-12-02 09:11:20,419 [INFO] ThirdParty:978 - Integrity check success = false
2024-12-02 09:11:20,419 [INFO] IntegrityCheckThread:100 - exiting critical section [integrity check]
2024-12-02 09:11:20,419 [INFO] IntegrityCheckThread:103 - End integrity checks thread
2024-12-02 09:11:20,426 [ERROR] LogOutputStream:75 - [STDERR_REDIRECT] Dec 02, 2024 9:11:20 AM java.util.prefs.WindowsPreferences <init>
2024-12-02 09:11:20,431 [ERROR] LogOutputStream:75 - [STDERR_REDIRECT] WARNING: Could not open/create prefs root node Software\JavaSoft\Prefs at root 0xffffffff80000002. Windows RegCreateKeyEx(...) returned error code 5.
2024-12-02 09:11:20,431 [ERROR] LogOutputStream:75 - [STDERR_REDIRECT] 
2024-12-02 09:11:22,220 [INFO] MainUpdater:2873 - connection check result : 10
2024-12-02 09:11:22,220 [INFO] MainUpdater:3567 - Updater definition file requires update
2024-12-02 09:11:22,222 [INFO] MainUpdater:290 - Updater Check For Update Now.
2024-12-02 09:11:22,222 [INFO] MicroXplorer:498 - Change Database Version : DB.6.0.120
2024-12-02 09:11:22,242 [INFO] McuFinderGlobals:63 - Set McuFinder mode to 2 (CubeIDE integrated)
2024-12-02 09:11:22,243 [INFO] UserAuth:417 - Internet connection configuration mode: 1
2024-12-02 09:11:22,347 [INFO] JxBrowserEngine:152 - Initiate JxBrowser Engine with user profile folder
2024-12-02 09:11:22,579 [INFO] ServerAccessManage:473 - Download File updaters.zip
2024-12-02 09:11:25,570 [INFO] FileExtend:240 - Unzip File : updaters.zip
2024-12-02 09:11:25,570 [INFO] FileExtend:255 - Standard Zip Deflate
2024-12-02 09:11:28,877 [INFO] ServerAccessManage:473 - Download File PacksControlFlags.xml
2024-12-02 09:11:30,628 [INFO] ServerAccessManage:473 - Download File cubemx.pidx
2024-12-02 09:11:34,678 [INFO] LoadServerUpdatesThread:375 - End of LoadServerUpdate Thread
2024-12-02 09:11:35,294 [INFO] CheckServerUpdateThread:120 - End of CheckServer Thread
2024-12-02 09:11:36,010 [INFO] WebApp:167 - Instantiating new browser for Auth
2024-12-02 09:11:43,856 [INFO] WebApp:448 - Apply proxy settings
2024-12-02 09:11:43,857 [INFO] WebApp:533 - Chromium requires no authentication
2024-12-02 09:11:44,331 [INFO] WebApp:476 - Direct internet connection detected
2024-12-02 09:11:45,555 [INFO] WebApp:869 - Register for checkConnection events
2024-12-02 09:11:45,555 [INFO] WebApp:448 - Apply proxy settings
2024-12-02 09:11:45,555 [INFO] WebApp:533 - Chromium requires no authentication
2024-12-02 09:11:45,556 [INFO] WebApp:476 - Direct internet connection detected
2024-12-02 09:11:49,040 [INFO] WebApp:186 - Connection restablished
2024-12-02 09:11:56,393 [INFO] WebApp:220 - Starting web application
2024-12-02 09:11:56,393 [INFO] WebApp:578 - Web application path used C:\ST\STM32CubeIDE_1.16.0\STM32CubeIDE\plugins\com.st.stm32cube.common.mx_6.12.0.202406281431\db\plugins\mcufinder\reactClient1\index.html
2024-12-02 09:11:58,097 [INFO] UserAuth:417 - Internet connection configuration mode: 1
