2024-12-16 08:45:52,459 [INFO] Activator:176 - 


2024-12-16 08:45:52,475 [INFO] Activator:177 - !SESSION log4j initialized
2024-12-16 08:46:13,883 [INFO] LogOutputStream:77 - [STDOUT_REDIRECT] 
2024-12-16 08:46:28,441 [INFO] ApplicationProperties:184 - Using Application install path: C:\ST\STM32CubeIDE_1.16.0\STM32CubeIDE\plugins\com.st.stm32cube.common.mx_6.12.0.202406281431
2024-12-16 08:46:28,502 [INFO] DbMcusXml:78 - Set database path to: C:\ST\STM32CubeIDE_1.16.0\STM32CubeIDE\plugins\com.st.stm32cube.common.mx_6.12.0.202406281431\\db\/mcu/
2024-12-16 08:46:28,503 [INFO] ApiDb:274 - Set plugin database path to: C:\ST\STM32CubeIDE_1.16.0\STM32CubeIDE\plugins\com.st.stm32cube.common.mx_6.12.0.202406281431\\db\/plugins/boardmanager/
2024-12-16 08:46:28,504 [WARN] ApiDb:259 - Overriding images path with different value:  => C:\ST\STM32CubeIDE_1.16.0\STM32CubeIDE\plugins\com.st.stm32cube.common.mx_6.12.0.202406281431\\db\/plugins/mcufinder/images/
2024-12-16 08:46:28,569 [INFO] ApiDb:250 - Set database path to: C:\Users\User\.stmcufinder\plugins\mcufinder//mcu/
2024-12-16 08:46:28,570 [INFO] DbMcusAds:125 - Set database path to: C:\Users\User\.stmcufinder\plugins\mcufinder//mcu/
2024-12-16 08:46:28,581 [INFO] CrossReferenceDbSqlite:203 - Set database path to: C:\Users\User\.stmcufinder\plugins\mcufinder//mcu/cs/
2024-12-16 08:46:28,897 [INFO] RulesReader:64 - Compatibility file has been processed (297 Rules)
2024-12-16 08:46:29,647 [INFO] DbMcusXml:78 - Set database path to: C:\ST\STM32CubeIDE_1.16.0\STM32CubeIDE\plugins\com.st.stm32cube.common.mx_6.12.0.202406281431\\db\/mcu/
2024-12-16 08:46:29,648 [INFO] ApiDb:274 - Set plugin database path to: C:\ST\STM32CubeIDE_1.16.0\STM32CubeIDE\plugins\com.st.stm32cube.common.mx_6.12.0.202406281431\\db\/plugins/boardmanager/
2024-12-16 08:46:29,648 [INFO] ApiDb:261 - Set plugin images path to: C:\ST\STM32CubeIDE_1.16.0\STM32CubeIDE\plugins\com.st.stm32cube.common.mx_6.12.0.202406281431\\db\/plugins/mcufinder/images/
2024-12-16 08:46:29,648 [WARN] DbFile:41 - Overriding database path with different value: C:\Users\User\.stmcufinder\plugins\mcufinder/ => C:\Users\User\.stmcufinder\plugins\mcufinder
2024-12-16 08:46:29,648 [INFO] ApiDb:250 - Set database path to: C:\Users\User\.stmcufinder\plugins\mcufinder//mcu/
2024-12-16 08:46:29,648 [WARN] DbFile:41 - Overriding database path with different value: C:\Users\User\.stmcufinder\plugins\mcufinder/ => C:\Users\User\.stmcufinder\plugins\mcufinder
2024-12-16 08:46:29,648 [INFO] DbMcusAds:125 - Set database path to: C:\Users\User\.stmcufinder\plugins\mcufinder//mcu/
2024-12-16 08:46:29,649 [WARN] DbFile:41 - Overriding database path with different value: C:\Users\User\.stmcufinder\plugins\mcufinder/ => C:\Users\User\.stmcufinder\plugins\mcufinder
2024-12-16 08:46:29,649 [WARN] DbFile:41 - Overriding database path with different value: C:\Users\User\.stmcufinder\plugins\mcufinder/ => C:\Users\User\.stmcufinder\plugins\mcufinder
2024-12-16 08:46:29,649 [INFO] CrossReferenceDbSqlite:203 - Set database path to: C:\Users\User\.stmcufinder\plugins\mcufinder//mcu/cs/
2024-12-16 08:46:30,055 [INFO] MainPanel:268 - HeapMemory: 268435456
2024-12-16 08:46:30,485 [INFO] DbMcusXml:78 - Set database path to: C:\ST\STM32CubeIDE_1.16.0\STM32CubeIDE\plugins\com.st.stm32cube.common.mx_6.12.0.202406281431\\db\/mcu/
2024-12-16 08:46:30,485 [INFO] ApiDb:274 - Set plugin database path to: C:\ST\STM32CubeIDE_1.16.0\STM32CubeIDE\plugins\com.st.stm32cube.common.mx_6.12.0.202406281431\\db\/plugins/boardmanager/
2024-12-16 08:46:30,486 [INFO] ApiDb:261 - Set plugin images path to: C:\ST\STM32CubeIDE_1.16.0\STM32CubeIDE\plugins\com.st.stm32cube.common.mx_6.12.0.202406281431\\db\/plugins/mcufinder/images/
2024-12-16 08:46:30,486 [WARN] DbFile:41 - Overriding database path with different value: C:\Users\User\.stmcufinder\plugins\mcufinder/ => C:\Users\User\.stmcufinder\plugins\mcufinder
2024-12-16 08:46:30,486 [INFO] ApiDb:250 - Set database path to: C:\Users\User\.stmcufinder\plugins\mcufinder//mcu/
2024-12-16 08:46:30,487 [WARN] DbFile:41 - Overriding database path with different value: C:\Users\User\.stmcufinder\plugins\mcufinder/ => C:\Users\User\.stmcufinder\plugins\mcufinder
2024-12-16 08:46:30,487 [INFO] DbMcusAds:125 - Set database path to: C:\Users\User\.stmcufinder\plugins\mcufinder//mcu/
2024-12-16 08:46:30,487 [WARN] DbFile:41 - Overriding database path with different value: C:\Users\User\.stmcufinder\plugins\mcufinder/ => C:\Users\User\.stmcufinder\plugins\mcufinder
2024-12-16 08:46:30,487 [WARN] DbFile:41 - Overriding database path with different value: C:\Users\User\.stmcufinder\plugins\mcufinder/ => C:\Users\User\.stmcufinder\plugins\mcufinder
2024-12-16 08:46:30,487 [INFO] CrossReferenceDbSqlite:203 - Set database path to: C:\Users\User\.stmcufinder\plugins\mcufinder//mcu/cs/
2024-12-16 08:46:30,870 [INFO] ApplicationProperties:184 - Using Application install path: C:\ST\STM32CubeIDE_1.16.0\STM32CubeIDE\plugins\com.st.stm32cube.common.mx_6.12.0.202406281431
2024-12-16 08:46:30,872 [INFO] PluginManage:196 - Search for loadable plugins [exclusion list=, ]
2024-12-16 08:46:30,874 [INFO] PluginManage:310 - Check plugin analytics
2024-12-16 08:46:36,014 [INFO] AnalyticsPlugin:253 - Accepted Software Licenses: 
2024-12-16 08:46:36,015 [INFO] AnalyticsPlugin:255 - Accepted CMSIS Pack Licenses: 
2024-12-16 08:46:36,015 [INFO] AnalyticsPlugin:257 - Accepted Firmware Licenses: FW.L4.1.18.0
2024-12-16 08:46:36,018 [INFO] PluginManage:359 - Loaded plugin analytics (category:tool,tabindex:-1)
2024-12-16 08:46:36,019 [INFO] PluginManage:310 - Check plugin cadmodel
2024-12-16 08:46:36,161 [INFO] CADModel:105 - Init CAD model plugin
2024-12-16 08:46:36,162 [INFO] PluginManage:359 - Loaded plugin cadmodel (category:power,tabindex:5)
2024-12-16 08:46:36,162 [INFO] PluginManage:310 - Check plugin clock
2024-12-16 08:46:36,213 [INFO] PluginManage:359 - Loaded plugin clock (category:base,tabindex:2)
2024-12-16 08:46:36,213 [INFO] PluginManage:310 - Check plugin ddr
2024-12-16 08:46:36,249 [INFO] PluginManage:359 - Loaded plugin ddr (category:tool,tabindex:6)
2024-12-16 08:46:36,250 [INFO] PluginManage:310 - Check plugin filemanager
2024-12-16 08:46:36,712 [INFO] PluginManage:359 - Loaded plugin filemanager (category:base,tabindex:10)
2024-12-16 08:46:36,712 [INFO] PluginManage:310 - Check plugin ipmanager
2024-12-16 08:46:36,733 [INFO] PluginManage:359 - Loaded plugin ipmanager (category:base,tabindex:5)
2024-12-16 08:46:36,734 [INFO] PluginManage:310 - Check plugin lpbam
2024-12-16 08:46:36,771 [INFO] PluginManage:359 - Loaded plugin lpbam (category:base,tabindex:0)
2024-12-16 08:46:36,771 [INFO] PluginManage:310 - Check plugin memorymap
2024-12-16 08:46:36,847 [INFO] PluginManage:359 - Loaded plugin memorymap (category:base,tabindex:4)
2024-12-16 08:46:36,847 [INFO] PluginManage:310 - Check plugin pinoutandconfiguration
2024-12-16 08:46:36,885 [INFO] PluginManage:359 - Loaded plugin pinoutandconfiguration (category:base,tabindex:1)
2024-12-16 08:46:36,885 [INFO] PluginManage:310 - Check plugin pinoutconfig
2024-12-16 08:46:37,100 [WARN] SupportedApi:132 - Cannot load RTOS API schema: s4s-elt-must-match.1: The content of 'definitions' must match (annotation?, (simpleType | complexType)?, (unique | key | keyref)*)). A problem was found starting at: attribute.
2024-12-16 08:46:37,747 [INFO] PluginManage:359 - Loaded plugin pinoutconfig (category:base,tabindex:0)
2024-12-16 08:46:37,748 [INFO] PluginManage:310 - Check plugin power
2024-12-16 08:46:37,796 [INFO] PluginManage:359 - Loaded plugin power (category:power,tabindex:4)
2024-12-16 08:46:37,796 [INFO] PluginManage:310 - Check plugin projectmanager
2024-12-16 08:46:37,831 [INFO] PluginManage:359 - Loaded plugin projectmanager (category:projectmanager,tabindex:4)
2024-12-16 08:46:37,832 [INFO] PluginManage:310 - Check plugin rif
2024-12-16 08:46:37,878 [INFO] PluginManage:359 - Loaded plugin rif (category:base,tabindex:3)
2024-12-16 08:46:37,879 [INFO] PluginManage:310 - Check plugin thirdparty
2024-12-16 08:46:38,633 [INFO] PluginManage:359 - Loaded plugin thirdparty (category:base,tabindex:-1)
2024-12-16 08:46:38,633 [WARN] IntegrityCheckThread:84 - waiting for thirdparty lock release [integrity check]
2024-12-16 08:46:38,633 [INFO] PluginManage:310 - Check plugin tools
2024-12-16 08:46:38,633 [INFO] IntegrityCheckThread:86 - entering critical section [integrity check]
2024-12-16 08:46:38,634 [INFO] ThirdPartyUpdaterWithRetryManager:70 - Updater plugin not ready yet. [1/15]
2024-12-16 08:46:38,660 [INFO] PluginManage:359 - Loaded plugin tools (category:base,tabindex:7)
2024-12-16 08:46:38,660 [INFO] PluginManage:310 - Check plugin tutovideos
2024-12-16 08:46:39,099 [INFO] PluginManage:359 - Loaded plugin tutovideos (category:base,tabindex:-1)
2024-12-16 08:46:39,099 [INFO] PluginManage:310 - Check plugin updater
2024-12-16 08:46:39,160 [INFO] PluginManage:359 - Loaded plugin updater (category:base,tabindex:12)
2024-12-16 08:46:39,160 [INFO] PluginManage:310 - Check plugin userauth
2024-12-16 08:46:39,202 [INFO] UserAuth:113 - Init User Auth plugin
2024-12-16 08:46:39,203 [INFO] PluginManage:359 - Loaded plugin userauth (category:base,tabindex:14)
2024-12-16 08:46:39,203 [INFO] PluginManage:283 - PluginManage : Loaded plugins [18]
2024-12-16 08:46:41,036 [INFO] PinOutPanel:1561 - setPackage(No Configuration,No Configuration)
2024-12-16 08:46:42,166 [INFO] ThirdPartyUpdaterWithRetryManager:70 - Updater plugin not ready yet. [2/15]
2024-12-16 08:46:42,418 [INFO] CADModel:165 - CPN selected for project level
2024-12-16 08:46:42,419 [INFO] CADModel:114 - Register for checkConnection events
2024-12-16 08:46:42,472 [INFO] IPUIPlugin:80 - create IPUIPlugin
2024-12-16 08:46:42,472 [INFO] PluginManager:220 - loadIPPluginJar : add adc
2024-12-16 08:46:42,498 [INFO] IPUIPlugin:80 - create IPUIPlugin
2024-12-16 08:46:42,498 [INFO] PluginManager:220 - loadIPPluginJar : add aes
2024-12-16 08:46:42,521 [INFO] IPUIPlugin:80 - create IPUIPlugin
2024-12-16 08:46:42,521 [INFO] PluginManager:220 - loadIPPluginJar : add can
2024-12-16 08:46:42,547 [INFO] IPUIPlugin:80 - create IPUIPlugin
2024-12-16 08:46:42,548 [INFO] PluginManager:220 - loadIPPluginJar : add comp
2024-12-16 08:46:42,573 [INFO] IPUIPlugin:80 - create IPUIPlugin
2024-12-16 08:46:42,573 [INFO] PluginManager:220 - loadIPPluginJar : add cryp
2024-12-16 08:46:42,607 [INFO] IPUIPlugin:80 - create IPUIPlugin
2024-12-16 08:46:42,607 [INFO] PluginManager:220 - loadIPPluginJar : add ddr_ctrl_phy
2024-12-16 08:46:42,624 [INFO] IPUIPlugin:80 - create IPUIPlugin
2024-12-16 08:46:42,624 [INFO] PluginManager:220 - loadIPPluginJar : add dfsdm
2024-12-16 08:46:42,654 [INFO] IPUIPlugin:80 - create IPUIPlugin
2024-12-16 08:46:42,655 [INFO] PluginManager:220 - loadIPPluginJar : add dma
2024-12-16 08:46:42,670 [INFO] IPUIPlugin:80 - create IPUIPlugin
2024-12-16 08:46:42,671 [INFO] PluginManager:220 - loadIPPluginJar : add dma3
2024-12-16 08:46:42,694 [INFO] IPUIPlugin:80 - create IPUIPlugin
2024-12-16 08:46:42,694 [INFO] PluginManager:220 - loadIPPluginJar : add extmemmanager
2024-12-16 08:46:42,711 [INFO] IPUIPlugin:80 - create IPUIPlugin
2024-12-16 08:46:42,712 [INFO] PluginManager:220 - loadIPPluginJar : add fatfs
2024-12-16 08:46:42,737 [INFO] IPUIPlugin:80 - create IPUIPlugin
2024-12-16 08:46:42,737 [INFO] PluginManager:220 - loadIPPluginJar : add fmc
2024-12-16 08:46:42,770 [INFO] IPUIPlugin:80 - create IPUIPlugin
2024-12-16 08:46:42,771 [INFO] PluginManager:220 - loadIPPluginJar : add freertos
2024-12-16 08:46:42,783 [INFO] IPUIPlugin:80 - create IPUIPlugin
2024-12-16 08:46:42,783 [INFO] PluginManager:220 - loadIPPluginJar : add genericplugin
2024-12-16 08:46:42,802 [INFO] IPUIPlugin:80 - create IPUIPlugin
2024-12-16 08:46:42,802 [INFO] PluginManager:220 - loadIPPluginJar : add gfxmmu
2024-12-16 08:46:42,822 [INFO] IPUIPlugin:80 - create IPUIPlugin
2024-12-16 08:46:42,822 [INFO] PluginManager:220 - loadIPPluginJar : add gic
2024-12-16 08:46:42,857 [INFO] IPUIPlugin:80 - create IPUIPlugin
2024-12-16 08:46:42,858 [INFO] PluginManager:220 - loadIPPluginJar : add gpio
2024-12-16 08:46:42,879 [INFO] IPUIPlugin:80 - create IPUIPlugin
2024-12-16 08:46:42,880 [INFO] PluginManager:220 - loadIPPluginJar : add gtzc
2024-12-16 08:46:42,903 [INFO] IPUIPlugin:80 - create IPUIPlugin
2024-12-16 08:46:42,903 [INFO] PluginManager:220 - loadIPPluginJar : add hash
2024-12-16 08:46:42,926 [INFO] IPUIPlugin:80 - create IPUIPlugin
2024-12-16 08:46:42,926 [INFO] PluginManager:220 - loadIPPluginJar : add i2c
2024-12-16 08:46:42,942 [INFO] IPUIPlugin:80 - create IPUIPlugin
2024-12-16 08:46:42,942 [INFO] PluginManager:220 - loadIPPluginJar : add i2s
2024-12-16 08:46:42,959 [INFO] IPUIPlugin:80 - create IPUIPlugin
2024-12-16 08:46:42,960 [INFO] PluginManager:220 - loadIPPluginJar : add i3c
2024-12-16 08:46:42,976 [INFO] IPUIPlugin:80 - create IPUIPlugin
2024-12-16 08:46:42,977 [INFO] PluginManager:220 - loadIPPluginJar : add ipddr
2024-12-16 08:46:43,013 [INFO] IPUIPlugin:80 - create IPUIPlugin
2024-12-16 08:46:43,013 [INFO] PluginManager:220 - loadIPPluginJar : add linkedlist
2024-12-16 08:46:43,038 [INFO] IPUIPlugin:80 - create IPUIPlugin
2024-12-16 08:46:43,038 [INFO] PluginManager:220 - loadIPPluginJar : add lorawan
2024-12-16 08:46:43,064 [INFO] IPUIPlugin:80 - create IPUIPlugin
2024-12-16 08:46:43,064 [INFO] PluginManager:220 - loadIPPluginJar : add ltdc
2024-12-16 08:46:43,089 [INFO] IPUIPlugin:80 - create IPUIPlugin
2024-12-16 08:46:43,089 [INFO] PluginManager:220 - loadIPPluginJar : add mdma
2024-12-16 08:46:43,207 [INFO] IPUIPlugin:80 - create IPUIPlugin
2024-12-16 08:46:43,207 [INFO] PluginManager:220 - loadIPPluginJar : add nvic
2024-12-16 08:46:43,227 [INFO] IPUIPlugin:80 - create IPUIPlugin
2024-12-16 08:46:43,227 [INFO] PluginManager:220 - loadIPPluginJar : add opamp
2024-12-16 08:46:43,249 [INFO] IPUIPlugin:80 - create IPUIPlugin
2024-12-16 08:46:43,249 [INFO] PluginManager:220 - loadIPPluginJar : add openamp
2024-12-16 08:46:43,270 [INFO] IPUIPlugin:80 - create IPUIPlugin
2024-12-16 08:46:43,270 [INFO] PluginManager:220 - loadIPPluginJar : add pdm2pcm
2024-12-16 08:46:43,291 [INFO] IPUIPlugin:80 - create IPUIPlugin
2024-12-16 08:46:43,293 [INFO] PluginManager:220 - loadIPPluginJar : add plateformsettings
2024-12-16 08:46:43,300 [INFO] IPUIPlugin:80 - create IPUIPlugin
2024-12-16 08:46:43,300 [INFO] PluginManager:220 - loadIPPluginJar : add quadspi
2024-12-16 08:46:43,326 [INFO] IPUIPlugin:80 - create IPUIPlugin
2024-12-16 08:46:43,327 [INFO] PluginManager:220 - loadIPPluginJar : add radio
2024-12-16 08:46:43,357 [INFO] IPUIPlugin:80 - create IPUIPlugin
2024-12-16 08:46:43,357 [INFO] PluginManager:220 - loadIPPluginJar : add resmgrutility
2024-12-16 08:46:43,375 [INFO] IPUIPlugin:80 - create IPUIPlugin
2024-12-16 08:46:43,375 [INFO] PluginManager:220 - loadIPPluginJar : add sai
2024-12-16 08:46:43,379 [INFO] IPUIPlugin:80 - create IPUIPlugin
2024-12-16 08:46:43,379 [INFO] PluginManager:220 - loadIPPluginJar : add spi
2024-12-16 08:46:43,398 [INFO] IPUIPlugin:80 - create IPUIPlugin
2024-12-16 08:46:43,398 [INFO] PluginManager:220 - loadIPPluginJar : add stm32_wpan
2024-12-16 08:46:43,430 [INFO] IPUIPlugin:80 - create IPUIPlugin
2024-12-16 08:46:43,430 [INFO] PluginManager:220 - loadIPPluginJar : add tim
2024-12-16 08:46:43,456 [INFO] IPUIPlugin:80 - create IPUIPlugin
2024-12-16 08:46:43,456 [INFO] PluginManager:220 - loadIPPluginJar : add touchsensing
2024-12-16 08:46:43,471 [INFO] IPUIPlugin:80 - create IPUIPlugin
2024-12-16 08:46:43,471 [INFO] PluginManager:220 - loadIPPluginJar : add tracer_emb
2024-12-16 08:46:43,479 [INFO] IPUIPlugin:80 - create IPUIPlugin
2024-12-16 08:46:43,480 [INFO] PluginManager:220 - loadIPPluginJar : add ts
2024-12-16 08:46:43,490 [INFO] IPUIPlugin:80 - create IPUIPlugin
2024-12-16 08:46:43,490 [INFO] PluginManager:220 - loadIPPluginJar : add tsc
2024-12-16 08:46:43,517 [INFO] IPUIPlugin:80 - create IPUIPlugin
2024-12-16 08:46:43,517 [INFO] PluginManager:220 - loadIPPluginJar : add ucpd
2024-12-16 08:46:43,540 [INFO] IPUIPlugin:80 - create IPUIPlugin
2024-12-16 08:46:43,540 [INFO] PluginManager:220 - loadIPPluginJar : add usart
2024-12-16 08:46:43,558 [INFO] IPUIPlugin:80 - create IPUIPlugin
2024-12-16 08:46:43,559 [INFO] PluginManager:220 - loadIPPluginJar : add usbx
2024-12-16 08:46:43,743 [INFO] CADModel:165 - CPN selected for project level
2024-12-16 08:46:43,744 [INFO] CADModel:114 - Register for checkConnection events
2024-12-16 08:46:43,744 [FATAL] Updater:334 - Updater called before beeing initialized
2024-12-16 08:46:43,744 [ERROR] CADModel:125 - Updater not yet initialized, retry later 
2024-12-16 08:46:44,380 [INFO] CADModel:165 - CPN selected for project level
2024-12-16 08:46:44,381 [INFO] CADModel:114 - Register for checkConnection events
2024-12-16 08:46:44,381 [FATAL] Updater:334 - Updater called before beeing initialized
2024-12-16 08:46:44,381 [ERROR] CADModel:125 - Updater not yet initialized, retry later 
2024-12-16 08:46:44,397 [FATAL] Updater:334 - Updater called before beeing initialized
2024-12-16 08:46:45,143 [FATAL] Updater:334 - Updater called before beeing initialized
2024-12-16 08:46:45,148 [INFO] DbMcusAds:53 - JSON generation date=Fri Sep 20 14:04:23 WAT 2024 (1726837463113)
2024-12-16 08:46:45,148 [FATAL] Updater:334 - Updater called before beeing initialized
2024-12-16 08:46:45,167 [INFO] ThirdPartyUpdaterWithRetryManager:70 - Updater plugin not ready yet. [3/15]
2024-12-16 08:46:45,331 [WARN] DetailPanel:346 - Failed to get advertising image, set to default
2024-12-16 08:46:45,461 [FATAL] Updater:334 - Updater called before beeing initialized
2024-12-16 08:46:45,464 [FATAL] Updater:334 - Updater called before beeing initialized
2024-12-16 08:46:45,465 [FATAL] Updater:334 - Updater called before beeing initialized
2024-12-16 08:46:45,465 [WARN] DetailPanel:346 - Failed to get advertising image, set to default
2024-12-16 08:46:45,466 [FATAL] Updater:334 - Updater called before beeing initialized
2024-12-16 08:46:45,589 [ERROR] Updater:1164 - MainUpdater not yet initialized. External WinMGr cannot be set.
2024-12-16 08:46:45,603 [INFO] Updater:1100 - Updater Version found : 6.12.0
2024-12-16 08:46:45,699 [INFO] ApplicationProperties:184 - Using Application install path: C:\ST\STM32CubeIDE_1.16.0\STM32CubeIDE\plugins\com.st.stm32cube.common.mx_6.12.0.202406281431
2024-12-16 08:46:47,323 [ERROR] LogOutputStream:75 - [STDERR_REDIRECT] Dec 16, 2024 8:46:47 AM java.util.prefs.WindowsPreferences <init>
2024-12-16 08:46:47,327 [ERROR] LogOutputStream:75 - [STDERR_REDIRECT] WARNING: Could not open/create prefs root node Software\JavaSoft\Prefs at root 0xffffffff80000002. Windows RegCreateKeyEx(...) returned error code 5.
2024-12-16 08:46:47,328 [ERROR] LogOutputStream:75 - [STDERR_REDIRECT] 
2024-12-16 08:46:48,170 [FATAL] Updater:334 - Updater called before beeing initialized
2024-12-16 08:46:48,170 [ERROR] IntegrityCheckThread:130 - Cannot retrieve database content from updater: error 21
2024-12-16 08:46:48,171 [INFO] ThirdParty:978 - Integrity check success = false
2024-12-16 08:46:48,171 [INFO] IntegrityCheckThread:100 - exiting critical section [integrity check]
2024-12-16 08:46:48,171 [INFO] IntegrityCheckThread:103 - End integrity checks thread
2024-12-16 08:46:48,219 [INFO] MainUpdater:2873 - connection check result : 10
2024-12-16 08:46:48,219 [INFO] MainUpdater:3567 - Updater definition file requires update
2024-12-16 08:46:48,220 [INFO] MainUpdater:290 - Updater Check For Update Now.
2024-12-16 08:46:48,220 [INFO] MicroXplorer:498 - Change Database Version : DB.6.0.120
2024-12-16 08:46:48,242 [INFO] McuFinderGlobals:63 - Set McuFinder mode to 2 (CubeIDE integrated)
2024-12-16 08:46:48,243 [INFO] UserAuth:417 - Internet connection configuration mode: 1
2024-12-16 08:46:48,361 [INFO] JxBrowserEngine:152 - Initiate JxBrowser Engine with user profile folder
2024-12-16 08:46:48,619 [INFO] ServerAccessManage:473 - Download File updaters.zip
2024-12-16 08:46:48,946 [INFO] FileExtend:240 - Unzip File : updaters.zip
2024-12-16 08:46:48,947 [INFO] FileExtend:255 - Standard Zip Deflate
2024-12-16 08:46:49,573 [INFO] ServerAccessManage:473 - Download File PacksControlFlags.xml
2024-12-16 08:46:49,852 [INFO] ServerAccessManage:473 - Download File cubemx.pidx
2024-12-16 08:46:55,631 [INFO] ServerAccessManage:473 - Download File STMicroelectronics.X-CUBE-FREERTOS.pdsc
2024-12-16 08:47:03,637 [INFO] ServerAccessManage:473 - Download File STMicroelectronics.X-CUBE-TCPP.pdsc
2024-12-16 08:47:05,699 [INFO] WebApp:167 - Instantiating new browser for Auth
2024-12-16 08:47:14,747 [INFO] CheckServerUpdateThread:120 - End of CheckServer Thread
2024-12-16 08:47:14,846 [WARN] PackLoader:240 - Cannot read IP mode file for STMicroelectronics.X-CUBE-FREERTOS.1.3.0
2024-12-16 08:47:14,856 [WARN] PopulateThirdPartyThread:106 - Error when creating pack: C:/Users/User/.stm32cubemx/thirdparties/pdsc/STMicroelectronics.X-CUBE-TCPP.pdsc
2024-12-16 08:47:14,856 [INFO] PopulateThirdPartyThread:66 - Ending populate Thread
2024-12-16 08:47:14,971 [INFO] ThirdParty:1030 - CMSIS Pack Vendor :STMicroelectronics X-CUBE-FREERTOS 1.3.0
2024-12-16 08:47:14,972 [INFO] LoadServerUpdatesThread:375 - End of LoadServerUpdate Thread
2024-12-16 08:47:17,026 [INFO] WebApp:448 - Apply proxy settings
2024-12-16 08:47:17,026 [INFO] WebApp:533 - Chromium requires no authentication
2024-12-16 08:47:17,654 [INFO] WebApp:476 - Direct internet connection detected
2024-12-16 08:47:19,108 [INFO] WebApp:869 - Register for checkConnection events
2024-12-16 08:47:19,108 [INFO] WebApp:448 - Apply proxy settings
2024-12-16 08:47:19,108 [INFO] WebApp:533 - Chromium requires no authentication
2024-12-16 08:47:19,109 [INFO] WebApp:476 - Direct internet connection detected
2024-12-16 08:47:23,976 [INFO] WebApp:186 - Connection restablished
2024-12-16 08:47:30,875 [INFO] WebApp:220 - Starting web application
2024-12-16 08:47:30,875 [INFO] WebApp:578 - Web application path used C:\ST\STM32CubeIDE_1.16.0\STM32CubeIDE\plugins\com.st.stm32cube.common.mx_6.12.0.202406281431\db\plugins\mcufinder\reactClient1\index.html
2024-12-16 08:47:33,154 [INFO] UserAuth:417 - Internet connection configuration mode: 1
2024-12-16 17:27:45,758 [ERROR] LogOutputStream:75 - [STDERR_REDIRECT] 
2024-12-16 17:27:45,764 [ERROR] LogOutputStream:75 - [STDERR_REDIRECT] 
