2025-01-06 09:13:42,123 [INFO] Activator:176 - 


2025-01-06 09:13:42,165 [INFO] Activator:177 - !SESSION log4j initialized
2025-01-06 09:14:11,702 [INFO] LogOutputStream:77 - [STDOUT_REDIRECT] 
2025-01-06 09:14:29,158 [INFO] ApplicationProperties:184 - Using Application install path: C:\ST\STM32CubeIDE_1.16.0\STM32CubeIDE\plugins\com.st.stm32cube.common.mx_6.12.0.202406281431
2025-01-06 09:14:29,207 [INFO] DbMcusXml:78 - Set database path to: C:\ST\STM32CubeIDE_1.16.0\STM32CubeIDE\plugins\com.st.stm32cube.common.mx_6.12.0.202406281431\\db\/mcu/
2025-01-06 09:14:29,207 [INFO] ApiDb:274 - Set plugin database path to: C:\ST\STM32CubeIDE_1.16.0\STM32CubeIDE\plugins\com.st.stm32cube.common.mx_6.12.0.202406281431\\db\/plugins/boardmanager/
2025-01-06 09:14:29,208 [WARN] ApiDb:259 - Overriding images path with different value:  => C:\ST\STM32CubeIDE_1.16.0\STM32CubeIDE\plugins\com.st.stm32cube.common.mx_6.12.0.202406281431\\db\/plugins/mcufinder/images/
2025-01-06 09:14:29,292 [INFO] ApiDb:250 - Set database path to: C:\Users\User\.stmcufinder\plugins\mcufinder//mcu/
2025-01-06 09:14:29,293 [INFO] DbMcusAds:125 - Set database path to: C:\Users\User\.stmcufinder\plugins\mcufinder//mcu/
2025-01-06 09:14:29,378 [INFO] CrossReferenceDbSqlite:203 - Set database path to: C:\Users\User\.stmcufinder\plugins\mcufinder//mcu/cs/
2025-01-06 09:14:29,787 [INFO] RulesReader:64 - Compatibility file has been processed (297 Rules)
2025-01-06 09:14:30,040 [INFO] DbMcusXml:78 - Set database path to: C:\ST\STM32CubeIDE_1.16.0\STM32CubeIDE\plugins\com.st.stm32cube.common.mx_6.12.0.202406281431\\db\/mcu/
2025-01-06 09:14:30,040 [INFO] ApiDb:274 - Set plugin database path to: C:\ST\STM32CubeIDE_1.16.0\STM32CubeIDE\plugins\com.st.stm32cube.common.mx_6.12.0.202406281431\\db\/plugins/boardmanager/
2025-01-06 09:14:30,040 [INFO] ApiDb:261 - Set plugin images path to: C:\ST\STM32CubeIDE_1.16.0\STM32CubeIDE\plugins\com.st.stm32cube.common.mx_6.12.0.202406281431\\db\/plugins/mcufinder/images/
2025-01-06 09:14:30,040 [WARN] DbFile:41 - Overriding database path with different value: C:\Users\User\.stmcufinder\plugins\mcufinder/ => C:\Users\User\.stmcufinder\plugins\mcufinder
2025-01-06 09:14:30,041 [INFO] ApiDb:250 - Set database path to: C:\Users\User\.stmcufinder\plugins\mcufinder//mcu/
2025-01-06 09:14:30,041 [WARN] DbFile:41 - Overriding database path with different value: C:\Users\User\.stmcufinder\plugins\mcufinder/ => C:\Users\User\.stmcufinder\plugins\mcufinder
2025-01-06 09:14:30,041 [INFO] DbMcusAds:125 - Set database path to: C:\Users\User\.stmcufinder\plugins\mcufinder//mcu/
2025-01-06 09:14:30,041 [WARN] DbFile:41 - Overriding database path with different value: C:\Users\User\.stmcufinder\plugins\mcufinder/ => C:\Users\User\.stmcufinder\plugins\mcufinder
2025-01-06 09:14:30,041 [WARN] DbFile:41 - Overriding database path with different value: C:\Users\User\.stmcufinder\plugins\mcufinder/ => C:\Users\User\.stmcufinder\plugins\mcufinder
2025-01-06 09:14:30,041 [INFO] CrossReferenceDbSqlite:203 - Set database path to: C:\Users\User\.stmcufinder\plugins\mcufinder//mcu/cs/
2025-01-06 09:14:30,284 [INFO] MainPanel:268 - HeapMemory: 268435456
2025-01-06 09:14:30,890 [INFO] DbMcusXml:78 - Set database path to: C:\ST\STM32CubeIDE_1.16.0\STM32CubeIDE\plugins\com.st.stm32cube.common.mx_6.12.0.202406281431\\db\/mcu/
2025-01-06 09:14:30,890 [INFO] ApiDb:274 - Set plugin database path to: C:\ST\STM32CubeIDE_1.16.0\STM32CubeIDE\plugins\com.st.stm32cube.common.mx_6.12.0.202406281431\\db\/plugins/boardmanager/
2025-01-06 09:14:30,890 [INFO] ApiDb:261 - Set plugin images path to: C:\ST\STM32CubeIDE_1.16.0\STM32CubeIDE\plugins\com.st.stm32cube.common.mx_6.12.0.202406281431\\db\/plugins/mcufinder/images/
2025-01-06 09:14:30,891 [WARN] DbFile:41 - Overriding database path with different value: C:\Users\User\.stmcufinder\plugins\mcufinder/ => C:\Users\User\.stmcufinder\plugins\mcufinder
2025-01-06 09:14:30,891 [INFO] ApiDb:250 - Set database path to: C:\Users\User\.stmcufinder\plugins\mcufinder//mcu/
2025-01-06 09:14:30,891 [WARN] DbFile:41 - Overriding database path with different value: C:\Users\User\.stmcufinder\plugins\mcufinder/ => C:\Users\User\.stmcufinder\plugins\mcufinder
2025-01-06 09:14:30,891 [INFO] DbMcusAds:125 - Set database path to: C:\Users\User\.stmcufinder\plugins\mcufinder//mcu/
2025-01-06 09:14:30,891 [WARN] DbFile:41 - Overriding database path with different value: C:\Users\User\.stmcufinder\plugins\mcufinder/ => C:\Users\User\.stmcufinder\plugins\mcufinder
2025-01-06 09:14:30,892 [WARN] DbFile:41 - Overriding database path with different value: C:\Users\User\.stmcufinder\plugins\mcufinder/ => C:\Users\User\.stmcufinder\plugins\mcufinder
2025-01-06 09:14:30,892 [INFO] CrossReferenceDbSqlite:203 - Set database path to: C:\Users\User\.stmcufinder\plugins\mcufinder//mcu/cs/
2025-01-06 09:14:30,931 [INFO] ApplicationProperties:184 - Using Application install path: C:\ST\STM32CubeIDE_1.16.0\STM32CubeIDE\plugins\com.st.stm32cube.common.mx_6.12.0.202406281431
2025-01-06 09:14:30,933 [INFO] PluginManage:196 - Search for loadable plugins [exclusion list=, ]
2025-01-06 09:14:30,935 [INFO] PluginManage:310 - Check plugin analytics
2025-01-06 09:14:36,100 [INFO] AnalyticsPlugin:253 - Accepted Software Licenses: 
2025-01-06 09:14:36,100 [INFO] AnalyticsPlugin:255 - Accepted CMSIS Pack Licenses: 
2025-01-06 09:14:36,100 [INFO] AnalyticsPlugin:257 - Accepted Firmware Licenses: FW.L4.1.18.0
2025-01-06 09:14:36,104 [INFO] PluginManage:359 - Loaded plugin analytics (category:tool,tabindex:-1)
2025-01-06 09:14:36,105 [INFO] PluginManage:310 - Check plugin cadmodel
2025-01-06 09:14:36,156 [INFO] CADModel:105 - Init CAD model plugin
2025-01-06 09:14:36,156 [INFO] PluginManage:359 - Loaded plugin cadmodel (category:power,tabindex:5)
2025-01-06 09:14:36,156 [INFO] PluginManage:310 - Check plugin clock
2025-01-06 09:14:36,231 [INFO] PluginManage:359 - Loaded plugin clock (category:base,tabindex:2)
2025-01-06 09:14:36,231 [INFO] PluginManage:310 - Check plugin ddr
2025-01-06 09:14:36,334 [INFO] PluginManage:359 - Loaded plugin ddr (category:tool,tabindex:6)
2025-01-06 09:14:36,334 [INFO] PluginManage:310 - Check plugin filemanager
2025-01-06 09:14:36,675 [INFO] PluginManage:359 - Loaded plugin filemanager (category:base,tabindex:10)
2025-01-06 09:14:36,675 [INFO] PluginManage:310 - Check plugin ipmanager
2025-01-06 09:14:36,705 [INFO] PluginManage:359 - Loaded plugin ipmanager (category:base,tabindex:5)
2025-01-06 09:14:36,705 [INFO] PluginManage:310 - Check plugin lpbam
2025-01-06 09:14:36,750 [INFO] PluginManage:359 - Loaded plugin lpbam (category:base,tabindex:0)
2025-01-06 09:14:36,750 [INFO] PluginManage:310 - Check plugin memorymap
2025-01-06 09:14:36,924 [INFO] PluginManage:359 - Loaded plugin memorymap (category:base,tabindex:4)
2025-01-06 09:14:36,925 [INFO] PluginManage:310 - Check plugin pinoutandconfiguration
2025-01-06 09:14:36,997 [INFO] PluginManage:359 - Loaded plugin pinoutandconfiguration (category:base,tabindex:1)
2025-01-06 09:14:36,997 [INFO] PluginManage:310 - Check plugin pinoutconfig
2025-01-06 09:14:37,165 [WARN] SupportedApi:132 - Cannot load RTOS API schema: s4s-elt-must-match.1: The content of 'definitions' must match (annotation?, (simpleType | complexType)?, (unique | key | keyref)*)). A problem was found starting at: attribute.
2025-01-06 09:14:37,436 [INFO] PluginManage:359 - Loaded plugin pinoutconfig (category:base,tabindex:0)
2025-01-06 09:14:37,437 [INFO] PluginManage:310 - Check plugin power
2025-01-06 09:14:37,522 [INFO] PluginManage:359 - Loaded plugin power (category:power,tabindex:4)
2025-01-06 09:14:37,522 [INFO] PluginManage:310 - Check plugin projectmanager
2025-01-06 09:14:37,565 [INFO] PluginManage:359 - Loaded plugin projectmanager (category:projectmanager,tabindex:4)
2025-01-06 09:14:37,565 [INFO] PluginManage:310 - Check plugin rif
2025-01-06 09:14:37,589 [INFO] PluginManage:359 - Loaded plugin rif (category:base,tabindex:3)
2025-01-06 09:14:37,589 [INFO] PluginManage:310 - Check plugin thirdparty
2025-01-06 09:14:38,096 [INFO] PluginManage:359 - Loaded plugin thirdparty (category:base,tabindex:-1)
2025-01-06 09:14:38,097 [INFO] PluginManage:310 - Check plugin tools
2025-01-06 09:14:38,096 [WARN] IntegrityCheckThread:84 - waiting for thirdparty lock release [integrity check]
2025-01-06 09:14:38,097 [INFO] IntegrityCheckThread:86 - entering critical section [integrity check]
2025-01-06 09:14:38,098 [INFO] ThirdPartyUpdaterWithRetryManager:70 - Updater plugin not ready yet. [1/15]
2025-01-06 09:14:38,116 [INFO] PluginManage:359 - Loaded plugin tools (category:base,tabindex:7)
2025-01-06 09:14:38,117 [INFO] PluginManage:310 - Check plugin tutovideos
2025-01-06 09:14:38,501 [INFO] PluginManage:359 - Loaded plugin tutovideos (category:base,tabindex:-1)
2025-01-06 09:14:38,501 [INFO] PluginManage:310 - Check plugin updater
2025-01-06 09:14:38,544 [INFO] PluginManage:359 - Loaded plugin updater (category:base,tabindex:12)
2025-01-06 09:14:38,544 [INFO] PluginManage:310 - Check plugin userauth
2025-01-06 09:14:38,574 [INFO] UserAuth:113 - Init User Auth plugin
2025-01-06 09:14:38,574 [INFO] PluginManage:359 - Loaded plugin userauth (category:base,tabindex:14)
2025-01-06 09:14:38,575 [INFO] PluginManage:283 - PluginManage : Loaded plugins [18]
2025-01-06 09:14:39,189 [INFO] PinOutPanel:1561 - setPackage(No Configuration,No Configuration)
2025-01-06 09:14:39,438 [INFO] CADModel:165 - CPN selected for project level
2025-01-06 09:14:39,438 [INFO] CADModel:114 - Register for checkConnection events
2025-01-06 09:14:39,503 [INFO] IPUIPlugin:80 - create IPUIPlugin
2025-01-06 09:14:39,504 [INFO] PluginManager:220 - loadIPPluginJar : add adc
2025-01-06 09:14:39,527 [INFO] IPUIPlugin:80 - create IPUIPlugin
2025-01-06 09:14:39,528 [INFO] PluginManager:220 - loadIPPluginJar : add aes
2025-01-06 09:14:39,549 [INFO] IPUIPlugin:80 - create IPUIPlugin
2025-01-06 09:14:39,550 [INFO] PluginManager:220 - loadIPPluginJar : add can
2025-01-06 09:14:39,560 [INFO] IPUIPlugin:80 - create IPUIPlugin
2025-01-06 09:14:39,560 [INFO] PluginManager:220 - loadIPPluginJar : add comp
2025-01-06 09:14:39,586 [INFO] IPUIPlugin:80 - create IPUIPlugin
2025-01-06 09:14:39,587 [INFO] PluginManager:220 - loadIPPluginJar : add cryp
2025-01-06 09:14:39,620 [INFO] IPUIPlugin:80 - create IPUIPlugin
2025-01-06 09:14:39,620 [INFO] PluginManager:220 - loadIPPluginJar : add ddr_ctrl_phy
2025-01-06 09:14:39,636 [INFO] IPUIPlugin:80 - create IPUIPlugin
2025-01-06 09:14:39,636 [INFO] PluginManager:220 - loadIPPluginJar : add dfsdm
2025-01-06 09:14:39,658 [INFO] IPUIPlugin:80 - create IPUIPlugin
2025-01-06 09:14:39,658 [INFO] PluginManager:220 - loadIPPluginJar : add dma
2025-01-06 09:14:39,676 [INFO] IPUIPlugin:80 - create IPUIPlugin
2025-01-06 09:14:39,676 [INFO] PluginManager:220 - loadIPPluginJar : add dma3
2025-01-06 09:14:39,697 [INFO] IPUIPlugin:80 - create IPUIPlugin
2025-01-06 09:14:39,697 [INFO] PluginManager:220 - loadIPPluginJar : add extmemmanager
2025-01-06 09:14:39,716 [INFO] IPUIPlugin:80 - create IPUIPlugin
2025-01-06 09:14:39,716 [INFO] PluginManager:220 - loadIPPluginJar : add fatfs
2025-01-06 09:14:39,741 [INFO] IPUIPlugin:80 - create IPUIPlugin
2025-01-06 09:14:39,741 [INFO] PluginManager:220 - loadIPPluginJar : add fmc
2025-01-06 09:14:39,768 [INFO] IPUIPlugin:80 - create IPUIPlugin
2025-01-06 09:14:39,768 [INFO] PluginManager:220 - loadIPPluginJar : add freertos
2025-01-06 09:14:39,780 [INFO] IPUIPlugin:80 - create IPUIPlugin
2025-01-06 09:14:39,780 [INFO] PluginManager:220 - loadIPPluginJar : add genericplugin
2025-01-06 09:14:39,799 [INFO] IPUIPlugin:80 - create IPUIPlugin
2025-01-06 09:14:39,799 [INFO] PluginManager:220 - loadIPPluginJar : add gfxmmu
2025-01-06 09:14:39,820 [INFO] IPUIPlugin:80 - create IPUIPlugin
2025-01-06 09:14:39,820 [INFO] PluginManager:220 - loadIPPluginJar : add gic
2025-01-06 09:14:39,836 [INFO] IPUIPlugin:80 - create IPUIPlugin
2025-01-06 09:14:39,837 [INFO] PluginManager:220 - loadIPPluginJar : add gpio
2025-01-06 09:14:39,859 [INFO] IPUIPlugin:80 - create IPUIPlugin
2025-01-06 09:14:39,859 [INFO] PluginManager:220 - loadIPPluginJar : add gtzc
2025-01-06 09:14:39,882 [INFO] IPUIPlugin:80 - create IPUIPlugin
2025-01-06 09:14:39,882 [INFO] PluginManager:220 - loadIPPluginJar : add hash
2025-01-06 09:14:39,906 [INFO] IPUIPlugin:80 - create IPUIPlugin
2025-01-06 09:14:39,906 [INFO] PluginManager:220 - loadIPPluginJar : add i2c
2025-01-06 09:14:39,921 [INFO] IPUIPlugin:80 - create IPUIPlugin
2025-01-06 09:14:39,921 [INFO] PluginManager:220 - loadIPPluginJar : add i2s
2025-01-06 09:14:39,938 [INFO] IPUIPlugin:80 - create IPUIPlugin
2025-01-06 09:14:39,939 [INFO] PluginManager:220 - loadIPPluginJar : add i3c
2025-01-06 09:14:39,955 [INFO] IPUIPlugin:80 - create IPUIPlugin
2025-01-06 09:14:39,956 [INFO] PluginManager:220 - loadIPPluginJar : add ipddr
2025-01-06 09:14:39,973 [INFO] IPUIPlugin:80 - create IPUIPlugin
2025-01-06 09:14:39,973 [INFO] PluginManager:220 - loadIPPluginJar : add linkedlist
2025-01-06 09:14:39,992 [INFO] IPUIPlugin:80 - create IPUIPlugin
2025-01-06 09:14:39,992 [INFO] PluginManager:220 - loadIPPluginJar : add lorawan
2025-01-06 09:14:40,003 [INFO] IPUIPlugin:80 - create IPUIPlugin
2025-01-06 09:14:40,003 [INFO] PluginManager:220 - loadIPPluginJar : add ltdc
2025-01-06 09:14:40,027 [INFO] IPUIPlugin:80 - create IPUIPlugin
2025-01-06 09:14:40,027 [INFO] PluginManager:220 - loadIPPluginJar : add mdma
2025-01-06 09:14:40,044 [INFO] IPUIPlugin:80 - create IPUIPlugin
2025-01-06 09:14:40,044 [INFO] PluginManager:220 - loadIPPluginJar : add nvic
2025-01-06 09:14:40,073 [INFO] IPUIPlugin:80 - create IPUIPlugin
2025-01-06 09:14:40,073 [INFO] PluginManager:220 - loadIPPluginJar : add opamp
2025-01-06 09:14:40,088 [INFO] IPUIPlugin:80 - create IPUIPlugin
2025-01-06 09:14:40,089 [INFO] PluginManager:220 - loadIPPluginJar : add openamp
2025-01-06 09:14:40,108 [INFO] IPUIPlugin:80 - create IPUIPlugin
2025-01-06 09:14:40,108 [INFO] PluginManager:220 - loadIPPluginJar : add pdm2pcm
2025-01-06 09:14:40,128 [INFO] IPUIPlugin:80 - create IPUIPlugin
2025-01-06 09:14:40,131 [INFO] PluginManager:220 - loadIPPluginJar : add plateformsettings
2025-01-06 09:14:40,138 [INFO] IPUIPlugin:80 - create IPUIPlugin
2025-01-06 09:14:40,138 [INFO] PluginManager:220 - loadIPPluginJar : add quadspi
2025-01-06 09:14:40,164 [INFO] IPUIPlugin:80 - create IPUIPlugin
2025-01-06 09:14:40,165 [INFO] PluginManager:220 - loadIPPluginJar : add radio
2025-01-06 09:14:40,196 [INFO] IPUIPlugin:80 - create IPUIPlugin
2025-01-06 09:14:40,196 [INFO] PluginManager:220 - loadIPPluginJar : add resmgrutility
2025-01-06 09:14:40,201 [INFO] IPUIPlugin:80 - create IPUIPlugin
2025-01-06 09:14:40,202 [INFO] PluginManager:220 - loadIPPluginJar : add sai
2025-01-06 09:14:40,205 [INFO] IPUIPlugin:80 - create IPUIPlugin
2025-01-06 09:14:40,205 [INFO] PluginManager:220 - loadIPPluginJar : add spi
2025-01-06 09:14:40,228 [INFO] IPUIPlugin:80 - create IPUIPlugin
2025-01-06 09:14:40,228 [INFO] PluginManager:220 - loadIPPluginJar : add stm32_wpan
2025-01-06 09:14:40,251 [INFO] IPUIPlugin:80 - create IPUIPlugin
2025-01-06 09:14:40,251 [INFO] PluginManager:220 - loadIPPluginJar : add tim
2025-01-06 09:14:40,463 [INFO] IPUIPlugin:80 - create IPUIPlugin
2025-01-06 09:14:40,464 [INFO] PluginManager:220 - loadIPPluginJar : add touchsensing
2025-01-06 09:14:40,541 [INFO] IPUIPlugin:80 - create IPUIPlugin
2025-01-06 09:14:40,541 [INFO] PluginManager:220 - loadIPPluginJar : add tracer_emb
2025-01-06 09:14:40,550 [INFO] IPUIPlugin:80 - create IPUIPlugin
2025-01-06 09:14:40,550 [INFO] PluginManager:220 - loadIPPluginJar : add ts
2025-01-06 09:14:40,561 [INFO] IPUIPlugin:80 - create IPUIPlugin
2025-01-06 09:14:40,561 [INFO] PluginManager:220 - loadIPPluginJar : add tsc
2025-01-06 09:14:40,572 [INFO] IPUIPlugin:80 - create IPUIPlugin
2025-01-06 09:14:40,572 [INFO] PluginManager:220 - loadIPPluginJar : add ucpd
2025-01-06 09:14:40,594 [INFO] IPUIPlugin:80 - create IPUIPlugin
2025-01-06 09:14:40,594 [INFO] PluginManager:220 - loadIPPluginJar : add usart
2025-01-06 09:14:40,598 [INFO] IPUIPlugin:80 - create IPUIPlugin
2025-01-06 09:14:40,598 [INFO] PluginManager:220 - loadIPPluginJar : add usbx
2025-01-06 09:14:40,793 [INFO] CADModel:165 - CPN selected for project level
2025-01-06 09:14:40,794 [INFO] CADModel:114 - Register for checkConnection events
2025-01-06 09:14:40,794 [FATAL] Updater:334 - Updater called before beeing initialized
2025-01-06 09:14:40,794 [ERROR] CADModel:125 - Updater not yet initialized, retry later 
2025-01-06 09:14:41,099 [INFO] ThirdPartyUpdaterWithRetryManager:70 - Updater plugin not ready yet. [2/15]
2025-01-06 09:14:41,194 [INFO] CADModel:165 - CPN selected for project level
2025-01-06 09:14:41,194 [INFO] CADModel:114 - Register for checkConnection events
2025-01-06 09:14:41,194 [FATAL] Updater:334 - Updater called before beeing initialized
2025-01-06 09:14:41,194 [ERROR] CADModel:125 - Updater not yet initialized, retry later 
2025-01-06 09:14:41,210 [FATAL] Updater:334 - Updater called before beeing initialized
2025-01-06 09:14:41,516 [FATAL] Updater:334 - Updater called before beeing initialized
2025-01-06 09:14:41,532 [INFO] DbMcusAds:53 - JSON generation date=Fri Sep 20 14:04:23 WAT 2024 (1726837463113)
2025-01-06 09:14:41,532 [FATAL] Updater:334 - Updater called before beeing initialized
2025-01-06 09:14:41,730 [WARN] DetailPanel:346 - Failed to get advertising image, set to default
2025-01-06 09:14:41,907 [FATAL] Updater:334 - Updater called before beeing initialized
2025-01-06 09:14:41,909 [FATAL] Updater:334 - Updater called before beeing initialized
2025-01-06 09:14:41,910 [FATAL] Updater:334 - Updater called before beeing initialized
2025-01-06 09:14:41,910 [WARN] DetailPanel:346 - Failed to get advertising image, set to default
2025-01-06 09:14:41,911 [FATAL] Updater:334 - Updater called before beeing initialized
2025-01-06 09:14:42,087 [ERROR] Updater:1164 - MainUpdater not yet initialized. External WinMGr cannot be set.
2025-01-06 09:14:42,128 [INFO] Updater:1100 - Updater Version found : 6.12.0
2025-01-06 09:14:42,221 [INFO] ApplicationProperties:184 - Using Application install path: C:\ST\STM32CubeIDE_1.16.0\STM32CubeIDE\plugins\com.st.stm32cube.common.mx_6.12.0.202406281431
2025-01-06 09:14:43,838 [ERROR] LogOutputStream:75 - [STDERR_REDIRECT] Jan 06, 2025 9:14:43 AM java.util.prefs.WindowsPreferences <init>
2025-01-06 09:14:43,842 [ERROR] LogOutputStream:75 - [STDERR_REDIRECT] WARNING: Could not open/create prefs root node Software\JavaSoft\Prefs at root 0xffffffff80000002. Windows RegCreateKeyEx(...) returned error code 5.
2025-01-06 09:14:43,842 [ERROR] LogOutputStream:75 - [STDERR_REDIRECT] 
2025-01-06 09:14:44,099 [FATAL] Updater:334 - Updater called before beeing initialized
2025-01-06 09:14:44,099 [ERROR] IntegrityCheckThread:130 - Cannot retrieve database content from updater: error 21
2025-01-06 09:14:44,100 [INFO] ThirdParty:978 - Integrity check success = false
2025-01-06 09:14:44,100 [INFO] IntegrityCheckThread:100 - exiting critical section [integrity check]
2025-01-06 09:14:44,100 [INFO] IntegrityCheckThread:103 - End integrity checks thread
2025-01-06 09:14:44,746 [INFO] MainUpdater:2873 - connection check result : 10
2025-01-06 09:14:44,746 [INFO] MainUpdater:3567 - Updater definition file requires update
2025-01-06 09:14:44,748 [INFO] MainUpdater:290 - Updater Check For Update Now.
2025-01-06 09:14:44,748 [INFO] MicroXplorer:498 - Change Database Version : DB.6.0.120
2025-01-06 09:14:44,773 [INFO] McuFinderGlobals:63 - Set McuFinder mode to 2 (CubeIDE integrated)
2025-01-06 09:14:44,774 [INFO] UserAuth:417 - Internet connection configuration mode: 1
2025-01-06 09:14:44,958 [INFO] JxBrowserEngine:152 - Initiate JxBrowser Engine with user profile folder
2025-01-06 09:14:45,110 [INFO] ServerAccessManage:473 - Download File updaters.zip
2025-01-06 09:14:45,614 [INFO] FileExtend:240 - Unzip File : updaters.zip
2025-01-06 09:14:45,614 [INFO] FileExtend:255 - Standard Zip Deflate
2025-01-06 09:14:47,468 [INFO] ServerAccessManage:473 - Download File PacksControlFlags.xml
2025-01-06 09:14:47,742 [INFO] ServerAccessManage:473 - Download File cubemx.pidx
2025-01-06 09:14:51,734 [INFO] ServerAccessManage:473 - Download File STMicroelectronics.X-CUBE-GNSS1.pdsc
2025-01-06 09:14:55,936 [ERROR] ServerAccessManage:1089 - Problem, file not found on Server
2025-01-06 09:14:56,208 [ERROR] ServerAccessManage:1089 - Problem, file not found on Server
2025-01-06 09:14:56,494 [ERROR] ServerAccessManage:1089 - Problem, file not found on Server
2025-01-06 09:14:57,125 [ERROR] ServerAccessManage:1089 - Problem, file not found on Server
2025-01-06 09:14:57,413 [ERROR] ServerAccessManage:1089 - Problem, file not found on Server
2025-01-06 09:14:57,671 [ERROR] ServerAccessManage:1089 - Problem, file not found on Server
2025-01-06 09:14:59,751 [INFO] ServerAccessManage:473 - Download File STMicroelectronics.X-CUBE-MEMS1.pdsc
2025-01-06 09:15:02,723 [INFO] WebApp:167 - Instantiating new browser for Auth
2025-01-06 09:15:19,005 [INFO] CheckServerUpdateThread:120 - End of CheckServer Thread
2025-01-06 09:15:20,595 [WARN] PackLoader:240 - Cannot read IP mode file for STMicroelectronics.X-CUBE-GNSS1.7.0.1
2025-01-06 09:15:20,797 [WARN] PackLoader:240 - Cannot read IP mode file for STMicroelectronics.X-CUBE-MEMS1.11.1.0
2025-01-06 09:15:21,155 [INFO] PopulateThirdPartyThread:66 - Ending populate Thread
2025-01-06 09:15:21,243 [INFO] ThirdParty:1030 - CMSIS Pack Vendor :STMicroelectronics X-CUBE-GNSS1 7.0.1
2025-01-06 09:15:21,243 [INFO] ThirdParty:1030 - CMSIS Pack Vendor :STMicroelectronics X-CUBE-MEMS1 11.1.0
2025-01-06 09:15:21,243 [INFO] LoadServerUpdatesThread:375 - End of LoadServerUpdate Thread
2025-01-06 09:15:22,292 [INFO] WebApp:448 - Apply proxy settings
2025-01-06 09:15:22,292 [INFO] WebApp:533 - Chromium requires no authentication
2025-01-06 09:15:23,878 [INFO] WebApp:476 - Direct internet connection detected
2025-01-06 09:15:25,864 [INFO] WebApp:869 - Register for checkConnection events
2025-01-06 09:15:25,864 [INFO] WebApp:448 - Apply proxy settings
2025-01-06 09:15:25,864 [INFO] WebApp:533 - Chromium requires no authentication
2025-01-06 09:15:25,865 [INFO] WebApp:476 - Direct internet connection detected
2025-01-06 09:15:30,235 [INFO] WebApp:186 - Connection restablished
2025-01-06 09:15:30,257 [INFO] WebApp:220 - Starting web application
2025-01-06 09:15:30,257 [INFO] WebApp:578 - Web application path used C:\ST\STM32CubeIDE_1.16.0\STM32CubeIDE\plugins\com.st.stm32cube.common.mx_6.12.0.202406281431\db\plugins\mcufinder\reactClient1\index.html
2025-01-06 09:15:31,920 [INFO] UserAuth:417 - Internet connection configuration mode: 1
2025-01-06 10:56:38,158 [INFO] WebApp:189 - Connection lost
2025-01-06 10:56:39,217 [INFO] WebApp:186 - Connection restablished
2025-01-06 11:51:15,881 [ERROR] LogOutputStream:75 - [STDERR_REDIRECT] 
