2024-10-30 08:52:23,579 [INFO] Activator:176 - 


2024-10-30 08:52:23,635 [INFO] Activator:177 - !SESSION log4j initialized
2024-10-30 08:52:49,678 [INFO] LogOutputStream:77 - [STDOUT_REDIRECT] 
2024-10-30 08:53:04,155 [INFO] ApplicationProperties:184 - Using Application install path: C:\ST\STM32CubeIDE_1.16.0\STM32CubeIDE\plugins\com.st.stm32cube.common.mx_6.12.0.202406281431
2024-10-30 08:53:04,204 [INFO] DbMcusXml:78 - Set database path to: C:\ST\STM32CubeIDE_1.16.0\STM32CubeIDE\plugins\com.st.stm32cube.common.mx_6.12.0.202406281431\\db\/mcu/
2024-10-30 08:53:04,205 [INFO] ApiDb:274 - Set plugin database path to: C:\ST\STM32CubeIDE_1.16.0\STM32CubeIDE\plugins\com.st.stm32cube.common.mx_6.12.0.202406281431\\db\/plugins/boardmanager/
2024-10-30 08:53:04,205 [WARN] ApiDb:259 - Overriding images path with different value:  => C:\ST\STM32CubeIDE_1.16.0\STM32CubeIDE\plugins\com.st.stm32cube.common.mx_6.12.0.202406281431\\db\/plugins/mcufinder/images/
2024-10-30 08:53:04,328 [INFO] ApiDb:250 - Set database path to: C:\Users\User\.stmcufinder\plugins\mcufinder//mcu/
2024-10-30 08:53:04,330 [INFO] DbMcusAds:125 - Set database path to: C:\Users\User\.stmcufinder\plugins\mcufinder//mcu/
2024-10-30 08:53:04,346 [INFO] CrossReferenceDbSqlite:203 - Set database path to: C:\Users\User\.stmcufinder\plugins\mcufinder//mcu/cs/
2024-10-30 08:53:04,754 [INFO] RulesReader:64 - Compatibility file has been processed (297 Rules)
2024-10-30 08:53:05,011 [INFO] DbMcusXml:78 - Set database path to: C:\ST\STM32CubeIDE_1.16.0\STM32CubeIDE\plugins\com.st.stm32cube.common.mx_6.12.0.202406281431\\db\/mcu/
2024-10-30 08:53:05,011 [INFO] ApiDb:274 - Set plugin database path to: C:\ST\STM32CubeIDE_1.16.0\STM32CubeIDE\plugins\com.st.stm32cube.common.mx_6.12.0.202406281431\\db\/plugins/boardmanager/
2024-10-30 08:53:05,012 [INFO] ApiDb:261 - Set plugin images path to: C:\ST\STM32CubeIDE_1.16.0\STM32CubeIDE\plugins\com.st.stm32cube.common.mx_6.12.0.202406281431\\db\/plugins/mcufinder/images/
2024-10-30 08:53:05,013 [WARN] DbFile:41 - Overriding database path with different value: C:\Users\User\.stmcufinder\plugins\mcufinder/ => C:\Users\User\.stmcufinder\plugins\mcufinder
2024-10-30 08:53:05,014 [INFO] ApiDb:250 - Set database path to: C:\Users\User\.stmcufinder\plugins\mcufinder//mcu/
2024-10-30 08:53:05,015 [WARN] DbFile:41 - Overriding database path with different value: C:\Users\User\.stmcufinder\plugins\mcufinder/ => C:\Users\User\.stmcufinder\plugins\mcufinder
2024-10-30 08:53:05,015 [INFO] DbMcusAds:125 - Set database path to: C:\Users\User\.stmcufinder\plugins\mcufinder//mcu/
2024-10-30 08:53:05,015 [WARN] DbFile:41 - Overriding database path with different value: C:\Users\User\.stmcufinder\plugins\mcufinder/ => C:\Users\User\.stmcufinder\plugins\mcufinder
2024-10-30 08:53:05,015 [WARN] DbFile:41 - Overriding database path with different value: C:\Users\User\.stmcufinder\plugins\mcufinder/ => C:\Users\User\.stmcufinder\plugins\mcufinder
2024-10-30 08:53:05,015 [INFO] CrossReferenceDbSqlite:203 - Set database path to: C:\Users\User\.stmcufinder\plugins\mcufinder//mcu/cs/
2024-10-30 08:53:05,273 [INFO] MainPanel:268 - HeapMemory: 268435456
2024-10-30 08:53:05,712 [INFO] DbMcusXml:78 - Set database path to: C:\ST\STM32CubeIDE_1.16.0\STM32CubeIDE\plugins\com.st.stm32cube.common.mx_6.12.0.202406281431\\db\/mcu/
2024-10-30 08:53:05,712 [INFO] ApiDb:274 - Set plugin database path to: C:\ST\STM32CubeIDE_1.16.0\STM32CubeIDE\plugins\com.st.stm32cube.common.mx_6.12.0.202406281431\\db\/plugins/boardmanager/
2024-10-30 08:53:05,712 [INFO] ApiDb:261 - Set plugin images path to: C:\ST\STM32CubeIDE_1.16.0\STM32CubeIDE\plugins\com.st.stm32cube.common.mx_6.12.0.202406281431\\db\/plugins/mcufinder/images/
2024-10-30 08:53:05,713 [WARN] DbFile:41 - Overriding database path with different value: C:\Users\User\.stmcufinder\plugins\mcufinder/ => C:\Users\User\.stmcufinder\plugins\mcufinder
2024-10-30 08:53:05,713 [INFO] ApiDb:250 - Set database path to: C:\Users\User\.stmcufinder\plugins\mcufinder//mcu/
2024-10-30 08:53:05,713 [WARN] DbFile:41 - Overriding database path with different value: C:\Users\User\.stmcufinder\plugins\mcufinder/ => C:\Users\User\.stmcufinder\plugins\mcufinder
2024-10-30 08:53:05,713 [INFO] DbMcusAds:125 - Set database path to: C:\Users\User\.stmcufinder\plugins\mcufinder//mcu/
2024-10-30 08:53:05,714 [WARN] DbFile:41 - Overriding database path with different value: C:\Users\User\.stmcufinder\plugins\mcufinder/ => C:\Users\User\.stmcufinder\plugins\mcufinder
2024-10-30 08:53:05,714 [WARN] DbFile:41 - Overriding database path with different value: C:\Users\User\.stmcufinder\plugins\mcufinder/ => C:\Users\User\.stmcufinder\plugins\mcufinder
2024-10-30 08:53:05,714 [INFO] CrossReferenceDbSqlite:203 - Set database path to: C:\Users\User\.stmcufinder\plugins\mcufinder//mcu/cs/
2024-10-30 08:53:05,797 [INFO] ApplicationProperties:184 - Using Application install path: C:\ST\STM32CubeIDE_1.16.0\STM32CubeIDE\plugins\com.st.stm32cube.common.mx_6.12.0.202406281431
2024-10-30 08:53:05,800 [INFO] PluginManage:196 - Search for loadable plugins [exclusion list=, ]
2024-10-30 08:53:05,822 [INFO] PluginManage:310 - Check plugin analytics
2024-10-30 08:53:10,809 [INFO] AnalyticsPlugin:253 - Accepted Software Licenses: 
2024-10-30 08:53:10,809 [INFO] AnalyticsPlugin:255 - Accepted CMSIS Pack Licenses: 
2024-10-30 08:53:10,810 [INFO] AnalyticsPlugin:257 - Accepted Firmware Licenses: FW.L4.1.18.0
2024-10-30 08:53:10,815 [INFO] PluginManage:359 - Loaded plugin analytics (category:tool,tabindex:-1)
2024-10-30 08:53:10,815 [INFO] PluginManage:310 - Check plugin cadmodel
2024-10-30 08:53:10,947 [INFO] CADModel:105 - Init CAD model plugin
2024-10-30 08:53:10,948 [INFO] PluginManage:359 - Loaded plugin cadmodel (category:power,tabindex:5)
2024-10-30 08:53:10,948 [INFO] PluginManage:310 - Check plugin clock
2024-10-30 08:53:11,004 [INFO] PluginManage:359 - Loaded plugin clock (category:base,tabindex:2)
2024-10-30 08:53:11,004 [INFO] PluginManage:310 - Check plugin ddr
2024-10-30 08:53:11,082 [INFO] PluginManage:359 - Loaded plugin ddr (category:tool,tabindex:6)
2024-10-30 08:53:11,082 [INFO] PluginManage:310 - Check plugin filemanager
2024-10-30 08:53:11,497 [INFO] PluginManage:359 - Loaded plugin filemanager (category:base,tabindex:10)
2024-10-30 08:53:11,497 [INFO] PluginManage:310 - Check plugin ipmanager
2024-10-30 08:53:11,525 [INFO] PluginManage:359 - Loaded plugin ipmanager (category:base,tabindex:5)
2024-10-30 08:53:11,525 [INFO] PluginManage:310 - Check plugin lpbam
2024-10-30 08:53:11,565 [INFO] PluginManage:359 - Loaded plugin lpbam (category:base,tabindex:0)
2024-10-30 08:53:11,566 [INFO] PluginManage:310 - Check plugin memorymap
2024-10-30 08:53:11,769 [INFO] PluginManage:359 - Loaded plugin memorymap (category:base,tabindex:4)
2024-10-30 08:53:11,769 [INFO] PluginManage:310 - Check plugin pinoutandconfiguration
2024-10-30 08:53:11,814 [INFO] PluginManage:359 - Loaded plugin pinoutandconfiguration (category:base,tabindex:1)
2024-10-30 08:53:11,815 [INFO] PluginManage:310 - Check plugin pinoutconfig
2024-10-30 08:53:11,983 [WARN] SupportedApi:132 - Cannot load RTOS API schema: s4s-elt-must-match.1: The content of 'definitions' must match (annotation?, (simpleType | complexType)?, (unique | key | keyref)*)). A problem was found starting at: attribute.
2024-10-30 08:53:12,402 [INFO] PluginManage:359 - Loaded plugin pinoutconfig (category:base,tabindex:0)
2024-10-30 08:53:12,402 [INFO] PluginManage:310 - Check plugin power
2024-10-30 08:53:12,456 [INFO] PluginManage:359 - Loaded plugin power (category:power,tabindex:4)
2024-10-30 08:53:12,456 [INFO] PluginManage:310 - Check plugin projectmanager
2024-10-30 08:53:12,508 [INFO] PluginManage:359 - Loaded plugin projectmanager (category:projectmanager,tabindex:4)
2024-10-30 08:53:12,508 [INFO] PluginManage:310 - Check plugin rif
2024-10-30 08:53:12,554 [INFO] PluginManage:359 - Loaded plugin rif (category:base,tabindex:3)
2024-10-30 08:53:12,554 [INFO] PluginManage:310 - Check plugin thirdparty
2024-10-30 08:53:13,177 [INFO] PluginManage:359 - Loaded plugin thirdparty (category:base,tabindex:-1)
2024-10-30 08:53:13,177 [INFO] PluginManage:310 - Check plugin tools
2024-10-30 08:53:13,178 [WARN] IntegrityCheckThread:84 - waiting for thirdparty lock release [integrity check]
2024-10-30 08:53:13,179 [INFO] IntegrityCheckThread:86 - entering critical section [integrity check]
2024-10-30 08:53:13,180 [INFO] ThirdPartyUpdaterWithRetryManager:70 - Updater plugin not ready yet. [1/15]
2024-10-30 08:53:13,202 [INFO] PluginManage:359 - Loaded plugin tools (category:base,tabindex:7)
2024-10-30 08:53:13,203 [INFO] PluginManage:310 - Check plugin tutovideos
2024-10-30 08:53:13,662 [INFO] PluginManage:359 - Loaded plugin tutovideos (category:base,tabindex:-1)
2024-10-30 08:53:13,662 [INFO] PluginManage:310 - Check plugin updater
2024-10-30 08:53:13,707 [INFO] PluginManage:359 - Loaded plugin updater (category:base,tabindex:12)
2024-10-30 08:53:13,707 [INFO] PluginManage:310 - Check plugin userauth
2024-10-30 08:53:13,779 [INFO] UserAuth:113 - Init User Auth plugin
2024-10-30 08:53:13,779 [INFO] PluginManage:359 - Loaded plugin userauth (category:base,tabindex:14)
2024-10-30 08:53:13,779 [INFO] PluginManage:283 - PluginManage : Loaded plugins [18]
2024-10-30 08:53:15,455 [INFO] PinOutPanel:1561 - setPackage(No Configuration,No Configuration)
2024-10-30 08:53:16,030 [INFO] CADModel:165 - CPN selected for project level
2024-10-30 08:53:16,031 [INFO] CADModel:114 - Register for checkConnection events
2024-10-30 08:53:16,181 [INFO] ThirdPartyUpdaterWithRetryManager:70 - Updater plugin not ready yet. [2/15]
2024-10-30 08:53:16,484 [INFO] IPUIPlugin:80 - create IPUIPlugin
2024-10-30 08:53:16,485 [INFO] PluginManager:220 - loadIPPluginJar : add adc
2024-10-30 08:53:16,519 [INFO] IPUIPlugin:80 - create IPUIPlugin
2024-10-30 08:53:16,519 [INFO] PluginManager:220 - loadIPPluginJar : add aes
2024-10-30 08:53:16,565 [INFO] IPUIPlugin:80 - create IPUIPlugin
2024-10-30 08:53:16,565 [INFO] PluginManager:220 - loadIPPluginJar : add can
2024-10-30 08:53:16,592 [INFO] IPUIPlugin:80 - create IPUIPlugin
2024-10-30 08:53:16,592 [INFO] PluginManager:220 - loadIPPluginJar : add comp
2024-10-30 08:53:16,644 [INFO] IPUIPlugin:80 - create IPUIPlugin
2024-10-30 08:53:16,644 [INFO] PluginManager:220 - loadIPPluginJar : add cryp
2024-10-30 08:53:16,765 [INFO] IPUIPlugin:80 - create IPUIPlugin
2024-10-30 08:53:16,765 [INFO] PluginManager:220 - loadIPPluginJar : add ddr_ctrl_phy
2024-10-30 08:53:16,811 [INFO] IPUIPlugin:80 - create IPUIPlugin
2024-10-30 08:53:16,812 [INFO] PluginManager:220 - loadIPPluginJar : add dfsdm
2024-10-30 08:53:16,865 [INFO] IPUIPlugin:80 - create IPUIPlugin
2024-10-30 08:53:16,865 [INFO] PluginManager:220 - loadIPPluginJar : add dma
2024-10-30 08:53:16,884 [INFO] IPUIPlugin:80 - create IPUIPlugin
2024-10-30 08:53:16,884 [INFO] PluginManager:220 - loadIPPluginJar : add dma3
2024-10-30 08:53:16,913 [INFO] IPUIPlugin:80 - create IPUIPlugin
2024-10-30 08:53:16,913 [INFO] PluginManager:220 - loadIPPluginJar : add extmemmanager
2024-10-30 08:53:16,924 [INFO] IPUIPlugin:80 - create IPUIPlugin
2024-10-30 08:53:16,925 [INFO] PluginManager:220 - loadIPPluginJar : add fatfs
2024-10-30 08:53:16,960 [INFO] IPUIPlugin:80 - create IPUIPlugin
2024-10-30 08:53:16,960 [INFO] PluginManager:220 - loadIPPluginJar : add fmc
2024-10-30 08:53:16,984 [INFO] IPUIPlugin:80 - create IPUIPlugin
2024-10-30 08:53:16,984 [INFO] PluginManager:220 - loadIPPluginJar : add freertos
2024-10-30 08:53:17,004 [INFO] IPUIPlugin:80 - create IPUIPlugin
2024-10-30 08:53:17,004 [INFO] PluginManager:220 - loadIPPluginJar : add genericplugin
2024-10-30 08:53:17,011 [INFO] IPUIPlugin:80 - create IPUIPlugin
2024-10-30 08:53:17,011 [INFO] PluginManager:220 - loadIPPluginJar : add gfxmmu
2024-10-30 08:53:17,018 [INFO] IPUIPlugin:80 - create IPUIPlugin
2024-10-30 08:53:17,018 [INFO] PluginManager:220 - loadIPPluginJar : add gic
2024-10-30 08:53:17,060 [INFO] IPUIPlugin:80 - create IPUIPlugin
2024-10-30 08:53:17,060 [INFO] PluginManager:220 - loadIPPluginJar : add gpio
2024-10-30 08:53:17,065 [INFO] IPUIPlugin:80 - create IPUIPlugin
2024-10-30 08:53:17,066 [INFO] PluginManager:220 - loadIPPluginJar : add gtzc
2024-10-30 08:53:17,085 [INFO] IPUIPlugin:80 - create IPUIPlugin
2024-10-30 08:53:17,085 [INFO] PluginManager:220 - loadIPPluginJar : add hash
2024-10-30 08:53:17,106 [INFO] IPUIPlugin:80 - create IPUIPlugin
2024-10-30 08:53:17,107 [INFO] PluginManager:220 - loadIPPluginJar : add i2c
2024-10-30 08:53:17,119 [INFO] IPUIPlugin:80 - create IPUIPlugin
2024-10-30 08:53:17,119 [INFO] PluginManager:220 - loadIPPluginJar : add i2s
2024-10-30 08:53:17,136 [INFO] IPUIPlugin:80 - create IPUIPlugin
2024-10-30 08:53:17,137 [INFO] PluginManager:220 - loadIPPluginJar : add i3c
2024-10-30 08:53:17,141 [INFO] IPUIPlugin:80 - create IPUIPlugin
2024-10-30 08:53:17,141 [INFO] PluginManager:220 - loadIPPluginJar : add ipddr
2024-10-30 08:53:17,165 [INFO] IPUIPlugin:80 - create IPUIPlugin
2024-10-30 08:53:17,165 [INFO] PluginManager:220 - loadIPPluginJar : add linkedlist
2024-10-30 08:53:17,188 [INFO] IPUIPlugin:80 - create IPUIPlugin
2024-10-30 08:53:17,189 [INFO] PluginManager:220 - loadIPPluginJar : add lorawan
2024-10-30 08:53:17,201 [INFO] IPUIPlugin:80 - create IPUIPlugin
2024-10-30 08:53:17,201 [INFO] PluginManager:220 - loadIPPluginJar : add ltdc
2024-10-30 08:53:17,235 [INFO] IPUIPlugin:80 - create IPUIPlugin
2024-10-30 08:53:17,236 [INFO] PluginManager:220 - loadIPPluginJar : add mdma
2024-10-30 08:53:17,251 [INFO] IPUIPlugin:80 - create IPUIPlugin
2024-10-30 08:53:17,251 [INFO] PluginManager:220 - loadIPPluginJar : add nvic
2024-10-30 08:53:17,272 [INFO] IPUIPlugin:80 - create IPUIPlugin
2024-10-30 08:53:17,272 [INFO] PluginManager:220 - loadIPPluginJar : add opamp
2024-10-30 08:53:17,295 [INFO] IPUIPlugin:80 - create IPUIPlugin
2024-10-30 08:53:17,295 [INFO] PluginManager:220 - loadIPPluginJar : add openamp
2024-10-30 08:53:17,314 [INFO] IPUIPlugin:80 - create IPUIPlugin
2024-10-30 08:53:17,314 [INFO] PluginManager:220 - loadIPPluginJar : add pdm2pcm
2024-10-30 08:53:17,337 [INFO] IPUIPlugin:80 - create IPUIPlugin
2024-10-30 08:53:17,340 [INFO] PluginManager:220 - loadIPPluginJar : add plateformsettings
2024-10-30 08:53:17,386 [INFO] IPUIPlugin:80 - create IPUIPlugin
2024-10-30 08:53:17,386 [INFO] PluginManager:220 - loadIPPluginJar : add quadspi
2024-10-30 08:53:17,471 [INFO] IPUIPlugin:80 - create IPUIPlugin
2024-10-30 08:53:17,471 [INFO] PluginManager:220 - loadIPPluginJar : add radio
2024-10-30 08:53:17,501 [INFO] IPUIPlugin:80 - create IPUIPlugin
2024-10-30 08:53:17,501 [INFO] PluginManager:220 - loadIPPluginJar : add resmgrutility
2024-10-30 08:53:17,511 [INFO] IPUIPlugin:80 - create IPUIPlugin
2024-10-30 08:53:17,511 [INFO] PluginManager:220 - loadIPPluginJar : add sai
2024-10-30 08:53:17,516 [INFO] IPUIPlugin:80 - create IPUIPlugin
2024-10-30 08:53:17,516 [INFO] PluginManager:220 - loadIPPluginJar : add spi
2024-10-30 08:53:17,523 [INFO] IPUIPlugin:80 - create IPUIPlugin
2024-10-30 08:53:17,523 [INFO] PluginManager:220 - loadIPPluginJar : add stm32_wpan
2024-10-30 08:53:17,534 [INFO] IPUIPlugin:80 - create IPUIPlugin
2024-10-30 08:53:17,535 [INFO] PluginManager:220 - loadIPPluginJar : add tim
2024-10-30 08:53:17,539 [INFO] IPUIPlugin:80 - create IPUIPlugin
2024-10-30 08:53:17,539 [INFO] PluginManager:220 - loadIPPluginJar : add touchsensing
2024-10-30 08:53:17,556 [INFO] IPUIPlugin:80 - create IPUIPlugin
2024-10-30 08:53:17,557 [INFO] PluginManager:220 - loadIPPluginJar : add tracer_emb
2024-10-30 08:53:17,572 [INFO] IPUIPlugin:80 - create IPUIPlugin
2024-10-30 08:53:17,572 [INFO] PluginManager:220 - loadIPPluginJar : add ts
2024-10-30 08:53:17,586 [INFO] IPUIPlugin:80 - create IPUIPlugin
2024-10-30 08:53:17,587 [INFO] PluginManager:220 - loadIPPluginJar : add tsc
2024-10-30 08:53:17,603 [INFO] IPUIPlugin:80 - create IPUIPlugin
2024-10-30 08:53:17,603 [INFO] PluginManager:220 - loadIPPluginJar : add ucpd
2024-10-30 08:53:17,626 [INFO] IPUIPlugin:80 - create IPUIPlugin
2024-10-30 08:53:17,626 [INFO] PluginManager:220 - loadIPPluginJar : add usart
2024-10-30 08:53:17,634 [INFO] IPUIPlugin:80 - create IPUIPlugin
2024-10-30 08:53:17,635 [INFO] PluginManager:220 - loadIPPluginJar : add usbx
2024-10-30 08:53:17,876 [INFO] CADModel:165 - CPN selected for project level
2024-10-30 08:53:17,877 [INFO] CADModel:114 - Register for checkConnection events
2024-10-30 08:53:17,877 [FATAL] Updater:334 - Updater called before beeing initialized
2024-10-30 08:53:17,877 [ERROR] CADModel:125 - Updater not yet initialized, retry later 
2024-10-30 08:53:18,691 [INFO] CADModel:165 - CPN selected for project level
2024-10-30 08:53:18,691 [INFO] CADModel:114 - Register for checkConnection events
2024-10-30 08:53:18,691 [FATAL] Updater:334 - Updater called before beeing initialized
2024-10-30 08:53:18,691 [ERROR] CADModel:125 - Updater not yet initialized, retry later 
2024-10-30 08:53:18,706 [FATAL] Updater:334 - Updater called before beeing initialized
2024-10-30 08:53:19,031 [FATAL] Updater:334 - Updater called before beeing initialized
2024-10-30 08:53:19,065 [INFO] DbMcusAds:53 - JSON generation date=Fri Sep 20 14:04:23 WAT 2024 (1726837463113)
2024-10-30 08:53:19,065 [FATAL] Updater:334 - Updater called before beeing initialized
2024-10-30 08:53:19,182 [INFO] ThirdPartyUpdaterWithRetryManager:70 - Updater plugin not ready yet. [3/15]
2024-10-30 08:53:19,280 [WARN] DetailPanel:346 - Failed to get advertising image, set to default
2024-10-30 08:53:19,413 [FATAL] Updater:334 - Updater called before beeing initialized
2024-10-30 08:53:19,417 [FATAL] Updater:334 - Updater called before beeing initialized
2024-10-30 08:53:19,417 [FATAL] Updater:334 - Updater called before beeing initialized
2024-10-30 08:53:19,417 [WARN] DetailPanel:346 - Failed to get advertising image, set to default
2024-10-30 08:53:19,417 [FATAL] Updater:334 - Updater called before beeing initialized
2024-10-30 08:53:19,675 [ERROR] Updater:1164 - MainUpdater not yet initialized. External WinMGr cannot be set.
2024-10-30 08:53:19,690 [INFO] Updater:1100 - Updater Version found : 6.12.0
2024-10-30 08:53:19,730 [INFO] ApplicationProperties:184 - Using Application install path: C:\ST\STM32CubeIDE_1.16.0\STM32CubeIDE\plugins\com.st.stm32cube.common.mx_6.12.0.202406281431
2024-10-30 08:53:21,376 [ERROR] LogOutputStream:75 - [STDERR_REDIRECT] Oct 30, 2024 8:53:21 AM java.util.prefs.WindowsPreferences <init>
2024-10-30 08:53:21,379 [ERROR] LogOutputStream:75 - [STDERR_REDIRECT] WARNING: Could not open/create prefs root node Software\JavaSoft\Prefs at root 0xffffffff80000002. Windows RegCreateKeyEx(...) returned error code 5.
2024-10-30 08:53:21,379 [ERROR] LogOutputStream:75 - [STDERR_REDIRECT] 
2024-10-30 08:53:22,184 [FATAL] Updater:334 - Updater called before beeing initialized
2024-10-30 08:53:22,185 [ERROR] IntegrityCheckThread:130 - Cannot retrieve database content from updater: error 21
2024-10-30 08:53:22,185 [INFO] ThirdParty:978 - Integrity check success = false
2024-10-30 08:53:22,185 [INFO] IntegrityCheckThread:100 - exiting critical section [integrity check]
2024-10-30 08:53:22,185 [INFO] IntegrityCheckThread:103 - End integrity checks thread
2024-10-30 08:53:22,488 [INFO] MainUpdater:2873 - connection check result : 10
2024-10-30 08:53:22,489 [INFO] MainUpdater:290 - Updater Check For Update Now.
2024-10-30 08:53:22,489 [INFO] MicroXplorer:498 - Change Database Version : DB.6.0.120
2024-10-30 08:53:22,529 [INFO] McuFinderGlobals:63 - Set McuFinder mode to 2 (CubeIDE integrated)
2024-10-30 08:53:22,550 [INFO] UserAuth:417 - Internet connection configuration mode: 1
2024-10-30 08:53:22,739 [INFO] JxBrowserEngine:152 - Initiate JxBrowser Engine with user profile folder
2024-10-30 08:53:22,917 [INFO] CheckServerUpdateThread:120 - End of CheckServer Thread
2024-10-30 08:53:36,587 [INFO] WebApp:167 - Instantiating new browser for Auth
2024-10-30 08:53:45,621 [INFO] WebApp:448 - Apply proxy settings
2024-10-30 08:53:45,621 [INFO] WebApp:533 - Chromium requires no authentication
2024-10-30 08:53:46,108 [INFO] WebApp:476 - Direct internet connection detected
2024-10-30 08:53:48,878 [INFO] WebApp:869 - Register for checkConnection events
2024-10-30 08:53:48,878 [INFO] WebApp:448 - Apply proxy settings
2024-10-30 08:53:48,879 [INFO] WebApp:533 - Chromium requires no authentication
2024-10-30 08:53:48,879 [INFO] WebApp:476 - Direct internet connection detected
2024-10-30 08:53:52,887 [INFO] WebApp:186 - Connection restablished
2024-10-30 08:53:59,849 [INFO] WebApp:220 - Starting web application
2024-10-30 08:53:59,849 [INFO] WebApp:578 - Web application path used C:\ST\STM32CubeIDE_1.16.0\STM32CubeIDE\plugins\com.st.stm32cube.common.mx_6.12.0.202406281431\db\plugins\mcufinder\reactClient1\index.html
2024-10-30 08:54:00,960 [INFO] UserAuth:417 - Internet connection configuration mode: 1
2024-10-30 11:07:03,665 [INFO] WebApp:189 - Connection lost
2024-10-30 11:07:17,884 [INFO] WebApp:186 - Connection restablished
2024-10-30 17:14:49,752 [ERROR] LogOutputStream:75 - [STDERR_REDIRECT] 
